---->SF_bin0=1.27066016197,SF_bin1=1.24961161613,SF_bin2=1.26240801811
---->SF_bin0=1.11175739765,1.45325362682:SF_bin1=1.10499215126,1.41297388077:SF_bin2=1.08857738972,1.45290756226
 <<< Combine >>> 
>>> method used is MultiDimFit
>>> random number generator seed is 123456
Channel Bin0 will use autoMCStats with settings: event-threshold=10, include-signal=1, hist-mode=1
============================================================
Analysing bin errors for: prop_binBin0
Poisson cut-off: 10
============================================================
Bin        Contents        Error           Notes                         
0          1077.807352     41.834147       total sum                     
0          664.000000      25.768197       Unweighted events, alpha=1.623204
  => Total parameter prop_binBin0_bin0[0.00,-7.00,7.00] to be gaussian constrained
------------------------------------------------------------
1          1181.014769     39.359551       total sum                     
1          900.000000      30.000000       Unweighted events, alpha=1.312239
  => Total parameter prop_binBin0_bin1[0.00,-7.00,7.00] to be gaussian constrained
------------------------------------------------------------
2          1353.919749     37.601194       total sum                     
2          1297.000000     36.013886       Unweighted events, alpha=1.043886
  => Total parameter prop_binBin0_bin2[0.00,-7.00,7.00] to be gaussian constrained
------------------------------------------------------------
3          1313.607005     35.950509       total sum                     
3          1335.000000     36.537652       Unweighted events, alpha=0.983975
  => Total parameter prop_binBin0_bin3[0.00,-7.00,7.00] to be gaussian constrained
------------------------------------------------------------
4          1243.563895     32.169557       total sum                     
4          1494.000000     38.652296       Unweighted events, alpha=0.832372
  => Total parameter prop_binBin0_bin4[0.00,-7.00,7.00] to be gaussian constrained
------------------------------------------------------------
5          1064.334165     27.827718       total sum                     
5          1463.000000     38.249183       Unweighted events, alpha=0.727501
  => Total parameter prop_binBin0_bin5[0.00,-7.00,7.00] to be gaussian constrained
------------------------------------------------------------
6          767.151631      22.701659       total sum                     
6          1142.000000     33.793490       Unweighted events, alpha=0.671761
  => Total parameter prop_binBin0_bin6[0.00,-7.00,7.00] to be gaussian constrained
------------------------------------------------------------
7          453.002020      18.652564       total sum                     
7          590.000000      24.289916       Unweighted events, alpha=0.767800
  => Total parameter prop_binBin0_bin7[0.00,-7.00,7.00] to be gaussian constrained
------------------------------------------------------------
Channel Bin1 will use autoMCStats with settings: event-threshold=10, include-signal=1, hist-mode=1
============================================================
Analysing bin errors for: prop_binBin1
Poisson cut-off: 10
============================================================
Bin        Contents        Error           Notes                         
0          172.049679      21.249110       total sum                     
0          66.000000       8.124038        Unweighted events, alpha=2.606813
  => Total parameter prop_binBin1_bin0[0.00,-7.00,7.00] to be gaussian constrained
------------------------------------------------------------
1          166.931673      18.974941       total sum                     
1          77.000000       8.774964        Unweighted events, alpha=2.167944
  => Total parameter prop_binBin1_bin1[0.00,-7.00,7.00] to be gaussian constrained
------------------------------------------------------------
2          240.701989      19.850620       total sum                     
2          147.000000      12.124356       Unweighted events, alpha=1.637428
  => Total parameter prop_binBin1_bin2[0.00,-7.00,7.00] to be gaussian constrained
------------------------------------------------------------
3          317.740072      19.671475       total sum                     
3          261.000000      16.155494       Unweighted events, alpha=1.217395
  => Total parameter prop_binBin1_bin3[0.00,-7.00,7.00] to be gaussian constrained
------------------------------------------------------------
4          373.780971      19.572924       total sum                     
4          365.000000      19.104973       Unweighted events, alpha=1.024057
  => Total parameter prop_binBin1_bin4[0.00,-7.00,7.00] to be gaussian constrained
------------------------------------------------------------
5          357.605924      18.276793       total sum                     
5          383.000000      19.570386       Unweighted events, alpha=0.933697
  => Total parameter prop_binBin1_bin5[0.00,-7.00,7.00] to be gaussian constrained
------------------------------------------------------------
6          305.596610      17.245823       total sum                     
6          314.000000      17.720045       Unweighted events, alpha=0.973238
  => Total parameter prop_binBin1_bin6[0.00,-7.00,7.00] to be gaussian constrained
------------------------------------------------------------
7          262.793243      21.820937       total sum                     
7          145.000000      12.041595       Unweighted events, alpha=1.812367
  => Total parameter prop_binBin1_bin7[0.00,-7.00,7.00] to be gaussian constrained
------------------------------------------------------------
Channel Bin2 will use autoMCStats with settings: event-threshold=10, include-signal=1, hist-mode=1
============================================================
Analysing bin errors for: prop_binBin2
Poisson cut-off: 10
============================================================
Bin        Contents        Error           Notes                         
0          57.914242       13.312119       total sum                     
0          19.000000       4.358899        Unweighted events, alpha=3.048118
  => Total parameter prop_binBin2_bin0[0.00,-7.00,7.00] to be gaussian constrained
------------------------------------------------------------
1          82.882942       13.012301       total sum                     
1          41.000000       6.403124        Unweighted events, alpha=2.021535
  => Total parameter prop_binBin2_bin1[0.00,-7.00,7.00] to be gaussian constrained
------------------------------------------------------------
2          83.478343       12.695705       total sum                     
2          43.000000       6.557439        Unweighted events, alpha=1.941357
  => Total parameter prop_binBin2_bin2[0.00,-7.00,7.00] to be gaussian constrained
------------------------------------------------------------
3          129.783293      14.192518       total sum                     
3          84.000000       9.165151        Unweighted events, alpha=1.545039
  => Total parameter prop_binBin2_bin3[0.00,-7.00,7.00] to be gaussian constrained
------------------------------------------------------------
4          99.183204       12.568608       total sum                     
4          62.000000       7.874008        Unweighted events, alpha=1.599729
  => Total parameter prop_binBin2_bin4[0.00,-7.00,7.00] to be gaussian constrained
------------------------------------------------------------
5          98.149073       11.117515       total sum                     
5          78.000000       8.831761        Unweighted events, alpha=1.258321
  => Total parameter prop_binBin2_bin5[0.00,-7.00,7.00] to be gaussian constrained
------------------------------------------------------------
6          88.002557       10.909070       total sum                     
6          65.000000       8.062258        Unweighted events, alpha=1.353885
  => Total parameter prop_binBin2_bin6[0.00,-7.00,7.00] to be gaussian constrained
------------------------------------------------------------
7          65.079378       7.548220        total sum                     
7          74.000000       8.602325        Unweighted events, alpha=0.879451
  => Total parameter prop_binBin2_bin7[0.00,-7.00,7.00] to be gaussian constrained
------------------------------------------------------------
Set Range of Parameter SF_bin0 To : (1.11176,1.45325)
Set Range of Parameter SF_bin1 To : (1.10499,1.41297)
Set Range of Parameter SF_bin2 To : (1.08858,1.45291)
Set Default Value of Parameter r To : 1
Set Default Value of Parameter SF_bin0 To : 1.27066
Set Default Value of Parameter SF_bin1 To : 1.24961
Set Default Value of Parameter SF_bin2 To : 1.26241
 POI: SF_bin2= 1.26241 -> [1.08858,1.45291]
 POI: SF_bin1= 1.24961 -> [1.10499,1.41297]
 POI: SF_bin0= 1.27066 -> [1.11176,1.45325]
