 <<< Combine >>> 
>>> method used is MultiDimFit
>>> random number generator seed is 123456
Channel Bin0 will use autoMCStats with settings: event-threshold=10, include-signal=1, hist-mode=1
============================================================
Analysing bin errors for: prop_binBin0
Poisson cut-off: 10
============================================================
Bin        Contents        Error           Notes                         
0          3682.335737     80.428417       total sum                     
0          2096.000000     45.782093       Unweighted events, alpha=1.756840
  => Total parameter prop_binBin0_bin0[0.00,-7.00,7.00] to be gaussian constrained
------------------------------------------------------------
1          4583.409004     76.555969       total sum                     
1          3584.000000     59.866518       Unweighted events, alpha=1.278853
  => Total parameter prop_binBin0_bin1[0.00,-7.00,7.00] to be gaussian constrained
------------------------------------------------------------
2          5139.621299     82.376778       total sum                     
2          3893.000000     62.393910       Unweighted events, alpha=1.320221
  => Total parameter prop_binBin0_bin2[0.00,-7.00,7.00] to be gaussian constrained
------------------------------------------------------------
3          5294.987979     72.255595       total sum                     
3          5370.000000     73.280284       Unweighted events, alpha=0.986031
  => Total parameter prop_binBin0_bin3[0.00,-7.00,7.00] to be gaussian constrained
------------------------------------------------------------
4          5070.375607     67.346822       total sum                     
4          5668.000000     75.286121       Unweighted events, alpha=0.894562
  => Total parameter prop_binBin0_bin4[0.00,-7.00,7.00] to be gaussian constrained
------------------------------------------------------------
5          4333.222714     60.357406       total sum                     
5          5154.000000     71.791364       Unweighted events, alpha=0.840749
  => Total parameter prop_binBin0_bin5[0.00,-7.00,7.00] to be gaussian constrained
------------------------------------------------------------
6          3128.823202     44.686729       total sum                     
6          4902.000000     70.014284       Unweighted events, alpha=0.638275
  => Total parameter prop_binBin0_bin6[0.00,-7.00,7.00] to be gaussian constrained
------------------------------------------------------------
7          2030.583673     36.696257       total sum                     
7          3062.000000     55.335341       Unweighted events, alpha=0.663156
  => Total parameter prop_binBin0_bin7[0.00,-7.00,7.00] to be gaussian constrained
------------------------------------------------------------
Channel Bin1 will use autoMCStats with settings: event-threshold=10, include-signal=1, hist-mode=1
============================================================
Analysing bin errors for: prop_binBin1
Poisson cut-off: 10
============================================================
Bin        Contents        Error           Notes                         
0          587.224363      33.981086       total sum                     
0          299.000000      17.291616       Unweighted events, alpha=1.963961
  => Total parameter prop_binBin1_bin0[0.00,-7.00,7.00] to be gaussian constrained
------------------------------------------------------------
1          763.376049      35.381852       total sum                     
1          465.000000      21.563859       Unweighted events, alpha=1.641669
  => Total parameter prop_binBin1_bin1[0.00,-7.00,7.00] to be gaussian constrained
------------------------------------------------------------
2          1025.306262     39.175838       total sum                     
2          685.000000      26.172505       Unweighted events, alpha=1.496797
  => Total parameter prop_binBin1_bin2[0.00,-7.00,7.00] to be gaussian constrained
------------------------------------------------------------
3          1327.465743     38.389070       total sum                     
3          1196.000000     34.583233       Unweighted events, alpha=1.109921
  => Total parameter prop_binBin1_bin3[0.00,-7.00,7.00] to be gaussian constrained
------------------------------------------------------------
4          1410.637629     38.590670       total sum                     
4          1336.000000     36.551334       Unweighted events, alpha=1.055866
  => Total parameter prop_binBin1_bin4[0.00,-7.00,7.00] to be gaussian constrained
------------------------------------------------------------
5          1472.848724     35.370124       total sum                     
5          1734.000000     41.641326       Unweighted events, alpha=0.849394
  => Total parameter prop_binBin1_bin5[0.00,-7.00,7.00] to be gaussian constrained
------------------------------------------------------------
6          1299.066308     36.981129       total sum                     
6          1234.000000     35.128336       Unweighted events, alpha=1.052728
  => Total parameter prop_binBin1_bin6[0.00,-7.00,7.00] to be gaussian constrained
------------------------------------------------------------
7          1055.815733     39.845909       total sum                     
7          702.000000      26.495283       Unweighted events, alpha=1.504011
  => Total parameter prop_binBin1_bin7[0.00,-7.00,7.00] to be gaussian constrained
------------------------------------------------------------
Channel Bin2 will use autoMCStats with settings: event-threshold=10, include-signal=1, hist-mode=1
============================================================
Analysing bin errors for: prop_binBin2
Poisson cut-off: 10
============================================================
Bin        Contents        Error           Notes                         
0          220.098208      24.191411       total sum                     
0          83.000000       9.110434        Unweighted events, alpha=2.651786
  => Total parameter prop_binBin2_bin0[0.00,-7.00,7.00] to be gaussian constrained
------------------------------------------------------------
1          306.872174      25.171123       total sum                     
1          149.000000      12.206556       Unweighted events, alpha=2.059545
  => Total parameter prop_binBin2_bin1[0.00,-7.00,7.00] to be gaussian constrained
------------------------------------------------------------
2          384.886427      25.272664       total sum                     
2          232.000000      15.231546       Unweighted events, alpha=1.658993
  => Total parameter prop_binBin2_bin2[0.00,-7.00,7.00] to be gaussian constrained
------------------------------------------------------------
3          432.699021      27.748224       total sum                     
3          243.000000      15.588457       Unweighted events, alpha=1.780654
  => Total parameter prop_binBin2_bin3[0.00,-7.00,7.00] to be gaussian constrained
------------------------------------------------------------
4          423.423986      25.323972       total sum                     
4          280.000000      16.733201       Unweighted events, alpha=1.512229
  => Total parameter prop_binBin2_bin4[0.00,-7.00,7.00] to be gaussian constrained
------------------------------------------------------------
5          430.093928      22.492221       total sum                     
5          366.000000      19.131126       Unweighted events, alpha=1.175120
  => Total parameter prop_binBin2_bin5[0.00,-7.00,7.00] to be gaussian constrained
------------------------------------------------------------
6          367.662586      20.936124       total sum                     
6          308.000000      17.549929       Unweighted events, alpha=1.193710
  => Total parameter prop_binBin2_bin6[0.00,-7.00,7.00] to be gaussian constrained
------------------------------------------------------------
7          261.884925      17.771310       total sum                     
7          217.000000      14.730920       Unweighted events, alpha=1.206843
  => Total parameter prop_binBin2_bin7[0.00,-7.00,7.00] to be gaussian constrained
------------------------------------------------------------
Set Range of Parameter SF_bin2 To : (0.933816,1.7858)
Set Default Value of Parameter r To : 1
Set Default Value of Parameter SF_bin0 To : 1.42339
Set Default Value of Parameter SF_bin1 To : 1.31419
Set Default Value of Parameter SF_bin2 To : 1.41518
 POI: SF_bin2= 1.41536 -> [0.933816,1.7858]
Point 0/1200 SF_bin2 = 0.934171
Point 1/1200 SF_bin2 = 0.934881
Point 2/1200 SF_bin2 = 0.935591
Point 3/1200 SF_bin2 = 0.936301
Point 4/1200 SF_bin2 = 0.937011
Point 5/1200 SF_bin2 = 0.937721
Point 6/1200 SF_bin2 = 0.938431
Point 7/1200 SF_bin2 = 0.939141
Point 8/1200 SF_bin2 = 0.939851
Point 9/1200 SF_bin2 = 0.940561
Point 10/1200 SF_bin2 = 0.941271
Point 11/1200 SF_bin2 = 0.941981
Point 12/1200 SF_bin2 = 0.942691
Point 13/1200 SF_bin2 = 0.943401
Point 14/1200 SF_bin2 = 0.944111
Point 15/1200 SF_bin2 = 0.944821
Point 16/1200 SF_bin2 = 0.945531
Point 17/1200 SF_bin2 = 0.946241
Point 18/1200 SF_bin2 = 0.946951
Point 19/1200 SF_bin2 = 0.947661
Point 20/1200 SF_bin2 = 0.948371
Point 21/1200 SF_bin2 = 0.949081
Point 22/1200 SF_bin2 = 0.949791
Point 23/1200 SF_bin2 = 0.950501
Point 24/1200 SF_bin2 = 0.951211
Point 25/1200 SF_bin2 = 0.951921
Point 26/1200 SF_bin2 = 0.952631
Point 27/1200 SF_bin2 = 0.953341
Point 28/1200 SF_bin2 = 0.954051
Point 29/1200 SF_bin2 = 0.954761
Point 30/1200 SF_bin2 = 0.955471
Point 31/1200 SF_bin2 = 0.956181
Point 32/1200 SF_bin2 = 0.956891
Point 33/1200 SF_bin2 = 0.957601
Point 34/1200 SF_bin2 = 0.958311
Point 35/1200 SF_bin2 = 0.959021
Point 36/1200 SF_bin2 = 0.959731
Point 37/1200 SF_bin2 = 0.960441
Point 38/1200 SF_bin2 = 0.961151
Point 39/1200 SF_bin2 = 0.961861
Point 40/1200 SF_bin2 = 0.962571
Point 41/1200 SF_bin2 = 0.963281
Point 42/1200 SF_bin2 = 0.963991
Point 43/1200 SF_bin2 = 0.964701
Point 44/1200 SF_bin2 = 0.965411
Point 45/1200 SF_bin2 = 0.966121
Point 46/1200 SF_bin2 = 0.966831
Point 47/1200 SF_bin2 = 0.967541
Point 48/1200 SF_bin2 = 0.968251
Point 49/1200 SF_bin2 = 0.968961
Point 50/1200 SF_bin2 = 0.969671
Point 51/1200 SF_bin2 = 0.970381
Point 52/1200 SF_bin2 = 0.971091
Point 53/1200 SF_bin2 = 0.971801
Point 54/1200 SF_bin2 = 0.972511
Point 55/1200 SF_bin2 = 0.973221
Point 56/1200 SF_bin2 = 0.973931
Point 57/1200 SF_bin2 = 0.974641
Point 58/1200 SF_bin2 = 0.975351
Point 59/1200 SF_bin2 = 0.976061
Point 60/1200 SF_bin2 = 0.976771
Point 61/1200 SF_bin2 = 0.977481
Point 62/1200 SF_bin2 = 0.978191
Point 63/1200 SF_bin2 = 0.978901
Point 64/1200 SF_bin2 = 0.979611
Point 65/1200 SF_bin2 = 0.980321
Point 66/1200 SF_bin2 = 0.981031
Point 67/1200 SF_bin2 = 0.981741
Point 68/1200 SF_bin2 = 0.98245
Point 69/1200 SF_bin2 = 0.98316
Point 70/1200 SF_bin2 = 0.98387
Point 71/1200 SF_bin2 = 0.98458
Point 72/1200 SF_bin2 = 0.98529
Point 73/1200 SF_bin2 = 0.986
Point 74/1200 SF_bin2 = 0.98671
Point 75/1200 SF_bin2 = 0.98742
Point 76/1200 SF_bin2 = 0.98813
Point 77/1200 SF_bin2 = 0.98884
Point 78/1200 SF_bin2 = 0.98955
Point 79/1200 SF_bin2 = 0.99026
Point 80/1200 SF_bin2 = 0.99097
Point 81/1200 SF_bin2 = 0.99168
Point 82/1200 SF_bin2 = 0.99239
Point 83/1200 SF_bin2 = 0.9931
Point 84/1200 SF_bin2 = 0.99381
Point 85/1200 SF_bin2 = 0.99452
Point 86/1200 SF_bin2 = 0.99523
Point 87/1200 SF_bin2 = 0.99594
Point 88/1200 SF_bin2 = 0.99665
Point 89/1200 SF_bin2 = 0.99736
Point 90/1200 SF_bin2 = 0.99807
Point 91/1200 SF_bin2 = 0.99878
Point 92/1200 SF_bin2 = 0.99949
Point 93/1200 SF_bin2 = 1.0002
Point 94/1200 SF_bin2 = 1.00091
Point 95/1200 SF_bin2 = 1.00162
Point 96/1200 SF_bin2 = 1.00233
Point 97/1200 SF_bin2 = 1.00304
Point 98/1200 SF_bin2 = 1.00375
Point 99/1200 SF_bin2 = 1.00446
Point 100/1200 SF_bin2 = 1.00517
Point 101/1200 SF_bin2 = 1.00588
Point 102/1200 SF_bin2 = 1.00659
Point 103/1200 SF_bin2 = 1.0073
Point 104/1200 SF_bin2 = 1.00801
Point 105/1200 SF_bin2 = 1.00872
Point 106/1200 SF_bin2 = 1.00943
Point 107/1200 SF_bin2 = 1.01014
Point 108/1200 SF_bin2 = 1.01085
Point 109/1200 SF_bin2 = 1.01156
Point 110/1200 SF_bin2 = 1.01227
Point 111/1200 SF_bin2 = 1.01298
Point 112/1200 SF_bin2 = 1.01369
Point 113/1200 SF_bin2 = 1.0144
Point 114/1200 SF_bin2 = 1.01511
Point 115/1200 SF_bin2 = 1.01582
Point 116/1200 SF_bin2 = 1.01653
Point 117/1200 SF_bin2 = 1.01724
Point 118/1200 SF_bin2 = 1.01795
Point 119/1200 SF_bin2 = 1.01866
Point 120/1200 SF_bin2 = 1.01937
Point 121/1200 SF_bin2 = 1.02008
Point 122/1200 SF_bin2 = 1.02079
Point 123/1200 SF_bin2 = 1.0215
Point 124/1200 SF_bin2 = 1.02221
Point 125/1200 SF_bin2 = 1.02292
Point 126/1200 SF_bin2 = 1.02363
Point 127/1200 SF_bin2 = 1.02434
Point 128/1200 SF_bin2 = 1.02505
Point 129/1200 SF_bin2 = 1.02576
Point 130/1200 SF_bin2 = 1.02647
Point 131/1200 SF_bin2 = 1.02718
Point 132/1200 SF_bin2 = 1.02789
Point 133/1200 SF_bin2 = 1.0286
Point 134/1200 SF_bin2 = 1.02931
Point 135/1200 SF_bin2 = 1.03002
Point 136/1200 SF_bin2 = 1.03073
Point 137/1200 SF_bin2 = 1.03144
Point 138/1200 SF_bin2 = 1.03215
Point 139/1200 SF_bin2 = 1.03286
Point 140/1200 SF_bin2 = 1.03357
Point 141/1200 SF_bin2 = 1.03428
Point 142/1200 SF_bin2 = 1.03499
Point 143/1200 SF_bin2 = 1.0357
Point 144/1200 SF_bin2 = 1.03641
Point 145/1200 SF_bin2 = 1.03712
Point 146/1200 SF_bin2 = 1.03783
Point 147/1200 SF_bin2 = 1.03854
Point 148/1200 SF_bin2 = 1.03925
Point 149/1200 SF_bin2 = 1.03996
Point 150/1200 SF_bin2 = 1.04067
Point 151/1200 SF_bin2 = 1.04138
Point 152/1200 SF_bin2 = 1.04209
Point 153/1200 SF_bin2 = 1.0428
Point 154/1200 SF_bin2 = 1.04351
Point 155/1200 SF_bin2 = 1.04422
Point 156/1200 SF_bin2 = 1.04493
Point 157/1200 SF_bin2 = 1.04564
Point 158/1200 SF_bin2 = 1.04635
Point 159/1200 SF_bin2 = 1.04706
Point 160/1200 SF_bin2 = 1.04777
Point 161/1200 SF_bin2 = 1.04848
Point 162/1200 SF_bin2 = 1.04919
Point 163/1200 SF_bin2 = 1.0499
Point 164/1200 SF_bin2 = 1.05061
Point 165/1200 SF_bin2 = 1.05132
Point 166/1200 SF_bin2 = 1.05203
Point 167/1200 SF_bin2 = 1.05274
Point 168/1200 SF_bin2 = 1.05345
[#0] WARNING:Minization -- RooMinimizerFcn: Minimized function has error status.
Returning maximum FCN so far (0.413555) to force MIGRAD to back out of this region. Error log follows
Parameter values: CMS_PU_2016=1.97375, CMS_btag_cferr1=-1.2034, CMS_btag_cferr2=-4.66635, CMS_btag_hf=-2.2209, CMS_btag_hfstats1_2016=-0.0337313, CMS_btag_hfstats2_2016=-0.834571, CMS_btag_lf=-0.350476, CMS_btag_lfstats1_2016=-0.0532863, CMS_btag_lfstats2_2016=-2.14969, CMS_eff_e_2016=1.11094, CMS_eff_hwwtrigger_2016=1.98639, CMS_eff_m_2016=0.949142, CMS_eff_prefiring_2016=-1.00028, MultiBosonnorm2016=2.29408, PS_FSR=0.326211, PS_ISR=-1150.39, QCDnorm2016=1.73549, QCDscale_WW_ACCEPT=1.72622, QCDscale_WmH_ACCEPT=0.00375756, QCDscale_WpH_ACCEPT=0.00707308, QCDscale_ZH_ACCEPT=0.00595787, QCDscale_ggH_ACCEPT=0.000200223, QCDscale_qqH_ACCEPT=-9.78832e-05, QCDscale_ttbar_ACCEPT=-0.65292, QCDscale_wjets_ACCEPT=0.292657, SF_bin0=1.42349, SF_bin1=1.31438, dynorm2016=7.71176, ggWWnorm=0.102362, lumi_13TeV_2016=0.212556, lumi_13TeV_BBD=1.00772, lumi_13TeV_DB=0.998702, lumi_13TeV_GS=1.00772, lumi_13TeV_XY=0.756512, pdf_Higgs_gg_ACCEPT=9.20706e-06, pdf_Higgs_qqbar_ACCEPT=4.33056e-05, pdf_WW_ACCEPT=0.263304, pdf_WmH_ACCEPT=0.000889562, pdf_WpH_ACCEPT=0.00172147, pdf_ZH_ACCEPT=0.00193011, pdf_ttbar_ACCEPT=0.675619, pdf_wjets_ACCEPT=0.563482, prop_binBin0_bin0=-0.6467, prop_binBin0_bin1=0.155479, prop_binBin0_bin2=-0.434378, prop_binBin0_bin3=-0.834561, prop_binBin0_bin4=-1.27, prop_binBin0_bin5=-0.271604, prop_binBin0_bin6=0.251023, prop_binBin0_bin7=3.09764, prop_binBin1_bin0=1.32635, prop_binBin1_bin1=0.93179, prop_binBin1_bin2=0.0607485, prop_binBin1_bin3=-0.984372, prop_binBin1_bin4=-0.0939088, prop_binBin1_bin5=-1.18792, prop_binBin1_bin6=0.517693, prop_binBin1_bin7=1.06217, prop_binBin2_bin0=1.34326, prop_binBin2_bin1=0.566735, prop_binBin2_bin2=0.702708, prop_binBin2_bin3=0.580144, prop_binBin2_bin4=1.48305, prop_binBin2_bin5=1.63334, prop_binBin2_bin6=2.34936, prop_binBin2_bin7=1.85655, qqWWqqnorm=0.421963

[#0] WARNING:Minization -- RooMinimizerFcn: Minimized function has error status.
Returning maximum FCN so far (4.33128e+27) to force MIGRAD to back out of this region. Error log follows
Parameter values: CMS_PU_2016=-14.5456, CMS_btag_cferr1=9.24618, CMS_btag_cferr2=42.827, CMS_btag_hf=18.3757, CMS_btag_hfstats1_2016=18.0492, CMS_btag_hfstats2_2016=20.8612, CMS_btag_lf=-20.3066, CMS_btag_lfstats1_2016=2.74993, CMS_btag_lfstats2_2016=24.0166, CMS_eff_e_2016=-19.4071, CMS_eff_hwwtrigger_2016=-40.2856, CMS_eff_m_2016=-20.7182, CMS_eff_prefiring_2016=23.07, MultiBosonnorm2016=-12.6659, PS_FSR=-6.52603, PS_ISR=-5150.64, QCDnorm2016=-33.6172, QCDscale_WW_ACCEPT=-12.5373, QCDscale_WmH_ACCEPT=-0.0392309, QCDscale_WpH_ACCEPT=-0.0679724, QCDscale_ZH_ACCEPT=-0.03118, QCDscale_ggH_ACCEPT=-0.0389845, QCDscale_qqH_ACCEPT=-0.00424781, QCDscale_ttbar_ACCEPT=-2.87591, QCDscale_wjets_ACCEPT=-10.2079, SF_bin0=0.949355, SF_bin1=0.790142, dynorm2016=-90.0758, ggWWnorm=-1.32707, lumi_13TeV_2016=-9.91216, lumi_13TeV_BBD=-24.4259, lumi_13TeV_DB=-24.4628, lumi_13TeV_GS=-24.4259, lumi_13TeV_XY=-19.7424, pdf_Higgs_gg_ACCEPT=-0.00179577, pdf_Higgs_qqbar_ACCEPT=-0.00623265, pdf_WW_ACCEPT=-1.74024, pdf_WmH_ACCEPT=-0.0115793, pdf_WpH_ACCEPT=-0.0142956, pdf_ZH_ACCEPT=-0.0104196, pdf_ttbar_ACCEPT=-15.2582, pdf_wjets_ACCEPT=-7.28908, prop_binBin0_bin0=-9.71036, prop_binBin0_bin1=-9.01355, prop_binBin0_bin2=-9.05751, prop_binBin0_bin3=-8.04067, prop_binBin0_bin4=-8.99825, prop_binBin0_bin5=-5.4077, prop_binBin0_bin6=-3.77864, prop_binBin0_bin7=-0.166679, prop_binBin1_bin0=-2.70754, prop_binBin1_bin1=-3.19955, prop_binBin1_bin2=-4.36718, prop_binBin1_bin3=-7.52533, prop_binBin1_bin4=-4.50582, prop_binBin1_bin5=-5.82941, prop_binBin1_bin6=-3.23698, prop_binBin1_bin7=-2.66514, prop_binBin2_bin0=-1.5839, prop_binBin2_bin1=-2.49408, prop_binBin2_bin2=-3.43688, prop_binBin2_bin3=-2.21113, prop_binBin2_bin4=-1.72799, prop_binBin2_bin5=-2.16919, prop_binBin2_bin6=-1.49167, prop_binBin2_bin7=-1.1249, qqWWqqnorm=-6.4776

Info in <Minuit2>: Minuit2Minimizer::Minimize : Minimization did NOT converge, Edm is above max
Point 169/1200 SF_bin2 = 1.05416
[#0] WARNING:Minization -- RooMinimizerFcn: Minimized function has error status.
Returning maximum FCN so far (3.58075e+15) to force MIGRAD to back out of this region. Error log follows
Parameter values: CMS_PU_2016=-11.9885, CMS_btag_cferr1=7.6635, CMS_btag_cferr2=36.0641, CMS_btag_hf=15.1597, CMS_btag_hfstats1_2016=14.9542, CMS_btag_hfstats2_2016=17.2262, CMS_btag_lf=-17.0297, CMS_btag_lfstats1_2016=2.27695, CMS_btag_lfstats2_2016=19.8575, CMS_eff_e_2016=-16.0947, CMS_eff_hwwtrigger_2016=-33.4054, CMS_eff_m_2016=-17.2011, CMS_eff_prefiring_2016=19.1111, MultiBosonnorm2016=-9.99311, PS_FSR=-5.41566, PS_ISR=-3009.87, QCDnorm2016=-28.0783, QCDscale_WW_ACCEPT=-10.2723, QCDscale_WmH_ACCEPT=-0.0324034, QCDscale_WpH_ACCEPT=-0.0557627, QCDscale_ZH_ACCEPT=-0.0252696, QCDscale_ggH_ACCEPT=-0.0319254, QCDscale_qqH_ACCEPT=-0.00339429, QCDscale_ttbar_ACCEPT=-2.51685, QCDscale_wjets_ACCEPT=-8.51063, SF_bin0=1.02987, SF_bin1=0.876358, dynorm2016=-76.3935, ggWWnorm=-1.09879, lumi_13TeV_2016=-8.27573, lumi_13TeV_BBD=-20.2417, lumi_13TeV_DB=-20.2897, lumi_13TeV_GS=-20.2417, lumi_13TeV_XY=-16.4108, pdf_Higgs_gg_ACCEPT=-0.00151102, pdf_Higgs_qqbar_ACCEPT=-0.00499675, pdf_WW_ACCEPT=-1.42304, pdf_WmH_ACCEPT=-0.00912829, pdf_WpH_ACCEPT=-0.0112771, pdf_ZH_ACCEPT=-0.00826388, pdf_ttbar_ACCEPT=-12.6817, pdf_wjets_ACCEPT=-6.01363, prop_binBin0_bin0=-8.25273, prop_binBin0_bin1=-7.47903, prop_binBin0_bin2=-7.67299, prop_binBin0_bin3=-6.77651, prop_binBin0_bin4=-7.74796, prop_binBin0_bin5=-4.39728, prop_binBin0_bin6=-3.0004, prop_binBin0_bin7=0.46931, prop_binBin1_bin0=-2.08028, prop_binBin1_bin1=-2.47599, prop_binBin1_bin2=-3.58402, prop_binBin1_bin3=-6.61008, prop_binBin1_bin4=-3.69216, prop_binBin1_bin5=-5.06715, prop_binBin1_bin6=-2.56131, prop_binBin1_bin7=-2.06722, prop_binBin2_bin0=-1.21761, prop_binBin2_bin1=-2.15633, prop_binBin2_bin2=-2.96384, prop_binBin2_bin3=-1.94094, prop_binBin2_bin4=-1.49088, prop_binBin2_bin5=-1.88213, prop_binBin2_bin6=-1.17271, prop_binBin2_bin7=-0.877637, qqWWqqnorm=-5.3568

Info in <Minuit2>: Minuit2Minimizer::Minimize : Minimization did NOT converge, Edm is above max
Point 170/1200 SF_bin2 = 1.05487
[#0] WARNING:Minization -- RooMinimizerFcn: Minimized function has error status.
Returning maximum FCN so far (1.76005e+09) to force MIGRAD to back out of this region. Error log follows
Parameter values: CMS_PU_2016=-9.58274, CMS_btag_cferr1=6.17058, CMS_btag_cferr2=29.6839, CMS_btag_hf=12.1386, CMS_btag_hfstats1_2016=12.0651, CMS_btag_hfstats2_2016=13.8298, CMS_btag_lf=-13.9604, CMS_btag_lfstats1_2016=1.8346, CMS_btag_lfstats2_2016=15.9566, CMS_eff_e_2016=-12.9899, CMS_eff_hwwtrigger_2016=-26.9713, CMS_eff_m_2016=-13.9053, CMS_eff_prefiring_2016=15.4041, MultiBosonnorm2016=-7.53302, PS_FSR=-4.37364, PS_ISR=-1876.97, QCDnorm2016=-22.8837, QCDscale_WW_ACCEPT=-8.1634, QCDscale_WmH_ACCEPT=-0.025796, QCDscale_WpH_ACCEPT=-0.0444167, QCDscale_ZH_ACCEPT=-0.0203932, QCDscale_ggH_ACCEPT=-0.0252575, QCDscale_qqH_ACCEPT=-0.00289037, QCDscale_ttbar_ACCEPT=-2.18026, QCDscale_wjets_ACCEPT=-6.91744, SF_bin0=1.1051, SF_bin1=0.957446, dynorm2016=-63.5036, ggWWnorm=-0.886143, lumi_13TeV_2016=-6.74131, lumi_13TeV_BBD=-16.3262, lumi_13TeV_DB=-16.3831, lumi_13TeV_GS=-16.3262, lumi_13TeV_XY=-13.2888, pdf_Higgs_gg_ACCEPT=-0.00129649, pdf_Higgs_qqbar_ACCEPT=-0.00466383, pdf_WW_ACCEPT=-1.12774, pdf_WmH_ACCEPT=-0.00785274, pdf_WpH_ACCEPT=-0.00942768, pdf_ZH_ACCEPT=-0.00735838, pdf_ttbar_ACCEPT=-10.2673, pdf_wjets_ACCEPT=-4.81672, prop_binBin0_bin0=-6.8765, prop_binBin0_bin1=-6.03567, prop_binBin0_bin2=-6.37146, prop_binBin0_bin3=-5.59925, prop_binBin0_bin4=-6.57563, prop_binBin0_bin5=-3.4679, prop_binBin0_bin6=-2.28536, prop_binBin0_bin7=1.05346, prop_binBin1_bin0=-1.48503, prop_binBin1_bin1=-1.79658, prop_binBin1_bin2=-2.85031, prop_binBin1_bin3=-5.73368, prop_binBin1_bin4=-2.93343, prop_binBin1_bin5=-4.34932, prop_binBin1_bin6=-1.93241, prop_binBin1_bin7=-1.50618, prop_binBin2_bin0=-0.869277, prop_binBin2_bin1=-1.83333, prop_binBin2_bin2=-2.512, prop_binBin2_bin3=-1.68746, prop_binBin2_bin4=-1.26423, prop_binBin2_bin5=-1.60704, prop_binBin2_bin6=-0.86602, prop_binBin2_bin7=-0.63949, qqWWqqnorm=-4.30805

Info in <Minuit2>: Minuit2Minimizer::Minimize : Minimization did NOT converge, Edm is above max
Point 171/1200 SF_bin2 = 1.05558
[#0] WARNING:Minization -- RooMinimizerFcn: Minimized function has error status.
Returning maximum FCN so far (1.13284e+07) to force MIGRAD to back out of this region. Error log follows
Parameter values: CMS_PU_2016=-7.95355, CMS_btag_cferr1=5.15829, CMS_btag_cferr2=25.3131, CMS_btag_hf=10.0999, CMS_btag_hfstats1_2016=10.1292, CMS_btag_hfstats2_2016=11.5524, CMS_btag_lf=-11.892, CMS_btag_lfstats1_2016=1.537, CMS_btag_lfstats2_2016=13.3296, CMS_eff_e_2016=-10.8979, CMS_eff_hwwtrigger_2016=-22.6357, CMS_eff_m_2016=-11.6853, CMS_eff_prefiring_2016=12.9104, MultiBosonnorm2016=-5.92442, PS_FSR=-3.67255, PS_ISR=-1359.15, QCDnorm2016=-19.3664, QCDscale_WW_ACCEPT=-6.754, QCDscale_WmH_ACCEPT=-0.0222362, QCDscale_WpH_ACCEPT=-0.0371058, QCDscale_ZH_ACCEPT=-0.0174952, QCDscale_ggH_ACCEPT=-0.0208284, QCDscale_qqH_ACCEPT=-0.00273251, QCDscale_ttbar_ACCEPT=-1.95328, QCDscale_wjets_ACCEPT=-5.84454, SF_bin0=1.15566, SF_bin1=1.01233, dynorm2016=-54.6116, ggWWnorm=-0.742613, lumi_13TeV_2016=-5.70666, lumi_13TeV_BBD=-13.6938, lumi_13TeV_DB=-13.7548, lumi_13TeV_GS=-13.6938, lumi_13TeV_XY=-11.1855, pdf_Higgs_gg_ACCEPT=-0.00108328, pdf_Higgs_qqbar_ACCEPT=-0.00404208, pdf_WW_ACCEPT=-0.929867, pdf_WmH_ACCEPT=-0.00710738, pdf_WpH_ACCEPT=-0.00787743, pdf_ZH_ACCEPT=-0.00594253, pdf_ttbar_ACCEPT=-8.64046, pdf_wjets_ACCEPT=-4.01221, prop_binBin0_bin0=-5.94103, prop_binBin0_bin1=-5.05986, prop_binBin0_bin2=-5.48947, prop_binBin0_bin3=-4.81272, prop_binBin0_bin4=-5.78352, prop_binBin0_bin5=-2.85753, prop_binBin0_bin6=-1.81552, prop_binBin0_bin7=1.43686, prop_binBin1_bin0=-1.07933, prop_binBin1_bin1=-1.33918, prop_binBin1_bin2=-2.35836, prop_binBin1_bin3=-5.12503, prop_binBin1_bin4=-2.42743, prop_binBin1_bin5=-3.86327, prop_binBin1_bin6=-1.51324, prop_binBin1_bin7=-1.12663, prop_binBin2_bin0=-0.631432, prop_binBin2_bin1=-1.60999, prop_binBin2_bin2=-2.19984, prop_binBin2_bin3=-1.51782, prop_binBin2_bin4=-1.10693, prop_binBin2_bin5=-1.41493, prop_binBin2_bin6=-0.651321, prop_binBin2_bin7=-0.472762, qqWWqqnorm=-3.60435

Info in <Minuit2>: Minuit2Minimizer::Minimize : Minimization did NOT converge, Edm is above max
Point 172/1200 SF_bin2 = 1.05629
Info in <Minuit2>: Minuit2Minimizer::Minimize : Minimization did NOT converge, Edm is above max
Point 173/1200 SF_bin2 = 1.057
Info in <Minuit2>: Minuit2Minimizer::Minimize : Minimization did NOT converge, Edm is above max
Point 174/1200 SF_bin2 = 1.05771
Info in <Minuit2>: Minuit2Minimizer::Minimize : Minimization did NOT converge, Edm is above max
Point 175/1200 SF_bin2 = 1.05842
Info in <Minuit2>: Minuit2Minimizer::Minimize : Minimization did NOT converge, Edm is above max
Point 176/1200 SF_bin2 = 1.05913
Info in <Minuit2>: Minuit2Minimizer::Minimize : Minimization did NOT converge, Edm is above max
Point 177/1200 SF_bin2 = 1.05984
Info in <Minuit2>: Minuit2Minimizer::Minimize : Minimization did NOT converge, Edm is above max
Point 178/1200 SF_bin2 = 1.06055
Info in <Minuit2>: Minuit2Minimizer::Minimize : Minimization did NOT converge, Edm is above max
Point 179/1200 SF_bin2 = 1.06126
Info in <Minuit2>: Minuit2Minimizer::Minimize : Minimization did NOT converge, Edm is above max
Point 180/1200 SF_bin2 = 1.06197
Point 181/1200 SF_bin2 = 1.06268
Point 182/1200 SF_bin2 = 1.06339
Point 183/1200 SF_bin2 = 1.0641
Point 184/1200 SF_bin2 = 1.06481
Point 185/1200 SF_bin2 = 1.06552
Point 186/1200 SF_bin2 = 1.06623
Point 187/1200 SF_bin2 = 1.06694
Point 188/1200 SF_bin2 = 1.06765
Point 189/1200 SF_bin2 = 1.06836
Point 190/1200 SF_bin2 = 1.06907
Point 191/1200 SF_bin2 = 1.06978
Point 192/1200 SF_bin2 = 1.07049
Point 193/1200 SF_bin2 = 1.0712
Point 194/1200 SF_bin2 = 1.07191
Point 195/1200 SF_bin2 = 1.07262
Point 196/1200 SF_bin2 = 1.07333
Point 197/1200 SF_bin2 = 1.07404
Point 198/1200 SF_bin2 = 1.07475
Point 199/1200 SF_bin2 = 1.07546
Point 200/1200 SF_bin2 = 1.07617
Point 201/1200 SF_bin2 = 1.07688
Point 202/1200 SF_bin2 = 1.07759
Point 203/1200 SF_bin2 = 1.0783
Point 204/1200 SF_bin2 = 1.07901
Point 205/1200 SF_bin2 = 1.07972
Point 206/1200 SF_bin2 = 1.08043
Point 207/1200 SF_bin2 = 1.08114
Point 208/1200 SF_bin2 = 1.08185
Point 209/1200 SF_bin2 = 1.08256
Point 210/1200 SF_bin2 = 1.08327
Point 211/1200 SF_bin2 = 1.08398
Point 212/1200 SF_bin2 = 1.08469
Point 213/1200 SF_bin2 = 1.0854
Point 214/1200 SF_bin2 = 1.08611
Point 215/1200 SF_bin2 = 1.08682
Point 216/1200 SF_bin2 = 1.08753
Point 217/1200 SF_bin2 = 1.08824
Point 218/1200 SF_bin2 = 1.08895
Point 219/1200 SF_bin2 = 1.08966
Point 220/1200 SF_bin2 = 1.09037
Point 221/1200 SF_bin2 = 1.09108
Point 222/1200 SF_bin2 = 1.09179
Point 223/1200 SF_bin2 = 1.0925
Point 224/1200 SF_bin2 = 1.09321
Point 225/1200 SF_bin2 = 1.09392
Point 226/1200 SF_bin2 = 1.09463
Point 227/1200 SF_bin2 = 1.09534
Point 228/1200 SF_bin2 = 1.09605
Point 229/1200 SF_bin2 = 1.09676
Point 230/1200 SF_bin2 = 1.09747
Point 231/1200 SF_bin2 = 1.09818
Point 232/1200 SF_bin2 = 1.09889
Point 233/1200 SF_bin2 = 1.0996
Point 234/1200 SF_bin2 = 1.10031
Point 235/1200 SF_bin2 = 1.10102
Point 236/1200 SF_bin2 = 1.10173
Point 237/1200 SF_bin2 = 1.10244
Point 238/1200 SF_bin2 = 1.10315
Point 239/1200 SF_bin2 = 1.10386
Point 240/1200 SF_bin2 = 1.10457
Point 241/1200 SF_bin2 = 1.10528
Point 242/1200 SF_bin2 = 1.10599
Point 243/1200 SF_bin2 = 1.1067
Point 244/1200 SF_bin2 = 1.10741
Point 245/1200 SF_bin2 = 1.10812
Point 246/1200 SF_bin2 = 1.10883
Point 247/1200 SF_bin2 = 1.10954
Point 248/1200 SF_bin2 = 1.11025
Point 249/1200 SF_bin2 = 1.11096
Point 250/1200 SF_bin2 = 1.11167
Point 251/1200 SF_bin2 = 1.11238
Point 252/1200 SF_bin2 = 1.11309
Point 253/1200 SF_bin2 = 1.1138
Point 254/1200 SF_bin2 = 1.11451
Point 255/1200 SF_bin2 = 1.11522
Point 256/1200 SF_bin2 = 1.11593
Point 257/1200 SF_bin2 = 1.11664
Point 258/1200 SF_bin2 = 1.11735
Point 259/1200 SF_bin2 = 1.11806
Point 260/1200 SF_bin2 = 1.11877
Point 261/1200 SF_bin2 = 1.11948
Point 262/1200 SF_bin2 = 1.12019
Point 263/1200 SF_bin2 = 1.1209
Point 264/1200 SF_bin2 = 1.12161
Point 265/1200 SF_bin2 = 1.12232
Point 266/1200 SF_bin2 = 1.12303
Point 267/1200 SF_bin2 = 1.12374
Point 268/1200 SF_bin2 = 1.12445
Point 269/1200 SF_bin2 = 1.12516
Point 270/1200 SF_bin2 = 1.12587
Point 271/1200 SF_bin2 = 1.12658
Point 272/1200 SF_bin2 = 1.12729
Point 273/1200 SF_bin2 = 1.128
Point 274/1200 SF_bin2 = 1.12871
Point 275/1200 SF_bin2 = 1.12942
Point 276/1200 SF_bin2 = 1.13013
Point 277/1200 SF_bin2 = 1.13084
Point 278/1200 SF_bin2 = 1.13155
Point 279/1200 SF_bin2 = 1.13226
Point 280/1200 SF_bin2 = 1.13297
Point 281/1200 SF_bin2 = 1.13368
Point 282/1200 SF_bin2 = 1.13439
Point 283/1200 SF_bin2 = 1.1351
Point 284/1200 SF_bin2 = 1.13581
Point 285/1200 SF_bin2 = 1.13652
Point 286/1200 SF_bin2 = 1.13723
Point 287/1200 SF_bin2 = 1.13794
Point 288/1200 SF_bin2 = 1.13865
Point 289/1200 SF_bin2 = 1.13936
Point 290/1200 SF_bin2 = 1.14007
Point 291/1200 SF_bin2 = 1.14078
Point 292/1200 SF_bin2 = 1.14149
Point 293/1200 SF_bin2 = 1.1422
Point 294/1200 SF_bin2 = 1.14291
Point 295/1200 SF_bin2 = 1.14362
Point 296/1200 SF_bin2 = 1.14433
Point 297/1200 SF_bin2 = 1.14504
Point 298/1200 SF_bin2 = 1.14575
Point 299/1200 SF_bin2 = 1.14646
Point 300/1200 SF_bin2 = 1.14717
Point 301/1200 SF_bin2 = 1.14788
Point 302/1200 SF_bin2 = 1.14859
Point 303/1200 SF_bin2 = 1.1493
Point 304/1200 SF_bin2 = 1.15001
Point 305/1200 SF_bin2 = 1.15072
Point 306/1200 SF_bin2 = 1.15143
Point 307/1200 SF_bin2 = 1.15214
Point 308/1200 SF_bin2 = 1.15285
Point 309/1200 SF_bin2 = 1.15356
Point 310/1200 SF_bin2 = 1.15427
Point 311/1200 SF_bin2 = 1.15498
Point 312/1200 SF_bin2 = 1.15569
Point 313/1200 SF_bin2 = 1.1564
Point 314/1200 SF_bin2 = 1.15711
Point 315/1200 SF_bin2 = 1.15782
Point 316/1200 SF_bin2 = 1.15853
Point 317/1200 SF_bin2 = 1.15924
Point 318/1200 SF_bin2 = 1.15995
Point 319/1200 SF_bin2 = 1.16066
Point 320/1200 SF_bin2 = 1.16137
Point 321/1200 SF_bin2 = 1.16208
Point 322/1200 SF_bin2 = 1.16279
Point 323/1200 SF_bin2 = 1.1635
Point 324/1200 SF_bin2 = 1.16421
Point 325/1200 SF_bin2 = 1.16492
Point 326/1200 SF_bin2 = 1.16563
Point 327/1200 SF_bin2 = 1.16634
Point 328/1200 SF_bin2 = 1.16705
Point 329/1200 SF_bin2 = 1.16776
Point 330/1200 SF_bin2 = 1.16847
Point 331/1200 SF_bin2 = 1.16918
Point 332/1200 SF_bin2 = 1.16989
Point 333/1200 SF_bin2 = 1.1706
Point 334/1200 SF_bin2 = 1.17131
Point 335/1200 SF_bin2 = 1.17202
Point 336/1200 SF_bin2 = 1.17273
Point 337/1200 SF_bin2 = 1.17344
Point 338/1200 SF_bin2 = 1.17415
Point 339/1200 SF_bin2 = 1.17486
Point 340/1200 SF_bin2 = 1.17557
Point 341/1200 SF_bin2 = 1.17628
Point 342/1200 SF_bin2 = 1.17699
Point 343/1200 SF_bin2 = 1.1777
Point 344/1200 SF_bin2 = 1.17841
Point 345/1200 SF_bin2 = 1.17912
Point 346/1200 SF_bin2 = 1.17983
Point 347/1200 SF_bin2 = 1.18054
Point 348/1200 SF_bin2 = 1.18125
Point 349/1200 SF_bin2 = 1.18196
Point 350/1200 SF_bin2 = 1.18267
Point 351/1200 SF_bin2 = 1.18338
Point 352/1200 SF_bin2 = 1.18409
Point 353/1200 SF_bin2 = 1.1848
Point 354/1200 SF_bin2 = 1.18551
Point 355/1200 SF_bin2 = 1.18622
Point 356/1200 SF_bin2 = 1.18693
Point 357/1200 SF_bin2 = 1.18764
Point 358/1200 SF_bin2 = 1.18835
Point 359/1200 SF_bin2 = 1.18906
Point 360/1200 SF_bin2 = 1.18977
Point 361/1200 SF_bin2 = 1.19048
Point 362/1200 SF_bin2 = 1.19119
Point 363/1200 SF_bin2 = 1.1919
Point 364/1200 SF_bin2 = 1.19261
Point 365/1200 SF_bin2 = 1.19332
Point 366/1200 SF_bin2 = 1.19403
Point 367/1200 SF_bin2 = 1.19474
Point 368/1200 SF_bin2 = 1.19545
Point 369/1200 SF_bin2 = 1.19616
Point 370/1200 SF_bin2 = 1.19687
Point 371/1200 SF_bin2 = 1.19758
Point 372/1200 SF_bin2 = 1.19829
Point 373/1200 SF_bin2 = 1.199
Point 374/1200 SF_bin2 = 1.19971
Point 375/1200 SF_bin2 = 1.20042
Point 376/1200 SF_bin2 = 1.20113
Point 377/1200 SF_bin2 = 1.20184
Point 378/1200 SF_bin2 = 1.20255
Point 379/1200 SF_bin2 = 1.20326
Point 380/1200 SF_bin2 = 1.20397
Point 381/1200 SF_bin2 = 1.20468
Point 382/1200 SF_bin2 = 1.20539
Point 383/1200 SF_bin2 = 1.2061
Point 384/1200 SF_bin2 = 1.20681
Point 385/1200 SF_bin2 = 1.20752
Point 386/1200 SF_bin2 = 1.20823
Point 387/1200 SF_bin2 = 1.20894
Point 388/1200 SF_bin2 = 1.20965
Point 389/1200 SF_bin2 = 1.21036
Point 390/1200 SF_bin2 = 1.21107
Point 391/1200 SF_bin2 = 1.21178
Point 392/1200 SF_bin2 = 1.21249
Point 393/1200 SF_bin2 = 1.2132
Point 394/1200 SF_bin2 = 1.21391
Point 395/1200 SF_bin2 = 1.21462
Point 396/1200 SF_bin2 = 1.21533
Point 397/1200 SF_bin2 = 1.21604
Point 398/1200 SF_bin2 = 1.21675
Point 399/1200 SF_bin2 = 1.21746
Point 400/1200 SF_bin2 = 1.21817
Point 401/1200 SF_bin2 = 1.21888
Point 402/1200 SF_bin2 = 1.21959
Point 403/1200 SF_bin2 = 1.2203
Point 404/1200 SF_bin2 = 1.22101
Point 405/1200 SF_bin2 = 1.22172
Point 406/1200 SF_bin2 = 1.22243
Point 407/1200 SF_bin2 = 1.22314
Point 408/1200 SF_bin2 = 1.22385
Point 409/1200 SF_bin2 = 1.22456
Point 410/1200 SF_bin2 = 1.22527
Point 411/1200 SF_bin2 = 1.22598
Point 412/1200 SF_bin2 = 1.22669
Point 413/1200 SF_bin2 = 1.2274
Point 414/1200 SF_bin2 = 1.22811
Point 415/1200 SF_bin2 = 1.22882
Point 416/1200 SF_bin2 = 1.22953
Point 417/1200 SF_bin2 = 1.23024
Point 418/1200 SF_bin2 = 1.23095
Point 419/1200 SF_bin2 = 1.23166
Point 420/1200 SF_bin2 = 1.23237
Point 421/1200 SF_bin2 = 1.23308
Point 422/1200 SF_bin2 = 1.23379
Point 423/1200 SF_bin2 = 1.2345
Point 424/1200 SF_bin2 = 1.23521
Point 425/1200 SF_bin2 = 1.23592
Point 426/1200 SF_bin2 = 1.23663
Point 427/1200 SF_bin2 = 1.23734
Point 428/1200 SF_bin2 = 1.23805
Point 429/1200 SF_bin2 = 1.23876
Point 430/1200 SF_bin2 = 1.23947
Point 431/1200 SF_bin2 = 1.24018
Point 432/1200 SF_bin2 = 1.24089
Point 433/1200 SF_bin2 = 1.2416
Point 434/1200 SF_bin2 = 1.24231
Point 435/1200 SF_bin2 = 1.24302
Point 436/1200 SF_bin2 = 1.24373
Point 437/1200 SF_bin2 = 1.24444
Point 438/1200 SF_bin2 = 1.24515
Point 439/1200 SF_bin2 = 1.24586
Point 440/1200 SF_bin2 = 1.24657
Point 441/1200 SF_bin2 = 1.24728
Point 442/1200 SF_bin2 = 1.24799
Point 443/1200 SF_bin2 = 1.2487
Point 444/1200 SF_bin2 = 1.24941
Point 445/1200 SF_bin2 = 1.25012
Point 446/1200 SF_bin2 = 1.25083
Point 447/1200 SF_bin2 = 1.25154
Point 448/1200 SF_bin2 = 1.25225
Point 449/1200 SF_bin2 = 1.25296
Point 450/1200 SF_bin2 = 1.25367
Point 451/1200 SF_bin2 = 1.25438
Point 452/1200 SF_bin2 = 1.25509
Point 453/1200 SF_bin2 = 1.2558
Point 454/1200 SF_bin2 = 1.25651
Point 455/1200 SF_bin2 = 1.25722
Point 456/1200 SF_bin2 = 1.25793
Point 457/1200 SF_bin2 = 1.25864
Point 458/1200 SF_bin2 = 1.25935
Point 459/1200 SF_bin2 = 1.26006
Point 460/1200 SF_bin2 = 1.26077
Point 461/1200 SF_bin2 = 1.26148
Point 462/1200 SF_bin2 = 1.26219
Point 463/1200 SF_bin2 = 1.2629
Point 464/1200 SF_bin2 = 1.26361
Point 465/1200 SF_bin2 = 1.26432
Point 466/1200 SF_bin2 = 1.26503
Point 467/1200 SF_bin2 = 1.26574
Point 468/1200 SF_bin2 = 1.26645
Point 469/1200 SF_bin2 = 1.26716
Point 470/1200 SF_bin2 = 1.26787
Point 471/1200 SF_bin2 = 1.26858
Point 472/1200 SF_bin2 = 1.26929
Point 473/1200 SF_bin2 = 1.27
Point 474/1200 SF_bin2 = 1.27071
Point 475/1200 SF_bin2 = 1.27142
Point 476/1200 SF_bin2 = 1.27213
Point 477/1200 SF_bin2 = 1.27284
Point 478/1200 SF_bin2 = 1.27355
Point 479/1200 SF_bin2 = 1.27426
Point 480/1200 SF_bin2 = 1.27497
Point 481/1200 SF_bin2 = 1.27568
Point 482/1200 SF_bin2 = 1.27639
Point 483/1200 SF_bin2 = 1.2771
Point 484/1200 SF_bin2 = 1.27781
Point 485/1200 SF_bin2 = 1.27852
Point 486/1200 SF_bin2 = 1.27923
Point 487/1200 SF_bin2 = 1.27994
Point 488/1200 SF_bin2 = 1.28065
Point 489/1200 SF_bin2 = 1.28136
Point 490/1200 SF_bin2 = 1.28207
Point 491/1200 SF_bin2 = 1.28278
Point 492/1200 SF_bin2 = 1.28349
Point 493/1200 SF_bin2 = 1.2842
Point 494/1200 SF_bin2 = 1.28491
Point 495/1200 SF_bin2 = 1.28562
Point 496/1200 SF_bin2 = 1.28633
Point 497/1200 SF_bin2 = 1.28704
Point 498/1200 SF_bin2 = 1.28775
Point 499/1200 SF_bin2 = 1.28846
Point 500/1200 SF_bin2 = 1.28917
Point 501/1200 SF_bin2 = 1.28988
Point 502/1200 SF_bin2 = 1.29059
Point 503/1200 SF_bin2 = 1.2913
Point 504/1200 SF_bin2 = 1.29201
Point 505/1200 SF_bin2 = 1.29272
Point 506/1200 SF_bin2 = 1.29343
Point 507/1200 SF_bin2 = 1.29414
Point 508/1200 SF_bin2 = 1.29485
Point 509/1200 SF_bin2 = 1.29556
Point 510/1200 SF_bin2 = 1.29627
Point 511/1200 SF_bin2 = 1.29698
Point 512/1200 SF_bin2 = 1.29769
Point 513/1200 SF_bin2 = 1.2984
Point 514/1200 SF_bin2 = 1.29911
Point 515/1200 SF_bin2 = 1.29982
Point 516/1200 SF_bin2 = 1.30053
Point 517/1200 SF_bin2 = 1.30124
Point 518/1200 SF_bin2 = 1.30195
Point 519/1200 SF_bin2 = 1.30266
Point 520/1200 SF_bin2 = 1.30337
Point 521/1200 SF_bin2 = 1.30408
Point 522/1200 SF_bin2 = 1.30479
Point 523/1200 SF_bin2 = 1.3055
Point 524/1200 SF_bin2 = 1.30621
Point 525/1200 SF_bin2 = 1.30692
Point 526/1200 SF_bin2 = 1.30763
Point 527/1200 SF_bin2 = 1.30834
Point 528/1200 SF_bin2 = 1.30905
Point 529/1200 SF_bin2 = 1.30976
Point 530/1200 SF_bin2 = 1.31046
Point 531/1200 SF_bin2 = 1.31117
Point 532/1200 SF_bin2 = 1.31188
Point 533/1200 SF_bin2 = 1.31259
Point 534/1200 SF_bin2 = 1.3133
Point 535/1200 SF_bin2 = 1.31401
Point 536/1200 SF_bin2 = 1.31472
Point 537/1200 SF_bin2 = 1.31543
Point 538/1200 SF_bin2 = 1.31614
Point 539/1200 SF_bin2 = 1.31685
Point 540/1200 SF_bin2 = 1.31756
Point 541/1200 SF_bin2 = 1.31827
Point 542/1200 SF_bin2 = 1.31898
Point 543/1200 SF_bin2 = 1.31969
Point 544/1200 SF_bin2 = 1.3204
Point 545/1200 SF_bin2 = 1.32111
Point 546/1200 SF_bin2 = 1.32182
Point 547/1200 SF_bin2 = 1.32253
Point 548/1200 SF_bin2 = 1.32324
Point 549/1200 SF_bin2 = 1.32395
Point 550/1200 SF_bin2 = 1.32466
Point 551/1200 SF_bin2 = 1.32537
Point 552/1200 SF_bin2 = 1.32608
Point 553/1200 SF_bin2 = 1.32679
Point 554/1200 SF_bin2 = 1.3275
Point 555/1200 SF_bin2 = 1.32821
Point 556/1200 SF_bin2 = 1.32892
Point 557/1200 SF_bin2 = 1.32963
Point 558/1200 SF_bin2 = 1.33034
Point 559/1200 SF_bin2 = 1.33105
Point 560/1200 SF_bin2 = 1.33176
Point 561/1200 SF_bin2 = 1.33247
Point 562/1200 SF_bin2 = 1.33318
Point 563/1200 SF_bin2 = 1.33389
Point 564/1200 SF_bin2 = 1.3346
Point 565/1200 SF_bin2 = 1.33531
Point 566/1200 SF_bin2 = 1.33602
Point 567/1200 SF_bin2 = 1.33673
Point 568/1200 SF_bin2 = 1.33744
Point 569/1200 SF_bin2 = 1.33815
Point 570/1200 SF_bin2 = 1.33886
Point 571/1200 SF_bin2 = 1.33957
Point 572/1200 SF_bin2 = 1.34028
Point 573/1200 SF_bin2 = 1.34099
Point 574/1200 SF_bin2 = 1.3417
Point 575/1200 SF_bin2 = 1.34241
Point 576/1200 SF_bin2 = 1.34312
Point 577/1200 SF_bin2 = 1.34383
Point 578/1200 SF_bin2 = 1.34454
Point 579/1200 SF_bin2 = 1.34525
Point 580/1200 SF_bin2 = 1.34596
Point 581/1200 SF_bin2 = 1.34667
Point 582/1200 SF_bin2 = 1.34738
Point 583/1200 SF_bin2 = 1.34809
Point 584/1200 SF_bin2 = 1.3488
Point 585/1200 SF_bin2 = 1.34951
Point 586/1200 SF_bin2 = 1.35022
Point 587/1200 SF_bin2 = 1.35093
Point 588/1200 SF_bin2 = 1.35164
Point 589/1200 SF_bin2 = 1.35235
Point 590/1200 SF_bin2 = 1.35306
Point 591/1200 SF_bin2 = 1.35377
Point 592/1200 SF_bin2 = 1.35448
Point 593/1200 SF_bin2 = 1.35519
Point 594/1200 SF_bin2 = 1.3559
Point 595/1200 SF_bin2 = 1.35661
Point 596/1200 SF_bin2 = 1.35732
Point 597/1200 SF_bin2 = 1.35803
Point 598/1200 SF_bin2 = 1.35874
Point 599/1200 SF_bin2 = 1.35945
Point 600/1200 SF_bin2 = 1.36016
Point 601/1200 SF_bin2 = 1.36087
Point 602/1200 SF_bin2 = 1.36158
Point 603/1200 SF_bin2 = 1.36229
Point 604/1200 SF_bin2 = 1.363
Point 605/1200 SF_bin2 = 1.36371
Point 606/1200 SF_bin2 = 1.36442
Point 607/1200 SF_bin2 = 1.36513
Point 608/1200 SF_bin2 = 1.36584
Point 609/1200 SF_bin2 = 1.36655
Point 610/1200 SF_bin2 = 1.36726
Point 611/1200 SF_bin2 = 1.36797
Point 612/1200 SF_bin2 = 1.36868
Point 613/1200 SF_bin2 = 1.36939
Point 614/1200 SF_bin2 = 1.3701
Point 615/1200 SF_bin2 = 1.37081
Point 616/1200 SF_bin2 = 1.37152
Point 617/1200 SF_bin2 = 1.37223
Point 618/1200 SF_bin2 = 1.37294
Point 619/1200 SF_bin2 = 1.37365
Point 620/1200 SF_bin2 = 1.37436
Point 621/1200 SF_bin2 = 1.37507
Point 622/1200 SF_bin2 = 1.37578
Point 623/1200 SF_bin2 = 1.37649
Point 624/1200 SF_bin2 = 1.3772
Point 625/1200 SF_bin2 = 1.37791
Point 626/1200 SF_bin2 = 1.37862
Point 627/1200 SF_bin2 = 1.37933
Point 628/1200 SF_bin2 = 1.38004
Point 629/1200 SF_bin2 = 1.38075
Point 630/1200 SF_bin2 = 1.38146
Point 631/1200 SF_bin2 = 1.38217
Point 632/1200 SF_bin2 = 1.38288
Point 633/1200 SF_bin2 = 1.38359
Point 634/1200 SF_bin2 = 1.3843
Point 635/1200 SF_bin2 = 1.38501
Point 636/1200 SF_bin2 = 1.38572
Point 637/1200 SF_bin2 = 1.38643
Point 638/1200 SF_bin2 = 1.38714
Point 639/1200 SF_bin2 = 1.38785
Point 640/1200 SF_bin2 = 1.38856
Point 641/1200 SF_bin2 = 1.38927
Point 642/1200 SF_bin2 = 1.38998
Point 643/1200 SF_bin2 = 1.39069
Point 644/1200 SF_bin2 = 1.3914
Point 645/1200 SF_bin2 = 1.39211
Point 646/1200 SF_bin2 = 1.39282
Point 647/1200 SF_bin2 = 1.39353
Point 648/1200 SF_bin2 = 1.39424
Point 649/1200 SF_bin2 = 1.39495
Point 650/1200 SF_bin2 = 1.39566
Point 651/1200 SF_bin2 = 1.39637
Point 652/1200 SF_bin2 = 1.39708
Point 653/1200 SF_bin2 = 1.39779
Point 654/1200 SF_bin2 = 1.3985
Point 655/1200 SF_bin2 = 1.39921
Point 656/1200 SF_bin2 = 1.39992
Point 657/1200 SF_bin2 = 1.40063
Point 658/1200 SF_bin2 = 1.40134
Point 659/1200 SF_bin2 = 1.40205
Point 660/1200 SF_bin2 = 1.40276
Point 661/1200 SF_bin2 = 1.40347
Point 662/1200 SF_bin2 = 1.40418
Point 663/1200 SF_bin2 = 1.40489
Point 664/1200 SF_bin2 = 1.4056
Point 665/1200 SF_bin2 = 1.40631
Point 666/1200 SF_bin2 = 1.40702
Point 667/1200 SF_bin2 = 1.40773
Point 668/1200 SF_bin2 = 1.40844
Point 669/1200 SF_bin2 = 1.40915
Point 670/1200 SF_bin2 = 1.40986
Point 671/1200 SF_bin2 = 1.41057
Point 672/1200 SF_bin2 = 1.41128
Point 673/1200 SF_bin2 = 1.41199
Point 674/1200 SF_bin2 = 1.4127
Point 675/1200 SF_bin2 = 1.41341
Point 676/1200 SF_bin2 = 1.41412
Point 677/1200 SF_bin2 = 1.41483
Point 678/1200 SF_bin2 = 1.41554
Point 679/1200 SF_bin2 = 1.41625
Point 680/1200 SF_bin2 = 1.41696
Point 681/1200 SF_bin2 = 1.41767
Point 682/1200 SF_bin2 = 1.41838
Point 683/1200 SF_bin2 = 1.41909
Point 684/1200 SF_bin2 = 1.4198
Point 685/1200 SF_bin2 = 1.42051
Point 686/1200 SF_bin2 = 1.42122
Point 687/1200 SF_bin2 = 1.42193
Point 688/1200 SF_bin2 = 1.42264
Point 689/1200 SF_bin2 = 1.42335
Point 690/1200 SF_bin2 = 1.42406
Point 691/1200 SF_bin2 = 1.42477
Point 692/1200 SF_bin2 = 1.42548
Point 693/1200 SF_bin2 = 1.42619
Point 694/1200 SF_bin2 = 1.4269
Point 695/1200 SF_bin2 = 1.42761
Point 696/1200 SF_bin2 = 1.42832
Point 697/1200 SF_bin2 = 1.42903
Point 698/1200 SF_bin2 = 1.42974
Point 699/1200 SF_bin2 = 1.43045
Point 700/1200 SF_bin2 = 1.43116
Point 701/1200 SF_bin2 = 1.43187
Point 702/1200 SF_bin2 = 1.43258
Point 703/1200 SF_bin2 = 1.43329
Point 704/1200 SF_bin2 = 1.434
Point 705/1200 SF_bin2 = 1.43471
Point 706/1200 SF_bin2 = 1.43542
Point 707/1200 SF_bin2 = 1.43613
Point 708/1200 SF_bin2 = 1.43684
Point 709/1200 SF_bin2 = 1.43755
Point 710/1200 SF_bin2 = 1.43826
Point 711/1200 SF_bin2 = 1.43897
Point 712/1200 SF_bin2 = 1.43968
Point 713/1200 SF_bin2 = 1.44039
Point 714/1200 SF_bin2 = 1.4411
Point 715/1200 SF_bin2 = 1.44181
Point 716/1200 SF_bin2 = 1.44252
Point 717/1200 SF_bin2 = 1.44323
Point 718/1200 SF_bin2 = 1.44394
Point 719/1200 SF_bin2 = 1.44465
Point 720/1200 SF_bin2 = 1.44536
Point 721/1200 SF_bin2 = 1.44607
Point 722/1200 SF_bin2 = 1.44678
Point 723/1200 SF_bin2 = 1.44749
Point 724/1200 SF_bin2 = 1.4482
Point 725/1200 SF_bin2 = 1.44891
Point 726/1200 SF_bin2 = 1.44962
Point 727/1200 SF_bin2 = 1.45033
Point 728/1200 SF_bin2 = 1.45104
Point 729/1200 SF_bin2 = 1.45175
Point 730/1200 SF_bin2 = 1.45246
Point 731/1200 SF_bin2 = 1.45317
Point 732/1200 SF_bin2 = 1.45388
Point 733/1200 SF_bin2 = 1.45459
Point 734/1200 SF_bin2 = 1.4553
Point 735/1200 SF_bin2 = 1.45601
Point 736/1200 SF_bin2 = 1.45672
Point 737/1200 SF_bin2 = 1.45743
Point 738/1200 SF_bin2 = 1.45814
Point 739/1200 SF_bin2 = 1.45885
Point 740/1200 SF_bin2 = 1.45956
Point 741/1200 SF_bin2 = 1.46027
Point 742/1200 SF_bin2 = 1.46098
Point 743/1200 SF_bin2 = 1.46169
Point 744/1200 SF_bin2 = 1.4624
Point 745/1200 SF_bin2 = 1.46311
Point 746/1200 SF_bin2 = 1.46382
Point 747/1200 SF_bin2 = 1.46453
Point 748/1200 SF_bin2 = 1.46524
Point 749/1200 SF_bin2 = 1.46595
Point 750/1200 SF_bin2 = 1.46666
Point 751/1200 SF_bin2 = 1.46737
Point 752/1200 SF_bin2 = 1.46808
Point 753/1200 SF_bin2 = 1.46879
Point 754/1200 SF_bin2 = 1.4695
Point 755/1200 SF_bin2 = 1.47021
Point 756/1200 SF_bin2 = 1.47092
Point 757/1200 SF_bin2 = 1.47163
Point 758/1200 SF_bin2 = 1.47234
Point 759/1200 SF_bin2 = 1.47305
Point 760/1200 SF_bin2 = 1.47376
Point 761/1200 SF_bin2 = 1.47447
Point 762/1200 SF_bin2 = 1.47518
Point 763/1200 SF_bin2 = 1.47589
Point 764/1200 SF_bin2 = 1.4766
Point 765/1200 SF_bin2 = 1.47731
Point 766/1200 SF_bin2 = 1.47802
Point 767/1200 SF_bin2 = 1.47873
Point 768/1200 SF_bin2 = 1.47944
Point 769/1200 SF_bin2 = 1.48015
Point 770/1200 SF_bin2 = 1.48086
Point 771/1200 SF_bin2 = 1.48157
Point 772/1200 SF_bin2 = 1.48228
Point 773/1200 SF_bin2 = 1.48299
Point 774/1200 SF_bin2 = 1.4837
Point 775/1200 SF_bin2 = 1.48441
Point 776/1200 SF_bin2 = 1.48512
Point 777/1200 SF_bin2 = 1.48583
Point 778/1200 SF_bin2 = 1.48654
Point 779/1200 SF_bin2 = 1.48725
Point 780/1200 SF_bin2 = 1.48796
Point 781/1200 SF_bin2 = 1.48867
Point 782/1200 SF_bin2 = 1.48938
Point 783/1200 SF_bin2 = 1.49009
Point 784/1200 SF_bin2 = 1.4908
Point 785/1200 SF_bin2 = 1.49151
Point 786/1200 SF_bin2 = 1.49222
Point 787/1200 SF_bin2 = 1.49293
Point 788/1200 SF_bin2 = 1.49364
Point 789/1200 SF_bin2 = 1.49435
Point 790/1200 SF_bin2 = 1.49506
Point 791/1200 SF_bin2 = 1.49577
Point 792/1200 SF_bin2 = 1.49648
Point 793/1200 SF_bin2 = 1.49719
Point 794/1200 SF_bin2 = 1.4979
Point 795/1200 SF_bin2 = 1.49861
Point 796/1200 SF_bin2 = 1.49932
Point 797/1200 SF_bin2 = 1.50003
Point 798/1200 SF_bin2 = 1.50074
Point 799/1200 SF_bin2 = 1.50145
Point 800/1200 SF_bin2 = 1.50216
Point 801/1200 SF_bin2 = 1.50287
Point 802/1200 SF_bin2 = 1.50358
Point 803/1200 SF_bin2 = 1.50429
Point 804/1200 SF_bin2 = 1.505
Point 805/1200 SF_bin2 = 1.50571
Point 806/1200 SF_bin2 = 1.50642
Point 807/1200 SF_bin2 = 1.50713
Point 808/1200 SF_bin2 = 1.50784
Point 809/1200 SF_bin2 = 1.50855
Point 810/1200 SF_bin2 = 1.50926
Point 811/1200 SF_bin2 = 1.50997
Point 812/1200 SF_bin2 = 1.51068
Point 813/1200 SF_bin2 = 1.51139
Point 814/1200 SF_bin2 = 1.5121
Point 815/1200 SF_bin2 = 1.51281
Point 816/1200 SF_bin2 = 1.51352
Point 817/1200 SF_bin2 = 1.51423
Point 818/1200 SF_bin2 = 1.51494
Point 819/1200 SF_bin2 = 1.51565
Point 820/1200 SF_bin2 = 1.51636
Point 821/1200 SF_bin2 = 1.51707
Point 822/1200 SF_bin2 = 1.51778
Point 823/1200 SF_bin2 = 1.51849
Point 824/1200 SF_bin2 = 1.5192
Point 825/1200 SF_bin2 = 1.51991
Point 826/1200 SF_bin2 = 1.52062
Point 827/1200 SF_bin2 = 1.52133
Point 828/1200 SF_bin2 = 1.52204
Point 829/1200 SF_bin2 = 1.52275
Point 830/1200 SF_bin2 = 1.52346
Point 831/1200 SF_bin2 = 1.52417
Point 832/1200 SF_bin2 = 1.52488
Point 833/1200 SF_bin2 = 1.52559
Point 834/1200 SF_bin2 = 1.5263
Point 835/1200 SF_bin2 = 1.52701
Point 836/1200 SF_bin2 = 1.52772
Point 837/1200 SF_bin2 = 1.52843
Point 838/1200 SF_bin2 = 1.52914
Point 839/1200 SF_bin2 = 1.52985
Point 840/1200 SF_bin2 = 1.53056
Point 841/1200 SF_bin2 = 1.53127
Point 842/1200 SF_bin2 = 1.53198
Point 843/1200 SF_bin2 = 1.53269
Point 844/1200 SF_bin2 = 1.5334
Point 845/1200 SF_bin2 = 1.53411
Point 846/1200 SF_bin2 = 1.53482
Point 847/1200 SF_bin2 = 1.53553
Point 848/1200 SF_bin2 = 1.53624
Point 849/1200 SF_bin2 = 1.53695
Point 850/1200 SF_bin2 = 1.53766
Point 851/1200 SF_bin2 = 1.53837
Point 852/1200 SF_bin2 = 1.53908
Point 853/1200 SF_bin2 = 1.53979
Point 854/1200 SF_bin2 = 1.5405
Point 855/1200 SF_bin2 = 1.54121
Point 856/1200 SF_bin2 = 1.54192
Point 857/1200 SF_bin2 = 1.54263
Point 858/1200 SF_bin2 = 1.54334
Point 859/1200 SF_bin2 = 1.54405
Point 860/1200 SF_bin2 = 1.54476
Point 861/1200 SF_bin2 = 1.54547
Point 862/1200 SF_bin2 = 1.54618
Point 863/1200 SF_bin2 = 1.54689
Point 864/1200 SF_bin2 = 1.5476
Point 865/1200 SF_bin2 = 1.54831
Point 866/1200 SF_bin2 = 1.54902
Point 867/1200 SF_bin2 = 1.54973
Point 868/1200 SF_bin2 = 1.55044
Point 869/1200 SF_bin2 = 1.55115
Point 870/1200 SF_bin2 = 1.55186
Point 871/1200 SF_bin2 = 1.55257
Point 872/1200 SF_bin2 = 1.55328
Point 873/1200 SF_bin2 = 1.55399
Point 874/1200 SF_bin2 = 1.5547
Point 875/1200 SF_bin2 = 1.55541
Point 876/1200 SF_bin2 = 1.55612
Point 877/1200 SF_bin2 = 1.55683
Point 878/1200 SF_bin2 = 1.55754
Point 879/1200 SF_bin2 = 1.55825
Point 880/1200 SF_bin2 = 1.55896
Point 881/1200 SF_bin2 = 1.55967
Point 882/1200 SF_bin2 = 1.56038
Point 883/1200 SF_bin2 = 1.56109
Point 884/1200 SF_bin2 = 1.5618
Point 885/1200 SF_bin2 = 1.56251
Point 886/1200 SF_bin2 = 1.56322
Point 887/1200 SF_bin2 = 1.56393
Point 888/1200 SF_bin2 = 1.56464
Point 889/1200 SF_bin2 = 1.56535
Point 890/1200 SF_bin2 = 1.56606
Point 891/1200 SF_bin2 = 1.56677
Point 892/1200 SF_bin2 = 1.56748
Point 893/1200 SF_bin2 = 1.56819
Point 894/1200 SF_bin2 = 1.5689
Point 895/1200 SF_bin2 = 1.56961
Point 896/1200 SF_bin2 = 1.57032
Point 897/1200 SF_bin2 = 1.57103
Point 898/1200 SF_bin2 = 1.57174
Point 899/1200 SF_bin2 = 1.57245
Point 900/1200 SF_bin2 = 1.57316
Point 901/1200 SF_bin2 = 1.57387
Point 902/1200 SF_bin2 = 1.57458
Point 903/1200 SF_bin2 = 1.57529
Point 904/1200 SF_bin2 = 1.576
Point 905/1200 SF_bin2 = 1.57671
Point 906/1200 SF_bin2 = 1.57742
Point 907/1200 SF_bin2 = 1.57813
Point 908/1200 SF_bin2 = 1.57884
Point 909/1200 SF_bin2 = 1.57955
Point 910/1200 SF_bin2 = 1.58026
Point 911/1200 SF_bin2 = 1.58097
Point 912/1200 SF_bin2 = 1.58168
Info in <Minuit2>: Minuit2Minimizer::Minimize : Minimization did NOT converge, Edm is above max
Point 913/1200 SF_bin2 = 1.58239
Info in <Minuit2>: Minuit2Minimizer::Minimize : Minimization did NOT converge, Edm is above max
Point 914/1200 SF_bin2 = 1.5831
Info in <Minuit2>: Minuit2Minimizer::Minimize : Minimization did NOT converge, Edm is above max
Point 915/1200 SF_bin2 = 1.58381
Info in <Minuit2>: Minuit2Minimizer::Minimize : Minimization did NOT converge, Edm is above max
Point 916/1200 SF_bin2 = 1.58452
Info in <Minuit2>: Minuit2Minimizer::Minimize : Minimization did NOT converge, Edm is above max
Point 917/1200 SF_bin2 = 1.58523
Info in <Minuit2>: Minuit2Minimizer::Minimize : Minimization did NOT converge, Edm is above max
Point 918/1200 SF_bin2 = 1.58594
Info in <Minuit2>: Minuit2Minimizer::Minimize : Minimization did NOT converge, Edm is above max
Point 919/1200 SF_bin2 = 1.58665
Info in <Minuit2>: Minuit2Minimizer::Minimize : Minimization did NOT converge, Edm is above max
Point 920/1200 SF_bin2 = 1.58736
Point 921/1200 SF_bin2 = 1.58807
Point 922/1200 SF_bin2 = 1.58878
Point 923/1200 SF_bin2 = 1.58949
Point 924/1200 SF_bin2 = 1.5902
Point 925/1200 SF_bin2 = 1.59091
Point 926/1200 SF_bin2 = 1.59162
Point 927/1200 SF_bin2 = 1.59233
Point 928/1200 SF_bin2 = 1.59304
Point 929/1200 SF_bin2 = 1.59375
Point 930/1200 SF_bin2 = 1.59446
Point 931/1200 SF_bin2 = 1.59517
Point 932/1200 SF_bin2 = 1.59588
Point 933/1200 SF_bin2 = 1.59659
Point 934/1200 SF_bin2 = 1.5973
Point 935/1200 SF_bin2 = 1.59801
Point 936/1200 SF_bin2 = 1.59872
Point 937/1200 SF_bin2 = 1.59943
Point 938/1200 SF_bin2 = 1.60014
Point 939/1200 SF_bin2 = 1.60085
Point 940/1200 SF_bin2 = 1.60156
Point 941/1200 SF_bin2 = 1.60227
Point 942/1200 SF_bin2 = 1.60298
Point 943/1200 SF_bin2 = 1.60369
Point 944/1200 SF_bin2 = 1.6044
Point 945/1200 SF_bin2 = 1.60511
Point 946/1200 SF_bin2 = 1.60582
Point 947/1200 SF_bin2 = 1.60653
Point 948/1200 SF_bin2 = 1.60724
Point 949/1200 SF_bin2 = 1.60795
Point 950/1200 SF_bin2 = 1.60866
Point 951/1200 SF_bin2 = 1.60937
Point 952/1200 SF_bin2 = 1.61008
Point 953/1200 SF_bin2 = 1.61079
Point 954/1200 SF_bin2 = 1.6115
Point 955/1200 SF_bin2 = 1.61221
Point 956/1200 SF_bin2 = 1.61292
Point 957/1200 SF_bin2 = 1.61363
Point 958/1200 SF_bin2 = 1.61434
Point 959/1200 SF_bin2 = 1.61505
Point 960/1200 SF_bin2 = 1.61576
Point 961/1200 SF_bin2 = 1.61647
Point 962/1200 SF_bin2 = 1.61718
Point 963/1200 SF_bin2 = 1.61789
Point 964/1200 SF_bin2 = 1.6186
Point 965/1200 SF_bin2 = 1.61931
Point 966/1200 SF_bin2 = 1.62002
Point 967/1200 SF_bin2 = 1.62073
Point 968/1200 SF_bin2 = 1.62144
Point 969/1200 SF_bin2 = 1.62215
Point 970/1200 SF_bin2 = 1.62286
Point 971/1200 SF_bin2 = 1.62357
Point 972/1200 SF_bin2 = 1.62428
Point 973/1200 SF_bin2 = 1.62499
Point 974/1200 SF_bin2 = 1.6257
Point 975/1200 SF_bin2 = 1.62641
Point 976/1200 SF_bin2 = 1.62712
Point 977/1200 SF_bin2 = 1.62783
Point 978/1200 SF_bin2 = 1.62854
Point 979/1200 SF_bin2 = 1.62925
Point 980/1200 SF_bin2 = 1.62996
Point 981/1200 SF_bin2 = 1.63067
Point 982/1200 SF_bin2 = 1.63138
Point 983/1200 SF_bin2 = 1.63209
Point 984/1200 SF_bin2 = 1.6328
Point 985/1200 SF_bin2 = 1.63351
Point 986/1200 SF_bin2 = 1.63422
Point 987/1200 SF_bin2 = 1.63493
Point 988/1200 SF_bin2 = 1.63564
Point 989/1200 SF_bin2 = 1.63635
Point 990/1200 SF_bin2 = 1.63706
Point 991/1200 SF_bin2 = 1.63777
Point 992/1200 SF_bin2 = 1.63848
Point 993/1200 SF_bin2 = 1.63919
Point 994/1200 SF_bin2 = 1.6399
Point 995/1200 SF_bin2 = 1.64061
Point 996/1200 SF_bin2 = 1.64132
Point 997/1200 SF_bin2 = 1.64203
Point 998/1200 SF_bin2 = 1.64274
Point 999/1200 SF_bin2 = 1.64345
Point 1000/1200 SF_bin2 = 1.64416
Point 1001/1200 SF_bin2 = 1.64487
Point 1002/1200 SF_bin2 = 1.64558
Point 1003/1200 SF_bin2 = 1.64629
Point 1004/1200 SF_bin2 = 1.647
Point 1005/1200 SF_bin2 = 1.64771
Point 1006/1200 SF_bin2 = 1.64842
Point 1007/1200 SF_bin2 = 1.64913
Point 1008/1200 SF_bin2 = 1.64984
Point 1009/1200 SF_bin2 = 1.65055
Point 1010/1200 SF_bin2 = 1.65126
Point 1011/1200 SF_bin2 = 1.65197
Point 1012/1200 SF_bin2 = 1.65268
Point 1013/1200 SF_bin2 = 1.65339
Point 1014/1200 SF_bin2 = 1.6541
Point 1015/1200 SF_bin2 = 1.65481
Point 1016/1200 SF_bin2 = 1.65552
Point 1017/1200 SF_bin2 = 1.65623
Point 1018/1200 SF_bin2 = 1.65694
Point 1019/1200 SF_bin2 = 1.65765
Point 1020/1200 SF_bin2 = 1.65836
Point 1021/1200 SF_bin2 = 1.65907
Point 1022/1200 SF_bin2 = 1.65978
Point 1023/1200 SF_bin2 = 1.66049
Point 1024/1200 SF_bin2 = 1.6612
Point 1025/1200 SF_bin2 = 1.66191
Point 1026/1200 SF_bin2 = 1.66262
Point 1027/1200 SF_bin2 = 1.66333
Point 1028/1200 SF_bin2 = 1.66404
Point 1029/1200 SF_bin2 = 1.66475
Point 1030/1200 SF_bin2 = 1.66546
Point 1031/1200 SF_bin2 = 1.66617
Point 1032/1200 SF_bin2 = 1.66688
Point 1033/1200 SF_bin2 = 1.66759
Point 1034/1200 SF_bin2 = 1.6683
Point 1035/1200 SF_bin2 = 1.66901
Point 1036/1200 SF_bin2 = 1.66972
Point 1037/1200 SF_bin2 = 1.67043
Point 1038/1200 SF_bin2 = 1.67114
Point 1039/1200 SF_bin2 = 1.67185
Point 1040/1200 SF_bin2 = 1.67256
Point 1041/1200 SF_bin2 = 1.67327
Point 1042/1200 SF_bin2 = 1.67398
Point 1043/1200 SF_bin2 = 1.67469
Point 1044/1200 SF_bin2 = 1.6754
Point 1045/1200 SF_bin2 = 1.67611
Point 1046/1200 SF_bin2 = 1.67682
Point 1047/1200 SF_bin2 = 1.67753
Point 1048/1200 SF_bin2 = 1.67824
Point 1049/1200 SF_bin2 = 1.67895
Point 1050/1200 SF_bin2 = 1.67966
Point 1051/1200 SF_bin2 = 1.68037
Point 1052/1200 SF_bin2 = 1.68108
Point 1053/1200 SF_bin2 = 1.68179
Point 1054/1200 SF_bin2 = 1.6825
Point 1055/1200 SF_bin2 = 1.68321
Point 1056/1200 SF_bin2 = 1.68392
Point 1057/1200 SF_bin2 = 1.68463
Point 1058/1200 SF_bin2 = 1.68534
Point 1059/1200 SF_bin2 = 1.68605
Point 1060/1200 SF_bin2 = 1.68676
Point 1061/1200 SF_bin2 = 1.68747
Point 1062/1200 SF_bin2 = 1.68818
Point 1063/1200 SF_bin2 = 1.68889
Point 1064/1200 SF_bin2 = 1.6896
Point 1065/1200 SF_bin2 = 1.69031
Point 1066/1200 SF_bin2 = 1.69102
Point 1067/1200 SF_bin2 = 1.69173
Point 1068/1200 SF_bin2 = 1.69244
Point 1069/1200 SF_bin2 = 1.69315
Point 1070/1200 SF_bin2 = 1.69386
Point 1071/1200 SF_bin2 = 1.69457
Point 1072/1200 SF_bin2 = 1.69528
Point 1073/1200 SF_bin2 = 1.69599
Point 1074/1200 SF_bin2 = 1.6967
Point 1075/1200 SF_bin2 = 1.69741
Point 1076/1200 SF_bin2 = 1.69812
Point 1077/1200 SF_bin2 = 1.69883
Point 1078/1200 SF_bin2 = 1.69954
Point 1079/1200 SF_bin2 = 1.70025
Point 1080/1200 SF_bin2 = 1.70096
Point 1081/1200 SF_bin2 = 1.70167
Point 1082/1200 SF_bin2 = 1.70238
Point 1083/1200 SF_bin2 = 1.70309
Point 1084/1200 SF_bin2 = 1.7038
Point 1085/1200 SF_bin2 = 1.70451
Point 1086/1200 SF_bin2 = 1.70522
Point 1087/1200 SF_bin2 = 1.70593
Point 1088/1200 SF_bin2 = 1.70664
Point 1089/1200 SF_bin2 = 1.70735
Point 1090/1200 SF_bin2 = 1.70806
Point 1091/1200 SF_bin2 = 1.70877
Point 1092/1200 SF_bin2 = 1.70948
Point 1093/1200 SF_bin2 = 1.71019
Point 1094/1200 SF_bin2 = 1.7109
Point 1095/1200 SF_bin2 = 1.71161
Point 1096/1200 SF_bin2 = 1.71232
Point 1097/1200 SF_bin2 = 1.71303
Point 1098/1200 SF_bin2 = 1.71374
Point 1099/1200 SF_bin2 = 1.71445
Point 1100/1200 SF_bin2 = 1.71516
Point 1101/1200 SF_bin2 = 1.71587
Point 1102/1200 SF_bin2 = 1.71658
Point 1103/1200 SF_bin2 = 1.71729
Point 1104/1200 SF_bin2 = 1.718
Point 1105/1200 SF_bin2 = 1.71871
Point 1106/1200 SF_bin2 = 1.71942
Point 1107/1200 SF_bin2 = 1.72013
Point 1108/1200 SF_bin2 = 1.72084
Point 1109/1200 SF_bin2 = 1.72155
Point 1110/1200 SF_bin2 = 1.72226
Point 1111/1200 SF_bin2 = 1.72297
Point 1112/1200 SF_bin2 = 1.72368
Point 1113/1200 SF_bin2 = 1.72439
Point 1114/1200 SF_bin2 = 1.7251
Point 1115/1200 SF_bin2 = 1.72581
Point 1116/1200 SF_bin2 = 1.72652
Point 1117/1200 SF_bin2 = 1.72723
Point 1118/1200 SF_bin2 = 1.72794
Point 1119/1200 SF_bin2 = 1.72865
Point 1120/1200 SF_bin2 = 1.72936
Point 1121/1200 SF_bin2 = 1.73007
Point 1122/1200 SF_bin2 = 1.73078
Point 1123/1200 SF_bin2 = 1.73149
Point 1124/1200 SF_bin2 = 1.7322
Point 1125/1200 SF_bin2 = 1.73291
Point 1126/1200 SF_bin2 = 1.73362
Point 1127/1200 SF_bin2 = 1.73433
Point 1128/1200 SF_bin2 = 1.73504
Point 1129/1200 SF_bin2 = 1.73575
Point 1130/1200 SF_bin2 = 1.73646
Point 1131/1200 SF_bin2 = 1.73717
Point 1132/1200 SF_bin2 = 1.73788
Point 1133/1200 SF_bin2 = 1.73859
Point 1134/1200 SF_bin2 = 1.7393
Point 1135/1200 SF_bin2 = 1.74001
Point 1136/1200 SF_bin2 = 1.74072
Point 1137/1200 SF_bin2 = 1.74143
Point 1138/1200 SF_bin2 = 1.74214
Point 1139/1200 SF_bin2 = 1.74285
Point 1140/1200 SF_bin2 = 1.74356
Point 1141/1200 SF_bin2 = 1.74427
Point 1142/1200 SF_bin2 = 1.74498
Point 1143/1200 SF_bin2 = 1.74569
Point 1144/1200 SF_bin2 = 1.7464
Point 1145/1200 SF_bin2 = 1.74711
Point 1146/1200 SF_bin2 = 1.74782
Point 1147/1200 SF_bin2 = 1.74853
Point 1148/1200 SF_bin2 = 1.74924
Point 1149/1200 SF_bin2 = 1.74995
Point 1150/1200 SF_bin2 = 1.75066
Point 1151/1200 SF_bin2 = 1.75137
Point 1152/1200 SF_bin2 = 1.75208
Point 1153/1200 SF_bin2 = 1.75279
Point 1154/1200 SF_bin2 = 1.7535
Point 1155/1200 SF_bin2 = 1.75421
Point 1156/1200 SF_bin2 = 1.75492
Point 1157/1200 SF_bin2 = 1.75563
Point 1158/1200 SF_bin2 = 1.75634
Point 1159/1200 SF_bin2 = 1.75705
Point 1160/1200 SF_bin2 = 1.75776
Point 1161/1200 SF_bin2 = 1.75847
Point 1162/1200 SF_bin2 = 1.75918
Point 1163/1200 SF_bin2 = 1.75989
Point 1164/1200 SF_bin2 = 1.7606
Point 1165/1200 SF_bin2 = 1.76131
Point 1166/1200 SF_bin2 = 1.76202
Point 1167/1200 SF_bin2 = 1.76273
Point 1168/1200 SF_bin2 = 1.76344
Point 1169/1200 SF_bin2 = 1.76415
Point 1170/1200 SF_bin2 = 1.76486
Point 1171/1200 SF_bin2 = 1.76557
Point 1172/1200 SF_bin2 = 1.76628
Point 1173/1200 SF_bin2 = 1.76699
Point 1174/1200 SF_bin2 = 1.7677
Point 1175/1200 SF_bin2 = 1.76841
Point 1176/1200 SF_bin2 = 1.76912
Point 1177/1200 SF_bin2 = 1.76983
Point 1178/1200 SF_bin2 = 1.77054
Point 1179/1200 SF_bin2 = 1.77125
Point 1180/1200 SF_bin2 = 1.77196
Point 1181/1200 SF_bin2 = 1.77267
Point 1182/1200 SF_bin2 = 1.77338
Point 1183/1200 SF_bin2 = 1.77409
Point 1184/1200 SF_bin2 = 1.7748
Point 1185/1200 SF_bin2 = 1.77551
Point 1186/1200 SF_bin2 = 1.77622
Point 1187/1200 SF_bin2 = 1.77693
Point 1188/1200 SF_bin2 = 1.77764
Point 1189/1200 SF_bin2 = 1.77835
Point 1190/1200 SF_bin2 = 1.77906
Point 1191/1200 SF_bin2 = 1.77977
Point 1192/1200 SF_bin2 = 1.78048
Point 1193/1200 SF_bin2 = 1.78119
Point 1194/1200 SF_bin2 = 1.7819
Point 1195/1200 SF_bin2 = 1.78261
Point 1196/1200 SF_bin2 = 1.78332
Point 1197/1200 SF_bin2 = 1.78403
Point 1198/1200 SF_bin2 = 1.78474
Point 1199/1200 SF_bin2 = 1.78545
Done in 4.45 min (cpu), 4.45 min (real)
