 <<< Combine >>> 
>>> method used is MultiDimFit
>>> random number generator seed is 123456
ModelConfig 'ModelConfig' defines more than one parameter of interest. This is not supported in some statistical methods.
Set Range of Parameter SF_Bin2 To : (0,1.73125)
Set Default Value of Parameter SF_Bin2 To : 1
Set Default Value of Parameter SF_Bin1 To : 1
Set Default Value of Parameter SF_Bin0 To : 1
 POI: SF_Bin2= 1.48206 -> [0,1.73125]
Point 0/1200 SF_Bin2 = 0.000721354
Info in <Minuit2>: Minuit2Minimizer::Minimize : Minimization did NOT converge, Reached call limit
Point 1/1200 SF_Bin2 = 0.00216406
Info in <Minuit2>: Minuit2Minimizer::Minimize : Minimization did NOT converge, Reached call limit
Point 2/1200 SF_Bin2 = 0.00360677
Info in <Minuit2>: Minuit2Minimizer::Minimize : Minimization did NOT converge, Reached call limit
Point 3/1200 SF_Bin2 = 0.00504948
Info in <Minuit2>: Minuit2Minimizer::Minimize : Minimization did NOT converge, Reached call limit
Point 4/1200 SF_Bin2 = 0.00649218
Info in <Minuit2>: Minuit2Minimizer::Minimize : Minimization did NOT converge, Reached call limit
Point 5/1200 SF_Bin2 = 0.00793489
Info in <Minuit2>: Minuit2Minimizer::Minimize : Minimization did NOT converge, Reached call limit
Point 6/1200 SF_Bin2 = 0.0093776
Info in <Minuit2>: Minuit2Minimizer::Minimize : Minimization did NOT converge, Reached call limit
Point 7/1200 SF_Bin2 = 0.0108203
Point 8/1200 SF_Bin2 = 0.012263
Info in <Minuit2>: Minuit2Minimizer::Minimize : Minimization did NOT converge, Reached call limit
Point 9/1200 SF_Bin2 = 0.0137057
Info in <Minuit2>: Minuit2Minimizer::Minimize : Minimization did NOT converge, Reached call limit
Point 10/1200 SF_Bin2 = 0.0151484
Info in <Minuit2>: Minuit2Minimizer::Minimize : Minimization did NOT converge, Reached call limit
Point 11/1200 SF_Bin2 = 0.0165911
Info in <Minuit2>: Minuit2Minimizer::Minimize : Minimization did NOT converge, Reached call limit
Point 12/1200 SF_Bin2 = 0.0180338
Point 13/1200 SF_Bin2 = 0.0194766
Info in <Minuit2>: Minuit2Minimizer::Minimize : Minimization did NOT converge, Edm is above max
Point 14/1200 SF_Bin2 = 0.0209193
Info in <Minuit2>: Minuit2Minimizer::Minimize : Minimization did NOT converge, Reached call limit
Point 15/1200 SF_Bin2 = 0.022362
Point 16/1200 SF_Bin2 = 0.0238047
Point 17/1200 SF_Bin2 = 0.0252474
Info in <Minuit2>: Minuit2Minimizer::Minimize : Minimization did NOT converge, Edm is above max
Point 18/1200 SF_Bin2 = 0.0266901
Point 19/1200 SF_Bin2 = 0.0281328
Point 20/1200 SF_Bin2 = 0.0295755
Point 21/1200 SF_Bin2 = 0.0310182
Info in <Minuit2>: Minuit2Minimizer::Minimize : Minimization did NOT converge, Edm is above max
Point 22/1200 SF_Bin2 = 0.0324609
Point 23/1200 SF_Bin2 = 0.0339036
Point 24/1200 SF_Bin2 = 0.0353463
Point 25/1200 SF_Bin2 = 0.036789
Point 26/1200 SF_Bin2 = 0.0382317
Point 27/1200 SF_Bin2 = 0.0396745
Point 28/1200 SF_Bin2 = 0.0411172
Point 29/1200 SF_Bin2 = 0.0425599
Point 30/1200 SF_Bin2 = 0.0440026
Point 31/1200 SF_Bin2 = 0.0454453
Point 32/1200 SF_Bin2 = 0.046888
Info in <Minuit2>: Minuit2Minimizer::Minimize : Minimization did NOT converge, Reached call limit
Point 33/1200 SF_Bin2 = 0.0483307
Info in <Minuit2>: Minuit2Minimizer::Minimize : Minimization did NOT converge, Reached call limit
Point 34/1200 SF_Bin2 = 0.0497734
Info in <Minuit2>: Minuit2Minimizer::Minimize : Minimization did NOT converge, Hesse is not valid
Point 35/1200 SF_Bin2 = 0.0512161
Info in <Minuit2>: Minuit2Minimizer::Minimize : Minimization did NOT converge, Hesse is not valid
Point 36/1200 SF_Bin2 = 0.0526588
Info in <Minuit2>: Minuit2Minimizer::Minimize : Minimization did NOT converge, Edm is above max
Point 37/1200 SF_Bin2 = 0.0541015
Info in <Minuit2>: Minuit2Minimizer::Minimize : Minimization did NOT converge, Edm is above max
Point 38/1200 SF_Bin2 = 0.0555442
Point 39/1200 SF_Bin2 = 0.0569869
Info in <Minuit2>: Minuit2Minimizer::Minimize : Minimization did NOT converge, Edm is above max
Point 40/1200 SF_Bin2 = 0.0584297
Info in <Minuit2>: Minuit2Minimizer::Minimize : Minimization did NOT converge, Edm is above max
Point 41/1200 SF_Bin2 = 0.0598724
Info in <Minuit2>: Minuit2Minimizer::Minimize : Minimization did NOT converge, Edm is above max
Point 42/1200 SF_Bin2 = 0.0613151
Point 43/1200 SF_Bin2 = 0.0627578
Point 44/1200 SF_Bin2 = 0.0642005
Info in <Minuit2>: Minuit2Minimizer::Minimize : Minimization did NOT converge, Edm is above max
Point 45/1200 SF_Bin2 = 0.0656432
Point 46/1200 SF_Bin2 = 0.0670859
Point 47/1200 SF_Bin2 = 0.0685286
Info in <Minuit2>: Minuit2Minimizer::Minimize : Minimization did NOT converge, Edm is above max
Point 48/1200 SF_Bin2 = 0.0699713
Point 49/1200 SF_Bin2 = 0.071414
Point 50/1200 SF_Bin2 = 0.0728567
Info in <Minuit2>: Minuit2Minimizer::Minimize : Minimization did NOT converge, Edm is above max
Point 51/1200 SF_Bin2 = 0.0742994
Point 52/1200 SF_Bin2 = 0.0757421
Info in <Minuit2>: Minuit2Minimizer::Minimize : Minimization did NOT converge, Edm is above max
Point 53/1200 SF_Bin2 = 0.0771849
Info in <Minuit2>: Minuit2Minimizer::Minimize : Minimization did NOT converge, Edm is above max
Point 54/1200 SF_Bin2 = 0.0786276
Info in <Minuit2>: Minuit2Minimizer::Minimize : Minimization did NOT converge, Edm is above max
Point 55/1200 SF_Bin2 = 0.0800703
Point 56/1200 SF_Bin2 = 0.081513
Info in <Minuit2>: Minuit2Minimizer::Minimize : Minimization did NOT converge, Edm is above max
Point 57/1200 SF_Bin2 = 0.0829557
Info in <Minuit2>: Minuit2Minimizer::Minimize : Minimization did NOT converge, Edm is above max
Point 58/1200 SF_Bin2 = 0.0843984
Info in <Minuit2>: Minuit2Minimizer::Minimize : Minimization did NOT converge, Edm is above max
Point 59/1200 SF_Bin2 = 0.0858411
Info in <Minuit2>: Minuit2Minimizer::Minimize : Minimization did NOT converge, Edm is above max
Point 60/1200 SF_Bin2 = 0.0872838
Info in <Minuit2>: Minuit2Minimizer::Minimize : Minimization did NOT converge, Edm is above max
Point 61/1200 SF_Bin2 = 0.0887265
Info in <Minuit2>: Minuit2Minimizer::Minimize : Minimization did NOT converge, Edm is above max
Point 62/1200 SF_Bin2 = 0.0901692
Info in <Minuit2>: Minuit2Minimizer::Minimize : Minimization did NOT converge, Edm is above max
Point 63/1200 SF_Bin2 = 0.0916119
Info in <Minuit2>: Minuit2Minimizer::Minimize : Minimization did NOT converge, Edm is above max
Point 64/1200 SF_Bin2 = 0.0930546
Info in <Minuit2>: Minuit2Minimizer::Minimize : Minimization did NOT converge, Edm is above max
Point 65/1200 SF_Bin2 = 0.0944973
Info in <Minuit2>: Minuit2Minimizer::Minimize : Minimization did NOT converge, Edm is above max
Point 66/1200 SF_Bin2 = 0.09594
Info in <Minuit2>: Minuit2Minimizer::Minimize : Minimization did NOT converge, Edm is above max
Point 67/1200 SF_Bin2 = 0.0973828
Point 68/1200 SF_Bin2 = 0.0988255
Point 69/1200 SF_Bin2 = 0.100268
Point 70/1200 SF_Bin2 = 0.101711
Point 71/1200 SF_Bin2 = 0.103154
Point 72/1200 SF_Bin2 = 0.104596
Point 73/1200 SF_Bin2 = 0.106039
Point 74/1200 SF_Bin2 = 0.107482
Point 75/1200 SF_Bin2 = 0.108924
Point 76/1200 SF_Bin2 = 0.110367
Point 77/1200 SF_Bin2 = 0.11181
Point 78/1200 SF_Bin2 = 0.113253
Point 79/1200 SF_Bin2 = 0.114695
Point 80/1200 SF_Bin2 = 0.116138
Info in <Minuit2>: Minuit2Minimizer::Minimize : Minimization did NOT converge, Edm is above max
Point 81/1200 SF_Bin2 = 0.117581
Point 82/1200 SF_Bin2 = 0.119023
Point 83/1200 SF_Bin2 = 0.120466
Point 84/1200 SF_Bin2 = 0.121909
Point 85/1200 SF_Bin2 = 0.123351
Point 86/1200 SF_Bin2 = 0.124794
Point 87/1200 SF_Bin2 = 0.126237
Point 88/1200 SF_Bin2 = 0.12768
Point 89/1200 SF_Bin2 = 0.129122
Point 90/1200 SF_Bin2 = 0.130565
Point 91/1200 SF_Bin2 = 0.132008
Point 92/1200 SF_Bin2 = 0.13345
Point 93/1200 SF_Bin2 = 0.134893
Point 94/1200 SF_Bin2 = 0.136336
Point 95/1200 SF_Bin2 = 0.137779
Point 96/1200 SF_Bin2 = 0.139221
Point 97/1200 SF_Bin2 = 0.140664
Point 98/1200 SF_Bin2 = 0.142107
Point 99/1200 SF_Bin2 = 0.143549
Point 100/1200 SF_Bin2 = 0.144992
Point 101/1200 SF_Bin2 = 0.146435
Point 102/1200 SF_Bin2 = 0.147878
Point 103/1200 SF_Bin2 = 0.14932
Point 104/1200 SF_Bin2 = 0.150763
Point 105/1200 SF_Bin2 = 0.152206
Point 106/1200 SF_Bin2 = 0.153648
Point 107/1200 SF_Bin2 = 0.155091
Point 108/1200 SF_Bin2 = 0.156534
Point 109/1200 SF_Bin2 = 0.157976
Point 110/1200 SF_Bin2 = 0.159419
Point 111/1200 SF_Bin2 = 0.160862
Point 112/1200 SF_Bin2 = 0.162305
Point 113/1200 SF_Bin2 = 0.163747
Point 114/1200 SF_Bin2 = 0.16519
Point 115/1200 SF_Bin2 = 0.166633
Point 116/1200 SF_Bin2 = 0.168075
Point 117/1200 SF_Bin2 = 0.169518
Point 118/1200 SF_Bin2 = 0.170961
Point 119/1200 SF_Bin2 = 0.172404
Point 120/1200 SF_Bin2 = 0.173846
Point 121/1200 SF_Bin2 = 0.175289
Point 122/1200 SF_Bin2 = 0.176732
Point 123/1200 SF_Bin2 = 0.178174
Point 124/1200 SF_Bin2 = 0.179617
Point 125/1200 SF_Bin2 = 0.18106
Point 126/1200 SF_Bin2 = 0.182502
Point 127/1200 SF_Bin2 = 0.183945
Point 128/1200 SF_Bin2 = 0.185388
Point 129/1200 SF_Bin2 = 0.186831
Point 130/1200 SF_Bin2 = 0.188273
Point 131/1200 SF_Bin2 = 0.189716
Point 132/1200 SF_Bin2 = 0.191159
Point 133/1200 SF_Bin2 = 0.192601
Point 134/1200 SF_Bin2 = 0.194044
Point 135/1200 SF_Bin2 = 0.195487
Point 136/1200 SF_Bin2 = 0.19693
Point 137/1200 SF_Bin2 = 0.198372
Point 138/1200 SF_Bin2 = 0.199815
Point 139/1200 SF_Bin2 = 0.201258
Point 140/1200 SF_Bin2 = 0.2027
Point 141/1200 SF_Bin2 = 0.204143
Point 142/1200 SF_Bin2 = 0.205586
Point 143/1200 SF_Bin2 = 0.207029
Point 144/1200 SF_Bin2 = 0.208471
Point 145/1200 SF_Bin2 = 0.209914
Point 146/1200 SF_Bin2 = 0.211357
Point 147/1200 SF_Bin2 = 0.212799
Point 148/1200 SF_Bin2 = 0.214242
Point 149/1200 SF_Bin2 = 0.215685
Point 150/1200 SF_Bin2 = 0.217127
Point 151/1200 SF_Bin2 = 0.21857
Point 152/1200 SF_Bin2 = 0.220013
Point 153/1200 SF_Bin2 = 0.221456
Point 154/1200 SF_Bin2 = 0.222898
Point 155/1200 SF_Bin2 = 0.224341
Point 156/1200 SF_Bin2 = 0.225784
Point 157/1200 SF_Bin2 = 0.227226
Point 158/1200 SF_Bin2 = 0.228669
Point 159/1200 SF_Bin2 = 0.230112
Point 160/1200 SF_Bin2 = 0.231555
Point 161/1200 SF_Bin2 = 0.232997
Point 162/1200 SF_Bin2 = 0.23444
Point 163/1200 SF_Bin2 = 0.235883
Point 164/1200 SF_Bin2 = 0.237325
Point 165/1200 SF_Bin2 = 0.238768
Point 166/1200 SF_Bin2 = 0.240211
Point 167/1200 SF_Bin2 = 0.241654
Point 168/1200 SF_Bin2 = 0.243096
Point 169/1200 SF_Bin2 = 0.244539
Point 170/1200 SF_Bin2 = 0.245982
Point 171/1200 SF_Bin2 = 0.247424
Point 172/1200 SF_Bin2 = 0.248867
Point 173/1200 SF_Bin2 = 0.25031
Point 174/1200 SF_Bin2 = 0.251752
Point 175/1200 SF_Bin2 = 0.253195
Point 176/1200 SF_Bin2 = 0.254638
Point 177/1200 SF_Bin2 = 0.256081
Point 178/1200 SF_Bin2 = 0.257523
Point 179/1200 SF_Bin2 = 0.258966
Point 180/1200 SF_Bin2 = 0.260409
Point 181/1200 SF_Bin2 = 0.261851
Point 182/1200 SF_Bin2 = 0.263294
Point 183/1200 SF_Bin2 = 0.264737
Point 184/1200 SF_Bin2 = 0.26618
Point 185/1200 SF_Bin2 = 0.267622
Point 186/1200 SF_Bin2 = 0.269065
Point 187/1200 SF_Bin2 = 0.270508
Point 188/1200 SF_Bin2 = 0.27195
Point 189/1200 SF_Bin2 = 0.273393
Point 190/1200 SF_Bin2 = 0.274836
Point 191/1200 SF_Bin2 = 0.276278
Point 192/1200 SF_Bin2 = 0.277721
Point 193/1200 SF_Bin2 = 0.279164
Point 194/1200 SF_Bin2 = 0.280607
Point 195/1200 SF_Bin2 = 0.282049
Point 196/1200 SF_Bin2 = 0.283492
Point 197/1200 SF_Bin2 = 0.284935
Point 198/1200 SF_Bin2 = 0.286377
Point 199/1200 SF_Bin2 = 0.28782
Point 200/1200 SF_Bin2 = 0.289263
Point 201/1200 SF_Bin2 = 0.290706
Point 202/1200 SF_Bin2 = 0.292148
Point 203/1200 SF_Bin2 = 0.293591
Point 204/1200 SF_Bin2 = 0.295034
Point 205/1200 SF_Bin2 = 0.296476
Point 206/1200 SF_Bin2 = 0.297919
Point 207/1200 SF_Bin2 = 0.299362
Point 208/1200 SF_Bin2 = 0.300805
Point 209/1200 SF_Bin2 = 0.302247
Point 210/1200 SF_Bin2 = 0.30369
Point 211/1200 SF_Bin2 = 0.305133
Point 212/1200 SF_Bin2 = 0.306575
Point 213/1200 SF_Bin2 = 0.308018
Point 214/1200 SF_Bin2 = 0.309461
Point 215/1200 SF_Bin2 = 0.310903
Point 216/1200 SF_Bin2 = 0.312346
Point 217/1200 SF_Bin2 = 0.313789
Point 218/1200 SF_Bin2 = 0.315232
Point 219/1200 SF_Bin2 = 0.316674
Point 220/1200 SF_Bin2 = 0.318117
Point 221/1200 SF_Bin2 = 0.31956
Point 222/1200 SF_Bin2 = 0.321002
Point 223/1200 SF_Bin2 = 0.322445
Point 224/1200 SF_Bin2 = 0.323888
Point 225/1200 SF_Bin2 = 0.325331
Point 226/1200 SF_Bin2 = 0.326773
Point 227/1200 SF_Bin2 = 0.328216
Point 228/1200 SF_Bin2 = 0.329659
Point 229/1200 SF_Bin2 = 0.331101
Point 230/1200 SF_Bin2 = 0.332544
Point 231/1200 SF_Bin2 = 0.333987
Point 232/1200 SF_Bin2 = 0.335429
Point 233/1200 SF_Bin2 = 0.336872
Point 234/1200 SF_Bin2 = 0.338315
Point 235/1200 SF_Bin2 = 0.339758
Point 236/1200 SF_Bin2 = 0.3412
Point 237/1200 SF_Bin2 = 0.342643
Point 238/1200 SF_Bin2 = 0.344086
Point 239/1200 SF_Bin2 = 0.345528
Point 240/1200 SF_Bin2 = 0.346971
Point 241/1200 SF_Bin2 = 0.348414
Point 242/1200 SF_Bin2 = 0.349857
Point 243/1200 SF_Bin2 = 0.351299
Point 244/1200 SF_Bin2 = 0.352742
Point 245/1200 SF_Bin2 = 0.354185
Point 246/1200 SF_Bin2 = 0.355627
Point 247/1200 SF_Bin2 = 0.35707
Point 248/1200 SF_Bin2 = 0.358513
Point 249/1200 SF_Bin2 = 0.359956
Point 250/1200 SF_Bin2 = 0.361398
Point 251/1200 SF_Bin2 = 0.362841
Point 252/1200 SF_Bin2 = 0.364284
Point 253/1200 SF_Bin2 = 0.365726
Point 254/1200 SF_Bin2 = 0.367169
Point 255/1200 SF_Bin2 = 0.368612
Point 256/1200 SF_Bin2 = 0.370054
Point 257/1200 SF_Bin2 = 0.371497
Point 258/1200 SF_Bin2 = 0.37294
Point 259/1200 SF_Bin2 = 0.374383
Point 260/1200 SF_Bin2 = 0.375825
Point 261/1200 SF_Bin2 = 0.377268
Point 262/1200 SF_Bin2 = 0.378711
Point 263/1200 SF_Bin2 = 0.380153
Point 264/1200 SF_Bin2 = 0.381596
Point 265/1200 SF_Bin2 = 0.383039
Point 266/1200 SF_Bin2 = 0.384482
Point 267/1200 SF_Bin2 = 0.385924
Point 268/1200 SF_Bin2 = 0.387367
Point 269/1200 SF_Bin2 = 0.38881
Point 270/1200 SF_Bin2 = 0.390252
Point 271/1200 SF_Bin2 = 0.391695
Point 272/1200 SF_Bin2 = 0.393138
Point 273/1200 SF_Bin2 = 0.39458
Point 274/1200 SF_Bin2 = 0.396023
Point 275/1200 SF_Bin2 = 0.397466
Point 276/1200 SF_Bin2 = 0.398909
Point 277/1200 SF_Bin2 = 0.400351
Point 278/1200 SF_Bin2 = 0.401794
Point 279/1200 SF_Bin2 = 0.403237
Point 280/1200 SF_Bin2 = 0.404679
Point 281/1200 SF_Bin2 = 0.406122
Point 282/1200 SF_Bin2 = 0.407565
Point 283/1200 SF_Bin2 = 0.409008
Point 284/1200 SF_Bin2 = 0.41045
Point 285/1200 SF_Bin2 = 0.411893
Point 286/1200 SF_Bin2 = 0.413336
Point 287/1200 SF_Bin2 = 0.414778
Point 288/1200 SF_Bin2 = 0.416221
Point 289/1200 SF_Bin2 = 0.417664
Point 290/1200 SF_Bin2 = 0.419107
Point 291/1200 SF_Bin2 = 0.420549
Point 292/1200 SF_Bin2 = 0.421992
Point 293/1200 SF_Bin2 = 0.423435
Point 294/1200 SF_Bin2 = 0.424877
Point 295/1200 SF_Bin2 = 0.42632
Point 296/1200 SF_Bin2 = 0.427763
Point 297/1200 SF_Bin2 = 0.429205
Point 298/1200 SF_Bin2 = 0.430648
Point 299/1200 SF_Bin2 = 0.432091
Point 300/1200 SF_Bin2 = 0.433534
Point 301/1200 SF_Bin2 = 0.434976
Point 302/1200 SF_Bin2 = 0.436419
Point 303/1200 SF_Bin2 = 0.437862
Point 304/1200 SF_Bin2 = 0.439304
Point 305/1200 SF_Bin2 = 0.440747
Point 306/1200 SF_Bin2 = 0.44219
Point 307/1200 SF_Bin2 = 0.443633
Point 308/1200 SF_Bin2 = 0.445075
Point 309/1200 SF_Bin2 = 0.446518
Point 310/1200 SF_Bin2 = 0.447961
Point 311/1200 SF_Bin2 = 0.449403
Point 312/1200 SF_Bin2 = 0.450846
Point 313/1200 SF_Bin2 = 0.452289
Point 314/1200 SF_Bin2 = 0.453732
Point 315/1200 SF_Bin2 = 0.455174
Point 316/1200 SF_Bin2 = 0.456617
Point 317/1200 SF_Bin2 = 0.45806
Point 318/1200 SF_Bin2 = 0.459502
Point 319/1200 SF_Bin2 = 0.460945
Point 320/1200 SF_Bin2 = 0.462388
Point 321/1200 SF_Bin2 = 0.46383
Point 322/1200 SF_Bin2 = 0.465273
Point 323/1200 SF_Bin2 = 0.466716
Point 324/1200 SF_Bin2 = 0.468159
Point 325/1200 SF_Bin2 = 0.469601
Point 326/1200 SF_Bin2 = 0.471044
Point 327/1200 SF_Bin2 = 0.472487
Point 328/1200 SF_Bin2 = 0.473929
Point 329/1200 SF_Bin2 = 0.475372
Point 330/1200 SF_Bin2 = 0.476815
Point 331/1200 SF_Bin2 = 0.478258
Point 332/1200 SF_Bin2 = 0.4797
Point 333/1200 SF_Bin2 = 0.481143
Point 334/1200 SF_Bin2 = 0.482586
Point 335/1200 SF_Bin2 = 0.484028
Point 336/1200 SF_Bin2 = 0.485471
Point 337/1200 SF_Bin2 = 0.486914
Point 338/1200 SF_Bin2 = 0.488356
Point 339/1200 SF_Bin2 = 0.489799
Point 340/1200 SF_Bin2 = 0.491242
Point 341/1200 SF_Bin2 = 0.492685
Point 342/1200 SF_Bin2 = 0.494127
Point 343/1200 SF_Bin2 = 0.49557
Point 344/1200 SF_Bin2 = 0.497013
Point 345/1200 SF_Bin2 = 0.498455
Point 346/1200 SF_Bin2 = 0.499898
Point 347/1200 SF_Bin2 = 0.501341
Point 348/1200 SF_Bin2 = 0.502784
Point 349/1200 SF_Bin2 = 0.504226
Point 350/1200 SF_Bin2 = 0.505669
Point 351/1200 SF_Bin2 = 0.507112
Point 352/1200 SF_Bin2 = 0.508554
Point 353/1200 SF_Bin2 = 0.509997
Point 354/1200 SF_Bin2 = 0.51144
Point 355/1200 SF_Bin2 = 0.512883
Point 356/1200 SF_Bin2 = 0.514325
Point 357/1200 SF_Bin2 = 0.515768
Point 358/1200 SF_Bin2 = 0.517211
Point 359/1200 SF_Bin2 = 0.518653
Point 360/1200 SF_Bin2 = 0.520096
Point 361/1200 SF_Bin2 = 0.521539
Point 362/1200 SF_Bin2 = 0.522981
Point 363/1200 SF_Bin2 = 0.524424
Point 364/1200 SF_Bin2 = 0.525867
Point 365/1200 SF_Bin2 = 0.52731
Point 366/1200 SF_Bin2 = 0.528752
Point 367/1200 SF_Bin2 = 0.530195
Point 368/1200 SF_Bin2 = 0.531638
Point 369/1200 SF_Bin2 = 0.53308
Point 370/1200 SF_Bin2 = 0.534523
Point 371/1200 SF_Bin2 = 0.535966
Point 372/1200 SF_Bin2 = 0.537409
Point 373/1200 SF_Bin2 = 0.538851
Point 374/1200 SF_Bin2 = 0.540294
Point 375/1200 SF_Bin2 = 0.541737
Point 376/1200 SF_Bin2 = 0.543179
Point 377/1200 SF_Bin2 = 0.544622
Point 378/1200 SF_Bin2 = 0.546065
Point 379/1200 SF_Bin2 = 0.547507
Point 380/1200 SF_Bin2 = 0.54895
Point 381/1200 SF_Bin2 = 0.550393
Point 382/1200 SF_Bin2 = 0.551836
Point 383/1200 SF_Bin2 = 0.553278
Point 384/1200 SF_Bin2 = 0.554721
Point 385/1200 SF_Bin2 = 0.556164
Point 386/1200 SF_Bin2 = 0.557606
Point 387/1200 SF_Bin2 = 0.559049
Point 388/1200 SF_Bin2 = 0.560492
Point 389/1200 SF_Bin2 = 0.561935
Point 390/1200 SF_Bin2 = 0.563377
Point 391/1200 SF_Bin2 = 0.56482
Point 392/1200 SF_Bin2 = 0.566263
Point 393/1200 SF_Bin2 = 0.567705
Point 394/1200 SF_Bin2 = 0.569148
Point 395/1200 SF_Bin2 = 0.570591
Point 396/1200 SF_Bin2 = 0.572034
Point 397/1200 SF_Bin2 = 0.573476
Point 398/1200 SF_Bin2 = 0.574919
Point 399/1200 SF_Bin2 = 0.576362
Point 400/1200 SF_Bin2 = 0.577804
Point 401/1200 SF_Bin2 = 0.579247
Point 402/1200 SF_Bin2 = 0.58069
Point 403/1200 SF_Bin2 = 0.582132
Point 404/1200 SF_Bin2 = 0.583575
Point 405/1200 SF_Bin2 = 0.585018
Point 406/1200 SF_Bin2 = 0.586461
Point 407/1200 SF_Bin2 = 0.587903
Point 408/1200 SF_Bin2 = 0.589346
Point 409/1200 SF_Bin2 = 0.590789
Point 410/1200 SF_Bin2 = 0.592231
Point 411/1200 SF_Bin2 = 0.593674
Point 412/1200 SF_Bin2 = 0.595117
Point 413/1200 SF_Bin2 = 0.59656
Point 414/1200 SF_Bin2 = 0.598002
Point 415/1200 SF_Bin2 = 0.599445
Point 416/1200 SF_Bin2 = 0.600888
Point 417/1200 SF_Bin2 = 0.60233
Point 418/1200 SF_Bin2 = 0.603773
Point 419/1200 SF_Bin2 = 0.605216
Point 420/1200 SF_Bin2 = 0.606658
Point 421/1200 SF_Bin2 = 0.608101
Point 422/1200 SF_Bin2 = 0.609544
Point 423/1200 SF_Bin2 = 0.610987
Point 424/1200 SF_Bin2 = 0.612429
Point 425/1200 SF_Bin2 = 0.613872
Point 426/1200 SF_Bin2 = 0.615315
Point 427/1200 SF_Bin2 = 0.616757
Point 428/1200 SF_Bin2 = 0.6182
Point 429/1200 SF_Bin2 = 0.619643
Point 430/1200 SF_Bin2 = 0.621086
Point 431/1200 SF_Bin2 = 0.622528
Point 432/1200 SF_Bin2 = 0.623971
Point 433/1200 SF_Bin2 = 0.625414
Point 434/1200 SF_Bin2 = 0.626856
Point 435/1200 SF_Bin2 = 0.628299
Point 436/1200 SF_Bin2 = 0.629742
Point 437/1200 SF_Bin2 = 0.631185
Point 438/1200 SF_Bin2 = 0.632627
Point 439/1200 SF_Bin2 = 0.63407
Point 440/1200 SF_Bin2 = 0.635513
Point 441/1200 SF_Bin2 = 0.636955
Point 442/1200 SF_Bin2 = 0.638398
Point 443/1200 SF_Bin2 = 0.639841
Point 444/1200 SF_Bin2 = 0.641283
Point 445/1200 SF_Bin2 = 0.642726
Point 446/1200 SF_Bin2 = 0.644169
Point 447/1200 SF_Bin2 = 0.645612
Point 448/1200 SF_Bin2 = 0.647054
Point 449/1200 SF_Bin2 = 0.648497
Point 450/1200 SF_Bin2 = 0.64994
Point 451/1200 SF_Bin2 = 0.651382
Point 452/1200 SF_Bin2 = 0.652825
Point 453/1200 SF_Bin2 = 0.654268
Point 454/1200 SF_Bin2 = 0.655711
Point 455/1200 SF_Bin2 = 0.657153
Point 456/1200 SF_Bin2 = 0.658596
Point 457/1200 SF_Bin2 = 0.660039
Point 458/1200 SF_Bin2 = 0.661481
Point 459/1200 SF_Bin2 = 0.662924
Point 460/1200 SF_Bin2 = 0.664367
Point 461/1200 SF_Bin2 = 0.66581
Point 462/1200 SF_Bin2 = 0.667252
Point 463/1200 SF_Bin2 = 0.668695
Point 464/1200 SF_Bin2 = 0.670138
Point 465/1200 SF_Bin2 = 0.67158
Point 466/1200 SF_Bin2 = 0.673023
Point 467/1200 SF_Bin2 = 0.674466
Point 468/1200 SF_Bin2 = 0.675908
Point 469/1200 SF_Bin2 = 0.677351
Point 470/1200 SF_Bin2 = 0.678794
Point 471/1200 SF_Bin2 = 0.680237
Point 472/1200 SF_Bin2 = 0.681679
Point 473/1200 SF_Bin2 = 0.683122
Point 474/1200 SF_Bin2 = 0.684565
Point 475/1200 SF_Bin2 = 0.686007
Point 476/1200 SF_Bin2 = 0.68745
Point 477/1200 SF_Bin2 = 0.688893
Point 478/1200 SF_Bin2 = 0.690336
Point 479/1200 SF_Bin2 = 0.691778
Point 480/1200 SF_Bin2 = 0.693221
Point 481/1200 SF_Bin2 = 0.694664
Point 482/1200 SF_Bin2 = 0.696106
Point 483/1200 SF_Bin2 = 0.697549
Point 484/1200 SF_Bin2 = 0.698992
Point 485/1200 SF_Bin2 = 0.700434
Point 486/1200 SF_Bin2 = 0.701877
Point 487/1200 SF_Bin2 = 0.70332
Point 488/1200 SF_Bin2 = 0.704763
Point 489/1200 SF_Bin2 = 0.706205
Point 490/1200 SF_Bin2 = 0.707648
Point 491/1200 SF_Bin2 = 0.709091
Point 492/1200 SF_Bin2 = 0.710533
Point 493/1200 SF_Bin2 = 0.711976
Point 494/1200 SF_Bin2 = 0.713419
Point 495/1200 SF_Bin2 = 0.714862
Point 496/1200 SF_Bin2 = 0.716304
Point 497/1200 SF_Bin2 = 0.717747
Point 498/1200 SF_Bin2 = 0.71919
Point 499/1200 SF_Bin2 = 0.720632
Point 500/1200 SF_Bin2 = 0.722075
Point 501/1200 SF_Bin2 = 0.723518
Point 502/1200 SF_Bin2 = 0.724961
Point 503/1200 SF_Bin2 = 0.726403
Point 504/1200 SF_Bin2 = 0.727846
Point 505/1200 SF_Bin2 = 0.729289
Point 506/1200 SF_Bin2 = 0.730731
Point 507/1200 SF_Bin2 = 0.732174
Point 508/1200 SF_Bin2 = 0.733617
Point 509/1200 SF_Bin2 = 0.735059
Point 510/1200 SF_Bin2 = 0.736502
Point 511/1200 SF_Bin2 = 0.737945
Point 512/1200 SF_Bin2 = 0.739388
Point 513/1200 SF_Bin2 = 0.74083
Point 514/1200 SF_Bin2 = 0.742273
Point 515/1200 SF_Bin2 = 0.743716
Point 516/1200 SF_Bin2 = 0.745158
Point 517/1200 SF_Bin2 = 0.746601
Point 518/1200 SF_Bin2 = 0.748044
Point 519/1200 SF_Bin2 = 0.749487
Point 520/1200 SF_Bin2 = 0.750929
Point 521/1200 SF_Bin2 = 0.752372
Point 522/1200 SF_Bin2 = 0.753815
Point 523/1200 SF_Bin2 = 0.755257
Point 524/1200 SF_Bin2 = 0.7567
Point 525/1200 SF_Bin2 = 0.758143
Point 526/1200 SF_Bin2 = 0.759585
Point 527/1200 SF_Bin2 = 0.761028
Point 528/1200 SF_Bin2 = 0.762471
Point 529/1200 SF_Bin2 = 0.763914
Point 530/1200 SF_Bin2 = 0.765356
Point 531/1200 SF_Bin2 = 0.766799
Point 532/1200 SF_Bin2 = 0.768242
Point 533/1200 SF_Bin2 = 0.769684
Point 534/1200 SF_Bin2 = 0.771127
Point 535/1200 SF_Bin2 = 0.77257
Point 536/1200 SF_Bin2 = 0.774013
Point 537/1200 SF_Bin2 = 0.775455
Point 538/1200 SF_Bin2 = 0.776898
Point 539/1200 SF_Bin2 = 0.778341
Point 540/1200 SF_Bin2 = 0.779783
Point 541/1200 SF_Bin2 = 0.781226
Point 542/1200 SF_Bin2 = 0.782669
Point 543/1200 SF_Bin2 = 0.784112
Point 544/1200 SF_Bin2 = 0.785554
Point 545/1200 SF_Bin2 = 0.786997
Point 546/1200 SF_Bin2 = 0.78844
Point 547/1200 SF_Bin2 = 0.789882
Point 548/1200 SF_Bin2 = 0.791325
Point 549/1200 SF_Bin2 = 0.792768
Point 550/1200 SF_Bin2 = 0.79421
Point 551/1200 SF_Bin2 = 0.795653
Point 552/1200 SF_Bin2 = 0.797096
Point 553/1200 SF_Bin2 = 0.798539
Point 554/1200 SF_Bin2 = 0.799981
Point 555/1200 SF_Bin2 = 0.801424
Point 556/1200 SF_Bin2 = 0.802867
Point 557/1200 SF_Bin2 = 0.804309
Point 558/1200 SF_Bin2 = 0.805752
Point 559/1200 SF_Bin2 = 0.807195
Point 560/1200 SF_Bin2 = 0.808638
Point 561/1200 SF_Bin2 = 0.81008
Point 562/1200 SF_Bin2 = 0.811523
Point 563/1200 SF_Bin2 = 0.812966
Point 564/1200 SF_Bin2 = 0.814408
Point 565/1200 SF_Bin2 = 0.815851
Point 566/1200 SF_Bin2 = 0.817294
Point 567/1200 SF_Bin2 = 0.818736
Point 568/1200 SF_Bin2 = 0.820179
Point 569/1200 SF_Bin2 = 0.821622
Point 570/1200 SF_Bin2 = 0.823065
Point 571/1200 SF_Bin2 = 0.824507
Point 572/1200 SF_Bin2 = 0.82595
Point 573/1200 SF_Bin2 = 0.827393
Point 574/1200 SF_Bin2 = 0.828835
Point 575/1200 SF_Bin2 = 0.830278
Point 576/1200 SF_Bin2 = 0.831721
Point 577/1200 SF_Bin2 = 0.833164
Point 578/1200 SF_Bin2 = 0.834606
Point 579/1200 SF_Bin2 = 0.836049
Point 580/1200 SF_Bin2 = 0.837492
Point 581/1200 SF_Bin2 = 0.838934
Point 582/1200 SF_Bin2 = 0.840377
Point 583/1200 SF_Bin2 = 0.84182
Point 584/1200 SF_Bin2 = 0.843263
Point 585/1200 SF_Bin2 = 0.844705
Point 586/1200 SF_Bin2 = 0.846148
Point 587/1200 SF_Bin2 = 0.847591
Point 588/1200 SF_Bin2 = 0.849033
Point 589/1200 SF_Bin2 = 0.850476
Point 590/1200 SF_Bin2 = 0.851919
Point 591/1200 SF_Bin2 = 0.853361
Point 592/1200 SF_Bin2 = 0.854804
Point 593/1200 SF_Bin2 = 0.856247
Point 594/1200 SF_Bin2 = 0.85769
Point 595/1200 SF_Bin2 = 0.859132
Point 596/1200 SF_Bin2 = 0.860575
Point 597/1200 SF_Bin2 = 0.862018
Point 598/1200 SF_Bin2 = 0.86346
Point 599/1200 SF_Bin2 = 0.864903
Point 600/1200 SF_Bin2 = 0.866346
Point 601/1200 SF_Bin2 = 0.867789
Point 602/1200 SF_Bin2 = 0.869231
Point 603/1200 SF_Bin2 = 0.870674
Point 604/1200 SF_Bin2 = 0.872117
Point 605/1200 SF_Bin2 = 0.873559
Point 606/1200 SF_Bin2 = 0.875002
Point 607/1200 SF_Bin2 = 0.876445
Point 608/1200 SF_Bin2 = 0.877888
Point 609/1200 SF_Bin2 = 0.87933
Point 610/1200 SF_Bin2 = 0.880773
Point 611/1200 SF_Bin2 = 0.882216
Point 612/1200 SF_Bin2 = 0.883658
Point 613/1200 SF_Bin2 = 0.885101
Point 614/1200 SF_Bin2 = 0.886544
Point 615/1200 SF_Bin2 = 0.887986
Point 616/1200 SF_Bin2 = 0.889429
Point 617/1200 SF_Bin2 = 0.890872
Point 618/1200 SF_Bin2 = 0.892315
Point 619/1200 SF_Bin2 = 0.893757
Point 620/1200 SF_Bin2 = 0.8952
Point 621/1200 SF_Bin2 = 0.896643
Point 622/1200 SF_Bin2 = 0.898085
Point 623/1200 SF_Bin2 = 0.899528
Point 624/1200 SF_Bin2 = 0.900971
Point 625/1200 SF_Bin2 = 0.902414
Point 626/1200 SF_Bin2 = 0.903856
Point 627/1200 SF_Bin2 = 0.905299
Point 628/1200 SF_Bin2 = 0.906742
Point 629/1200 SF_Bin2 = 0.908184
Point 630/1200 SF_Bin2 = 0.909627
Point 631/1200 SF_Bin2 = 0.91107
Point 632/1200 SF_Bin2 = 0.912512
Point 633/1200 SF_Bin2 = 0.913955
Point 634/1200 SF_Bin2 = 0.915398
Point 635/1200 SF_Bin2 = 0.916841
Point 636/1200 SF_Bin2 = 0.918283
Point 637/1200 SF_Bin2 = 0.919726
Point 638/1200 SF_Bin2 = 0.921169
Point 639/1200 SF_Bin2 = 0.922611
Point 640/1200 SF_Bin2 = 0.924054
Point 641/1200 SF_Bin2 = 0.925497
Point 642/1200 SF_Bin2 = 0.92694
Point 643/1200 SF_Bin2 = 0.928382
Point 644/1200 SF_Bin2 = 0.929825
Point 645/1200 SF_Bin2 = 0.931268
Point 646/1200 SF_Bin2 = 0.93271
Point 647/1200 SF_Bin2 = 0.934153
Point 648/1200 SF_Bin2 = 0.935596
Point 649/1200 SF_Bin2 = 0.937039
Point 650/1200 SF_Bin2 = 0.938481
Point 651/1200 SF_Bin2 = 0.939924
Point 652/1200 SF_Bin2 = 0.941367
Point 653/1200 SF_Bin2 = 0.942809
Point 654/1200 SF_Bin2 = 0.944252
Point 655/1200 SF_Bin2 = 0.945695
Point 656/1200 SF_Bin2 = 0.947137
Point 657/1200 SF_Bin2 = 0.94858
Point 658/1200 SF_Bin2 = 0.950023
Point 659/1200 SF_Bin2 = 0.951466
Point 660/1200 SF_Bin2 = 0.952908
Point 661/1200 SF_Bin2 = 0.954351
Point 662/1200 SF_Bin2 = 0.955794
Point 663/1200 SF_Bin2 = 0.957236
Point 664/1200 SF_Bin2 = 0.958679
Point 665/1200 SF_Bin2 = 0.960122
Point 666/1200 SF_Bin2 = 0.961565
Point 667/1200 SF_Bin2 = 0.963007
Point 668/1200 SF_Bin2 = 0.96445
Point 669/1200 SF_Bin2 = 0.965893
Point 670/1200 SF_Bin2 = 0.967335
Point 671/1200 SF_Bin2 = 0.968778
Point 672/1200 SF_Bin2 = 0.970221
Point 673/1200 SF_Bin2 = 0.971663
Point 674/1200 SF_Bin2 = 0.973106
Point 675/1200 SF_Bin2 = 0.974549
Point 676/1200 SF_Bin2 = 0.975992
Point 677/1200 SF_Bin2 = 0.977434
Point 678/1200 SF_Bin2 = 0.978877
Point 679/1200 SF_Bin2 = 0.98032
Point 680/1200 SF_Bin2 = 0.981762
Point 681/1200 SF_Bin2 = 0.983205
Point 682/1200 SF_Bin2 = 0.984648
Point 683/1200 SF_Bin2 = 0.986091
Point 684/1200 SF_Bin2 = 0.987533
Point 685/1200 SF_Bin2 = 0.988976
Point 686/1200 SF_Bin2 = 0.990419
Point 687/1200 SF_Bin2 = 0.991861
Point 688/1200 SF_Bin2 = 0.993304
Point 689/1200 SF_Bin2 = 0.994747
Point 690/1200 SF_Bin2 = 0.99619
Point 691/1200 SF_Bin2 = 0.997632
Point 692/1200 SF_Bin2 = 0.999075
Point 693/1200 SF_Bin2 = 1.00052
Point 694/1200 SF_Bin2 = 1.00196
Point 695/1200 SF_Bin2 = 1.0034
Point 696/1200 SF_Bin2 = 1.00485
Point 697/1200 SF_Bin2 = 1.00629
Point 698/1200 SF_Bin2 = 1.00773
Point 699/1200 SF_Bin2 = 1.00917
Point 700/1200 SF_Bin2 = 1.01062
Point 701/1200 SF_Bin2 = 1.01206
Point 702/1200 SF_Bin2 = 1.0135
Point 703/1200 SF_Bin2 = 1.01494
Point 704/1200 SF_Bin2 = 1.01639
Point 705/1200 SF_Bin2 = 1.01783
Point 706/1200 SF_Bin2 = 1.01927
Point 707/1200 SF_Bin2 = 1.02072
Point 708/1200 SF_Bin2 = 1.02216
Point 709/1200 SF_Bin2 = 1.0236
Point 710/1200 SF_Bin2 = 1.02504
Point 711/1200 SF_Bin2 = 1.02649
Point 712/1200 SF_Bin2 = 1.02793
Point 713/1200 SF_Bin2 = 1.02937
Point 714/1200 SF_Bin2 = 1.03081
Point 715/1200 SF_Bin2 = 1.03226
Point 716/1200 SF_Bin2 = 1.0337
Point 717/1200 SF_Bin2 = 1.03514
Point 718/1200 SF_Bin2 = 1.03659
Point 719/1200 SF_Bin2 = 1.03803
Point 720/1200 SF_Bin2 = 1.03947
Point 721/1200 SF_Bin2 = 1.04091
Point 722/1200 SF_Bin2 = 1.04236
Point 723/1200 SF_Bin2 = 1.0438
Point 724/1200 SF_Bin2 = 1.04524
Point 725/1200 SF_Bin2 = 1.04668
Point 726/1200 SF_Bin2 = 1.04813
Point 727/1200 SF_Bin2 = 1.04957
Point 728/1200 SF_Bin2 = 1.05101
Point 729/1200 SF_Bin2 = 1.05246
Point 730/1200 SF_Bin2 = 1.0539
Point 731/1200 SF_Bin2 = 1.05534
Point 732/1200 SF_Bin2 = 1.05678
Point 733/1200 SF_Bin2 = 1.05823
Point 734/1200 SF_Bin2 = 1.05967
Point 735/1200 SF_Bin2 = 1.06111
Point 736/1200 SF_Bin2 = 1.06255
Point 737/1200 SF_Bin2 = 1.064
Point 738/1200 SF_Bin2 = 1.06544
Point 739/1200 SF_Bin2 = 1.06688
Point 740/1200 SF_Bin2 = 1.06832
Point 741/1200 SF_Bin2 = 1.06977
Point 742/1200 SF_Bin2 = 1.07121
Point 743/1200 SF_Bin2 = 1.07265
Point 744/1200 SF_Bin2 = 1.0741
Point 745/1200 SF_Bin2 = 1.07554
Point 746/1200 SF_Bin2 = 1.07698
Point 747/1200 SF_Bin2 = 1.07842
Point 748/1200 SF_Bin2 = 1.07987
Point 749/1200 SF_Bin2 = 1.08131
Point 750/1200 SF_Bin2 = 1.08275
Point 751/1200 SF_Bin2 = 1.08419
Point 752/1200 SF_Bin2 = 1.08564
Point 753/1200 SF_Bin2 = 1.08708
Point 754/1200 SF_Bin2 = 1.08852
Point 755/1200 SF_Bin2 = 1.08997
Point 756/1200 SF_Bin2 = 1.09141
Point 757/1200 SF_Bin2 = 1.09285
Point 758/1200 SF_Bin2 = 1.09429
Point 759/1200 SF_Bin2 = 1.09574
Point 760/1200 SF_Bin2 = 1.09718
Point 761/1200 SF_Bin2 = 1.09862
Point 762/1200 SF_Bin2 = 1.10006
Point 763/1200 SF_Bin2 = 1.10151
Point 764/1200 SF_Bin2 = 1.10295
Point 765/1200 SF_Bin2 = 1.10439
Point 766/1200 SF_Bin2 = 1.10584
Point 767/1200 SF_Bin2 = 1.10728
Point 768/1200 SF_Bin2 = 1.10872
Point 769/1200 SF_Bin2 = 1.11016
Point 770/1200 SF_Bin2 = 1.11161
Point 771/1200 SF_Bin2 = 1.11305
Point 772/1200 SF_Bin2 = 1.11449
Point 773/1200 SF_Bin2 = 1.11593
Point 774/1200 SF_Bin2 = 1.11738
Point 775/1200 SF_Bin2 = 1.11882
Point 776/1200 SF_Bin2 = 1.12026
Point 777/1200 SF_Bin2 = 1.12171
Point 778/1200 SF_Bin2 = 1.12315
Point 779/1200 SF_Bin2 = 1.12459
Point 780/1200 SF_Bin2 = 1.12603
Point 781/1200 SF_Bin2 = 1.12748
Point 782/1200 SF_Bin2 = 1.12892
Point 783/1200 SF_Bin2 = 1.13036
Point 784/1200 SF_Bin2 = 1.1318
Point 785/1200 SF_Bin2 = 1.13325
Point 786/1200 SF_Bin2 = 1.13469
Point 787/1200 SF_Bin2 = 1.13613
Point 788/1200 SF_Bin2 = 1.13757
Point 789/1200 SF_Bin2 = 1.13902
Point 790/1200 SF_Bin2 = 1.14046
Point 791/1200 SF_Bin2 = 1.1419
Point 792/1200 SF_Bin2 = 1.14335
Point 793/1200 SF_Bin2 = 1.14479
Point 794/1200 SF_Bin2 = 1.14623
Point 795/1200 SF_Bin2 = 1.14767
Point 796/1200 SF_Bin2 = 1.14912
Point 797/1200 SF_Bin2 = 1.15056
Point 798/1200 SF_Bin2 = 1.152
Point 799/1200 SF_Bin2 = 1.15344
Point 800/1200 SF_Bin2 = 1.15489
Point 801/1200 SF_Bin2 = 1.15633
Point 802/1200 SF_Bin2 = 1.15777
Point 803/1200 SF_Bin2 = 1.15922
Point 804/1200 SF_Bin2 = 1.16066
Point 805/1200 SF_Bin2 = 1.1621
Point 806/1200 SF_Bin2 = 1.16354
Point 807/1200 SF_Bin2 = 1.16499
Point 808/1200 SF_Bin2 = 1.16643
Point 809/1200 SF_Bin2 = 1.16787
Point 810/1200 SF_Bin2 = 1.16931
Point 811/1200 SF_Bin2 = 1.17076
Point 812/1200 SF_Bin2 = 1.1722
Point 813/1200 SF_Bin2 = 1.17364
Point 814/1200 SF_Bin2 = 1.17509
Point 815/1200 SF_Bin2 = 1.17653
Point 816/1200 SF_Bin2 = 1.17797
Point 817/1200 SF_Bin2 = 1.17941
Point 818/1200 SF_Bin2 = 1.18086
Point 819/1200 SF_Bin2 = 1.1823
Point 820/1200 SF_Bin2 = 1.18374
Point 821/1200 SF_Bin2 = 1.18518
Point 822/1200 SF_Bin2 = 1.18663
Point 823/1200 SF_Bin2 = 1.18807
Point 824/1200 SF_Bin2 = 1.18951
Point 825/1200 SF_Bin2 = 1.19096
Point 826/1200 SF_Bin2 = 1.1924
Point 827/1200 SF_Bin2 = 1.19384
Point 828/1200 SF_Bin2 = 1.19528
Point 829/1200 SF_Bin2 = 1.19673
Point 830/1200 SF_Bin2 = 1.19817
Point 831/1200 SF_Bin2 = 1.19961
Point 832/1200 SF_Bin2 = 1.20105
Point 833/1200 SF_Bin2 = 1.2025
Point 834/1200 SF_Bin2 = 1.20394
Point 835/1200 SF_Bin2 = 1.20538
Info in <Minuit2>: Minuit2Minimizer::Minimize : Minimization did NOT converge, Edm is above max
Point 836/1200 SF_Bin2 = 1.20682
Info in <Minuit2>: Minuit2Minimizer::Minimize : Minimization did NOT converge, Edm is above max
Point 837/1200 SF_Bin2 = 1.20827
Point 838/1200 SF_Bin2 = 1.20971
Point 839/1200 SF_Bin2 = 1.21115
Point 840/1200 SF_Bin2 = 1.2126
Point 841/1200 SF_Bin2 = 1.21404
Point 842/1200 SF_Bin2 = 1.21548
Point 843/1200 SF_Bin2 = 1.21692
Point 844/1200 SF_Bin2 = 1.21837
Point 845/1200 SF_Bin2 = 1.21981
Point 846/1200 SF_Bin2 = 1.22125
Point 847/1200 SF_Bin2 = 1.22269
Point 848/1200 SF_Bin2 = 1.22414
Point 849/1200 SF_Bin2 = 1.22558
Point 850/1200 SF_Bin2 = 1.22702
Point 851/1200 SF_Bin2 = 1.22847
Point 852/1200 SF_Bin2 = 1.22991
Point 853/1200 SF_Bin2 = 1.23135
Point 854/1200 SF_Bin2 = 1.23279
Point 855/1200 SF_Bin2 = 1.23424
Point 856/1200 SF_Bin2 = 1.23568
Point 857/1200 SF_Bin2 = 1.23712
Point 858/1200 SF_Bin2 = 1.23856
Point 859/1200 SF_Bin2 = 1.24001
Point 860/1200 SF_Bin2 = 1.24145
Point 861/1200 SF_Bin2 = 1.24289
Point 862/1200 SF_Bin2 = 1.24434
Point 863/1200 SF_Bin2 = 1.24578
Point 864/1200 SF_Bin2 = 1.24722
Point 865/1200 SF_Bin2 = 1.24866
Point 866/1200 SF_Bin2 = 1.25011
Point 867/1200 SF_Bin2 = 1.25155
Point 868/1200 SF_Bin2 = 1.25299
Point 869/1200 SF_Bin2 = 1.25443
Point 870/1200 SF_Bin2 = 1.25588
Point 871/1200 SF_Bin2 = 1.25732
Point 872/1200 SF_Bin2 = 1.25876
Point 873/1200 SF_Bin2 = 1.2602
Point 874/1200 SF_Bin2 = 1.26165
Point 875/1200 SF_Bin2 = 1.26309
Point 876/1200 SF_Bin2 = 1.26453
Point 877/1200 SF_Bin2 = 1.26598
Point 878/1200 SF_Bin2 = 1.26742
Point 879/1200 SF_Bin2 = 1.26886
Point 880/1200 SF_Bin2 = 1.2703
Point 881/1200 SF_Bin2 = 1.27175
Point 882/1200 SF_Bin2 = 1.27319
Point 883/1200 SF_Bin2 = 1.27463
Point 884/1200 SF_Bin2 = 1.27607
Point 885/1200 SF_Bin2 = 1.27752
Point 886/1200 SF_Bin2 = 1.27896
Point 887/1200 SF_Bin2 = 1.2804
Point 888/1200 SF_Bin2 = 1.28185
Point 889/1200 SF_Bin2 = 1.28329
Point 890/1200 SF_Bin2 = 1.28473
Point 891/1200 SF_Bin2 = 1.28617
Point 892/1200 SF_Bin2 = 1.28762
Point 893/1200 SF_Bin2 = 1.28906
Point 894/1200 SF_Bin2 = 1.2905
Point 895/1200 SF_Bin2 = 1.29194
Point 896/1200 SF_Bin2 = 1.29339
Point 897/1200 SF_Bin2 = 1.29483
Point 898/1200 SF_Bin2 = 1.29627
Point 899/1200 SF_Bin2 = 1.29772
Point 900/1200 SF_Bin2 = 1.29916
Point 901/1200 SF_Bin2 = 1.3006
Point 902/1200 SF_Bin2 = 1.30204
Point 903/1200 SF_Bin2 = 1.30349
Point 904/1200 SF_Bin2 = 1.30493
Point 905/1200 SF_Bin2 = 1.30637
Point 906/1200 SF_Bin2 = 1.30781
Point 907/1200 SF_Bin2 = 1.30926
Point 908/1200 SF_Bin2 = 1.3107
Point 909/1200 SF_Bin2 = 1.31214
Point 910/1200 SF_Bin2 = 1.31359
Point 911/1200 SF_Bin2 = 1.31503
Point 912/1200 SF_Bin2 = 1.31647
Point 913/1200 SF_Bin2 = 1.31791
Point 914/1200 SF_Bin2 = 1.31936
Point 915/1200 SF_Bin2 = 1.3208
Point 916/1200 SF_Bin2 = 1.32224
Point 917/1200 SF_Bin2 = 1.32368
Point 918/1200 SF_Bin2 = 1.32513
Point 919/1200 SF_Bin2 = 1.32657
Point 920/1200 SF_Bin2 = 1.32801
Point 921/1200 SF_Bin2 = 1.32945
Point 922/1200 SF_Bin2 = 1.3309
Point 923/1200 SF_Bin2 = 1.33234
Point 924/1200 SF_Bin2 = 1.33378
Point 925/1200 SF_Bin2 = 1.33523
Point 926/1200 SF_Bin2 = 1.33667
Point 927/1200 SF_Bin2 = 1.33811
Point 928/1200 SF_Bin2 = 1.33955
Point 929/1200 SF_Bin2 = 1.341
Point 930/1200 SF_Bin2 = 1.34244
Point 931/1200 SF_Bin2 = 1.34388
Point 932/1200 SF_Bin2 = 1.34532
Point 933/1200 SF_Bin2 = 1.34677
Point 934/1200 SF_Bin2 = 1.34821
Point 935/1200 SF_Bin2 = 1.34965
Point 936/1200 SF_Bin2 = 1.3511
Point 937/1200 SF_Bin2 = 1.35254
Point 938/1200 SF_Bin2 = 1.35398
Point 939/1200 SF_Bin2 = 1.35542
Point 940/1200 SF_Bin2 = 1.35687
Point 941/1200 SF_Bin2 = 1.35831
Point 942/1200 SF_Bin2 = 1.35975
Point 943/1200 SF_Bin2 = 1.36119
Point 944/1200 SF_Bin2 = 1.36264
Point 945/1200 SF_Bin2 = 1.36408
Point 946/1200 SF_Bin2 = 1.36552
Point 947/1200 SF_Bin2 = 1.36697
Point 948/1200 SF_Bin2 = 1.36841
Point 949/1200 SF_Bin2 = 1.36985
Point 950/1200 SF_Bin2 = 1.37129
Point 951/1200 SF_Bin2 = 1.37274
Point 952/1200 SF_Bin2 = 1.37418
Point 953/1200 SF_Bin2 = 1.37562
Point 954/1200 SF_Bin2 = 1.37706
Point 955/1200 SF_Bin2 = 1.37851
Point 956/1200 SF_Bin2 = 1.37995
Point 957/1200 SF_Bin2 = 1.38139
Point 958/1200 SF_Bin2 = 1.38284
Point 959/1200 SF_Bin2 = 1.38428
Point 960/1200 SF_Bin2 = 1.38572
Point 961/1200 SF_Bin2 = 1.38716
Point 962/1200 SF_Bin2 = 1.38861
Point 963/1200 SF_Bin2 = 1.39005
Point 964/1200 SF_Bin2 = 1.39149
Point 965/1200 SF_Bin2 = 1.39293
Point 966/1200 SF_Bin2 = 1.39438
Point 967/1200 SF_Bin2 = 1.39582
Point 968/1200 SF_Bin2 = 1.39726
Point 969/1200 SF_Bin2 = 1.3987
Point 970/1200 SF_Bin2 = 1.40015
Point 971/1200 SF_Bin2 = 1.40159
Point 972/1200 SF_Bin2 = 1.40303
Point 973/1200 SF_Bin2 = 1.40448
Point 974/1200 SF_Bin2 = 1.40592
Point 975/1200 SF_Bin2 = 1.40736
Point 976/1200 SF_Bin2 = 1.4088
Point 977/1200 SF_Bin2 = 1.41025
Point 978/1200 SF_Bin2 = 1.41169
Point 979/1200 SF_Bin2 = 1.41313
Point 980/1200 SF_Bin2 = 1.41457
Point 981/1200 SF_Bin2 = 1.41602
Point 982/1200 SF_Bin2 = 1.41746
Point 983/1200 SF_Bin2 = 1.4189
Point 984/1200 SF_Bin2 = 1.42035
Point 985/1200 SF_Bin2 = 1.42179
Point 986/1200 SF_Bin2 = 1.42323
Point 987/1200 SF_Bin2 = 1.42467
Point 988/1200 SF_Bin2 = 1.42612
Point 989/1200 SF_Bin2 = 1.42756
Point 990/1200 SF_Bin2 = 1.429
Point 991/1200 SF_Bin2 = 1.43044
Point 992/1200 SF_Bin2 = 1.43189
Point 993/1200 SF_Bin2 = 1.43333
Point 994/1200 SF_Bin2 = 1.43477
Point 995/1200 SF_Bin2 = 1.43622
Point 996/1200 SF_Bin2 = 1.43766
Point 997/1200 SF_Bin2 = 1.4391
Point 998/1200 SF_Bin2 = 1.44054
[WARNING] Minimisation finished with status 1 (covariance forced positive definite), this could indicate a problem with the minimim!
Point 999/1200 SF_Bin2 = 1.44199
Point 1000/1200 SF_Bin2 = 1.44343
Point 1001/1200 SF_Bin2 = 1.44487
Point 1002/1200 SF_Bin2 = 1.44631
[WARNING] Minimisation finished with status 1 (covariance forced positive definite), this could indicate a problem with the minimim!
Point 1003/1200 SF_Bin2 = 1.44776
Point 1004/1200 SF_Bin2 = 1.4492
Point 1005/1200 SF_Bin2 = 1.45064
Point 1006/1200 SF_Bin2 = 1.45209
Point 1007/1200 SF_Bin2 = 1.45353
Point 1008/1200 SF_Bin2 = 1.45497
Point 1009/1200 SF_Bin2 = 1.45641
[WARNING] Minimisation finished with status 1 (covariance forced positive definite), this could indicate a problem with the minimim!
Point 1010/1200 SF_Bin2 = 1.45786
[WARNING] Minimisation finished with status 1 (covariance forced positive definite), this could indicate a problem with the minimim!
Point 1011/1200 SF_Bin2 = 1.4593
Point 1012/1200 SF_Bin2 = 1.46074
[WARNING] Minimisation finished with status 1 (covariance forced positive definite), this could indicate a problem with the minimim!
Point 1013/1200 SF_Bin2 = 1.46218
Point 1014/1200 SF_Bin2 = 1.46363
Point 1015/1200 SF_Bin2 = 1.46507
Point 1016/1200 SF_Bin2 = 1.46651
Point 1017/1200 SF_Bin2 = 1.46795
[WARNING] Minimisation finished with status 1 (covariance forced positive definite), this could indicate a problem with the minimim!
Point 1018/1200 SF_Bin2 = 1.4694
[WARNING] Minimisation finished with status 1 (covariance forced positive definite), this could indicate a problem with the minimim!
Point 1019/1200 SF_Bin2 = 1.47084
[WARNING] Minimisation finished with status 1 (covariance forced positive definite), this could indicate a problem with the minimim!
Point 1020/1200 SF_Bin2 = 1.47228
[WARNING] Minimisation finished with status 1 (covariance forced positive definite), this could indicate a problem with the minimim!
Point 1021/1200 SF_Bin2 = 1.47373
[WARNING] Minimisation finished with status 1 (covariance forced positive definite), this could indicate a problem with the minimim!
Point 1022/1200 SF_Bin2 = 1.47517
[WARNING] Minimisation finished with status 1 (covariance forced positive definite), this could indicate a problem with the minimim!
Point 1023/1200 SF_Bin2 = 1.47661
[WARNING] Minimisation finished with status 1 (covariance forced positive definite), this could indicate a problem with the minimim!
Point 1024/1200 SF_Bin2 = 1.47805
[WARNING] Minimisation finished with status 1 (covariance forced positive definite), this could indicate a problem with the minimim!
Point 1025/1200 SF_Bin2 = 1.4795
[WARNING] Minimisation finished with status 1 (covariance forced positive definite), this could indicate a problem with the minimim!
Point 1026/1200 SF_Bin2 = 1.48094
[WARNING] Minimisation finished with status 1 (covariance forced positive definite), this could indicate a problem with the minimim!
Point 1027/1200 SF_Bin2 = 1.48238
[WARNING] Minimisation finished with status 1 (covariance forced positive definite), this could indicate a problem with the minimim!
Point 1028/1200 SF_Bin2 = 1.48382
[WARNING] Minimisation finished with status 1 (covariance forced positive definite), this could indicate a problem with the minimim!
Point 1029/1200 SF_Bin2 = 1.48527
[WARNING] Minimisation finished with status 1 (covariance forced positive definite), this could indicate a problem with the minimim!
Point 1030/1200 SF_Bin2 = 1.48671
[WARNING] Minimisation finished with status 1 (covariance forced positive definite), this could indicate a problem with the minimim!
Point 1031/1200 SF_Bin2 = 1.48815
[WARNING] Minimisation finished with status 1 (covariance forced positive definite), this could indicate a problem with the minimim!
Point 1032/1200 SF_Bin2 = 1.4896
[WARNING] Minimisation finished with status 1 (covariance forced positive definite), this could indicate a problem with the minimim!
Point 1033/1200 SF_Bin2 = 1.49104
[WARNING] Minimisation finished with status 1 (covariance forced positive definite), this could indicate a problem with the minimim!
Point 1034/1200 SF_Bin2 = 1.49248
[WARNING] Minimisation finished with status 1 (covariance forced positive definite), this could indicate a problem with the minimim!
Point 1035/1200 SF_Bin2 = 1.49392
[WARNING] Minimisation finished with status 1 (covariance forced positive definite), this could indicate a problem with the minimim!
Point 1036/1200 SF_Bin2 = 1.49537
[WARNING] Minimisation finished with status 1 (covariance forced positive definite), this could indicate a problem with the minimim!
Point 1037/1200 SF_Bin2 = 1.49681
[WARNING] Minimisation finished with status 1 (covariance forced positive definite), this could indicate a problem with the minimim!
Point 1038/1200 SF_Bin2 = 1.49825
[WARNING] Minimisation finished with status 1 (covariance forced positive definite), this could indicate a problem with the minimim!
Point 1039/1200 SF_Bin2 = 1.49969
[WARNING] Minimisation finished with status 1 (covariance forced positive definite), this could indicate a problem with the minimim!
Point 1040/1200 SF_Bin2 = 1.50114
Point 1041/1200 SF_Bin2 = 1.50258
[WARNING] Minimisation finished with status 1 (covariance forced positive definite), this could indicate a problem with the minimim!
Point 1042/1200 SF_Bin2 = 1.50402
[WARNING] Minimisation finished with status 1 (covariance forced positive definite), this could indicate a problem with the minimim!
Point 1043/1200 SF_Bin2 = 1.50547
[WARNING] Minimisation finished with status 1 (covariance forced positive definite), this could indicate a problem with the minimim!
Point 1044/1200 SF_Bin2 = 1.50691
Point 1045/1200 SF_Bin2 = 1.50835
Point 1046/1200 SF_Bin2 = 1.50979
[WARNING] Minimisation finished with status 1 (covariance forced positive definite), this could indicate a problem with the minimim!
Point 1047/1200 SF_Bin2 = 1.51124
Point 1048/1200 SF_Bin2 = 1.51268
Point 1049/1200 SF_Bin2 = 1.51412
Point 1050/1200 SF_Bin2 = 1.51556
Point 1051/1200 SF_Bin2 = 1.51701
Point 1052/1200 SF_Bin2 = 1.51845
Point 1053/1200 SF_Bin2 = 1.51989
Point 1054/1200 SF_Bin2 = 1.52134
Point 1055/1200 SF_Bin2 = 1.52278
Point 1056/1200 SF_Bin2 = 1.52422
[WARNING] Minimisation finished with status 1 (covariance forced positive definite), this could indicate a problem with the minimim!
Point 1057/1200 SF_Bin2 = 1.52566
Point 1058/1200 SF_Bin2 = 1.52711
[WARNING] Minimisation finished with status 1 (covariance forced positive definite), this could indicate a problem with the minimim!
Point 1059/1200 SF_Bin2 = 1.52855
Point 1060/1200 SF_Bin2 = 1.52999
Point 1061/1200 SF_Bin2 = 1.53143
Point 1062/1200 SF_Bin2 = 1.53288
Point 1063/1200 SF_Bin2 = 1.53432
Point 1064/1200 SF_Bin2 = 1.53576
Point 1065/1200 SF_Bin2 = 1.5372
Point 1066/1200 SF_Bin2 = 1.53865
Point 1067/1200 SF_Bin2 = 1.54009
Point 1068/1200 SF_Bin2 = 1.54153
Point 1069/1200 SF_Bin2 = 1.54298
Point 1070/1200 SF_Bin2 = 1.54442
Point 1071/1200 SF_Bin2 = 1.54586
Point 1072/1200 SF_Bin2 = 1.5473
Point 1073/1200 SF_Bin2 = 1.54875
Point 1074/1200 SF_Bin2 = 1.55019
Point 1075/1200 SF_Bin2 = 1.55163
Point 1076/1200 SF_Bin2 = 1.55307
Point 1077/1200 SF_Bin2 = 1.55452
Point 1078/1200 SF_Bin2 = 1.55596
Point 1079/1200 SF_Bin2 = 1.5574
Point 1080/1200 SF_Bin2 = 1.55885
Point 1081/1200 SF_Bin2 = 1.56029
Point 1082/1200 SF_Bin2 = 1.56173
Point 1083/1200 SF_Bin2 = 1.56317
Point 1084/1200 SF_Bin2 = 1.56462
Point 1085/1200 SF_Bin2 = 1.56606
Point 1086/1200 SF_Bin2 = 1.5675
Point 1087/1200 SF_Bin2 = 1.56894
Point 1088/1200 SF_Bin2 = 1.57039
Point 1089/1200 SF_Bin2 = 1.57183
Point 1090/1200 SF_Bin2 = 1.57327
Point 1091/1200 SF_Bin2 = 1.57472
Point 1092/1200 SF_Bin2 = 1.57616
Point 1093/1200 SF_Bin2 = 1.5776
Point 1094/1200 SF_Bin2 = 1.57904
Point 1095/1200 SF_Bin2 = 1.58049
Point 1096/1200 SF_Bin2 = 1.58193
Point 1097/1200 SF_Bin2 = 1.58337
Point 1098/1200 SF_Bin2 = 1.58481
Point 1099/1200 SF_Bin2 = 1.58626
Point 1100/1200 SF_Bin2 = 1.5877
Point 1101/1200 SF_Bin2 = 1.58914
Point 1102/1200 SF_Bin2 = 1.59058
Point 1103/1200 SF_Bin2 = 1.59203
Point 1104/1200 SF_Bin2 = 1.59347
Point 1105/1200 SF_Bin2 = 1.59491
Point 1106/1200 SF_Bin2 = 1.59636
Point 1107/1200 SF_Bin2 = 1.5978
Point 1108/1200 SF_Bin2 = 1.59924
Point 1109/1200 SF_Bin2 = 1.60068
Point 1110/1200 SF_Bin2 = 1.60213
Point 1111/1200 SF_Bin2 = 1.60357
Point 1112/1200 SF_Bin2 = 1.60501
Point 1113/1200 SF_Bin2 = 1.60645
Point 1114/1200 SF_Bin2 = 1.6079
Point 1115/1200 SF_Bin2 = 1.60934
Point 1116/1200 SF_Bin2 = 1.61078
Point 1117/1200 SF_Bin2 = 1.61223
Point 1118/1200 SF_Bin2 = 1.61367
Point 1119/1200 SF_Bin2 = 1.61511
Point 1120/1200 SF_Bin2 = 1.61655
Point 1121/1200 SF_Bin2 = 1.618
Point 1122/1200 SF_Bin2 = 1.61944
Point 1123/1200 SF_Bin2 = 1.62088
Point 1124/1200 SF_Bin2 = 1.62232
Point 1125/1200 SF_Bin2 = 1.62377
Point 1126/1200 SF_Bin2 = 1.62521
Point 1127/1200 SF_Bin2 = 1.62665
Point 1128/1200 SF_Bin2 = 1.6281
Point 1129/1200 SF_Bin2 = 1.62954
Point 1130/1200 SF_Bin2 = 1.63098
Point 1131/1200 SF_Bin2 = 1.63242
Point 1132/1200 SF_Bin2 = 1.63387
Point 1133/1200 SF_Bin2 = 1.63531
Point 1134/1200 SF_Bin2 = 1.63675
Point 1135/1200 SF_Bin2 = 1.63819
Point 1136/1200 SF_Bin2 = 1.63964
Point 1137/1200 SF_Bin2 = 1.64108
Point 1138/1200 SF_Bin2 = 1.64252
Point 1139/1200 SF_Bin2 = 1.64397
Point 1140/1200 SF_Bin2 = 1.64541
Point 1141/1200 SF_Bin2 = 1.64685
Point 1142/1200 SF_Bin2 = 1.64829
Point 1143/1200 SF_Bin2 = 1.64974
Point 1144/1200 SF_Bin2 = 1.65118
Point 1145/1200 SF_Bin2 = 1.65262
Point 1146/1200 SF_Bin2 = 1.65406
Point 1147/1200 SF_Bin2 = 1.65551
Point 1148/1200 SF_Bin2 = 1.65695
Point 1149/1200 SF_Bin2 = 1.65839
Point 1150/1200 SF_Bin2 = 1.65983
Point 1151/1200 SF_Bin2 = 1.66128
Point 1152/1200 SF_Bin2 = 1.66272
Point 1153/1200 SF_Bin2 = 1.66416
Point 1154/1200 SF_Bin2 = 1.66561
Point 1155/1200 SF_Bin2 = 1.66705
Point 1156/1200 SF_Bin2 = 1.66849
Point 1157/1200 SF_Bin2 = 1.66993
Point 1158/1200 SF_Bin2 = 1.67138
Point 1159/1200 SF_Bin2 = 1.67282
Point 1160/1200 SF_Bin2 = 1.67426
Point 1161/1200 SF_Bin2 = 1.6757
Point 1162/1200 SF_Bin2 = 1.67715
Point 1163/1200 SF_Bin2 = 1.67859
Point 1164/1200 SF_Bin2 = 1.68003
Point 1165/1200 SF_Bin2 = 1.68148
Point 1166/1200 SF_Bin2 = 1.68292
Point 1167/1200 SF_Bin2 = 1.68436
Point 1168/1200 SF_Bin2 = 1.6858
Point 1169/1200 SF_Bin2 = 1.68725
Point 1170/1200 SF_Bin2 = 1.68869
Point 1171/1200 SF_Bin2 = 1.69013
Point 1172/1200 SF_Bin2 = 1.69157
Point 1173/1200 SF_Bin2 = 1.69302
Point 1174/1200 SF_Bin2 = 1.69446
Point 1175/1200 SF_Bin2 = 1.6959
Point 1176/1200 SF_Bin2 = 1.69735
Point 1177/1200 SF_Bin2 = 1.69879
Point 1178/1200 SF_Bin2 = 1.70023
Point 1179/1200 SF_Bin2 = 1.70167
Point 1180/1200 SF_Bin2 = 1.70312
Point 1181/1200 SF_Bin2 = 1.70456
Point 1182/1200 SF_Bin2 = 1.706
Point 1183/1200 SF_Bin2 = 1.70744
Point 1184/1200 SF_Bin2 = 1.70889
Point 1185/1200 SF_Bin2 = 1.71033
Point 1186/1200 SF_Bin2 = 1.71177
Point 1187/1200 SF_Bin2 = 1.71322
Point 1188/1200 SF_Bin2 = 1.71466
Point 1189/1200 SF_Bin2 = 1.7161
Point 1190/1200 SF_Bin2 = 1.71754
Point 1191/1200 SF_Bin2 = 1.71899
Point 1192/1200 SF_Bin2 = 1.72043
Point 1193/1200 SF_Bin2 = 1.72187
Point 1194/1200 SF_Bin2 = 1.72331
Point 1195/1200 SF_Bin2 = 1.72476
Point 1196/1200 SF_Bin2 = 1.7262
Point 1197/1200 SF_Bin2 = 1.72764
Point 1198/1200 SF_Bin2 = 1.72908
Point 1199/1200 SF_Bin2 = 1.73053
Done in 9.53 min (cpu), 9.54 min (real)
