 <<< Combine >>> 
>>> method used is MultiDimFit
>>> random number generator seed is 123456
ModelConfig 'ModelConfig' defines more than one parameter of interest. This is not supported in some statistical methods.
Set Range of Parameter SF_Bin1 To : (0,1.37534)
Set Default Value of Parameter SF_Bin2 To : 1
Set Default Value of Parameter SF_Bin1 To : 1
Set Default Value of Parameter SF_Bin0 To : 1
 POI: SF_Bin1= 1.26967 -> [0,1.37534]
Point 0/1200 SF_Bin1 = 0.000573057
Info in <Minuit2>: Minuit2Minimizer::Minimize : Minimization did NOT converge, Reached call limit
Point 1/1200 SF_Bin1 = 0.00171917
Info in <Minuit2>: Minuit2Minimizer::Minimize : Minimization did NOT converge, Reached call limit
Point 2/1200 SF_Bin1 = 0.00286528
Info in <Minuit2>: Minuit2Minimizer::Minimize : Minimization did NOT converge, Reached call limit
Point 3/1200 SF_Bin1 = 0.0040114
Info in <Minuit2>: Minuit2Minimizer::Minimize : Minimization did NOT converge, Reached call limit
Point 4/1200 SF_Bin1 = 0.00515751
Info in <Minuit2>: Minuit2Minimizer::Minimize : Minimization did NOT converge, Reached call limit
Point 5/1200 SF_Bin1 = 0.00630363
Info in <Minuit2>: Minuit2Minimizer::Minimize : Minimization did NOT converge, Reached call limit
Point 6/1200 SF_Bin1 = 0.00744974
Info in <Minuit2>: Minuit2Minimizer::Minimize : Minimization did NOT converge, Reached call limit
Point 7/1200 SF_Bin1 = 0.00859585
Info in <Minuit2>: Minuit2Minimizer::Minimize : Minimization did NOT converge, Reached call limit
Point 8/1200 SF_Bin1 = 0.00974197
Info in <Minuit2>: Minuit2Minimizer::Minimize : Minimization did NOT converge, Reached call limit
Point 9/1200 SF_Bin1 = 0.0108881
Info in <Minuit2>: Minuit2Minimizer::Minimize : Minimization did NOT converge, Reached call limit
Point 10/1200 SF_Bin1 = 0.0120342
Info in <Minuit2>: Minuit2Minimizer::Minimize : Minimization did NOT converge, Reached call limit
Point 11/1200 SF_Bin1 = 0.0131803
Info in <Minuit2>: Minuit2Minimizer::Minimize : Minimization did NOT converge, Reached call limit
Point 12/1200 SF_Bin1 = 0.0143264
Info in <Minuit2>: Minuit2Minimizer::Minimize : Minimization did NOT converge, Edm is above max
Point 13/1200 SF_Bin1 = 0.0154725
Info in <Minuit2>: Minuit2Minimizer::Minimize : Minimization did NOT converge, Reached call limit
Point 14/1200 SF_Bin1 = 0.0166186
Info in <Minuit2>: Minuit2Minimizer::Minimize : Minimization did NOT converge, Reached call limit
Point 15/1200 SF_Bin1 = 0.0177648
Info in <Minuit2>: Minuit2Minimizer::Minimize : Minimization did NOT converge, Reached call limit
Point 16/1200 SF_Bin1 = 0.0189109
Info in <Minuit2>: Minuit2Minimizer::Minimize : Minimization did NOT converge, Reached call limit
Point 17/1200 SF_Bin1 = 0.020057
Info in <Minuit2>: Minuit2Minimizer::Minimize : Minimization did NOT converge, Reached call limit
Point 18/1200 SF_Bin1 = 0.0212031
Info in <Minuit2>: Minuit2Minimizer::Minimize : Minimization did NOT converge, Reached call limit
Point 19/1200 SF_Bin1 = 0.0223492
Info in <Minuit2>: Minuit2Minimizer::Minimize : Minimization did NOT converge, Reached call limit
Point 20/1200 SF_Bin1 = 0.0234953
Info in <Minuit2>: Minuit2Minimizer::Minimize : Minimization did NOT converge, Reached call limit
Point 21/1200 SF_Bin1 = 0.0246414
Info in <Minuit2>: Minuit2Minimizer::Minimize : Minimization did NOT converge, Hesse is not valid
Point 22/1200 SF_Bin1 = 0.0257876
Info in <Minuit2>: Minuit2Minimizer::Minimize : Minimization did NOT converge, Edm is above max
Point 23/1200 SF_Bin1 = 0.0269337
Info in <Minuit2>: Minuit2Minimizer::Minimize : Minimization did NOT converge, Edm is above max
Point 24/1200 SF_Bin1 = 0.0280798
Info in <Minuit2>: Minuit2Minimizer::Minimize : Minimization did NOT converge, Edm is above max
Point 25/1200 SF_Bin1 = 0.0292259
Info in <Minuit2>: Minuit2Minimizer::Minimize : Minimization did NOT converge, Edm is above max
Point 26/1200 SF_Bin1 = 0.030372
Info in <Minuit2>: Minuit2Minimizer::Minimize : Minimization did NOT converge, Edm is above max
Point 27/1200 SF_Bin1 = 0.0315181
Info in <Minuit2>: Minuit2Minimizer::Minimize : Minimization did NOT converge, Edm is above max
Point 28/1200 SF_Bin1 = 0.0326642
Info in <Minuit2>: Minuit2Minimizer::Minimize : Minimization did NOT converge, Edm is above max
Point 29/1200 SF_Bin1 = 0.0338104
Info in <Minuit2>: Minuit2Minimizer::Minimize : Minimization did NOT converge, Edm is above max
Point 30/1200 SF_Bin1 = 0.0349565
Info in <Minuit2>: Minuit2Minimizer::Minimize : Minimization did NOT converge, Edm is above max
Point 31/1200 SF_Bin1 = 0.0361026
Point 32/1200 SF_Bin1 = 0.0372487
Info in <Minuit2>: Minuit2Minimizer::Minimize : Minimization did NOT converge, Edm is above max
Point 33/1200 SF_Bin1 = 0.0383948
Info in <Minuit2>: Minuit2Minimizer::Minimize : Minimization did NOT converge, Edm is above max
Point 34/1200 SF_Bin1 = 0.0395409
Info in <Minuit2>: Minuit2Minimizer::Minimize : Minimization did NOT converge, Edm is above max
Point 35/1200 SF_Bin1 = 0.040687
Point 36/1200 SF_Bin1 = 0.0418332
Info in <Minuit2>: Minuit2Minimizer::Minimize : Minimization did NOT converge, Edm is above max
Point 37/1200 SF_Bin1 = 0.0429793
[#0] WARNING:Minization -- RooMinimizerFcn: Minimized function has error status.
Returning maximum FCN so far (657.706) to force MIGRAD to back out of this region. Error log follows
Parameter values: CMS_PU_2018=-5.06575, CMS_ak8jet_res_j_2018=-1.07184, CMS_ak8jet_scale_JESTotal=-0.616185, CMS_btag_cferr1=7.41194, CMS_btag_cferr2=14.5091, CMS_btag_hf=10.688, CMS_btag_hfstats1_2018=8.72725, CMS_btag_hfstats2_2018=-6.89887, CMS_btag_lf=-2.16991, CMS_btag_lfstats1_2018=2.4062, CMS_btag_lfstats2_2018=12.5736, CMS_eff_e_2018=-16.8538, CMS_eff_hwwtrigger_2018=-2.82381, CMS_eff_m_2018=-21.0965, CMS_res_j_2018=-6.36054, CMS_scale_JESTotal=-4.45937, CMS_scale_e_2018=1.63106, CMS_scale_m_2018=0.268346, CMS_scale_met_2018=0.049859, PS_FSR=0.674811, PS_ISR=10.3635, QCDscale_WW_ACCEPT=19435.2, QCDscale_WmH_ACCEPT=0.0083088, QCDscale_WpH_ACCEPT=-0.00355938, QCDscale_ZH_ACCEPT=0.0100732, QCDscale_ggH_ACCEPT=-0.0175771, QCDscale_qqH_ACCEPT=-0.00823622, QCDscale_ttbar_ACCEPT=0.806595, QCDscale_wjets_ACCEPT=-2.98912, SF_Bin0=1.27019, SF_Bin2=1.45696, ggWWnorm=-0.806151, lumi_13TeV_2018=-40.6434, lumi_13TeV_BCC=-267.043, lumi_13TeV_LS=-267.043, lumi_13TeV_XY=-30.5523, pdf_Higgs_gg_ACCEPT=-0.00264477, pdf_Higgs_qqbar_ACCEPT=-0.00460229, pdf_WW_ACCEPT=0.112492, pdf_WmH_ACCEPT=0.0148428, pdf_WpH_ACCEPT=-0.00110531, pdf_ZH_ACCEPT=0.00910127, pdf_ttbar_ACCEPT=-1.80155, pdf_wjets_ACCEPT=-0.207256, prop_binFailBin0_bin0=-1.027, prop_binFailBin0_bin1=-0.660704, prop_binFailBin0_bin2=0.388106, prop_binFailBin0_bin3=-1.34722, prop_binFailBin0_bin4=-2.70643, prop_binFailBin0_bin5=0.296112, prop_binFailBin0_bin6=3.0328, prop_binFailBin0_bin7=2.88052, prop_binFailBin0m_bin0=-0.250243, prop_binFailBin1_bin0=-254.553, prop_binFailBin1_bin1=-353.562, prop_binFailBin1_bin2=-524.148, prop_binFailBin1_bin3=-679.117, prop_binFailBin1_bin4=-776.67, prop_binFailBin1_bin5=-727.06, prop_binFailBin1_bin6=-625.771, prop_binFailBin1_bin7=-514.257, prop_binFailBin1m_bin0=1.00717, prop_binFailBin2_bin0=-0.959883, prop_binFailBin2_bin1=-1.78855, prop_binFailBin2_bin2=-0.465782, prop_binFailBin2_bin3=0.641341, prop_binFailBin2_bin4=-0.538812, prop_binFailBin2_bin5=1.09448, prop_binFailBin2_bin6=0.775774, prop_binFailBin2_bin7=-0.546159, prop_binFailBin2m_bin0=0.802175, prop_binPassBin0_bin0=-0.150462, prop_binPassBin0_bin1=1.84862, prop_binPassBin0_bin2=1.10803, prop_binPassBin0_bin3=0.557361, prop_binPassBin0_bin4=-0.00565623, prop_binPassBin0_bin5=-0.450144, prop_binPassBin0_bin6=-0.674713, prop_binPassBin0_bin7=2.05306, prop_binPassBin0m_bin0=-0.428987, prop_binPassBin1_bin0=1.4659, prop_binPassBin1_bin1=-1.31162, prop_binPassBin1_bin2=0.320895, prop_binPassBin1_bin3=0.0907093, prop_binPassBin1_bin4=1.53342, prop_binPassBin1_bin5=0.160211, prop_binPassBin1_bin6=-1.06425, prop_binPassBin1_bin7=0.836619, prop_binPassBin1m_bin0=0.292866, prop_binPassBin2_bin0=0.300524, prop_binPassBin2_bin1=-0.40241, prop_binPassBin2_bin2=1.13769, prop_binPassBin2_bin3=-0.388357, prop_binPassBin2_bin4=0.532176, prop_binPassBin2_bin5=0.490191, prop_binPassBin2_bin6=-0.687856, prop_binPassBin2_bin7=1.06215, prop_binPassBin2m_bin0=0.283682, qqWWqqnorm=1.04243, r_FailBin0m=0.824452, r_FailBin1m=1.38876, r_FailBin2m=0.856651, r_PassBin0=1.11258, r_PassBin0m=0.824844, r_PassBin1=0.0575813, r_PassBin1m=0.0180938, r_PassBin2=0.914744, r_PassBin2m=0.83426

Point 38/1200 SF_Bin1 = 0.0441254
Point 39/1200 SF_Bin1 = 0.0452715
Info in <Minuit2>: Minuit2Minimizer::Minimize : Minimization did NOT converge, Edm is above max
Point 40/1200 SF_Bin1 = 0.0464176
Info in <Minuit2>: Minuit2Minimizer::Minimize : Minimization did NOT converge, Edm is above max
Point 41/1200 SF_Bin1 = 0.0475637
Point 42/1200 SF_Bin1 = 0.0487098
Point 43/1200 SF_Bin1 = 0.0498559
Point 44/1200 SF_Bin1 = 0.0510021
Point 45/1200 SF_Bin1 = 0.0521482
Point 46/1200 SF_Bin1 = 0.0532943
Info in <Minuit2>: Minuit2Minimizer::Minimize : Minimization did NOT converge, Edm is above max
Point 47/1200 SF_Bin1 = 0.0544404
Info in <Minuit2>: Minuit2Minimizer::Minimize : Minimization did NOT converge, Reached call limit
Point 48/1200 SF_Bin1 = 0.0555865
Point 49/1200 SF_Bin1 = 0.0567326
Info in <Minuit2>: Minuit2Minimizer::Minimize : Minimization did NOT converge, Reached call limit
Point 50/1200 SF_Bin1 = 0.0578787
Info in <Minuit2>: Minuit2Minimizer::Minimize : Minimization did NOT converge, Reached call limit
Point 51/1200 SF_Bin1 = 0.0590249
Info in <Minuit2>: Minuit2Minimizer::Minimize : Minimization did NOT converge, Reached call limit
Point 52/1200 SF_Bin1 = 0.060171
Info in <Minuit2>: Minuit2Minimizer::Minimize : Minimization did NOT converge, Reached call limit
Point 53/1200 SF_Bin1 = 0.0613171
Info in <Minuit2>: Minuit2Minimizer::Minimize : Minimization did NOT converge, Reached call limit
Point 54/1200 SF_Bin1 = 0.0624632
Info in <Minuit2>: Minuit2Minimizer::Minimize : Minimization did NOT converge, Reached call limit
Point 55/1200 SF_Bin1 = 0.0636093
Info in <Minuit2>: Minuit2Minimizer::Minimize : Minimization did NOT converge, Reached call limit
Point 56/1200 SF_Bin1 = 0.0647554
Point 57/1200 SF_Bin1 = 0.0659015
Info in <Minuit2>: Minuit2Minimizer::Minimize : Minimization did NOT converge, Edm is above max
Point 58/1200 SF_Bin1 = 0.0670477
Info in <Minuit2>: Minuit2Minimizer::Minimize : Minimization did NOT converge, Edm is above max
Point 59/1200 SF_Bin1 = 0.0681938
Info in <Minuit2>: Minuit2Minimizer::Minimize : Minimization did NOT converge, Edm is above max
Point 60/1200 SF_Bin1 = 0.0693399
Point 61/1200 SF_Bin1 = 0.070486
Point 62/1200 SF_Bin1 = 0.0716321
Info in <Minuit2>: Minuit2Minimizer::Minimize : Minimization did NOT converge, Edm is above max
Point 63/1200 SF_Bin1 = 0.0727782
Info in <Minuit2>: Minuit2Minimizer::Minimize : Minimization did NOT converge, Edm is above max
Point 64/1200 SF_Bin1 = 0.0739243
Point 65/1200 SF_Bin1 = 0.0750705
Info in <Minuit2>: Minuit2Minimizer::Minimize : Minimization did NOT converge, Edm is above max
Point 66/1200 SF_Bin1 = 0.0762166
Point 67/1200 SF_Bin1 = 0.0773627
Point 68/1200 SF_Bin1 = 0.0785088
Point 69/1200 SF_Bin1 = 0.0796549
Point 70/1200 SF_Bin1 = 0.080801
Point 71/1200 SF_Bin1 = 0.0819471
Point 72/1200 SF_Bin1 = 0.0830932
Info in <Minuit2>: Minuit2Minimizer::Minimize : Minimization did NOT converge, Edm is above max
Point 73/1200 SF_Bin1 = 0.0842394
Info in <Minuit2>: Minuit2Minimizer::Minimize : Minimization did NOT converge, Edm is above max
Point 74/1200 SF_Bin1 = 0.0853855
Info in <Minuit2>: Minuit2Minimizer::Minimize : Minimization did NOT converge, Edm is above max
Point 75/1200 SF_Bin1 = 0.0865316
Info in <Minuit2>: Minuit2Minimizer::Minimize : Minimization did NOT converge, Edm is above max
Point 76/1200 SF_Bin1 = 0.0876777
Info in <Minuit2>: Minuit2Minimizer::Minimize : Minimization did NOT converge, Edm is above max
Point 77/1200 SF_Bin1 = 0.0888238
Info in <Minuit2>: Minuit2Minimizer::Minimize : Minimization did NOT converge, Edm is above max
Point 78/1200 SF_Bin1 = 0.0899699
Info in <Minuit2>: Minuit2Minimizer::Minimize : Minimization did NOT converge, Edm is above max
Point 79/1200 SF_Bin1 = 0.091116
Info in <Minuit2>: Minuit2Minimizer::Minimize : Minimization did NOT converge, Edm is above max
Point 80/1200 SF_Bin1 = 0.0922622
Point 81/1200 SF_Bin1 = 0.0934083
Point 82/1200 SF_Bin1 = 0.0945544
Info in <Minuit2>: Minuit2Minimizer::Minimize : Minimization did NOT converge, Edm is above max
Point 83/1200 SF_Bin1 = 0.0957005
Info in <Minuit2>: Minuit2Minimizer::Minimize : Minimization did NOT converge, Edm is above max
Point 84/1200 SF_Bin1 = 0.0968466
Info in <Minuit2>: Minuit2Minimizer::Minimize : Minimization did NOT converge, Edm is above max
Point 85/1200 SF_Bin1 = 0.0979927
Point 86/1200 SF_Bin1 = 0.0991388
Info in <Minuit2>: Minuit2Minimizer::Minimize : Minimization did NOT converge, Edm is above max
Point 87/1200 SF_Bin1 = 0.100285
Point 88/1200 SF_Bin1 = 0.101431
Point 89/1200 SF_Bin1 = 0.102577
Point 90/1200 SF_Bin1 = 0.103723
Point 91/1200 SF_Bin1 = 0.104869
Info in <Minuit2>: Minuit2Minimizer::Minimize : Minimization did NOT converge, Hesse is not valid
Point 92/1200 SF_Bin1 = 0.106016
Info in <Minuit2>: Minuit2Minimizer::Minimize : Minimization did NOT converge, Hesse is not valid
Point 93/1200 SF_Bin1 = 0.107162
Info in <Minuit2>: Minuit2Minimizer::Minimize : Minimization did NOT converge, Edm is above max
Point 94/1200 SF_Bin1 = 0.108308
Info in <Minuit2>: Minuit2Minimizer::Minimize : Minimization did NOT converge, Edm is above max
Point 95/1200 SF_Bin1 = 0.109454
Info in <Minuit2>: Minuit2Minimizer::Minimize : Minimization did NOT converge, Edm is above max
Point 96/1200 SF_Bin1 = 0.1106
Info in <Minuit2>: Minuit2Minimizer::Minimize : Minimization did NOT converge, Edm is above max
Point 97/1200 SF_Bin1 = 0.111746
Info in <Minuit2>: Minuit2Minimizer::Minimize : Minimization did NOT converge, Edm is above max
Point 98/1200 SF_Bin1 = 0.112892
Info in <Minuit2>: Minuit2Minimizer::Minimize : Minimization did NOT converge, Edm is above max
Point 99/1200 SF_Bin1 = 0.114038
Info in <Minuit2>: Minuit2Minimizer::Minimize : Minimization did NOT converge, Edm is above max
Point 100/1200 SF_Bin1 = 0.115184
Info in <Minuit2>: Minuit2Minimizer::Minimize : Minimization did NOT converge, Edm is above max
Point 101/1200 SF_Bin1 = 0.116331
Info in <Minuit2>: Minuit2Minimizer::Minimize : Minimization did NOT converge, Edm is above max
Point 102/1200 SF_Bin1 = 0.117477
Info in <Minuit2>: Minuit2Minimizer::Minimize : Minimization did NOT converge, Edm is above max
Point 103/1200 SF_Bin1 = 0.118623
Info in <Minuit2>: Minuit2Minimizer::Minimize : Minimization did NOT converge, Edm is above max
Point 104/1200 SF_Bin1 = 0.119769
Info in <Minuit2>: Minuit2Minimizer::Minimize : Minimization did NOT converge, Edm is above max
Point 105/1200 SF_Bin1 = 0.120915
Info in <Minuit2>: Minuit2Minimizer::Minimize : Minimization did NOT converge, Edm is above max
Point 106/1200 SF_Bin1 = 0.122061
Info in <Minuit2>: Minuit2Minimizer::Minimize : Minimization did NOT converge, Hesse is not valid
Point 107/1200 SF_Bin1 = 0.123207
Info in <Minuit2>: Minuit2Minimizer::Minimize : Minimization did NOT converge, Edm is above max
Point 108/1200 SF_Bin1 = 0.124353
Info in <Minuit2>: Minuit2Minimizer::Minimize : Minimization did NOT converge, Edm is above max
Point 109/1200 SF_Bin1 = 0.125499
Info in <Minuit2>: Minuit2Minimizer::Minimize : Minimization did NOT converge, Edm is above max
Point 110/1200 SF_Bin1 = 0.126646
Point 111/1200 SF_Bin1 = 0.127792
Info in <Minuit2>: Minuit2Minimizer::Minimize : Minimization did NOT converge, Edm is above max
Point 112/1200 SF_Bin1 = 0.128938
Point 113/1200 SF_Bin1 = 0.130084
Info in <Minuit2>: Minuit2Minimizer::Minimize : Minimization did NOT converge, Edm is above max
Point 114/1200 SF_Bin1 = 0.13123
Point 115/1200 SF_Bin1 = 0.132376
Point 116/1200 SF_Bin1 = 0.133522
Info in <Minuit2>: Minuit2Minimizer::Minimize : Minimization did NOT converge, Edm is above max
Point 117/1200 SF_Bin1 = 0.134668
Info in <Minuit2>: Minuit2Minimizer::Minimize : Minimization did NOT converge, Hesse is not valid
Point 118/1200 SF_Bin1 = 0.135814
Point 119/1200 SF_Bin1 = 0.136961
Info in <Minuit2>: Minuit2Minimizer::Minimize : Minimization did NOT converge, Edm is above max
Point 120/1200 SF_Bin1 = 0.138107
Info in <Minuit2>: Minuit2Minimizer::Minimize : Minimization did NOT converge, Edm is above max
Point 121/1200 SF_Bin1 = 0.139253
Point 122/1200 SF_Bin1 = 0.140399
Info in <Minuit2>: Minuit2Minimizer::Minimize : Minimization did NOT converge, Edm is above max
Point 123/1200 SF_Bin1 = 0.141545
Info in <Minuit2>: Minuit2Minimizer::Minimize : Minimization did NOT converge, Hesse is not valid
Point 124/1200 SF_Bin1 = 0.142691
Info in <Minuit2>: Minuit2Minimizer::Minimize : Minimization did NOT converge, Edm is above max
Point 125/1200 SF_Bin1 = 0.143837
Info in <Minuit2>: Minuit2Minimizer::Minimize : Minimization did NOT converge, Edm is above max
Point 126/1200 SF_Bin1 = 0.144983
Point 127/1200 SF_Bin1 = 0.14613
Info in <Minuit2>: Minuit2Minimizer::Minimize : Minimization did NOT converge, Edm is above max
Point 128/1200 SF_Bin1 = 0.147276
Point 129/1200 SF_Bin1 = 0.148422
Info in <Minuit2>: Minuit2Minimizer::Minimize : Minimization did NOT converge, Edm is above max
Point 130/1200 SF_Bin1 = 0.149568
Point 131/1200 SF_Bin1 = 0.150714
Info in <Minuit2>: Minuit2Minimizer::Minimize : Minimization did NOT converge, Edm is above max
Point 132/1200 SF_Bin1 = 0.15186
Info in <Minuit2>: Minuit2Minimizer::Minimize : Minimization did NOT converge, Edm is above max
Point 133/1200 SF_Bin1 = 0.153006
Info in <Minuit2>: Minuit2Minimizer::Minimize : Minimization did NOT converge, Edm is above max
Point 134/1200 SF_Bin1 = 0.154152
Point 135/1200 SF_Bin1 = 0.155298
Info in <Minuit2>: Minuit2Minimizer::Minimize : Minimization did NOT converge, Edm is above max
Point 136/1200 SF_Bin1 = 0.156445
Info in <Minuit2>: Minuit2Minimizer::Minimize : Minimization did NOT converge, Edm is above max
Point 137/1200 SF_Bin1 = 0.157591
Info in <Minuit2>: Minuit2Minimizer::Minimize : Minimization did NOT converge, Edm is above max
Point 138/1200 SF_Bin1 = 0.158737
Info in <Minuit2>: Minuit2Minimizer::Minimize : Minimization did NOT converge, Edm is above max
Point 139/1200 SF_Bin1 = 0.159883
Info in <Minuit2>: Minuit2Minimizer::Minimize : Minimization did NOT converge, Edm is above max
Point 140/1200 SF_Bin1 = 0.161029
Point 141/1200 SF_Bin1 = 0.162175
Info in <Minuit2>: Minuit2Minimizer::Minimize : Minimization did NOT converge, Edm is above max
Point 142/1200 SF_Bin1 = 0.163321
Point 143/1200 SF_Bin1 = 0.164467
Info in <Minuit2>: Minuit2Minimizer::Minimize : Minimization did NOT converge, Edm is above max
Point 144/1200 SF_Bin1 = 0.165613
Point 145/1200 SF_Bin1 = 0.16676
Info in <Minuit2>: Minuit2Minimizer::Minimize : Minimization did NOT converge, Edm is above max
Point 146/1200 SF_Bin1 = 0.167906
Point 147/1200 SF_Bin1 = 0.169052
Point 148/1200 SF_Bin1 = 0.170198
Point 149/1200 SF_Bin1 = 0.171344
Point 150/1200 SF_Bin1 = 0.17249
Point 151/1200 SF_Bin1 = 0.173636
Point 152/1200 SF_Bin1 = 0.174782
Point 153/1200 SF_Bin1 = 0.175928
Info in <Minuit2>: Minuit2Minimizer::Minimize : Minimization did NOT converge, Edm is above max
Point 154/1200 SF_Bin1 = 0.177075
Point 155/1200 SF_Bin1 = 0.178221
Info in <Minuit2>: Minuit2Minimizer::Minimize : Minimization did NOT converge, Edm is above max
Point 156/1200 SF_Bin1 = 0.179367
Info in <Minuit2>: Minuit2Minimizer::Minimize : Minimization did NOT converge, Edm is above max
Point 157/1200 SF_Bin1 = 0.180513
Point 158/1200 SF_Bin1 = 0.181659
Info in <Minuit2>: Minuit2Minimizer::Minimize : Minimization did NOT converge, Edm is above max
Point 159/1200 SF_Bin1 = 0.182805
Info in <Minuit2>: Minuit2Minimizer::Minimize : Minimization did NOT converge, Edm is above max
Point 160/1200 SF_Bin1 = 0.183951
Info in <Minuit2>: Minuit2Minimizer::Minimize : Minimization did NOT converge, Edm is above max
Point 161/1200 SF_Bin1 = 0.185097
Point 162/1200 SF_Bin1 = 0.186243
Point 163/1200 SF_Bin1 = 0.18739
Point 164/1200 SF_Bin1 = 0.188536
Point 165/1200 SF_Bin1 = 0.189682
Point 166/1200 SF_Bin1 = 0.190828
Info in <Minuit2>: Minuit2Minimizer::Minimize : Minimization did NOT converge, Edm is above max
Point 167/1200 SF_Bin1 = 0.191974
Point 168/1200 SF_Bin1 = 0.19312
Point 169/1200 SF_Bin1 = 0.194266
Point 170/1200 SF_Bin1 = 0.195412
Info in <Minuit2>: Minuit2Minimizer::Minimize : Minimization did NOT converge, Edm is above max
Point 171/1200 SF_Bin1 = 0.196559
Point 172/1200 SF_Bin1 = 0.197705
Point 173/1200 SF_Bin1 = 0.198851
Point 174/1200 SF_Bin1 = 0.199997
Point 175/1200 SF_Bin1 = 0.201143
Point 176/1200 SF_Bin1 = 0.202289
Point 177/1200 SF_Bin1 = 0.203435
Point 178/1200 SF_Bin1 = 0.204581
Point 179/1200 SF_Bin1 = 0.205727
Point 180/1200 SF_Bin1 = 0.206874
Point 181/1200 SF_Bin1 = 0.20802
Point 182/1200 SF_Bin1 = 0.209166
Point 183/1200 SF_Bin1 = 0.210312
Point 184/1200 SF_Bin1 = 0.211458
Point 185/1200 SF_Bin1 = 0.212604
Point 186/1200 SF_Bin1 = 0.21375
Point 187/1200 SF_Bin1 = 0.214896
Point 188/1200 SF_Bin1 = 0.216042
Point 189/1200 SF_Bin1 = 0.217189
Point 190/1200 SF_Bin1 = 0.218335
Point 191/1200 SF_Bin1 = 0.219481
Point 192/1200 SF_Bin1 = 0.220627
Point 193/1200 SF_Bin1 = 0.221773
Point 194/1200 SF_Bin1 = 0.222919
Point 195/1200 SF_Bin1 = 0.224065
Point 196/1200 SF_Bin1 = 0.225211
Point 197/1200 SF_Bin1 = 0.226357
Point 198/1200 SF_Bin1 = 0.227504
Point 199/1200 SF_Bin1 = 0.22865
Point 200/1200 SF_Bin1 = 0.229796
Point 201/1200 SF_Bin1 = 0.230942
Point 202/1200 SF_Bin1 = 0.232088
Info in <Minuit2>: Minuit2Minimizer::Minimize : Minimization did NOT converge, Edm is above max
Point 203/1200 SF_Bin1 = 0.233234
Point 204/1200 SF_Bin1 = 0.23438
Point 205/1200 SF_Bin1 = 0.235526
Point 206/1200 SF_Bin1 = 0.236672
Point 207/1200 SF_Bin1 = 0.237819
Point 208/1200 SF_Bin1 = 0.238965
Point 209/1200 SF_Bin1 = 0.240111
Point 210/1200 SF_Bin1 = 0.241257
Point 211/1200 SF_Bin1 = 0.242403
Point 212/1200 SF_Bin1 = 0.243549
Point 213/1200 SF_Bin1 = 0.244695
Point 214/1200 SF_Bin1 = 0.245841
Point 215/1200 SF_Bin1 = 0.246988
Point 216/1200 SF_Bin1 = 0.248134
Point 217/1200 SF_Bin1 = 0.24928
Point 218/1200 SF_Bin1 = 0.250426
Point 219/1200 SF_Bin1 = 0.251572
Point 220/1200 SF_Bin1 = 0.252718
Point 221/1200 SF_Bin1 = 0.253864
Point 222/1200 SF_Bin1 = 0.25501
Point 223/1200 SF_Bin1 = 0.256156
Point 224/1200 SF_Bin1 = 0.257303
Point 225/1200 SF_Bin1 = 0.258449
Point 226/1200 SF_Bin1 = 0.259595
Point 227/1200 SF_Bin1 = 0.260741
Point 228/1200 SF_Bin1 = 0.261887
Point 229/1200 SF_Bin1 = 0.263033
Point 230/1200 SF_Bin1 = 0.264179
Point 231/1200 SF_Bin1 = 0.265325
Point 232/1200 SF_Bin1 = 0.266471
Point 233/1200 SF_Bin1 = 0.267618
Point 234/1200 SF_Bin1 = 0.268764
Point 235/1200 SF_Bin1 = 0.26991
Point 236/1200 SF_Bin1 = 0.271056
Point 237/1200 SF_Bin1 = 0.272202
Point 238/1200 SF_Bin1 = 0.273348
Point 239/1200 SF_Bin1 = 0.274494
Point 240/1200 SF_Bin1 = 0.27564
Point 241/1200 SF_Bin1 = 0.276786
Point 242/1200 SF_Bin1 = 0.277933
Point 243/1200 SF_Bin1 = 0.279079
Point 244/1200 SF_Bin1 = 0.280225
Point 245/1200 SF_Bin1 = 0.281371
Point 246/1200 SF_Bin1 = 0.282517
Point 247/1200 SF_Bin1 = 0.283663
Point 248/1200 SF_Bin1 = 0.284809
Point 249/1200 SF_Bin1 = 0.285955
Point 250/1200 SF_Bin1 = 0.287102
Point 251/1200 SF_Bin1 = 0.288248
Point 252/1200 SF_Bin1 = 0.289394
Point 253/1200 SF_Bin1 = 0.29054
Point 254/1200 SF_Bin1 = 0.291686
Point 255/1200 SF_Bin1 = 0.292832
Point 256/1200 SF_Bin1 = 0.293978
Point 257/1200 SF_Bin1 = 0.295124
Point 258/1200 SF_Bin1 = 0.29627
Point 259/1200 SF_Bin1 = 0.297417
Point 260/1200 SF_Bin1 = 0.298563
Point 261/1200 SF_Bin1 = 0.299709
Point 262/1200 SF_Bin1 = 0.300855
Point 263/1200 SF_Bin1 = 0.302001
Point 264/1200 SF_Bin1 = 0.303147
Point 265/1200 SF_Bin1 = 0.304293
Point 266/1200 SF_Bin1 = 0.305439
Point 267/1200 SF_Bin1 = 0.306585
Point 268/1200 SF_Bin1 = 0.307732
Point 269/1200 SF_Bin1 = 0.308878
Point 270/1200 SF_Bin1 = 0.310024
Point 271/1200 SF_Bin1 = 0.31117
Point 272/1200 SF_Bin1 = 0.312316
Point 273/1200 SF_Bin1 = 0.313462
Point 274/1200 SF_Bin1 = 0.314608
Point 275/1200 SF_Bin1 = 0.315754
Point 276/1200 SF_Bin1 = 0.3169
Point 277/1200 SF_Bin1 = 0.318047
Point 278/1200 SF_Bin1 = 0.319193
Point 279/1200 SF_Bin1 = 0.320339
Point 280/1200 SF_Bin1 = 0.321485
Point 281/1200 SF_Bin1 = 0.322631
Point 282/1200 SF_Bin1 = 0.323777
Point 283/1200 SF_Bin1 = 0.324923
Point 284/1200 SF_Bin1 = 0.326069
Info in <Minuit2>: Minuit2Minimizer::Minimize : Minimization did NOT converge, Edm is above max
Point 285/1200 SF_Bin1 = 0.327215
Point 286/1200 SF_Bin1 = 0.328362
Point 287/1200 SF_Bin1 = 0.329508
Point 288/1200 SF_Bin1 = 0.330654
Point 289/1200 SF_Bin1 = 0.3318
Point 290/1200 SF_Bin1 = 0.332946
Point 291/1200 SF_Bin1 = 0.334092
Point 292/1200 SF_Bin1 = 0.335238
Point 293/1200 SF_Bin1 = 0.336384
Info in <Minuit2>: Minuit2Minimizer::Minimize : Minimization did NOT converge, Edm is above max
Point 294/1200 SF_Bin1 = 0.337531
Info in <Minuit2>: Minuit2Minimizer::Minimize : Minimization did NOT converge, Edm is above max
Point 295/1200 SF_Bin1 = 0.338677
Point 296/1200 SF_Bin1 = 0.339823
Point 297/1200 SF_Bin1 = 0.340969
Point 298/1200 SF_Bin1 = 0.342115
Info in <Minuit2>: Minuit2Minimizer::Minimize : Minimization did NOT converge, Edm is above max
Point 299/1200 SF_Bin1 = 0.343261
Info in <Minuit2>: Minuit2Minimizer::Minimize : Minimization did NOT converge, Edm is above max
Point 300/1200 SF_Bin1 = 0.344407
Info in <Minuit2>: Minuit2Minimizer::Minimize : Minimization did NOT converge, Edm is above max
Point 301/1200 SF_Bin1 = 0.345553
Point 302/1200 SF_Bin1 = 0.346699
Info in <Minuit2>: Minuit2Minimizer::Minimize : Minimization did NOT converge, Edm is above max
Point 303/1200 SF_Bin1 = 0.347846
Point 304/1200 SF_Bin1 = 0.348992
Point 305/1200 SF_Bin1 = 0.350138
Point 306/1200 SF_Bin1 = 0.351284
Point 307/1200 SF_Bin1 = 0.35243
Point 308/1200 SF_Bin1 = 0.353576
Info in <Minuit2>: Minuit2Minimizer::Minimize : Minimization did NOT converge, Edm is above max
Point 309/1200 SF_Bin1 = 0.354722
Point 310/1200 SF_Bin1 = 0.355868
Point 311/1200 SF_Bin1 = 0.357014
Point 312/1200 SF_Bin1 = 0.358161
Point 313/1200 SF_Bin1 = 0.359307
Point 314/1200 SF_Bin1 = 0.360453
Point 315/1200 SF_Bin1 = 0.361599
Point 316/1200 SF_Bin1 = 0.362745
Info in <Minuit2>: Minuit2Minimizer::Minimize : Minimization did NOT converge, Edm is above max
Point 317/1200 SF_Bin1 = 0.363891
Point 318/1200 SF_Bin1 = 0.365037
Point 319/1200 SF_Bin1 = 0.366183
Point 320/1200 SF_Bin1 = 0.367329
Point 321/1200 SF_Bin1 = 0.368476
Point 322/1200 SF_Bin1 = 0.369622
Info in <Minuit2>: Minuit2Minimizer::Minimize : Minimization did NOT converge, Edm is above max
Point 323/1200 SF_Bin1 = 0.370768
Info in <Minuit2>: Minuit2Minimizer::Minimize : Minimization did NOT converge, Edm is above max
Point 324/1200 SF_Bin1 = 0.371914
Point 325/1200 SF_Bin1 = 0.37306
Point 326/1200 SF_Bin1 = 0.374206
Point 327/1200 SF_Bin1 = 0.375352
Point 328/1200 SF_Bin1 = 0.376498
Point 329/1200 SF_Bin1 = 0.377644
Point 330/1200 SF_Bin1 = 0.378791
Point 331/1200 SF_Bin1 = 0.379937
Point 332/1200 SF_Bin1 = 0.381083
Point 333/1200 SF_Bin1 = 0.382229
Point 334/1200 SF_Bin1 = 0.383375
Point 335/1200 SF_Bin1 = 0.384521
Info in <Minuit2>: Minuit2Minimizer::Minimize : Minimization did NOT converge, Edm is above max
Point 336/1200 SF_Bin1 = 0.385667
Point 337/1200 SF_Bin1 = 0.386813
Point 338/1200 SF_Bin1 = 0.38796
Point 339/1200 SF_Bin1 = 0.389106
Point 340/1200 SF_Bin1 = 0.390252
Info in <Minuit2>: Minuit2Minimizer::Minimize : Minimization did NOT converge, Edm is above max
Point 341/1200 SF_Bin1 = 0.391398
Point 342/1200 SF_Bin1 = 0.392544
Point 343/1200 SF_Bin1 = 0.39369
Point 344/1200 SF_Bin1 = 0.394836
Point 345/1200 SF_Bin1 = 0.395982
Point 346/1200 SF_Bin1 = 0.397128
Point 347/1200 SF_Bin1 = 0.398275
Point 348/1200 SF_Bin1 = 0.399421
Point 349/1200 SF_Bin1 = 0.400567
Point 350/1200 SF_Bin1 = 0.401713
Point 351/1200 SF_Bin1 = 0.402859
Point 352/1200 SF_Bin1 = 0.404005
Point 353/1200 SF_Bin1 = 0.405151
Point 354/1200 SF_Bin1 = 0.406297
Info in <Minuit2>: Minuit2Minimizer::Minimize : Minimization did NOT converge, Edm is above max
Point 355/1200 SF_Bin1 = 0.407443
Point 356/1200 SF_Bin1 = 0.40859
Point 357/1200 SF_Bin1 = 0.409736
Info in <Minuit2>: Minuit2Minimizer::Minimize : Minimization did NOT converge, Edm is above max
Point 358/1200 SF_Bin1 = 0.410882
Info in <Minuit2>: Minuit2Minimizer::Minimize : Minimization did NOT converge, Edm is above max
Point 359/1200 SF_Bin1 = 0.412028
Point 360/1200 SF_Bin1 = 0.413174
Point 361/1200 SF_Bin1 = 0.41432
Point 362/1200 SF_Bin1 = 0.415466
Point 363/1200 SF_Bin1 = 0.416612
Info in <Minuit2>: Minuit2Minimizer::Minimize : Minimization did NOT converge, Edm is above max
Point 364/1200 SF_Bin1 = 0.417758
Info in <Minuit2>: Minuit2Minimizer::Minimize : Minimization did NOT converge, Edm is above max
Point 365/1200 SF_Bin1 = 0.418905
Info in <Minuit2>: Minuit2Minimizer::Minimize : Minimization did NOT converge, Edm is above max
Point 366/1200 SF_Bin1 = 0.420051
Point 367/1200 SF_Bin1 = 0.421197
Point 368/1200 SF_Bin1 = 0.422343
Point 369/1200 SF_Bin1 = 0.423489
Point 370/1200 SF_Bin1 = 0.424635
Point 371/1200 SF_Bin1 = 0.425781
Point 372/1200 SF_Bin1 = 0.426927
Point 373/1200 SF_Bin1 = 0.428073
Point 374/1200 SF_Bin1 = 0.42922
Point 375/1200 SF_Bin1 = 0.430366
Point 376/1200 SF_Bin1 = 0.431512
Point 377/1200 SF_Bin1 = 0.432658
Point 378/1200 SF_Bin1 = 0.433804
Point 379/1200 SF_Bin1 = 0.43495
Point 380/1200 SF_Bin1 = 0.436096
Point 381/1200 SF_Bin1 = 0.437242
Point 382/1200 SF_Bin1 = 0.438389
Point 383/1200 SF_Bin1 = 0.439535
Point 384/1200 SF_Bin1 = 0.440681
Point 385/1200 SF_Bin1 = 0.441827
Point 386/1200 SF_Bin1 = 0.442973
Info in <Minuit2>: Minuit2Minimizer::Minimize : Minimization did NOT converge, Edm is above max
Point 387/1200 SF_Bin1 = 0.444119
Info in <Minuit2>: Minuit2Minimizer::Minimize : Minimization did NOT converge, Edm is above max
Point 388/1200 SF_Bin1 = 0.445265
Point 389/1200 SF_Bin1 = 0.446411
Info in <Minuit2>: Minuit2Minimizer::Minimize : Minimization did NOT converge, Edm is above max
Point 390/1200 SF_Bin1 = 0.447557
Point 391/1200 SF_Bin1 = 0.448704
Info in <Minuit2>: Minuit2Minimizer::Minimize : Minimization did NOT converge, Edm is above max
Point 392/1200 SF_Bin1 = 0.44985
Point 393/1200 SF_Bin1 = 0.450996
Point 394/1200 SF_Bin1 = 0.452142
Point 395/1200 SF_Bin1 = 0.453288
Point 396/1200 SF_Bin1 = 0.454434
Point 397/1200 SF_Bin1 = 0.45558
Point 398/1200 SF_Bin1 = 0.456726
Point 399/1200 SF_Bin1 = 0.457872
Point 400/1200 SF_Bin1 = 0.459019
Point 401/1200 SF_Bin1 = 0.460165
Point 402/1200 SF_Bin1 = 0.461311
Point 403/1200 SF_Bin1 = 0.462457
Point 404/1200 SF_Bin1 = 0.463603
Point 405/1200 SF_Bin1 = 0.464749
Point 406/1200 SF_Bin1 = 0.465895
Point 407/1200 SF_Bin1 = 0.467041
Point 408/1200 SF_Bin1 = 0.468187
Point 409/1200 SF_Bin1 = 0.469334
Point 410/1200 SF_Bin1 = 0.47048
Point 411/1200 SF_Bin1 = 0.471626
Point 412/1200 SF_Bin1 = 0.472772
Point 413/1200 SF_Bin1 = 0.473918
Point 414/1200 SF_Bin1 = 0.475064
Point 415/1200 SF_Bin1 = 0.47621
Point 416/1200 SF_Bin1 = 0.477356
Point 417/1200 SF_Bin1 = 0.478503
Point 418/1200 SF_Bin1 = 0.479649
Point 419/1200 SF_Bin1 = 0.480795
Point 420/1200 SF_Bin1 = 0.481941
Point 421/1200 SF_Bin1 = 0.483087
Point 422/1200 SF_Bin1 = 0.484233
Point 423/1200 SF_Bin1 = 0.485379
Point 424/1200 SF_Bin1 = 0.486525
Point 425/1200 SF_Bin1 = 0.487671
Point 426/1200 SF_Bin1 = 0.488818
Point 427/1200 SF_Bin1 = 0.489964
Point 428/1200 SF_Bin1 = 0.49111
Point 429/1200 SF_Bin1 = 0.492256
Point 430/1200 SF_Bin1 = 0.493402
Point 431/1200 SF_Bin1 = 0.494548
Point 432/1200 SF_Bin1 = 0.495694
Point 433/1200 SF_Bin1 = 0.49684
Point 434/1200 SF_Bin1 = 0.497986
Point 435/1200 SF_Bin1 = 0.499133
Point 436/1200 SF_Bin1 = 0.500279
Point 437/1200 SF_Bin1 = 0.501425
Point 438/1200 SF_Bin1 = 0.502571
Point 439/1200 SF_Bin1 = 0.503717
Point 440/1200 SF_Bin1 = 0.504863
Point 441/1200 SF_Bin1 = 0.506009
Point 442/1200 SF_Bin1 = 0.507155
Point 443/1200 SF_Bin1 = 0.508301
Point 444/1200 SF_Bin1 = 0.509448
Point 445/1200 SF_Bin1 = 0.510594
Point 446/1200 SF_Bin1 = 0.51174
Point 447/1200 SF_Bin1 = 0.512886
Point 448/1200 SF_Bin1 = 0.514032
Point 449/1200 SF_Bin1 = 0.515178
Point 450/1200 SF_Bin1 = 0.516324
Point 451/1200 SF_Bin1 = 0.51747
Point 452/1200 SF_Bin1 = 0.518616
Point 453/1200 SF_Bin1 = 0.519763
Point 454/1200 SF_Bin1 = 0.520909
Point 455/1200 SF_Bin1 = 0.522055
Point 456/1200 SF_Bin1 = 0.523201
Point 457/1200 SF_Bin1 = 0.524347
Point 458/1200 SF_Bin1 = 0.525493
Point 459/1200 SF_Bin1 = 0.526639
Point 460/1200 SF_Bin1 = 0.527785
Point 461/1200 SF_Bin1 = 0.528932
Point 462/1200 SF_Bin1 = 0.530078
Point 463/1200 SF_Bin1 = 0.531224
Point 464/1200 SF_Bin1 = 0.53237
Point 465/1200 SF_Bin1 = 0.533516
Point 466/1200 SF_Bin1 = 0.534662
Point 467/1200 SF_Bin1 = 0.535808
Point 468/1200 SF_Bin1 = 0.536954
Point 469/1200 SF_Bin1 = 0.5381
Point 470/1200 SF_Bin1 = 0.539247
Point 471/1200 SF_Bin1 = 0.540393
Point 472/1200 SF_Bin1 = 0.541539
Point 473/1200 SF_Bin1 = 0.542685
Point 474/1200 SF_Bin1 = 0.543831
Point 475/1200 SF_Bin1 = 0.544977
Point 476/1200 SF_Bin1 = 0.546123
Point 477/1200 SF_Bin1 = 0.547269
Point 478/1200 SF_Bin1 = 0.548415
Point 479/1200 SF_Bin1 = 0.549562
Point 480/1200 SF_Bin1 = 0.550708
Point 481/1200 SF_Bin1 = 0.551854
Point 482/1200 SF_Bin1 = 0.553
Point 483/1200 SF_Bin1 = 0.554146
Point 484/1200 SF_Bin1 = 0.555292
Point 485/1200 SF_Bin1 = 0.556438
Point 486/1200 SF_Bin1 = 0.557584
Point 487/1200 SF_Bin1 = 0.55873
Point 488/1200 SF_Bin1 = 0.559877
Point 489/1200 SF_Bin1 = 0.561023
Point 490/1200 SF_Bin1 = 0.562169
Point 491/1200 SF_Bin1 = 0.563315
Point 492/1200 SF_Bin1 = 0.564461
Point 493/1200 SF_Bin1 = 0.565607
Point 494/1200 SF_Bin1 = 0.566753
Point 495/1200 SF_Bin1 = 0.567899
Point 496/1200 SF_Bin1 = 0.569045
Point 497/1200 SF_Bin1 = 0.570192
Point 498/1200 SF_Bin1 = 0.571338
Point 499/1200 SF_Bin1 = 0.572484
Point 500/1200 SF_Bin1 = 0.57363
Point 501/1200 SF_Bin1 = 0.574776
Point 502/1200 SF_Bin1 = 0.575922
Point 503/1200 SF_Bin1 = 0.577068
Point 504/1200 SF_Bin1 = 0.578214
Point 505/1200 SF_Bin1 = 0.579361
Point 506/1200 SF_Bin1 = 0.580507
Point 507/1200 SF_Bin1 = 0.581653
Point 508/1200 SF_Bin1 = 0.582799
Point 509/1200 SF_Bin1 = 0.583945
Point 510/1200 SF_Bin1 = 0.585091
Point 511/1200 SF_Bin1 = 0.586237
Point 512/1200 SF_Bin1 = 0.587383
Point 513/1200 SF_Bin1 = 0.588529
Point 514/1200 SF_Bin1 = 0.589676
Point 515/1200 SF_Bin1 = 0.590822
Point 516/1200 SF_Bin1 = 0.591968
Point 517/1200 SF_Bin1 = 0.593114
Point 518/1200 SF_Bin1 = 0.59426
Point 519/1200 SF_Bin1 = 0.595406
Point 520/1200 SF_Bin1 = 0.596552
Point 521/1200 SF_Bin1 = 0.597698
Point 522/1200 SF_Bin1 = 0.598844
Point 523/1200 SF_Bin1 = 0.599991
Point 524/1200 SF_Bin1 = 0.601137
Point 525/1200 SF_Bin1 = 0.602283
Point 526/1200 SF_Bin1 = 0.603429
Point 527/1200 SF_Bin1 = 0.604575
Point 528/1200 SF_Bin1 = 0.605721
Point 529/1200 SF_Bin1 = 0.606867
Point 530/1200 SF_Bin1 = 0.608013
Point 531/1200 SF_Bin1 = 0.609159
Point 532/1200 SF_Bin1 = 0.610306
Point 533/1200 SF_Bin1 = 0.611452
Point 534/1200 SF_Bin1 = 0.612598
Point 535/1200 SF_Bin1 = 0.613744
Point 536/1200 SF_Bin1 = 0.61489
Point 537/1200 SF_Bin1 = 0.616036
Point 538/1200 SF_Bin1 = 0.617182
Point 539/1200 SF_Bin1 = 0.618328
Point 540/1200 SF_Bin1 = 0.619474
Point 541/1200 SF_Bin1 = 0.620621
Point 542/1200 SF_Bin1 = 0.621767
Point 543/1200 SF_Bin1 = 0.622913
Point 544/1200 SF_Bin1 = 0.624059
Point 545/1200 SF_Bin1 = 0.625205
Point 546/1200 SF_Bin1 = 0.626351
Point 547/1200 SF_Bin1 = 0.627497
Point 548/1200 SF_Bin1 = 0.628643
Point 549/1200 SF_Bin1 = 0.62979
Point 550/1200 SF_Bin1 = 0.630936
Point 551/1200 SF_Bin1 = 0.632082
Point 552/1200 SF_Bin1 = 0.633228
Point 553/1200 SF_Bin1 = 0.634374
Point 554/1200 SF_Bin1 = 0.63552
Point 555/1200 SF_Bin1 = 0.636666
Point 556/1200 SF_Bin1 = 0.637812
Point 557/1200 SF_Bin1 = 0.638958
Point 558/1200 SF_Bin1 = 0.640105
Point 559/1200 SF_Bin1 = 0.641251
Point 560/1200 SF_Bin1 = 0.642397
Point 561/1200 SF_Bin1 = 0.643543
Point 562/1200 SF_Bin1 = 0.644689
Point 563/1200 SF_Bin1 = 0.645835
Point 564/1200 SF_Bin1 = 0.646981
Point 565/1200 SF_Bin1 = 0.648127
Point 566/1200 SF_Bin1 = 0.649273
Point 567/1200 SF_Bin1 = 0.65042
Point 568/1200 SF_Bin1 = 0.651566
Point 569/1200 SF_Bin1 = 0.652712
Point 570/1200 SF_Bin1 = 0.653858
Point 571/1200 SF_Bin1 = 0.655004
Point 572/1200 SF_Bin1 = 0.65615
Point 573/1200 SF_Bin1 = 0.657296
Point 574/1200 SF_Bin1 = 0.658442
Point 575/1200 SF_Bin1 = 0.659588
Point 576/1200 SF_Bin1 = 0.660735
Point 577/1200 SF_Bin1 = 0.661881
Point 578/1200 SF_Bin1 = 0.663027
Point 579/1200 SF_Bin1 = 0.664173
Point 580/1200 SF_Bin1 = 0.665319
Point 581/1200 SF_Bin1 = 0.666465
Point 582/1200 SF_Bin1 = 0.667611
Point 583/1200 SF_Bin1 = 0.668757
Point 584/1200 SF_Bin1 = 0.669904
Point 585/1200 SF_Bin1 = 0.67105
Point 586/1200 SF_Bin1 = 0.672196
Point 587/1200 SF_Bin1 = 0.673342
Point 588/1200 SF_Bin1 = 0.674488
Point 589/1200 SF_Bin1 = 0.675634
Point 590/1200 SF_Bin1 = 0.67678
Point 591/1200 SF_Bin1 = 0.677926
Point 592/1200 SF_Bin1 = 0.679072
Point 593/1200 SF_Bin1 = 0.680219
Point 594/1200 SF_Bin1 = 0.681365
Point 595/1200 SF_Bin1 = 0.682511
Point 596/1200 SF_Bin1 = 0.683657
Point 597/1200 SF_Bin1 = 0.684803
Point 598/1200 SF_Bin1 = 0.685949
Point 599/1200 SF_Bin1 = 0.687095
Point 600/1200 SF_Bin1 = 0.688241
Point 601/1200 SF_Bin1 = 0.689387
Point 602/1200 SF_Bin1 = 0.690534
Point 603/1200 SF_Bin1 = 0.69168
Point 604/1200 SF_Bin1 = 0.692826
Point 605/1200 SF_Bin1 = 0.693972
Point 606/1200 SF_Bin1 = 0.695118
Point 607/1200 SF_Bin1 = 0.696264
Point 608/1200 SF_Bin1 = 0.69741
Point 609/1200 SF_Bin1 = 0.698556
Point 610/1200 SF_Bin1 = 0.699702
Point 611/1200 SF_Bin1 = 0.700849
Point 612/1200 SF_Bin1 = 0.701995
Point 613/1200 SF_Bin1 = 0.703141
Point 614/1200 SF_Bin1 = 0.704287
Point 615/1200 SF_Bin1 = 0.705433
Point 616/1200 SF_Bin1 = 0.706579
Point 617/1200 SF_Bin1 = 0.707725
Point 618/1200 SF_Bin1 = 0.708871
Point 619/1200 SF_Bin1 = 0.710017
Point 620/1200 SF_Bin1 = 0.711164
Point 621/1200 SF_Bin1 = 0.71231
Point 622/1200 SF_Bin1 = 0.713456
Point 623/1200 SF_Bin1 = 0.714602
Point 624/1200 SF_Bin1 = 0.715748
Point 625/1200 SF_Bin1 = 0.716894
Point 626/1200 SF_Bin1 = 0.71804
Point 627/1200 SF_Bin1 = 0.719186
Point 628/1200 SF_Bin1 = 0.720333
Point 629/1200 SF_Bin1 = 0.721479
Point 630/1200 SF_Bin1 = 0.722625
Point 631/1200 SF_Bin1 = 0.723771
Point 632/1200 SF_Bin1 = 0.724917
Point 633/1200 SF_Bin1 = 0.726063
Point 634/1200 SF_Bin1 = 0.727209
Point 635/1200 SF_Bin1 = 0.728355
Point 636/1200 SF_Bin1 = 0.729501
Point 637/1200 SF_Bin1 = 0.730648
Point 638/1200 SF_Bin1 = 0.731794
Point 639/1200 SF_Bin1 = 0.73294
Point 640/1200 SF_Bin1 = 0.734086
Point 641/1200 SF_Bin1 = 0.735232
Point 642/1200 SF_Bin1 = 0.736378
Point 643/1200 SF_Bin1 = 0.737524
Point 644/1200 SF_Bin1 = 0.73867
Point 645/1200 SF_Bin1 = 0.739816
Point 646/1200 SF_Bin1 = 0.740963
Point 647/1200 SF_Bin1 = 0.742109
Point 648/1200 SF_Bin1 = 0.743255
Point 649/1200 SF_Bin1 = 0.744401
Point 650/1200 SF_Bin1 = 0.745547
Point 651/1200 SF_Bin1 = 0.746693
Point 652/1200 SF_Bin1 = 0.747839
Point 653/1200 SF_Bin1 = 0.748985
Point 654/1200 SF_Bin1 = 0.750131
Point 655/1200 SF_Bin1 = 0.751278
Point 656/1200 SF_Bin1 = 0.752424
Point 657/1200 SF_Bin1 = 0.75357
Point 658/1200 SF_Bin1 = 0.754716
Point 659/1200 SF_Bin1 = 0.755862
Point 660/1200 SF_Bin1 = 0.757008
Point 661/1200 SF_Bin1 = 0.758154
Point 662/1200 SF_Bin1 = 0.7593
Point 663/1200 SF_Bin1 = 0.760446
Point 664/1200 SF_Bin1 = 0.761593
Point 665/1200 SF_Bin1 = 0.762739
Point 666/1200 SF_Bin1 = 0.763885
Point 667/1200 SF_Bin1 = 0.765031
Point 668/1200 SF_Bin1 = 0.766177
Point 669/1200 SF_Bin1 = 0.767323
Point 670/1200 SF_Bin1 = 0.768469
Point 671/1200 SF_Bin1 = 0.769615
Point 672/1200 SF_Bin1 = 0.770762
Point 673/1200 SF_Bin1 = 0.771908
Point 674/1200 SF_Bin1 = 0.773054
Point 675/1200 SF_Bin1 = 0.7742
Point 676/1200 SF_Bin1 = 0.775346
Point 677/1200 SF_Bin1 = 0.776492
Point 678/1200 SF_Bin1 = 0.777638
Point 679/1200 SF_Bin1 = 0.778784
Point 680/1200 SF_Bin1 = 0.77993
Point 681/1200 SF_Bin1 = 0.781077
Point 682/1200 SF_Bin1 = 0.782223
Point 683/1200 SF_Bin1 = 0.783369
Point 684/1200 SF_Bin1 = 0.784515
Point 685/1200 SF_Bin1 = 0.785661
Point 686/1200 SF_Bin1 = 0.786807
Point 687/1200 SF_Bin1 = 0.787953
Point 688/1200 SF_Bin1 = 0.789099
Point 689/1200 SF_Bin1 = 0.790245
Point 690/1200 SF_Bin1 = 0.791392
Point 691/1200 SF_Bin1 = 0.792538
Point 692/1200 SF_Bin1 = 0.793684
Point 693/1200 SF_Bin1 = 0.79483
Point 694/1200 SF_Bin1 = 0.795976
Point 695/1200 SF_Bin1 = 0.797122
Point 696/1200 SF_Bin1 = 0.798268
Point 697/1200 SF_Bin1 = 0.799414
Point 698/1200 SF_Bin1 = 0.80056
Point 699/1200 SF_Bin1 = 0.801707
Point 700/1200 SF_Bin1 = 0.802853
Point 701/1200 SF_Bin1 = 0.803999
Point 702/1200 SF_Bin1 = 0.805145
Point 703/1200 SF_Bin1 = 0.806291
Point 704/1200 SF_Bin1 = 0.807437
Point 705/1200 SF_Bin1 = 0.808583
Point 706/1200 SF_Bin1 = 0.809729
Point 707/1200 SF_Bin1 = 0.810875
Point 708/1200 SF_Bin1 = 0.812022
Point 709/1200 SF_Bin1 = 0.813168
Point 710/1200 SF_Bin1 = 0.814314
Point 711/1200 SF_Bin1 = 0.81546
Point 712/1200 SF_Bin1 = 0.816606
Point 713/1200 SF_Bin1 = 0.817752
Point 714/1200 SF_Bin1 = 0.818898
Point 715/1200 SF_Bin1 = 0.820044
Point 716/1200 SF_Bin1 = 0.821191
Point 717/1200 SF_Bin1 = 0.822337
Point 718/1200 SF_Bin1 = 0.823483
Point 719/1200 SF_Bin1 = 0.824629
Point 720/1200 SF_Bin1 = 0.825775
Point 721/1200 SF_Bin1 = 0.826921
Point 722/1200 SF_Bin1 = 0.828067
Point 723/1200 SF_Bin1 = 0.829213
Point 724/1200 SF_Bin1 = 0.830359
Point 725/1200 SF_Bin1 = 0.831506
Point 726/1200 SF_Bin1 = 0.832652
Point 727/1200 SF_Bin1 = 0.833798
Point 728/1200 SF_Bin1 = 0.834944
Point 729/1200 SF_Bin1 = 0.83609
Point 730/1200 SF_Bin1 = 0.837236
Point 731/1200 SF_Bin1 = 0.838382
Point 732/1200 SF_Bin1 = 0.839528
Point 733/1200 SF_Bin1 = 0.840674
Point 734/1200 SF_Bin1 = 0.841821
Point 735/1200 SF_Bin1 = 0.842967
Point 736/1200 SF_Bin1 = 0.844113
Point 737/1200 SF_Bin1 = 0.845259
Point 738/1200 SF_Bin1 = 0.846405
Point 739/1200 SF_Bin1 = 0.847551
Point 740/1200 SF_Bin1 = 0.848697
Point 741/1200 SF_Bin1 = 0.849843
Point 742/1200 SF_Bin1 = 0.850989
Point 743/1200 SF_Bin1 = 0.852136
Point 744/1200 SF_Bin1 = 0.853282
Point 745/1200 SF_Bin1 = 0.854428
Point 746/1200 SF_Bin1 = 0.855574
Point 747/1200 SF_Bin1 = 0.85672
Point 748/1200 SF_Bin1 = 0.857866
Point 749/1200 SF_Bin1 = 0.859012
Point 750/1200 SF_Bin1 = 0.860158
Point 751/1200 SF_Bin1 = 0.861305
Point 752/1200 SF_Bin1 = 0.862451
Point 753/1200 SF_Bin1 = 0.863597
Point 754/1200 SF_Bin1 = 0.864743
Point 755/1200 SF_Bin1 = 0.865889
Point 756/1200 SF_Bin1 = 0.867035
Point 757/1200 SF_Bin1 = 0.868181
Point 758/1200 SF_Bin1 = 0.869327
Point 759/1200 SF_Bin1 = 0.870473
Point 760/1200 SF_Bin1 = 0.87162
Point 761/1200 SF_Bin1 = 0.872766
Point 762/1200 SF_Bin1 = 0.873912
Point 763/1200 SF_Bin1 = 0.875058
Point 764/1200 SF_Bin1 = 0.876204
Point 765/1200 SF_Bin1 = 0.87735
Point 766/1200 SF_Bin1 = 0.878496
Point 767/1200 SF_Bin1 = 0.879642
Point 768/1200 SF_Bin1 = 0.880788
Point 769/1200 SF_Bin1 = 0.881935
Point 770/1200 SF_Bin1 = 0.883081
Point 771/1200 SF_Bin1 = 0.884227
Point 772/1200 SF_Bin1 = 0.885373
Point 773/1200 SF_Bin1 = 0.886519
Point 774/1200 SF_Bin1 = 0.887665
Point 775/1200 SF_Bin1 = 0.888811
Point 776/1200 SF_Bin1 = 0.889957
Point 777/1200 SF_Bin1 = 0.891103
Point 778/1200 SF_Bin1 = 0.89225
Point 779/1200 SF_Bin1 = 0.893396
Point 780/1200 SF_Bin1 = 0.894542
Point 781/1200 SF_Bin1 = 0.895688
Point 782/1200 SF_Bin1 = 0.896834
Point 783/1200 SF_Bin1 = 0.89798
Point 784/1200 SF_Bin1 = 0.899126
Point 785/1200 SF_Bin1 = 0.900272
Point 786/1200 SF_Bin1 = 0.901418
Point 787/1200 SF_Bin1 = 0.902565
Point 788/1200 SF_Bin1 = 0.903711
Point 789/1200 SF_Bin1 = 0.904857
Point 790/1200 SF_Bin1 = 0.906003
Point 791/1200 SF_Bin1 = 0.907149
Point 792/1200 SF_Bin1 = 0.908295
Point 793/1200 SF_Bin1 = 0.909441
Point 794/1200 SF_Bin1 = 0.910587
Point 795/1200 SF_Bin1 = 0.911734
Point 796/1200 SF_Bin1 = 0.91288
Point 797/1200 SF_Bin1 = 0.914026
Point 798/1200 SF_Bin1 = 0.915172
Point 799/1200 SF_Bin1 = 0.916318
Point 800/1200 SF_Bin1 = 0.917464
Point 801/1200 SF_Bin1 = 0.91861
Point 802/1200 SF_Bin1 = 0.919756
Point 803/1200 SF_Bin1 = 0.920902
Point 804/1200 SF_Bin1 = 0.922049
Point 805/1200 SF_Bin1 = 0.923195
Point 806/1200 SF_Bin1 = 0.924341
Point 807/1200 SF_Bin1 = 0.925487
Point 808/1200 SF_Bin1 = 0.926633
Point 809/1200 SF_Bin1 = 0.927779
Point 810/1200 SF_Bin1 = 0.928925
Point 811/1200 SF_Bin1 = 0.930071
Point 812/1200 SF_Bin1 = 0.931217
Point 813/1200 SF_Bin1 = 0.932364
Point 814/1200 SF_Bin1 = 0.93351
Point 815/1200 SF_Bin1 = 0.934656
Point 816/1200 SF_Bin1 = 0.935802
Point 817/1200 SF_Bin1 = 0.936948
Point 818/1200 SF_Bin1 = 0.938094
Point 819/1200 SF_Bin1 = 0.93924
Point 820/1200 SF_Bin1 = 0.940386
Point 821/1200 SF_Bin1 = 0.941532
Point 822/1200 SF_Bin1 = 0.942679
Point 823/1200 SF_Bin1 = 0.943825
Point 824/1200 SF_Bin1 = 0.944971
Point 825/1200 SF_Bin1 = 0.946117
Point 826/1200 SF_Bin1 = 0.947263
Point 827/1200 SF_Bin1 = 0.948409
Point 828/1200 SF_Bin1 = 0.949555
Point 829/1200 SF_Bin1 = 0.950701
Point 830/1200 SF_Bin1 = 0.951847
Point 831/1200 SF_Bin1 = 0.952994
Point 832/1200 SF_Bin1 = 0.95414
Point 833/1200 SF_Bin1 = 0.955286
Point 834/1200 SF_Bin1 = 0.956432
Point 835/1200 SF_Bin1 = 0.957578
Point 836/1200 SF_Bin1 = 0.958724
Point 837/1200 SF_Bin1 = 0.95987
Point 838/1200 SF_Bin1 = 0.961016
Point 839/1200 SF_Bin1 = 0.962163
Point 840/1200 SF_Bin1 = 0.963309
Point 841/1200 SF_Bin1 = 0.964455
Point 842/1200 SF_Bin1 = 0.965601
Point 843/1200 SF_Bin1 = 0.966747
Point 844/1200 SF_Bin1 = 0.967893
Point 845/1200 SF_Bin1 = 0.969039
Point 846/1200 SF_Bin1 = 0.970185
Point 847/1200 SF_Bin1 = 0.971331
Point 848/1200 SF_Bin1 = 0.972478
Point 849/1200 SF_Bin1 = 0.973624
Point 850/1200 SF_Bin1 = 0.97477
Point 851/1200 SF_Bin1 = 0.975916
Point 852/1200 SF_Bin1 = 0.977062
Point 853/1200 SF_Bin1 = 0.978208
Point 854/1200 SF_Bin1 = 0.979354
Point 855/1200 SF_Bin1 = 0.9805
Point 856/1200 SF_Bin1 = 0.981646
Point 857/1200 SF_Bin1 = 0.982793
Point 858/1200 SF_Bin1 = 0.983939
Point 859/1200 SF_Bin1 = 0.985085
Point 860/1200 SF_Bin1 = 0.986231
Point 861/1200 SF_Bin1 = 0.987377
Info in <Minuit2>: Minuit2Minimizer::Minimize : Minimization did NOT converge, Edm is above max
Point 862/1200 SF_Bin1 = 0.988523
Info in <Minuit2>: Minuit2Minimizer::Minimize : Minimization did NOT converge, Edm is above max
Point 863/1200 SF_Bin1 = 0.989669
Info in <Minuit2>: Minuit2Minimizer::Minimize : Minimization did NOT converge, Edm is above max
Point 864/1200 SF_Bin1 = 0.990815
Info in <Minuit2>: Minuit2Minimizer::Minimize : Minimization did NOT converge, Edm is above max
Point 865/1200 SF_Bin1 = 0.991961
Info in <Minuit2>: Minuit2Minimizer::Minimize : Minimization did NOT converge, Edm is above max
Point 866/1200 SF_Bin1 = 0.993108
Info in <Minuit2>: Minuit2Minimizer::Minimize : Minimization did NOT converge, Edm is above max
Point 867/1200 SF_Bin1 = 0.994254
Point 868/1200 SF_Bin1 = 0.9954
Point 869/1200 SF_Bin1 = 0.996546
Point 870/1200 SF_Bin1 = 0.997692
Point 871/1200 SF_Bin1 = 0.998838
Point 872/1200 SF_Bin1 = 0.999984
Point 873/1200 SF_Bin1 = 1.00113
Point 874/1200 SF_Bin1 = 1.00228
Point 875/1200 SF_Bin1 = 1.00342
Point 876/1200 SF_Bin1 = 1.00457
Point 877/1200 SF_Bin1 = 1.00571
Point 878/1200 SF_Bin1 = 1.00686
Point 879/1200 SF_Bin1 = 1.00801
Point 880/1200 SF_Bin1 = 1.00915
Point 881/1200 SF_Bin1 = 1.0103
Point 882/1200 SF_Bin1 = 1.01145
Point 883/1200 SF_Bin1 = 1.01259
Point 884/1200 SF_Bin1 = 1.01374
Point 885/1200 SF_Bin1 = 1.01488
Point 886/1200 SF_Bin1 = 1.01603
Point 887/1200 SF_Bin1 = 1.01718
Point 888/1200 SF_Bin1 = 1.01832
Point 889/1200 SF_Bin1 = 1.01947
Point 890/1200 SF_Bin1 = 1.02061
Point 891/1200 SF_Bin1 = 1.02176
Point 892/1200 SF_Bin1 = 1.02291
Point 893/1200 SF_Bin1 = 1.02405
Point 894/1200 SF_Bin1 = 1.0252
Point 895/1200 SF_Bin1 = 1.02634
Point 896/1200 SF_Bin1 = 1.02749
Point 897/1200 SF_Bin1 = 1.02864
Point 898/1200 SF_Bin1 = 1.02978
Point 899/1200 SF_Bin1 = 1.03093
Point 900/1200 SF_Bin1 = 1.03208
Point 901/1200 SF_Bin1 = 1.03322
Point 902/1200 SF_Bin1 = 1.03437
Point 903/1200 SF_Bin1 = 1.03551
Point 904/1200 SF_Bin1 = 1.03666
Point 905/1200 SF_Bin1 = 1.03781
Point 906/1200 SF_Bin1 = 1.03895
Point 907/1200 SF_Bin1 = 1.0401
Point 908/1200 SF_Bin1 = 1.04124
Point 909/1200 SF_Bin1 = 1.04239
Point 910/1200 SF_Bin1 = 1.04354
Point 911/1200 SF_Bin1 = 1.04468
Point 912/1200 SF_Bin1 = 1.04583
Point 913/1200 SF_Bin1 = 1.04697
Point 914/1200 SF_Bin1 = 1.04812
Point 915/1200 SF_Bin1 = 1.04927
Point 916/1200 SF_Bin1 = 1.05041
Point 917/1200 SF_Bin1 = 1.05156
Point 918/1200 SF_Bin1 = 1.05271
Point 919/1200 SF_Bin1 = 1.05385
Point 920/1200 SF_Bin1 = 1.055
Point 921/1200 SF_Bin1 = 1.05614
Point 922/1200 SF_Bin1 = 1.05729
Point 923/1200 SF_Bin1 = 1.05844
Point 924/1200 SF_Bin1 = 1.05958
Point 925/1200 SF_Bin1 = 1.06073
Point 926/1200 SF_Bin1 = 1.06187
Point 927/1200 SF_Bin1 = 1.06302
Point 928/1200 SF_Bin1 = 1.06417
Point 929/1200 SF_Bin1 = 1.06531
Point 930/1200 SF_Bin1 = 1.06646
Point 931/1200 SF_Bin1 = 1.0676
Point 932/1200 SF_Bin1 = 1.06875
Point 933/1200 SF_Bin1 = 1.0699
Point 934/1200 SF_Bin1 = 1.07104
Point 935/1200 SF_Bin1 = 1.07219
Point 936/1200 SF_Bin1 = 1.07334
Point 937/1200 SF_Bin1 = 1.07448
Point 938/1200 SF_Bin1 = 1.07563
Point 939/1200 SF_Bin1 = 1.07677
Point 940/1200 SF_Bin1 = 1.07792
Point 941/1200 SF_Bin1 = 1.07907
Point 942/1200 SF_Bin1 = 1.08021
Point 943/1200 SF_Bin1 = 1.08136
Point 944/1200 SF_Bin1 = 1.0825
Point 945/1200 SF_Bin1 = 1.08365
Point 946/1200 SF_Bin1 = 1.0848
Point 947/1200 SF_Bin1 = 1.08594
Point 948/1200 SF_Bin1 = 1.08709
Point 949/1200 SF_Bin1 = 1.08824
Point 950/1200 SF_Bin1 = 1.08938
Point 951/1200 SF_Bin1 = 1.09053
Point 952/1200 SF_Bin1 = 1.09167
Point 953/1200 SF_Bin1 = 1.09282
Point 954/1200 SF_Bin1 = 1.09397
Point 955/1200 SF_Bin1 = 1.09511
Point 956/1200 SF_Bin1 = 1.09626
Point 957/1200 SF_Bin1 = 1.0974
Point 958/1200 SF_Bin1 = 1.09855
Point 959/1200 SF_Bin1 = 1.0997
Point 960/1200 SF_Bin1 = 1.10084
Point 961/1200 SF_Bin1 = 1.10199
Point 962/1200 SF_Bin1 = 1.10313
Point 963/1200 SF_Bin1 = 1.10428
Point 964/1200 SF_Bin1 = 1.10543
Point 965/1200 SF_Bin1 = 1.10657
Point 966/1200 SF_Bin1 = 1.10772
Point 967/1200 SF_Bin1 = 1.10887
Point 968/1200 SF_Bin1 = 1.11001
Point 969/1200 SF_Bin1 = 1.11116
Point 970/1200 SF_Bin1 = 1.1123
Point 971/1200 SF_Bin1 = 1.11345
Point 972/1200 SF_Bin1 = 1.1146
Point 973/1200 SF_Bin1 = 1.11574
Point 974/1200 SF_Bin1 = 1.11689
Point 975/1200 SF_Bin1 = 1.11803
Point 976/1200 SF_Bin1 = 1.11918
Point 977/1200 SF_Bin1 = 1.12033
Point 978/1200 SF_Bin1 = 1.12147
Point 979/1200 SF_Bin1 = 1.12262
Point 980/1200 SF_Bin1 = 1.12376
Point 981/1200 SF_Bin1 = 1.12491
Point 982/1200 SF_Bin1 = 1.12606
Point 983/1200 SF_Bin1 = 1.1272
Point 984/1200 SF_Bin1 = 1.12835
Point 985/1200 SF_Bin1 = 1.1295
Point 986/1200 SF_Bin1 = 1.13064
Point 987/1200 SF_Bin1 = 1.13179
Point 988/1200 SF_Bin1 = 1.13293
Point 989/1200 SF_Bin1 = 1.13408
Point 990/1200 SF_Bin1 = 1.13523
Point 991/1200 SF_Bin1 = 1.13637
Point 992/1200 SF_Bin1 = 1.13752
Point 993/1200 SF_Bin1 = 1.13866
Point 994/1200 SF_Bin1 = 1.13981
Point 995/1200 SF_Bin1 = 1.14096
Point 996/1200 SF_Bin1 = 1.1421
Point 997/1200 SF_Bin1 = 1.14325
Point 998/1200 SF_Bin1 = 1.14439
Point 999/1200 SF_Bin1 = 1.14554
Point 1000/1200 SF_Bin1 = 1.14669
Point 1001/1200 SF_Bin1 = 1.14783
Point 1002/1200 SF_Bin1 = 1.14898
Point 1003/1200 SF_Bin1 = 1.15013
Point 1004/1200 SF_Bin1 = 1.15127
Point 1005/1200 SF_Bin1 = 1.15242
Point 1006/1200 SF_Bin1 = 1.15356
Point 1007/1200 SF_Bin1 = 1.15471
Point 1008/1200 SF_Bin1 = 1.15586
Point 1009/1200 SF_Bin1 = 1.157
Point 1010/1200 SF_Bin1 = 1.15815
Point 1011/1200 SF_Bin1 = 1.15929
Point 1012/1200 SF_Bin1 = 1.16044
Point 1013/1200 SF_Bin1 = 1.16159
Point 1014/1200 SF_Bin1 = 1.16273
Point 1015/1200 SF_Bin1 = 1.16388
Point 1016/1200 SF_Bin1 = 1.16502
Point 1017/1200 SF_Bin1 = 1.16617
Point 1018/1200 SF_Bin1 = 1.16732
Point 1019/1200 SF_Bin1 = 1.16846
Point 1020/1200 SF_Bin1 = 1.16961
Point 1021/1200 SF_Bin1 = 1.17076
Point 1022/1200 SF_Bin1 = 1.1719
Point 1023/1200 SF_Bin1 = 1.17305
Point 1024/1200 SF_Bin1 = 1.17419
Point 1025/1200 SF_Bin1 = 1.17534
Point 1026/1200 SF_Bin1 = 1.17649
Point 1027/1200 SF_Bin1 = 1.17763
Point 1028/1200 SF_Bin1 = 1.17878
Point 1029/1200 SF_Bin1 = 1.17992
Point 1030/1200 SF_Bin1 = 1.18107
Point 1031/1200 SF_Bin1 = 1.18222
Point 1032/1200 SF_Bin1 = 1.18336
Point 1033/1200 SF_Bin1 = 1.18451
Point 1034/1200 SF_Bin1 = 1.18565
Point 1035/1200 SF_Bin1 = 1.1868
Point 1036/1200 SF_Bin1 = 1.18795
Point 1037/1200 SF_Bin1 = 1.18909
Point 1038/1200 SF_Bin1 = 1.19024
Point 1039/1200 SF_Bin1 = 1.19139
Point 1040/1200 SF_Bin1 = 1.19253
Point 1041/1200 SF_Bin1 = 1.19368
Point 1042/1200 SF_Bin1 = 1.19482
Point 1043/1200 SF_Bin1 = 1.19597
Point 1044/1200 SF_Bin1 = 1.19712
Point 1045/1200 SF_Bin1 = 1.19826
Point 1046/1200 SF_Bin1 = 1.19941
Point 1047/1200 SF_Bin1 = 1.20055
Point 1048/1200 SF_Bin1 = 1.2017
Point 1049/1200 SF_Bin1 = 1.20285
Point 1050/1200 SF_Bin1 = 1.20399
Point 1051/1200 SF_Bin1 = 1.20514
Point 1052/1200 SF_Bin1 = 1.20628
Point 1053/1200 SF_Bin1 = 1.20743
Point 1054/1200 SF_Bin1 = 1.20858
Point 1055/1200 SF_Bin1 = 1.20972
Point 1056/1200 SF_Bin1 = 1.21087
Point 1057/1200 SF_Bin1 = 1.21202
Point 1058/1200 SF_Bin1 = 1.21316
Point 1059/1200 SF_Bin1 = 1.21431
Point 1060/1200 SF_Bin1 = 1.21545
Point 1061/1200 SF_Bin1 = 1.2166
Point 1062/1200 SF_Bin1 = 1.21775
Point 1063/1200 SF_Bin1 = 1.21889
Point 1064/1200 SF_Bin1 = 1.22004
Point 1065/1200 SF_Bin1 = 1.22118
Point 1066/1200 SF_Bin1 = 1.22233
Point 1067/1200 SF_Bin1 = 1.22348
Point 1068/1200 SF_Bin1 = 1.22462
Point 1069/1200 SF_Bin1 = 1.22577
Point 1070/1200 SF_Bin1 = 1.22691
Point 1071/1200 SF_Bin1 = 1.22806
Point 1072/1200 SF_Bin1 = 1.22921
Point 1073/1200 SF_Bin1 = 1.23035
Point 1074/1200 SF_Bin1 = 1.2315
Point 1075/1200 SF_Bin1 = 1.23265
Point 1076/1200 SF_Bin1 = 1.23379
Point 1077/1200 SF_Bin1 = 1.23494
Point 1078/1200 SF_Bin1 = 1.23608
Point 1079/1200 SF_Bin1 = 1.23723
Point 1080/1200 SF_Bin1 = 1.23838
Point 1081/1200 SF_Bin1 = 1.23952
Point 1082/1200 SF_Bin1 = 1.24067
Point 1083/1200 SF_Bin1 = 1.24181
Point 1084/1200 SF_Bin1 = 1.24296
Point 1085/1200 SF_Bin1 = 1.24411
Point 1086/1200 SF_Bin1 = 1.24525
Point 1087/1200 SF_Bin1 = 1.2464
Point 1088/1200 SF_Bin1 = 1.24754
Point 1089/1200 SF_Bin1 = 1.24869
Point 1090/1200 SF_Bin1 = 1.24984
Point 1091/1200 SF_Bin1 = 1.25098
Point 1092/1200 SF_Bin1 = 1.25213
Point 1093/1200 SF_Bin1 = 1.25328
Point 1094/1200 SF_Bin1 = 1.25442
Point 1095/1200 SF_Bin1 = 1.25557
Point 1096/1200 SF_Bin1 = 1.25671
Point 1097/1200 SF_Bin1 = 1.25786
Point 1098/1200 SF_Bin1 = 1.25901
Point 1099/1200 SF_Bin1 = 1.26015
Point 1100/1200 SF_Bin1 = 1.2613
[WARNING] Minimisation finished with status 1 (covariance forced positive definite), this could indicate a problem with the minimim!
Point 1101/1200 SF_Bin1 = 1.26244
[WARNING] Minimisation finished with status 1 (covariance forced positive definite), this could indicate a problem with the minimim!
Point 1102/1200 SF_Bin1 = 1.26359
Point 1103/1200 SF_Bin1 = 1.26474
[WARNING] Minimisation finished with status 1 (covariance forced positive definite), this could indicate a problem with the minimim!
Point 1104/1200 SF_Bin1 = 1.26588
[WARNING] Minimisation finished with status 1 (covariance forced positive definite), this could indicate a problem with the minimim!
Point 1105/1200 SF_Bin1 = 1.26703
[WARNING] Minimisation finished with status 1 (covariance forced positive definite), this could indicate a problem with the minimim!
Point 1106/1200 SF_Bin1 = 1.26817
[WARNING] Minimisation finished with status 1 (covariance forced positive definite), this could indicate a problem with the minimim!
Point 1107/1200 SF_Bin1 = 1.26932
[WARNING] Minimisation finished with status 1 (covariance forced positive definite), this could indicate a problem with the minimim!
Point 1108/1200 SF_Bin1 = 1.27047
[WARNING] Minimisation finished with status 1 (covariance forced positive definite), this could indicate a problem with the minimim!
Point 1109/1200 SF_Bin1 = 1.27161
Point 1110/1200 SF_Bin1 = 1.27276
Point 1111/1200 SF_Bin1 = 1.27391
[WARNING] Minimisation finished with status 1 (covariance forced positive definite), this could indicate a problem with the minimim!
Point 1112/1200 SF_Bin1 = 1.27505
Point 1113/1200 SF_Bin1 = 1.2762
Point 1114/1200 SF_Bin1 = 1.27734
Point 1115/1200 SF_Bin1 = 1.27849
Point 1116/1200 SF_Bin1 = 1.27964
[WARNING] Minimisation finished with status 1 (covariance forced positive definite), this could indicate a problem with the minimim!
Point 1117/1200 SF_Bin1 = 1.28078
Point 1118/1200 SF_Bin1 = 1.28193
Point 1119/1200 SF_Bin1 = 1.28307
Point 1120/1200 SF_Bin1 = 1.28422
Point 1121/1200 SF_Bin1 = 1.28537
Point 1122/1200 SF_Bin1 = 1.28651
Point 1123/1200 SF_Bin1 = 1.28766
Point 1124/1200 SF_Bin1 = 1.2888
Point 1125/1200 SF_Bin1 = 1.28995
[WARNING] Minimisation finished with status 1 (covariance forced positive definite), this could indicate a problem with the minimim!
Point 1126/1200 SF_Bin1 = 1.2911
Point 1127/1200 SF_Bin1 = 1.29224
Point 1128/1200 SF_Bin1 = 1.29339
Point 1129/1200 SF_Bin1 = 1.29454
Point 1130/1200 SF_Bin1 = 1.29568
Point 1131/1200 SF_Bin1 = 1.29683
Point 1132/1200 SF_Bin1 = 1.29797
Point 1133/1200 SF_Bin1 = 1.29912
Point 1134/1200 SF_Bin1 = 1.30027
Point 1135/1200 SF_Bin1 = 1.30141
Point 1136/1200 SF_Bin1 = 1.30256
Point 1137/1200 SF_Bin1 = 1.3037
Point 1138/1200 SF_Bin1 = 1.30485
Point 1139/1200 SF_Bin1 = 1.306
Point 1140/1200 SF_Bin1 = 1.30714
Point 1141/1200 SF_Bin1 = 1.30829
Point 1142/1200 SF_Bin1 = 1.30943
Point 1143/1200 SF_Bin1 = 1.31058
Point 1144/1200 SF_Bin1 = 1.31173
Point 1145/1200 SF_Bin1 = 1.31287
Point 1146/1200 SF_Bin1 = 1.31402
Point 1147/1200 SF_Bin1 = 1.31517
Point 1148/1200 SF_Bin1 = 1.31631
Point 1149/1200 SF_Bin1 = 1.31746
Point 1150/1200 SF_Bin1 = 1.3186
Point 1151/1200 SF_Bin1 = 1.31975
Point 1152/1200 SF_Bin1 = 1.3209
Point 1153/1200 SF_Bin1 = 1.32204
Point 1154/1200 SF_Bin1 = 1.32319
Point 1155/1200 SF_Bin1 = 1.32433
Point 1156/1200 SF_Bin1 = 1.32548
Point 1157/1200 SF_Bin1 = 1.32663
Point 1158/1200 SF_Bin1 = 1.32777
Point 1159/1200 SF_Bin1 = 1.32892
Point 1160/1200 SF_Bin1 = 1.33007
Point 1161/1200 SF_Bin1 = 1.33121
Point 1162/1200 SF_Bin1 = 1.33236
Point 1163/1200 SF_Bin1 = 1.3335
Point 1164/1200 SF_Bin1 = 1.33465
Point 1165/1200 SF_Bin1 = 1.3358
Point 1166/1200 SF_Bin1 = 1.33694
Point 1167/1200 SF_Bin1 = 1.33809
Point 1168/1200 SF_Bin1 = 1.33923
Point 1169/1200 SF_Bin1 = 1.34038
Point 1170/1200 SF_Bin1 = 1.34153
Point 1171/1200 SF_Bin1 = 1.34267
Point 1172/1200 SF_Bin1 = 1.34382
Point 1173/1200 SF_Bin1 = 1.34496
Point 1174/1200 SF_Bin1 = 1.34611
Point 1175/1200 SF_Bin1 = 1.34726
Point 1176/1200 SF_Bin1 = 1.3484
Point 1177/1200 SF_Bin1 = 1.34955
Point 1178/1200 SF_Bin1 = 1.3507
Point 1179/1200 SF_Bin1 = 1.35184
Point 1180/1200 SF_Bin1 = 1.35299
Point 1181/1200 SF_Bin1 = 1.35413
Point 1182/1200 SF_Bin1 = 1.35528
Point 1183/1200 SF_Bin1 = 1.35643
Point 1184/1200 SF_Bin1 = 1.35757
Point 1185/1200 SF_Bin1 = 1.35872
Point 1186/1200 SF_Bin1 = 1.35986
Point 1187/1200 SF_Bin1 = 1.36101
Point 1188/1200 SF_Bin1 = 1.36216
Point 1189/1200 SF_Bin1 = 1.3633
Point 1190/1200 SF_Bin1 = 1.36445
Point 1191/1200 SF_Bin1 = 1.36559
Point 1192/1200 SF_Bin1 = 1.36674
Point 1193/1200 SF_Bin1 = 1.36789
Point 1194/1200 SF_Bin1 = 1.36903
Point 1195/1200 SF_Bin1 = 1.37018
Point 1196/1200 SF_Bin1 = 1.37133
Point 1197/1200 SF_Bin1 = 1.37247
Point 1198/1200 SF_Bin1 = 1.37362
Point 1199/1200 SF_Bin1 = 1.37476
Done in 12.37 min (cpu), 12.37 min (real)
