 <<< Combine >>> 
>>> method used is MultiDimFit
>>> random number generator seed is 123456
Channel Bin0 will use autoMCStats with settings: event-threshold=10, include-signal=1, hist-mode=1
============================================================
Analysing bin errors for: prop_binBin0
Poisson cut-off: 10
============================================================
Bin        Contents        Error           Notes                         
0          6179.382947     166.771002      total sum                     
0          1373.000000     37.054015       Unweighted events, alpha=4.500643
  => Total parameter prop_binBin0_bin0[0.00,-7.00,7.00] to be gaussian constrained
------------------------------------------------------------
1          7766.166788     178.227131      total sum                     
1          1899.000000     43.577517       Unweighted events, alpha=4.089609
  => Total parameter prop_binBin0_bin1[0.00,-7.00,7.00] to be gaussian constrained
------------------------------------------------------------
2          8872.582737     227.791263      total sum                     
2          1517.000000     38.948684       Unweighted events, alpha=5.848769
  => Total parameter prop_binBin0_bin2[0.00,-7.00,7.00] to be gaussian constrained
------------------------------------------------------------
3          8953.412552     177.168512      total sum                     
3          2554.000000     50.537115       Unweighted events, alpha=3.505643
  => Total parameter prop_binBin0_bin3[0.00,-7.00,7.00] to be gaussian constrained
------------------------------------------------------------
4          8651.849127     206.394696      total sum                     
4          1757.000000     41.916584       Unweighted events, alpha=4.924217
  => Total parameter prop_binBin0_bin4[0.00,-7.00,7.00] to be gaussian constrained
------------------------------------------------------------
5          7418.849087     128.449048      total sum                     
5          3336.000000     57.758116       Unweighted events, alpha=2.223876
  => Total parameter prop_binBin0_bin5[0.00,-7.00,7.00] to be gaussian constrained
------------------------------------------------------------
6          6205.929461     197.753948      total sum                     
6          985.000000      31.384710       Unweighted events, alpha=6.300436
  => Total parameter prop_binBin0_bin6[0.00,-7.00,7.00] to be gaussian constrained
------------------------------------------------------------
7          4141.297194     93.197218       total sum                     
7          1975.000000     44.440972       Unweighted events, alpha=2.096859
  => Total parameter prop_binBin0_bin7[0.00,-7.00,7.00] to be gaussian constrained
------------------------------------------------------------
Channel Bin1 will use autoMCStats with settings: event-threshold=10, include-signal=1, hist-mode=1
============================================================
Analysing bin errors for: prop_binBin1
Poisson cut-off: 10
============================================================
Bin        Contents        Error           Notes                         
0          917.906786      75.241093       total sum                     
0          149.000000      12.206556       Unweighted events, alpha=6.160448
  => Total parameter prop_binBin1_bin0[0.00,-7.00,7.00] to be gaussian constrained
------------------------------------------------------------
1          1480.070682     91.234742       total sum                     
1          263.000000      16.217275       Unweighted events, alpha=5.627645
  => Total parameter prop_binBin1_bin1[0.00,-7.00,7.00] to be gaussian constrained
------------------------------------------------------------
2          1850.131151     96.374354       total sum                     
2          369.000000      19.209373       Unweighted events, alpha=5.013906
  => Total parameter prop_binBin1_bin2[0.00,-7.00,7.00] to be gaussian constrained
------------------------------------------------------------
3          1982.337442     92.024344       total sum                     
3          464.000000      21.540659       Unweighted events, alpha=4.272279
  => Total parameter prop_binBin1_bin3[0.00,-7.00,7.00] to be gaussian constrained
------------------------------------------------------------
4          2300.202906     112.712890      total sum                     
4          416.000000      20.396078       Unweighted events, alpha=5.529334
  => Total parameter prop_binBin1_bin4[0.00,-7.00,7.00] to be gaussian constrained
------------------------------------------------------------
5          2197.189522     84.460063       total sum                     
5          677.000000      26.019224       Unweighted events, alpha=3.245479
  => Total parameter prop_binBin1_bin5[0.00,-7.00,7.00] to be gaussian constrained
------------------------------------------------------------
6          2228.202767     89.169690       total sum                     
6          624.000000      24.979992       Unweighted events, alpha=3.570838
  => Total parameter prop_binBin1_bin6[0.00,-7.00,7.00] to be gaussian constrained
------------------------------------------------------------
7          1883.344397     75.318371       total sum                     
7          625.000000      25.000000       Unweighted events, alpha=3.013351
  => Total parameter prop_binBin1_bin7[0.00,-7.00,7.00] to be gaussian constrained
------------------------------------------------------------
Channel Bin2 will use autoMCStats with settings: event-threshold=10, include-signal=1, hist-mode=1
============================================================
Analysing bin errors for: prop_binBin2
Poisson cut-off: 10
============================================================
Bin        Contents        Error           Notes                         
0          425.051766      57.897140       total sum                     
0          54.000000       7.348469        Unweighted events, alpha=7.871329
  => Total parameter prop_binBin2_bin0[0.00,-7.00,7.00] to be gaussian constrained
------------------------------------------------------------
1          580.031669      60.548912       total sum                     
1          92.000000       9.591663        Unweighted events, alpha=6.304692
  => Total parameter prop_binBin2_bin1[0.00,-7.00,7.00] to be gaussian constrained
------------------------------------------------------------
2          595.426201      66.976502       total sum                     
2          79.000000       8.888194        Unweighted events, alpha=7.537041
  => Total parameter prop_binBin2_bin2[0.00,-7.00,7.00] to be gaussian constrained
------------------------------------------------------------
3          859.142950      65.382347       total sum                     
3          173.000000      13.152946       Unweighted events, alpha=4.966144
  => Total parameter prop_binBin2_bin3[0.00,-7.00,7.00] to be gaussian constrained
------------------------------------------------------------
4          805.225642      65.917250       total sum                     
4          149.000000      12.206556       Unweighted events, alpha=5.404199
  => Total parameter prop_binBin2_bin4[0.00,-7.00,7.00] to be gaussian constrained
------------------------------------------------------------
5          729.806357      67.026016       total sum                     
5          119.000000      10.908712       Unweighted events, alpha=6.132827
  => Total parameter prop_binBin2_bin5[0.00,-7.00,7.00] to be gaussian constrained
------------------------------------------------------------
6          760.064104      53.014608       total sum                     
6          206.000000      14.352700       Unweighted events, alpha=3.689632
  => Total parameter prop_binBin2_bin6[0.00,-7.00,7.00] to be gaussian constrained
------------------------------------------------------------
7          561.380214      47.662082       total sum                     
7          139.000000      11.789826       Unweighted events, alpha=4.038707
  => Total parameter prop_binBin2_bin7[0.00,-7.00,7.00] to be gaussian constrained
------------------------------------------------------------
Set Range of Parameter SF_bin1 To : (0.605757,1.14128)
Set Default Value of Parameter r To : 1
Set Default Value of Parameter SF_bin0 To : 0.933848
Set Default Value of Parameter SF_bin1 To : 0.912717
Set Default Value of Parameter SF_bin2 To : 0.615317
 POI: SF_bin1= 0.912711 -> [0.605757,1.14128]
Point 0/1200 SF_bin1 = 0.60598
Point 1/1200 SF_bin1 = 0.606426
Point 2/1200 SF_bin1 = 0.606873
Point 3/1200 SF_bin1 = 0.607319
Point 4/1200 SF_bin1 = 0.607765
Point 5/1200 SF_bin1 = 0.608211
Point 6/1200 SF_bin1 = 0.608658
Point 7/1200 SF_bin1 = 0.609104
Point 8/1200 SF_bin1 = 0.60955
Point 9/1200 SF_bin1 = 0.609997
Point 10/1200 SF_bin1 = 0.610443
Point 11/1200 SF_bin1 = 0.610889
Point 12/1200 SF_bin1 = 0.611335
Point 13/1200 SF_bin1 = 0.611782
Point 14/1200 SF_bin1 = 0.612228
Point 15/1200 SF_bin1 = 0.612674
Point 16/1200 SF_bin1 = 0.61312
Point 17/1200 SF_bin1 = 0.613567
Point 18/1200 SF_bin1 = 0.614013
Point 19/1200 SF_bin1 = 0.614459
Point 20/1200 SF_bin1 = 0.614906
Point 21/1200 SF_bin1 = 0.615352
Point 22/1200 SF_bin1 = 0.615798
Point 23/1200 SF_bin1 = 0.616244
Point 24/1200 SF_bin1 = 0.616691
Point 25/1200 SF_bin1 = 0.617137
Point 26/1200 SF_bin1 = 0.617583
Point 27/1200 SF_bin1 = 0.618029
Point 28/1200 SF_bin1 = 0.618476
Point 29/1200 SF_bin1 = 0.618922
Point 30/1200 SF_bin1 = 0.619368
Point 31/1200 SF_bin1 = 0.619815
Point 32/1200 SF_bin1 = 0.620261
Point 33/1200 SF_bin1 = 0.620707
Point 34/1200 SF_bin1 = 0.621153
Point 35/1200 SF_bin1 = 0.6216
Point 36/1200 SF_bin1 = 0.622046
Point 37/1200 SF_bin1 = 0.622492
Point 38/1200 SF_bin1 = 0.622938
Point 39/1200 SF_bin1 = 0.623385
Point 40/1200 SF_bin1 = 0.623831
Point 41/1200 SF_bin1 = 0.624277
Point 42/1200 SF_bin1 = 0.624724
Point 43/1200 SF_bin1 = 0.62517
Point 44/1200 SF_bin1 = 0.625616
Point 45/1200 SF_bin1 = 0.626062
Point 46/1200 SF_bin1 = 0.626509
Point 47/1200 SF_bin1 = 0.626955
Point 48/1200 SF_bin1 = 0.627401
Point 49/1200 SF_bin1 = 0.627847
Point 50/1200 SF_bin1 = 0.628294
Point 51/1200 SF_bin1 = 0.62874
Point 52/1200 SF_bin1 = 0.629186
Point 53/1200 SF_bin1 = 0.629633
Point 54/1200 SF_bin1 = 0.630079
Point 55/1200 SF_bin1 = 0.630525
Point 56/1200 SF_bin1 = 0.630971
Point 57/1200 SF_bin1 = 0.631418
Point 58/1200 SF_bin1 = 0.631864
Point 59/1200 SF_bin1 = 0.63231
Point 60/1200 SF_bin1 = 0.632756
Point 61/1200 SF_bin1 = 0.633203
Point 62/1200 SF_bin1 = 0.633649
Point 63/1200 SF_bin1 = 0.634095
Point 64/1200 SF_bin1 = 0.634542
Point 65/1200 SF_bin1 = 0.634988
Point 66/1200 SF_bin1 = 0.635434
Point 67/1200 SF_bin1 = 0.63588
Point 68/1200 SF_bin1 = 0.636327
Point 69/1200 SF_bin1 = 0.636773
Point 70/1200 SF_bin1 = 0.637219
Point 71/1200 SF_bin1 = 0.637665
Point 72/1200 SF_bin1 = 0.638112
Point 73/1200 SF_bin1 = 0.638558
Point 74/1200 SF_bin1 = 0.639004
Point 75/1200 SF_bin1 = 0.639451
Point 76/1200 SF_bin1 = 0.639897
Point 77/1200 SF_bin1 = 0.640343
Point 78/1200 SF_bin1 = 0.640789
Point 79/1200 SF_bin1 = 0.641236
Point 80/1200 SF_bin1 = 0.641682
Point 81/1200 SF_bin1 = 0.642128
Point 82/1200 SF_bin1 = 0.642574
Point 83/1200 SF_bin1 = 0.643021
Point 84/1200 SF_bin1 = 0.643467
Point 85/1200 SF_bin1 = 0.643913
Point 86/1200 SF_bin1 = 0.64436
Point 87/1200 SF_bin1 = 0.644806
Point 88/1200 SF_bin1 = 0.645252
Point 89/1200 SF_bin1 = 0.645698
Point 90/1200 SF_bin1 = 0.646145
Point 91/1200 SF_bin1 = 0.646591
Point 92/1200 SF_bin1 = 0.647037
Point 93/1200 SF_bin1 = 0.647483
Point 94/1200 SF_bin1 = 0.64793
Point 95/1200 SF_bin1 = 0.648376
Point 96/1200 SF_bin1 = 0.648822
Point 97/1200 SF_bin1 = 0.649269
Point 98/1200 SF_bin1 = 0.649715
Point 99/1200 SF_bin1 = 0.650161
Point 100/1200 SF_bin1 = 0.650607
Point 101/1200 SF_bin1 = 0.651054
Point 102/1200 SF_bin1 = 0.6515
Point 103/1200 SF_bin1 = 0.651946
Point 104/1200 SF_bin1 = 0.652392
Point 105/1200 SF_bin1 = 0.652839
WARNING: underflow to -nan in pdf_binBin1_obsOnly for bin 0, weight 1169
FASTEXIT from pdf_binBin1_obsOnly
WARNING: underflow to -nan in pdf_binBin2_obsOnly for bin 0, weight 438
FASTEXIT from pdf_binBin2_obsOnly
[#0] WARNING:Minization -- RooMinimizerFcn: Minimized function has error status.
Returning maximum FCN so far (1.64036) to force MIGRAD to back out of this region. Error log follows
Parameter values: CMS_PU_2018=1.45555, CMS_btag_cferr1=-1.76681, CMS_btag_cferr2=-4451.9, CMS_btag_hf=-2.32065, CMS_btag_hfstats1_2018=0.0230305, CMS_btag_hfstats2_2018=-2.31168, CMS_btag_lf=1.41274, CMS_btag_lfstats1_2018=0.365674, CMS_btag_lfstats2_2018=-3.4383, CMS_eff_e_2018=2.48493, CMS_eff_hwwtrigger_2018=15.4458, CMS_eff_m_2018=2.50425, MultiBosonnorm2018=3.67685, PS_FSR=0.274114, PS_ISR=-1.30119, QCDnorm2018=10.2128, QCDscale_WW_ACCEPT=2.92869, QCDscale_WmH_ACCEPT=0.00477008, QCDscale_WpH_ACCEPT=0.00793818, QCDscale_ZH_ACCEPT=0.0073372, QCDscale_ggH_ACCEPT=0.0236779, QCDscale_qqH_ACCEPT=0.000444228, QCDscale_ttbar_ACCEPT=1.30811, QCDscale_wjets_ACCEPT=7.00692, SF_bin0=0.918264, SF_bin2=0.584713, dynorm2018=3.61057, ggWWnorm=0.227715, lumi_13TeV_2018=1.47557, lumi_13TeV_BCC=2.45846, lumi_13TeV_LS=2.45846, lumi_13TeV_XY=1.27953, pdf_Higgs_gg_ACCEPT=0.00243454, pdf_Higgs_qqbar_ACCEPT=0.000553534, pdf_WW_ACCEPT=0.462522, pdf_WmH_ACCEPT=0.00216631, pdf_WpH_ACCEPT=0.00358393, pdf_ZH_ACCEPT=0.0105599, pdf_ttbar_ACCEPT=0.987422, pdf_wjets_ACCEPT=0.00448666, prop_binBin0_bin0=-1.36059, prop_binBin0_bin1=0.171389, prop_binBin0_bin2=0.62474, prop_binBin0_bin3=0.175873, prop_binBin0_bin4=-0.804921, prop_binBin0_bin5=-0.885299, prop_binBin0_bin6=-1.03708, prop_binBin0_bin7=0.713597, prop_binBin1_bin0=2.1524, prop_binBin1_bin1=0.529147, prop_binBin1_bin2=2.14646, prop_binBin1_bin3=2.86715, prop_binBin1_bin4=2.55937, prop_binBin1_bin5=4.19714, prop_binBin1_bin6=1.12466, prop_binBin1_bin7=1.91201, prop_binBin2_bin0=-0.46705, prop_binBin2_bin1=-0.283107, prop_binBin2_bin2=1.07704, prop_binBin2_bin3=-1.58355, prop_binBin2_bin4=-0.105637, prop_binBin2_bin5=0.532875, prop_binBin2_bin6=-1.22247, prop_binBin2_bin7=0.927246, qqWWqqnorm=0.699167
RooAbsReal::Bin1[ params=(CMS_PU_2018,CMS_btag_cferr1,CMS_btag_cferr2,CMS_btag_hf,CMS_btag_hfstats1_2018,CMS_btag_hfstats2_2018,CMS_btag_lf,CMS_btag_lfstats1_2018,CMS_btag_lfstats2_2018,CMS_eff_e_2018,CMS_eff_hwwtrigger_2018,CMS_eff_m_2018,MultiBosonnorm2018,ONE,PS_FSR,PS_ISR,QCDnorm2018,QCDscale_WW_ACCEPT,QCDscale_WmH_ACCEPT,QCDscale_WpH_ACCEPT,QCDscale_ZH_ACCEPT,QCDscale_ggH_ACCEPT,QCDscale_qqH_ACCEPT,QCDscale_ttbar_ACCEPT,QCDscale_wjets_ACCEPT,SF_bin1,dynorm2018,ggWWnorm,lumi_13TeV_2018,lumi_13TeV_BCC,lumi_13TeV_LS,lumi_13TeV_XY,pdf_Higgs_gg_ACCEPT,pdf_Higgs_qqbar_ACCEPT,pdf_WW_ACCEPT,pdf_WmH_ACCEPT,pdf_WpH_ACCEPT,pdf_ZH_ACCEPT,pdf_ttbar_ACCEPT,pdf_wjets_ACCEPT,prop_binBin1_bin0,prop_binBin1_bin1,prop_binBin1_bin2,prop_binBin1_bin3,prop_binBin1_bin4,prop_binBin1_bin5,prop_binBin1_bin6,prop_binBin1_bin7,qqWWqqnorm,r) ]
     Number of events is negative or error @ params=(CMS_PU_2018 = 1.45555 +/- 0.850636,CMS_btag_cferr1 = -1.76681 +/- 0.951371,CMS_btag_cferr2 = -4451.9 +/- 0.988692,CMS_btag_hf = -2.32065 +/- 0.879958,CMS_btag_hfstats1_2018 = 0.0230305 +/- 0.996015,CMS_btag_hfstats2_2018 = -2.31168 +/- 0.994315,CMS_btag_lf = 1.41274 +/- 0.996811,CMS_btag_lfstats1_2018 = 0.365674 +/- 0.994039,CMS_btag_lfstats2_2018 = -3.4383 +/- 0.991886,CMS_eff_e_2018 = 2.48493 +/- 0.988995,CMS_eff_hwwtrigger_2018 = 15.4458 +/- 0.992443,CMS_eff_m_2018 = 2.50425 +/- 0.99114,MultiBosonnorm2018 = 3.67685 +/- 0.984029,ONE = 1,PS_FSR = 0.274114 +/- 0.325061,PS_ISR = -1.30119 +/- 0.821863,QCDnorm2018 = 10.2128 +/- 1.03181,QCDscale_WW_ACCEPT = 2.92869 +/- 0.998131,QCDscale_WmH_ACCEPT = 0.00477008 +/- 0.995064,QCDscale_WpH_ACCEPT = 0.00793818 +/- 0.994544,QCDscale_ZH_ACCEPT = 0.0073372 +/- 0.994848,QCDscale_ggH_ACCEPT = 0.0236779 +/- 0.994714,QCDscale_qqH_ACCEPT = 0.000444228 +/- 0.994463,QCDscale_ttbar_ACCEPT = 1.30811 +/- 0.680489,QCDscale_wjets_ACCEPT = 7.00692 +/- 1.01049,SF_bin1 = 0.652839 +/- 0.106299,dynorm2018 = 3.61057 +/- 1.07658,ggWWnorm = 0.227715 +/- 0.995889,lumi_13TeV_2018 = 1.47557 +/- 0.984241,lumi_13TeV_BCC = 2.45846 +/- 0.994286,lumi_13TeV_LS = 2.45846 +/- 0.994286,lumi_13TeV_XY = 1.27953 +/- 0.976981,pdf_Higgs_gg_ACCEPT = 0.00243454 +/- 0.994454,pdf_Higgs_qqbar_ACCEPT = 0.000553534 +/- 0.994459,pdf_WW_ACCEPT = 0.462522 +/- 0.99309,pdf_WmH_ACCEPT = 0.00216631 +/- 0.994492,pdf_WpH_ACCEPT = 0.00358393 +/- 0.994458,pdf_ZH_ACCEPT = 0.0105599 +/- 0.99416,pdf_ttbar_ACCEPT = 0.987422 +/- 0.980207,pdf_wjets_ACCEPT = 0.00448666 +/- 0.993858,prop_binBin1_bin0 = 2.1524 +/- 0.508588,prop_binBin1_bin1 = 0.529147 +/- 0.512523,prop_binBin1_bin2 = 2.14646 +/- 0.541961,prop_binBin1_bin3 = 2.86715 +/- 0.595883,prop_binBin1_bin4 = 2.55937 +/- 0.538965,prop_binBin1_bin5 = 4.19714 +/- 0.665982,prop_binBin1_bin6 = 1.12466 +/- 0.680337,prop_binBin1_bin7 = 1.91201 +/- 0.687877,qqWWqqnorm = 0.699167 +/- 0.989517,r = 1)
RooAbsReal::Bin2[ params=(CMS_PU_2018,CMS_btag_cferr1,CMS_btag_cferr2,CMS_btag_hf,CMS_btag_hfstats1_2018,CMS_btag_hfstats2_2018,CMS_btag_lf,CMS_btag_lfstats1_2018,CMS_btag_lfstats2_2018,CMS_eff_e_2018,CMS_eff_hwwtrigger_2018,CMS_eff_m_2018,MultiBosonnorm2018,ONE,PS_FSR,PS_ISR,QCDnorm2018,QCDscale_WW_ACCEPT,QCDscale_WmH_ACCEPT,QCDscale_WpH_ACCEPT,QCDscale_ZH_ACCEPT,QCDscale_ggH_ACCEPT,QCDscale_qqH_ACCEPT,QCDscale_ttbar_ACCEPT,QCDscale_wjets_ACCEPT,SF_bin2,dynorm2018,ggWWnorm,lumi_13TeV_2018,lumi_13TeV_BCC,lumi_13TeV_LS,lumi_13TeV_XY,pdf_Higgs_gg_ACCEPT,pdf_Higgs_qqbar_ACCEPT,pdf_WW_ACCEPT,pdf_WmH_ACCEPT,pdf_WpH_ACCEPT,pdf_ZH_ACCEPT,pdf_ttbar_ACCEPT,pdf_wjets_ACCEPT,prop_binBin2_bin0,prop_binBin2_bin1,prop_binBin2_bin2,prop_binBin2_bin3,prop_binBin2_bin4,prop_binBin2_bin5,prop_binBin2_bin6,prop_binBin2_bin7,qqWWqqnorm,r) ]
     Number of events is negative or error @ params=(CMS_PU_2018 = 1.45555 +/- 0.850636,CMS_btag_cferr1 = -1.76681 +/- 0.951371,CMS_btag_cferr2 = -4451.9 +/- 0.988692,CMS_btag_hf = -2.32065 +/- 0.879958,CMS_btag_hfstats1_2018 = 0.0230305 +/- 0.996015,CMS_btag_hfstats2_2018 = -2.31168 +/- 0.994315,CMS_btag_lf = 1.41274 +/- 0.996811,CMS_btag_lfstats1_2018 = 0.365674 +/- 0.994039,CMS_btag_lfstats2_2018 = -3.4383 +/- 0.991886,CMS_eff_e_2018 = 2.48493 +/- 0.988995,CMS_eff_hwwtrigger_2018 = 15.4458 +/- 0.992443,CMS_eff_m_2018 = 2.50425 +/- 0.99114,MultiBosonnorm2018 = 3.67685 +/- 0.984029,ONE = 1,PS_FSR = 0.274114 +/- 0.325061,PS_ISR = -1.30119 +/- 0.821863,QCDnorm2018 = 10.2128 +/- 1.03181,QCDscale_WW_ACCEPT = 2.92869 +/- 0.998131,QCDscale_WmH_ACCEPT = 0.00477008 +/- 0.995064,QCDscale_WpH_ACCEPT = 0.00793818 +/- 0.994544,QCDscale_ZH_ACCEPT = 0.0073372 +/- 0.994848,QCDscale_ggH_ACCEPT = 0.0236779 +/- 0.994714,QCDscale_qqH_ACCEPT = 0.000444228 +/- 0.994463,QCDscale_ttbar_ACCEPT = 1.30811 +/- 0.680489,QCDscale_wjets_ACCEPT = 7.00692 +/- 1.01049,SF_bin2 = 0.584713 +/- 0.145186,dynorm2018 = 3.61057 +/- 1.07658,ggWWnorm = 0.227715 +/- 0.995889,lumi_13TeV_2018 = 1.47557 +/- 0.984241,lumi_13TeV_BCC = 2.45846 +/- 0.994286,lumi_13TeV_LS = 2.45846 +/- 0.994286,lumi_13TeV_XY = 1.27953 +/- 0.976981,pdf_Higgs_gg_ACCEPT = 0.00243454 +/- 0.994454,pdf_Higgs_qqbar_ACCEPT = 0.000553534 +/- 0.994459,pdf_WW_ACCEPT = 0.462522 +/- 0.99309,pdf_WmH_ACCEPT = 0.00216631 +/- 0.994492,pdf_WpH_ACCEPT = 0.00358393 +/- 0.994458,pdf_ZH_ACCEPT = 0.0105599 +/- 0.99416,pdf_ttbar_ACCEPT = 0.987422 +/- 0.980207,pdf_wjets_ACCEPT = 0.00448666 +/- 0.993858,prop_binBin2_bin0 = -0.46705 +/- 0.472883,prop_binBin2_bin1 = -0.283107 +/- 0.465415,prop_binBin2_bin2 = 1.07704 +/- 0.487503,prop_binBin2_bin3 = -1.58355 +/- 0.573959,prop_binBin2_bin4 = -0.105637 +/- 0.604308,prop_binBin2_bin5 = 0.532875 +/- 0.608721,prop_binBin2_bin6 = -1.22247 +/- 0.613474,prop_binBin2_bin7 = 0.927246 +/- 0.621392,qqWWqqnorm = 0.699167 +/- 0.989517,r = 1)

[#0] WARNING:Minization -- RooMinimizerFcn: Minimized function has error status.
Returning maximum FCN so far (1.64036) to force MIGRAD to back out of this region. Error log follows
Parameter values: CMS_PU_2018=1.10881, CMS_btag_cferr1=-1.31367, CMS_btag_cferr2=-2224.48, CMS_btag_hf=-1.65265, CMS_btag_hfstats1_2018=-0.0076152, CMS_btag_hfstats2_2018=-1.16341, CMS_btag_lf=0.819463, CMS_btag_lfstats1_2018=0.172795, CMS_btag_lfstats2_2018=-1.79075, CMS_eff_e_2018=1.32052, CMS_eff_hwwtrigger_2018=7.75815, CMS_eff_m_2018=1.31547, MultiBosonnorm2018=1.80586, PS_FSR=0.219129, PS_ISR=-0.760633, QCDnorm2018=5.19367, QCDscale_WW_ACCEPT=1.47233, QCDscale_WmH_ACCEPT=0.00230025, QCDscale_WpH_ACCEPT=0.00380024, QCDscale_ZH_ACCEPT=0.00393991, QCDscale_ggH_ACCEPT=0.0121933, QCDscale_qqH_ACCEPT=0.000201309, QCDscale_ttbar_ACCEPT=1.20171, QCDscale_wjets_ACCEPT=3.59727, SF_bin0=0.926057, SF_bin2=0.600019, dynorm2018=2.08553, ggWWnorm=0.116777, lumi_13TeV_2018=0.866856, lumi_13TeV_BCC=1.24577, lumi_13TeV_LS=1.24577, lumi_13TeV_XY=0.811644, pdf_Higgs_gg_ACCEPT=0.00124193, pdf_Higgs_qqbar_ACCEPT=0.000261603, pdf_WW_ACCEPT=0.24495, pdf_WmH_ACCEPT=0.000943393, pdf_WpH_ACCEPT=0.00181063, pdf_ZH_ACCEPT=0.00570306, pdf_ttbar_ACCEPT=0.570936, pdf_wjets_ACCEPT=0.0102401, prop_binBin0_bin0=-1.12138, prop_binBin0_bin1=0.435469, prop_binBin0_bin2=0.704868, prop_binBin0_bin3=0.240058, prop_binBin0_bin4=-0.633671, prop_binBin0_bin5=-0.828734, prop_binBin0_bin6=-0.919368, prop_binBin0_bin7=0.866154, prop_binBin1_bin0=1.63434, prop_binBin1_bin1=-0.136644, prop_binBin1_bin2=1.29801, prop_binBin1_bin3=1.7988, prop_binBin1_bin4=1.50033, prop_binBin1_bin5=2.70231, prop_binBin1_bin6=-0.160296, prop_binBin1_bin7=0.460432, prop_binBin2_bin0=-0.377171, prop_binBin2_bin1=-0.271416, prop_binBin2_bin2=1.10611, prop_binBin2_bin3=-1.5243, prop_binBin2_bin4=-0.0181479, prop_binBin2_bin5=0.628724, prop_binBin2_bin6=-1.1634, prop_binBin2_bin7=1.01143, qqWWqqnorm=0.354606

[#0] WARNING:Minization -- RooMinimizerFcn: Minimized function has error status.
Returning maximum FCN so far (1.64036) to force MIGRAD to back out of this region. Error log follows
Parameter values: CMS_PU_2018=0.935439, CMS_btag_cferr1=-1.08709, CMS_btag_cferr2=-1110.76, CMS_btag_hf=-1.31865, CMS_btag_hfstats1_2018=-0.022938, CMS_btag_hfstats2_2018=-0.58927, CMS_btag_lf=0.522827, CMS_btag_lfstats1_2018=0.0763551, CMS_btag_lfstats2_2018=-0.966969, CMS_eff_e_2018=0.738321, CMS_eff_hwwtrigger_2018=3.91432, CMS_eff_m_2018=0.721087, MultiBosonnorm2018=0.870368, PS_FSR=0.191636, PS_ISR=-0.490355, QCDnorm2018=2.68413, QCDscale_WW_ACCEPT=0.744143, QCDscale_WmH_ACCEPT=0.00106533, QCDscale_WpH_ACCEPT=0.00173127, QCDscale_ZH_ACCEPT=0.00224127, QCDscale_ggH_ACCEPT=0.00645105, QCDscale_qqH_ACCEPT=7.98491e-05, QCDscale_ttbar_ACCEPT=1.14851, QCDscale_wjets_ACCEPT=1.89245, SF_bin0=0.929954, SF_bin2=0.607673, dynorm2018=1.32302, ggWWnorm=0.0613083, lumi_13TeV_2018=0.562499, lumi_13TeV_BCC=0.63943, lumi_13TeV_LS=0.63943, lumi_13TeV_XY=0.577702, pdf_Higgs_gg_ACCEPT=0.000645619, pdf_Higgs_qqbar_ACCEPT=0.000115638, pdf_WW_ACCEPT=0.136165, pdf_WmH_ACCEPT=0.000331933, pdf_WpH_ACCEPT=0.000923987, pdf_ZH_ACCEPT=0.00327465, pdf_ttbar_ACCEPT=0.362693, pdf_wjets_ACCEPT=0.0131168, prop_binBin0_bin0=-1.00177, prop_binBin0_bin1=0.567509, prop_binBin0_bin2=0.744932, prop_binBin0_bin3=0.27215, prop_binBin0_bin4=-0.548046, prop_binBin0_bin5=-0.800451, prop_binBin0_bin6=-0.860512, prop_binBin0_bin7=0.942433, prop_binBin1_bin0=1.37531, prop_binBin1_bin1=-0.469539, prop_binBin1_bin2=0.873785, prop_binBin1_bin3=1.26462, prop_binBin1_bin4=0.970804, prop_binBin1_bin5=1.95489, prop_binBin1_bin6=-0.802771, prop_binBin1_bin7=-0.265355, prop_binBin2_bin0=-0.332231, prop_binBin2_bin1=-0.26557, prop_binBin2_bin2=1.12064, prop_binBin2_bin3=-1.49468, prop_binBin2_bin4=0.0255964, prop_binBin2_bin5=0.676648, prop_binBin2_bin6=-1.13387, prop_binBin2_bin7=1.05353, qqWWqqnorm=0.182325

Point 106/1200 SF_bin1 = 0.653285
Point 107/1200 SF_bin1 = 0.653731
Point 108/1200 SF_bin1 = 0.654178
Point 109/1200 SF_bin1 = 0.654624
Point 110/1200 SF_bin1 = 0.65507
Point 111/1200 SF_bin1 = 0.655516
Point 112/1200 SF_bin1 = 0.655963
Point 113/1200 SF_bin1 = 0.656409
Point 114/1200 SF_bin1 = 0.656855
Point 115/1200 SF_bin1 = 0.657301
Point 116/1200 SF_bin1 = 0.657748
Point 117/1200 SF_bin1 = 0.658194
Point 118/1200 SF_bin1 = 0.65864
Point 119/1200 SF_bin1 = 0.659087
Point 120/1200 SF_bin1 = 0.659533
Point 121/1200 SF_bin1 = 0.659979
Point 122/1200 SF_bin1 = 0.660425
Point 123/1200 SF_bin1 = 0.660872
Point 124/1200 SF_bin1 = 0.661318
Point 125/1200 SF_bin1 = 0.661764
Point 126/1200 SF_bin1 = 0.66221
Point 127/1200 SF_bin1 = 0.662657
Point 128/1200 SF_bin1 = 0.663103
Point 129/1200 SF_bin1 = 0.663549
Point 130/1200 SF_bin1 = 0.663996
Point 131/1200 SF_bin1 = 0.664442
Point 132/1200 SF_bin1 = 0.664888
Point 133/1200 SF_bin1 = 0.665334
Point 134/1200 SF_bin1 = 0.665781
Point 135/1200 SF_bin1 = 0.666227
Point 136/1200 SF_bin1 = 0.666673
Point 137/1200 SF_bin1 = 0.667119
Point 138/1200 SF_bin1 = 0.667566
Point 139/1200 SF_bin1 = 0.668012
Point 140/1200 SF_bin1 = 0.668458
Point 141/1200 SF_bin1 = 0.668905
Point 142/1200 SF_bin1 = 0.669351
Point 143/1200 SF_bin1 = 0.669797
Point 144/1200 SF_bin1 = 0.670243
Point 145/1200 SF_bin1 = 0.67069
Point 146/1200 SF_bin1 = 0.671136
Point 147/1200 SF_bin1 = 0.671582
Point 148/1200 SF_bin1 = 0.672028
Point 149/1200 SF_bin1 = 0.672475
Point 150/1200 SF_bin1 = 0.672921
Point 151/1200 SF_bin1 = 0.673367
Point 152/1200 SF_bin1 = 0.673814
Point 153/1200 SF_bin1 = 0.67426
Point 154/1200 SF_bin1 = 0.674706
Point 155/1200 SF_bin1 = 0.675152
Point 156/1200 SF_bin1 = 0.675599
Point 157/1200 SF_bin1 = 0.676045
Point 158/1200 SF_bin1 = 0.676491
Point 159/1200 SF_bin1 = 0.676937
Point 160/1200 SF_bin1 = 0.677384
Point 161/1200 SF_bin1 = 0.67783
Point 162/1200 SF_bin1 = 0.678276
Point 163/1200 SF_bin1 = 0.678723
Point 164/1200 SF_bin1 = 0.679169
Point 165/1200 SF_bin1 = 0.679615
Point 166/1200 SF_bin1 = 0.680061
Point 167/1200 SF_bin1 = 0.680508
Point 168/1200 SF_bin1 = 0.680954
Point 169/1200 SF_bin1 = 0.6814
Point 170/1200 SF_bin1 = 0.681846
Point 171/1200 SF_bin1 = 0.682293
Point 172/1200 SF_bin1 = 0.682739
Point 173/1200 SF_bin1 = 0.683185
Point 174/1200 SF_bin1 = 0.683632
Point 175/1200 SF_bin1 = 0.684078
Point 176/1200 SF_bin1 = 0.684524
Point 177/1200 SF_bin1 = 0.68497
Point 178/1200 SF_bin1 = 0.685417
Point 179/1200 SF_bin1 = 0.685863
Point 180/1200 SF_bin1 = 0.686309
Point 181/1200 SF_bin1 = 0.686755
Point 182/1200 SF_bin1 = 0.687202
Point 183/1200 SF_bin1 = 0.687648
Point 184/1200 SF_bin1 = 0.688094
Point 185/1200 SF_bin1 = 0.688541
Point 186/1200 SF_bin1 = 0.688987
Point 187/1200 SF_bin1 = 0.689433
Point 188/1200 SF_bin1 = 0.689879
Point 189/1200 SF_bin1 = 0.690326
Point 190/1200 SF_bin1 = 0.690772
Point 191/1200 SF_bin1 = 0.691218
Point 192/1200 SF_bin1 = 0.691664
Point 193/1200 SF_bin1 = 0.692111
Point 194/1200 SF_bin1 = 0.692557
Point 195/1200 SF_bin1 = 0.693003
Point 196/1200 SF_bin1 = 0.69345
Point 197/1200 SF_bin1 = 0.693896
Point 198/1200 SF_bin1 = 0.694342
Point 199/1200 SF_bin1 = 0.694788
Point 200/1200 SF_bin1 = 0.695235
Point 201/1200 SF_bin1 = 0.695681
Point 202/1200 SF_bin1 = 0.696127
Point 203/1200 SF_bin1 = 0.696573
Point 204/1200 SF_bin1 = 0.69702
Point 205/1200 SF_bin1 = 0.697466
Point 206/1200 SF_bin1 = 0.697912
Point 207/1200 SF_bin1 = 0.698359
Point 208/1200 SF_bin1 = 0.698805
Point 209/1200 SF_bin1 = 0.699251
Point 210/1200 SF_bin1 = 0.699697
Point 211/1200 SF_bin1 = 0.700144
Point 212/1200 SF_bin1 = 0.70059
Point 213/1200 SF_bin1 = 0.701036
Point 214/1200 SF_bin1 = 0.701482
Point 215/1200 SF_bin1 = 0.701929
Point 216/1200 SF_bin1 = 0.702375
Point 217/1200 SF_bin1 = 0.702821
Point 218/1200 SF_bin1 = 0.703268
Point 219/1200 SF_bin1 = 0.703714
Point 220/1200 SF_bin1 = 0.70416
Point 221/1200 SF_bin1 = 0.704606
Point 222/1200 SF_bin1 = 0.705053
Point 223/1200 SF_bin1 = 0.705499
Point 224/1200 SF_bin1 = 0.705945
Point 225/1200 SF_bin1 = 0.706391
Point 226/1200 SF_bin1 = 0.706838
Point 227/1200 SF_bin1 = 0.707284
Point 228/1200 SF_bin1 = 0.70773
Point 229/1200 SF_bin1 = 0.708177
Point 230/1200 SF_bin1 = 0.708623
Point 231/1200 SF_bin1 = 0.709069
Point 232/1200 SF_bin1 = 0.709515
Point 233/1200 SF_bin1 = 0.709962
Point 234/1200 SF_bin1 = 0.710408
Point 235/1200 SF_bin1 = 0.710854
Point 236/1200 SF_bin1 = 0.7113
Point 237/1200 SF_bin1 = 0.711747
Point 238/1200 SF_bin1 = 0.712193
Point 239/1200 SF_bin1 = 0.712639
Point 240/1200 SF_bin1 = 0.713086
Point 241/1200 SF_bin1 = 0.713532
Point 242/1200 SF_bin1 = 0.713978
Point 243/1200 SF_bin1 = 0.714424
Point 244/1200 SF_bin1 = 0.714871
Point 245/1200 SF_bin1 = 0.715317
Point 246/1200 SF_bin1 = 0.715763
Point 247/1200 SF_bin1 = 0.716209
Point 248/1200 SF_bin1 = 0.716656
Point 249/1200 SF_bin1 = 0.717102
Point 250/1200 SF_bin1 = 0.717548
Point 251/1200 SF_bin1 = 0.717995
Point 252/1200 SF_bin1 = 0.718441
Point 253/1200 SF_bin1 = 0.718887
Point 254/1200 SF_bin1 = 0.719333
Point 255/1200 SF_bin1 = 0.71978
Point 256/1200 SF_bin1 = 0.720226
Point 257/1200 SF_bin1 = 0.720672
Point 258/1200 SF_bin1 = 0.721118
Point 259/1200 SF_bin1 = 0.721565
Point 260/1200 SF_bin1 = 0.722011
Point 261/1200 SF_bin1 = 0.722457
Point 262/1200 SF_bin1 = 0.722904
Point 263/1200 SF_bin1 = 0.72335
Point 264/1200 SF_bin1 = 0.723796
Point 265/1200 SF_bin1 = 0.724242
Point 266/1200 SF_bin1 = 0.724689
Point 267/1200 SF_bin1 = 0.725135
Point 268/1200 SF_bin1 = 0.725581
Point 269/1200 SF_bin1 = 0.726027
Point 270/1200 SF_bin1 = 0.726474
Point 271/1200 SF_bin1 = 0.72692
Point 272/1200 SF_bin1 = 0.727366
Point 273/1200 SF_bin1 = 0.727812
Point 274/1200 SF_bin1 = 0.728259
Point 275/1200 SF_bin1 = 0.728705
Point 276/1200 SF_bin1 = 0.729151
Point 277/1200 SF_bin1 = 0.729598
Point 278/1200 SF_bin1 = 0.730044
Point 279/1200 SF_bin1 = 0.73049
Point 280/1200 SF_bin1 = 0.730936
Point 281/1200 SF_bin1 = 0.731383
Point 282/1200 SF_bin1 = 0.731829
Point 283/1200 SF_bin1 = 0.732275
Point 284/1200 SF_bin1 = 0.732721
Point 285/1200 SF_bin1 = 0.733168
Point 286/1200 SF_bin1 = 0.733614
Point 287/1200 SF_bin1 = 0.73406
Point 288/1200 SF_bin1 = 0.734507
Point 289/1200 SF_bin1 = 0.734953
Point 290/1200 SF_bin1 = 0.735399
Point 291/1200 SF_bin1 = 0.735845
Point 292/1200 SF_bin1 = 0.736292
Point 293/1200 SF_bin1 = 0.736738
Point 294/1200 SF_bin1 = 0.737184
Point 295/1200 SF_bin1 = 0.73763
Point 296/1200 SF_bin1 = 0.738077
Point 297/1200 SF_bin1 = 0.738523
Point 298/1200 SF_bin1 = 0.738969
Point 299/1200 SF_bin1 = 0.739416
Point 300/1200 SF_bin1 = 0.739862
Point 301/1200 SF_bin1 = 0.740308
Point 302/1200 SF_bin1 = 0.740754
Point 303/1200 SF_bin1 = 0.741201
Point 304/1200 SF_bin1 = 0.741647
Point 305/1200 SF_bin1 = 0.742093
Point 306/1200 SF_bin1 = 0.742539
Point 307/1200 SF_bin1 = 0.742986
Point 308/1200 SF_bin1 = 0.743432
Point 309/1200 SF_bin1 = 0.743878
Point 310/1200 SF_bin1 = 0.744325
Point 311/1200 SF_bin1 = 0.744771
Point 312/1200 SF_bin1 = 0.745217
Point 313/1200 SF_bin1 = 0.745663
Point 314/1200 SF_bin1 = 0.74611
Point 315/1200 SF_bin1 = 0.746556
Point 316/1200 SF_bin1 = 0.747002
Point 317/1200 SF_bin1 = 0.747448
Point 318/1200 SF_bin1 = 0.747895
Point 319/1200 SF_bin1 = 0.748341
Point 320/1200 SF_bin1 = 0.748787
Point 321/1200 SF_bin1 = 0.749234
Point 322/1200 SF_bin1 = 0.74968
Point 323/1200 SF_bin1 = 0.750126
Point 324/1200 SF_bin1 = 0.750572
Point 325/1200 SF_bin1 = 0.751019
Point 326/1200 SF_bin1 = 0.751465
Point 327/1200 SF_bin1 = 0.751911
Point 328/1200 SF_bin1 = 0.752357
Point 329/1200 SF_bin1 = 0.752804
Point 330/1200 SF_bin1 = 0.75325
Point 331/1200 SF_bin1 = 0.753696
Point 332/1200 SF_bin1 = 0.754143
Point 333/1200 SF_bin1 = 0.754589
Point 334/1200 SF_bin1 = 0.755035
Point 335/1200 SF_bin1 = 0.755481
Point 336/1200 SF_bin1 = 0.755928
Point 337/1200 SF_bin1 = 0.756374
Point 338/1200 SF_bin1 = 0.75682
Point 339/1200 SF_bin1 = 0.757266
Point 340/1200 SF_bin1 = 0.757713
Point 341/1200 SF_bin1 = 0.758159
Point 342/1200 SF_bin1 = 0.758605
Point 343/1200 SF_bin1 = 0.759052
Point 344/1200 SF_bin1 = 0.759498
Point 345/1200 SF_bin1 = 0.759944
Point 346/1200 SF_bin1 = 0.76039
Point 347/1200 SF_bin1 = 0.760837
Point 348/1200 SF_bin1 = 0.761283
Point 349/1200 SF_bin1 = 0.761729
Point 350/1200 SF_bin1 = 0.762175
Point 351/1200 SF_bin1 = 0.762622
Point 352/1200 SF_bin1 = 0.763068
Point 353/1200 SF_bin1 = 0.763514
Point 354/1200 SF_bin1 = 0.763961
Point 355/1200 SF_bin1 = 0.764407
Point 356/1200 SF_bin1 = 0.764853
Point 357/1200 SF_bin1 = 0.765299
Point 358/1200 SF_bin1 = 0.765746
Point 359/1200 SF_bin1 = 0.766192
Point 360/1200 SF_bin1 = 0.766638
Point 361/1200 SF_bin1 = 0.767084
Point 362/1200 SF_bin1 = 0.767531
Point 363/1200 SF_bin1 = 0.767977
Point 364/1200 SF_bin1 = 0.768423
Point 365/1200 SF_bin1 = 0.76887
Point 366/1200 SF_bin1 = 0.769316
Point 367/1200 SF_bin1 = 0.769762
Point 368/1200 SF_bin1 = 0.770208
Point 369/1200 SF_bin1 = 0.770655
Point 370/1200 SF_bin1 = 0.771101
Point 371/1200 SF_bin1 = 0.771547
Point 372/1200 SF_bin1 = 0.771993
Point 373/1200 SF_bin1 = 0.77244
Point 374/1200 SF_bin1 = 0.772886
Point 375/1200 SF_bin1 = 0.773332
Point 376/1200 SF_bin1 = 0.773779
Point 377/1200 SF_bin1 = 0.774225
Point 378/1200 SF_bin1 = 0.774671
Point 379/1200 SF_bin1 = 0.775117
Point 380/1200 SF_bin1 = 0.775564
Point 381/1200 SF_bin1 = 0.77601
Point 382/1200 SF_bin1 = 0.776456
Point 383/1200 SF_bin1 = 0.776902
Point 384/1200 SF_bin1 = 0.777349
Point 385/1200 SF_bin1 = 0.777795
Point 386/1200 SF_bin1 = 0.778241
Point 387/1200 SF_bin1 = 0.778688
Point 388/1200 SF_bin1 = 0.779134
Point 389/1200 SF_bin1 = 0.77958
Point 390/1200 SF_bin1 = 0.780026
Point 391/1200 SF_bin1 = 0.780473
Point 392/1200 SF_bin1 = 0.780919
Point 393/1200 SF_bin1 = 0.781365
Point 394/1200 SF_bin1 = 0.781811
Point 395/1200 SF_bin1 = 0.782258
Point 396/1200 SF_bin1 = 0.782704
Point 397/1200 SF_bin1 = 0.78315
Point 398/1200 SF_bin1 = 0.783597
Point 399/1200 SF_bin1 = 0.784043
Point 400/1200 SF_bin1 = 0.784489
Point 401/1200 SF_bin1 = 0.784935
Point 402/1200 SF_bin1 = 0.785382
Point 403/1200 SF_bin1 = 0.785828
Point 404/1200 SF_bin1 = 0.786274
Point 405/1200 SF_bin1 = 0.78672
Point 406/1200 SF_bin1 = 0.787167
Point 407/1200 SF_bin1 = 0.787613
Point 408/1200 SF_bin1 = 0.788059
Point 409/1200 SF_bin1 = 0.788506
Point 410/1200 SF_bin1 = 0.788952
Point 411/1200 SF_bin1 = 0.789398
Point 412/1200 SF_bin1 = 0.789844
Point 413/1200 SF_bin1 = 0.790291
Point 414/1200 SF_bin1 = 0.790737
Point 415/1200 SF_bin1 = 0.791183
Point 416/1200 SF_bin1 = 0.791629
Point 417/1200 SF_bin1 = 0.792076
Point 418/1200 SF_bin1 = 0.792522
Point 419/1200 SF_bin1 = 0.792968
Point 420/1200 SF_bin1 = 0.793415
Point 421/1200 SF_bin1 = 0.793861
Point 422/1200 SF_bin1 = 0.794307
Point 423/1200 SF_bin1 = 0.794753
Point 424/1200 SF_bin1 = 0.7952
Point 425/1200 SF_bin1 = 0.795646
Point 426/1200 SF_bin1 = 0.796092
Point 427/1200 SF_bin1 = 0.796538
Point 428/1200 SF_bin1 = 0.796985
Point 429/1200 SF_bin1 = 0.797431
Point 430/1200 SF_bin1 = 0.797877
Point 431/1200 SF_bin1 = 0.798324
Point 432/1200 SF_bin1 = 0.79877
Point 433/1200 SF_bin1 = 0.799216
Point 434/1200 SF_bin1 = 0.799662
Point 435/1200 SF_bin1 = 0.800109
Point 436/1200 SF_bin1 = 0.800555
Point 437/1200 SF_bin1 = 0.801001
Point 438/1200 SF_bin1 = 0.801447
Point 439/1200 SF_bin1 = 0.801894
Point 440/1200 SF_bin1 = 0.80234
Point 441/1200 SF_bin1 = 0.802786
Point 442/1200 SF_bin1 = 0.803233
Point 443/1200 SF_bin1 = 0.803679
Point 444/1200 SF_bin1 = 0.804125
Point 445/1200 SF_bin1 = 0.804571
Point 446/1200 SF_bin1 = 0.805018
Point 447/1200 SF_bin1 = 0.805464
Point 448/1200 SF_bin1 = 0.80591
Point 449/1200 SF_bin1 = 0.806356
Point 450/1200 SF_bin1 = 0.806803
Point 451/1200 SF_bin1 = 0.807249
Point 452/1200 SF_bin1 = 0.807695
Point 453/1200 SF_bin1 = 0.808142
Point 454/1200 SF_bin1 = 0.808588
Point 455/1200 SF_bin1 = 0.809034
Point 456/1200 SF_bin1 = 0.80948
Point 457/1200 SF_bin1 = 0.809927
Point 458/1200 SF_bin1 = 0.810373
Point 459/1200 SF_bin1 = 0.810819
Point 460/1200 SF_bin1 = 0.811265
Point 461/1200 SF_bin1 = 0.811712
Point 462/1200 SF_bin1 = 0.812158
Point 463/1200 SF_bin1 = 0.812604
Point 464/1200 SF_bin1 = 0.813051
Point 465/1200 SF_bin1 = 0.813497
Point 466/1200 SF_bin1 = 0.813943
Point 467/1200 SF_bin1 = 0.814389
Point 468/1200 SF_bin1 = 0.814836
Point 469/1200 SF_bin1 = 0.815282
Point 470/1200 SF_bin1 = 0.815728
Point 471/1200 SF_bin1 = 0.816174
Point 472/1200 SF_bin1 = 0.816621
Point 473/1200 SF_bin1 = 0.817067
Point 474/1200 SF_bin1 = 0.817513
Point 475/1200 SF_bin1 = 0.81796
Point 476/1200 SF_bin1 = 0.818406
Point 477/1200 SF_bin1 = 0.818852
Point 478/1200 SF_bin1 = 0.819298
Point 479/1200 SF_bin1 = 0.819745
Point 480/1200 SF_bin1 = 0.820191
Point 481/1200 SF_bin1 = 0.820637
Point 482/1200 SF_bin1 = 0.821083
Point 483/1200 SF_bin1 = 0.82153
Point 484/1200 SF_bin1 = 0.821976
Point 485/1200 SF_bin1 = 0.822422
Point 486/1200 SF_bin1 = 0.822869
Point 487/1200 SF_bin1 = 0.823315
Point 488/1200 SF_bin1 = 0.823761
Point 489/1200 SF_bin1 = 0.824207
Point 490/1200 SF_bin1 = 0.824654
Point 491/1200 SF_bin1 = 0.8251
Point 492/1200 SF_bin1 = 0.825546
Point 493/1200 SF_bin1 = 0.825992
Point 494/1200 SF_bin1 = 0.826439
Point 495/1200 SF_bin1 = 0.826885
Point 496/1200 SF_bin1 = 0.827331
Point 497/1200 SF_bin1 = 0.827778
Point 498/1200 SF_bin1 = 0.828224
Point 499/1200 SF_bin1 = 0.82867
Point 500/1200 SF_bin1 = 0.829116
Point 501/1200 SF_bin1 = 0.829563
Point 502/1200 SF_bin1 = 0.830009
Point 503/1200 SF_bin1 = 0.830455
Point 504/1200 SF_bin1 = 0.830901
Point 505/1200 SF_bin1 = 0.831348
Point 506/1200 SF_bin1 = 0.831794
Point 507/1200 SF_bin1 = 0.83224
Point 508/1200 SF_bin1 = 0.832687
Point 509/1200 SF_bin1 = 0.833133
Point 510/1200 SF_bin1 = 0.833579
Point 511/1200 SF_bin1 = 0.834025
Point 512/1200 SF_bin1 = 0.834472
Point 513/1200 SF_bin1 = 0.834918
Point 514/1200 SF_bin1 = 0.835364
Point 515/1200 SF_bin1 = 0.83581
Point 516/1200 SF_bin1 = 0.836257
Point 517/1200 SF_bin1 = 0.836703
Point 518/1200 SF_bin1 = 0.837149
Point 519/1200 SF_bin1 = 0.837596
Point 520/1200 SF_bin1 = 0.838042
Point 521/1200 SF_bin1 = 0.838488
Point 522/1200 SF_bin1 = 0.838934
Point 523/1200 SF_bin1 = 0.839381
Point 524/1200 SF_bin1 = 0.839827
Point 525/1200 SF_bin1 = 0.840273
Point 526/1200 SF_bin1 = 0.840719
Point 527/1200 SF_bin1 = 0.841166
Point 528/1200 SF_bin1 = 0.841612
Point 529/1200 SF_bin1 = 0.842058
Point 530/1200 SF_bin1 = 0.842505
Point 531/1200 SF_bin1 = 0.842951
Point 532/1200 SF_bin1 = 0.843397
Point 533/1200 SF_bin1 = 0.843843
Point 534/1200 SF_bin1 = 0.84429
Point 535/1200 SF_bin1 = 0.844736
Point 536/1200 SF_bin1 = 0.845182
Point 537/1200 SF_bin1 = 0.845628
Point 538/1200 SF_bin1 = 0.846075
Point 539/1200 SF_bin1 = 0.846521
Point 540/1200 SF_bin1 = 0.846967
Point 541/1200 SF_bin1 = 0.847413
Point 542/1200 SF_bin1 = 0.84786
Point 543/1200 SF_bin1 = 0.848306
Point 544/1200 SF_bin1 = 0.848752
Point 545/1200 SF_bin1 = 0.849199
Point 546/1200 SF_bin1 = 0.849645
Point 547/1200 SF_bin1 = 0.850091
Point 548/1200 SF_bin1 = 0.850537
Point 549/1200 SF_bin1 = 0.850984
Point 550/1200 SF_bin1 = 0.85143
Point 551/1200 SF_bin1 = 0.851876
Point 552/1200 SF_bin1 = 0.852322
Point 553/1200 SF_bin1 = 0.852769
Point 554/1200 SF_bin1 = 0.853215
Point 555/1200 SF_bin1 = 0.853661
Point 556/1200 SF_bin1 = 0.854108
Point 557/1200 SF_bin1 = 0.854554
Point 558/1200 SF_bin1 = 0.855
Point 559/1200 SF_bin1 = 0.855446
[#0] WARNING:Minization -- RooMinimizerFcn: Minimized function has error status.
Returning maximum FCN so far (1.08381e+29) to force MIGRAD to back out of this region. Error log follows
Parameter values: CMS_PU_2018=-5.86522, CMS_btag_cferr1=-1691.23, CMS_btag_cferr2=26.7599, CMS_btag_hf=6.61018, CMS_btag_hfstats1_2018=0.285727, CMS_btag_hfstats2_2018=12.378, CMS_btag_lf=-9.67924, CMS_btag_lfstats1_2018=-2.18566, CMS_btag_lfstats2_2018=14.9911, CMS_eff_e_2018=-11.8768, CMS_eff_hwwtrigger_2018=-20.4341, CMS_eff_m_2018=-12.5757, MultiBosonnorm2018=-7.36539, PS_FSR=1.046, PS_ISR=7.15987, QCDnorm2018=-13.0132, QCDscale_WW_ACCEPT=-4.9192, QCDscale_WmH_ACCEPT=-0.0209061, QCDscale_WpH_ACCEPT=-0.0263786, QCDscale_ZH_ACCEPT=-0.0246468, QCDscale_ggH_ACCEPT=-0.0421755, QCDscale_qqH_ACCEPT=-0.00304692, QCDscale_ttbar_ACCEPT=0.00282326, QCDscale_wjets_ACCEPT=-1.3532, SF_bin0=0.746828, SF_bin2=0.142044, dynorm2018=-11.188, ggWWnorm=-1.06278, lumi_13TeV_2018=-6.44417, lumi_13TeV_BCC=-13.3246, lumi_13TeV_LS=-13.3246, lumi_13TeV_XY=-4.80789, pdf_Higgs_gg_ACCEPT=-0.00450911, pdf_Higgs_qqbar_ACCEPT=-0.00248207, pdf_WW_ACCEPT=-1.90987, pdf_WmH_ACCEPT=-0.0131677, pdf_WpH_ACCEPT=-0.00887256, pdf_ZH_ACCEPT=-0.0346094, pdf_ttbar_ACCEPT=-4.34772, pdf_wjets_ACCEPT=-0.0373827, prop_binBin0_bin0=-7.77005, prop_binBin0_bin1=-6.68262, prop_binBin0_bin2=-0.663592, prop_binBin0_bin3=-0.334552, prop_binBin0_bin4=-4.92969, prop_binBin0_bin5=-1.4531, prop_binBin0_bin6=-3.84685, prop_binBin0_bin7=-2.79802, prop_binBin1_bin0=-0.725089, prop_binBin1_bin1=-1.48003, prop_binBin1_bin2=-1.47525, prop_binBin1_bin3=-0.0865032, prop_binBin1_bin4=-0.432546, prop_binBin1_bin5=2.50139, prop_binBin1_bin6=-7.1632, prop_binBin1_bin7=0.365473, prop_binBin2_bin0=-3.14966, prop_binBin2_bin1=-0.509574, prop_binBin2_bin2=-0.0996148, prop_binBin2_bin3=-3.1747, prop_binBin2_bin4=-2.5872, prop_binBin2_bin5=-2.20612, prop_binBin2_bin6=-2.83311, prop_binBin2_bin7=-1.92113, qqWWqqnorm=-5.27522

Info in <Minuit2>: Minuit2Minimizer::Minimize : Minimization did NOT converge, Edm is above max
Point 560/1200 SF_bin1 = 0.855893
Info in <Minuit2>: Minuit2Minimizer::Minimize : Minimization did NOT converge, Edm is above max
Point 561/1200 SF_bin1 = 0.856339
Info in <Minuit2>: Minuit2Minimizer::Minimize : Minimization did NOT converge, Edm is above max
Point 562/1200 SF_bin1 = 0.856785
Info in <Minuit2>: Minuit2Minimizer::Minimize : Minimization did NOT converge, Edm is above max
Point 563/1200 SF_bin1 = 0.857231
Point 564/1200 SF_bin1 = 0.857678
Point 565/1200 SF_bin1 = 0.858124
Point 566/1200 SF_bin1 = 0.85857
Point 567/1200 SF_bin1 = 0.859017
Point 568/1200 SF_bin1 = 0.859463
Point 569/1200 SF_bin1 = 0.859909
Point 570/1200 SF_bin1 = 0.860355
Point 571/1200 SF_bin1 = 0.860802
Point 572/1200 SF_bin1 = 0.861248
Point 573/1200 SF_bin1 = 0.861694
Point 574/1200 SF_bin1 = 0.86214
Point 575/1200 SF_bin1 = 0.862587
Point 576/1200 SF_bin1 = 0.863033
Point 577/1200 SF_bin1 = 0.863479
Point 578/1200 SF_bin1 = 0.863926
Point 579/1200 SF_bin1 = 0.864372
Point 580/1200 SF_bin1 = 0.864818
Point 581/1200 SF_bin1 = 0.865264
Point 582/1200 SF_bin1 = 0.865711
Point 583/1200 SF_bin1 = 0.866157
Point 584/1200 SF_bin1 = 0.866603
Point 585/1200 SF_bin1 = 0.867049
Point 586/1200 SF_bin1 = 0.867496
Point 587/1200 SF_bin1 = 0.867942
Point 588/1200 SF_bin1 = 0.868388
Point 589/1200 SF_bin1 = 0.868835
Point 590/1200 SF_bin1 = 0.869281
Point 591/1200 SF_bin1 = 0.869727
Point 592/1200 SF_bin1 = 0.870173
Point 593/1200 SF_bin1 = 0.87062
Point 594/1200 SF_bin1 = 0.871066
Point 595/1200 SF_bin1 = 0.871512
Point 596/1200 SF_bin1 = 0.871958
Point 597/1200 SF_bin1 = 0.872405
Point 598/1200 SF_bin1 = 0.872851
Point 599/1200 SF_bin1 = 0.873297
Point 600/1200 SF_bin1 = 0.873744
Point 601/1200 SF_bin1 = 0.87419
Point 602/1200 SF_bin1 = 0.874636
Point 603/1200 SF_bin1 = 0.875082
Point 604/1200 SF_bin1 = 0.875529
Point 605/1200 SF_bin1 = 0.875975
Point 606/1200 SF_bin1 = 0.876421
Point 607/1200 SF_bin1 = 0.876867
Point 608/1200 SF_bin1 = 0.877314
Point 609/1200 SF_bin1 = 0.87776
Point 610/1200 SF_bin1 = 0.878206
Point 611/1200 SF_bin1 = 0.878653
Point 612/1200 SF_bin1 = 0.879099
Point 613/1200 SF_bin1 = 0.879545
Point 614/1200 SF_bin1 = 0.879991
Point 615/1200 SF_bin1 = 0.880438
Point 616/1200 SF_bin1 = 0.880884
Point 617/1200 SF_bin1 = 0.88133
Point 618/1200 SF_bin1 = 0.881776
Point 619/1200 SF_bin1 = 0.882223
Point 620/1200 SF_bin1 = 0.882669
Point 621/1200 SF_bin1 = 0.883115
Point 622/1200 SF_bin1 = 0.883562
Point 623/1200 SF_bin1 = 0.884008
Point 624/1200 SF_bin1 = 0.884454
Point 625/1200 SF_bin1 = 0.8849
Point 626/1200 SF_bin1 = 0.885347
Point 627/1200 SF_bin1 = 0.885793
Point 628/1200 SF_bin1 = 0.886239
Point 629/1200 SF_bin1 = 0.886685
Point 630/1200 SF_bin1 = 0.887132
Point 631/1200 SF_bin1 = 0.887578
Point 632/1200 SF_bin1 = 0.888024
Point 633/1200 SF_bin1 = 0.888471
Point 634/1200 SF_bin1 = 0.888917
Point 635/1200 SF_bin1 = 0.889363
Point 636/1200 SF_bin1 = 0.889809
Point 637/1200 SF_bin1 = 0.890256
Point 638/1200 SF_bin1 = 0.890702
Point 639/1200 SF_bin1 = 0.891148
Point 640/1200 SF_bin1 = 0.891594
Point 641/1200 SF_bin1 = 0.892041
Point 642/1200 SF_bin1 = 0.892487
Point 643/1200 SF_bin1 = 0.892933
Point 644/1200 SF_bin1 = 0.89338
Point 645/1200 SF_bin1 = 0.893826
Point 646/1200 SF_bin1 = 0.894272
Point 647/1200 SF_bin1 = 0.894718
Point 648/1200 SF_bin1 = 0.895165
Point 649/1200 SF_bin1 = 0.895611
Point 650/1200 SF_bin1 = 0.896057
Point 651/1200 SF_bin1 = 0.896503
Point 652/1200 SF_bin1 = 0.89695
Point 653/1200 SF_bin1 = 0.897396
Point 654/1200 SF_bin1 = 0.897842
Point 655/1200 SF_bin1 = 0.898289
Point 656/1200 SF_bin1 = 0.898735
Point 657/1200 SF_bin1 = 0.899181
Point 658/1200 SF_bin1 = 0.899627
Point 659/1200 SF_bin1 = 0.900074
Point 660/1200 SF_bin1 = 0.90052
Point 661/1200 SF_bin1 = 0.900966
Point 662/1200 SF_bin1 = 0.901412
Point 663/1200 SF_bin1 = 0.901859
Point 664/1200 SF_bin1 = 0.902305
Point 665/1200 SF_bin1 = 0.902751
Point 666/1200 SF_bin1 = 0.903198
Point 667/1200 SF_bin1 = 0.903644
Point 668/1200 SF_bin1 = 0.90409
Point 669/1200 SF_bin1 = 0.904536
Point 670/1200 SF_bin1 = 0.904983
Point 671/1200 SF_bin1 = 0.905429
Point 672/1200 SF_bin1 = 0.905875
Point 673/1200 SF_bin1 = 0.906321
Point 674/1200 SF_bin1 = 0.906768
Point 675/1200 SF_bin1 = 0.907214
Point 676/1200 SF_bin1 = 0.90766
Point 677/1200 SF_bin1 = 0.908107
Point 678/1200 SF_bin1 = 0.908553
Point 679/1200 SF_bin1 = 0.908999
Point 680/1200 SF_bin1 = 0.909445
Point 681/1200 SF_bin1 = 0.909892
Point 682/1200 SF_bin1 = 0.910338
Point 683/1200 SF_bin1 = 0.910784
Point 684/1200 SF_bin1 = 0.91123
Point 685/1200 SF_bin1 = 0.911677
Point 686/1200 SF_bin1 = 0.912123
Point 687/1200 SF_bin1 = 0.912569
Point 688/1200 SF_bin1 = 0.913016
Point 689/1200 SF_bin1 = 0.913462
Point 690/1200 SF_bin1 = 0.913908
Point 691/1200 SF_bin1 = 0.914354
Point 692/1200 SF_bin1 = 0.914801
Point 693/1200 SF_bin1 = 0.915247
Point 694/1200 SF_bin1 = 0.915693
Point 695/1200 SF_bin1 = 0.916139
Point 696/1200 SF_bin1 = 0.916586
Point 697/1200 SF_bin1 = 0.917032
Point 698/1200 SF_bin1 = 0.917478
Point 699/1200 SF_bin1 = 0.917925
Point 700/1200 SF_bin1 = 0.918371
Point 701/1200 SF_bin1 = 0.918817
Point 702/1200 SF_bin1 = 0.919263
Point 703/1200 SF_bin1 = 0.91971
Point 704/1200 SF_bin1 = 0.920156
Point 705/1200 SF_bin1 = 0.920602
Point 706/1200 SF_bin1 = 0.921048
Point 707/1200 SF_bin1 = 0.921495
Point 708/1200 SF_bin1 = 0.921941
Point 709/1200 SF_bin1 = 0.922387
Point 710/1200 SF_bin1 = 0.922834
Point 711/1200 SF_bin1 = 0.92328
Point 712/1200 SF_bin1 = 0.923726
Point 713/1200 SF_bin1 = 0.924172
Point 714/1200 SF_bin1 = 0.924619
Point 715/1200 SF_bin1 = 0.925065
Point 716/1200 SF_bin1 = 0.925511
Point 717/1200 SF_bin1 = 0.925957
Point 718/1200 SF_bin1 = 0.926404
Point 719/1200 SF_bin1 = 0.92685
Point 720/1200 SF_bin1 = 0.927296
Point 721/1200 SF_bin1 = 0.927743
Point 722/1200 SF_bin1 = 0.928189
Point 723/1200 SF_bin1 = 0.928635
Point 724/1200 SF_bin1 = 0.929081
Point 725/1200 SF_bin1 = 0.929528
Point 726/1200 SF_bin1 = 0.929974
Point 727/1200 SF_bin1 = 0.93042
Point 728/1200 SF_bin1 = 0.930866
Point 729/1200 SF_bin1 = 0.931313
Point 730/1200 SF_bin1 = 0.931759
Point 731/1200 SF_bin1 = 0.932205
Point 732/1200 SF_bin1 = 0.932652
Point 733/1200 SF_bin1 = 0.933098
Point 734/1200 SF_bin1 = 0.933544
Point 735/1200 SF_bin1 = 0.93399
Point 736/1200 SF_bin1 = 0.934437
Point 737/1200 SF_bin1 = 0.934883
Point 738/1200 SF_bin1 = 0.935329
Point 739/1200 SF_bin1 = 0.935775
Point 740/1200 SF_bin1 = 0.936222
Point 741/1200 SF_bin1 = 0.936668
Point 742/1200 SF_bin1 = 0.937114
Point 743/1200 SF_bin1 = 0.937561
Point 744/1200 SF_bin1 = 0.938007
Point 745/1200 SF_bin1 = 0.938453
Point 746/1200 SF_bin1 = 0.938899
Point 747/1200 SF_bin1 = 0.939346
Point 748/1200 SF_bin1 = 0.939792
Point 749/1200 SF_bin1 = 0.940238
Point 750/1200 SF_bin1 = 0.940684
Point 751/1200 SF_bin1 = 0.941131
Point 752/1200 SF_bin1 = 0.941577
Point 753/1200 SF_bin1 = 0.942023
Point 754/1200 SF_bin1 = 0.94247
Point 755/1200 SF_bin1 = 0.942916
Point 756/1200 SF_bin1 = 0.943362
Point 757/1200 SF_bin1 = 0.943808
Point 758/1200 SF_bin1 = 0.944255
Point 759/1200 SF_bin1 = 0.944701
Point 760/1200 SF_bin1 = 0.945147
Point 761/1200 SF_bin1 = 0.945593
Point 762/1200 SF_bin1 = 0.94604
Point 763/1200 SF_bin1 = 0.946486
Point 764/1200 SF_bin1 = 0.946932
Point 765/1200 SF_bin1 = 0.947379
Point 766/1200 SF_bin1 = 0.947825
Point 767/1200 SF_bin1 = 0.948271
Point 768/1200 SF_bin1 = 0.948717
Point 769/1200 SF_bin1 = 0.949164
Point 770/1200 SF_bin1 = 0.94961
Point 771/1200 SF_bin1 = 0.950056
Point 772/1200 SF_bin1 = 0.950502
Point 773/1200 SF_bin1 = 0.950949
Point 774/1200 SF_bin1 = 0.951395
Point 775/1200 SF_bin1 = 0.951841
Point 776/1200 SF_bin1 = 0.952288
Point 777/1200 SF_bin1 = 0.952734
Point 778/1200 SF_bin1 = 0.95318
Point 779/1200 SF_bin1 = 0.953626
Point 780/1200 SF_bin1 = 0.954073
Point 781/1200 SF_bin1 = 0.954519
Point 782/1200 SF_bin1 = 0.954965
Point 783/1200 SF_bin1 = 0.955411
Point 784/1200 SF_bin1 = 0.955858
Point 785/1200 SF_bin1 = 0.956304
Point 786/1200 SF_bin1 = 0.95675
Point 787/1200 SF_bin1 = 0.957197
Point 788/1200 SF_bin1 = 0.957643
Point 789/1200 SF_bin1 = 0.958089
Point 790/1200 SF_bin1 = 0.958535
Point 791/1200 SF_bin1 = 0.958982
Point 792/1200 SF_bin1 = 0.959428
Point 793/1200 SF_bin1 = 0.959874
Point 794/1200 SF_bin1 = 0.96032
Point 795/1200 SF_bin1 = 0.960767
Point 796/1200 SF_bin1 = 0.961213
Point 797/1200 SF_bin1 = 0.961659
Point 798/1200 SF_bin1 = 0.962106
Point 799/1200 SF_bin1 = 0.962552
Point 800/1200 SF_bin1 = 0.962998
Point 801/1200 SF_bin1 = 0.963444
Point 802/1200 SF_bin1 = 0.963891
Point 803/1200 SF_bin1 = 0.964337
Point 804/1200 SF_bin1 = 0.964783
Point 805/1200 SF_bin1 = 0.965229
Point 806/1200 SF_bin1 = 0.965676
Point 807/1200 SF_bin1 = 0.966122
Point 808/1200 SF_bin1 = 0.966568
Point 809/1200 SF_bin1 = 0.967015
Point 810/1200 SF_bin1 = 0.967461
Point 811/1200 SF_bin1 = 0.967907
Point 812/1200 SF_bin1 = 0.968353
Point 813/1200 SF_bin1 = 0.9688
Point 814/1200 SF_bin1 = 0.969246
Point 815/1200 SF_bin1 = 0.969692
Point 816/1200 SF_bin1 = 0.970138
Point 817/1200 SF_bin1 = 0.970585
Point 818/1200 SF_bin1 = 0.971031
Point 819/1200 SF_bin1 = 0.971477
Point 820/1200 SF_bin1 = 0.971923
Point 821/1200 SF_bin1 = 0.97237
Point 822/1200 SF_bin1 = 0.972816
Point 823/1200 SF_bin1 = 0.973262
Point 824/1200 SF_bin1 = 0.973709
Point 825/1200 SF_bin1 = 0.974155
Point 826/1200 SF_bin1 = 0.974601
Point 827/1200 SF_bin1 = 0.975047
Point 828/1200 SF_bin1 = 0.975494
Point 829/1200 SF_bin1 = 0.97594
Point 830/1200 SF_bin1 = 0.976386
Point 831/1200 SF_bin1 = 0.976832
Point 832/1200 SF_bin1 = 0.977279
Point 833/1200 SF_bin1 = 0.977725
Point 834/1200 SF_bin1 = 0.978171
Point 835/1200 SF_bin1 = 0.978618
Point 836/1200 SF_bin1 = 0.979064
Point 837/1200 SF_bin1 = 0.97951
Point 838/1200 SF_bin1 = 0.979956
Point 839/1200 SF_bin1 = 0.980403
Point 840/1200 SF_bin1 = 0.980849
Point 841/1200 SF_bin1 = 0.981295
Point 842/1200 SF_bin1 = 0.981741
Point 843/1200 SF_bin1 = 0.982188
Point 844/1200 SF_bin1 = 0.982634
Point 845/1200 SF_bin1 = 0.98308
Point 846/1200 SF_bin1 = 0.983527
Point 847/1200 SF_bin1 = 0.983973
Point 848/1200 SF_bin1 = 0.984419
Point 849/1200 SF_bin1 = 0.984865
Point 850/1200 SF_bin1 = 0.985312
Point 851/1200 SF_bin1 = 0.985758
Point 852/1200 SF_bin1 = 0.986204
Point 853/1200 SF_bin1 = 0.98665
Point 854/1200 SF_bin1 = 0.987097
Point 855/1200 SF_bin1 = 0.987543
Point 856/1200 SF_bin1 = 0.987989
Point 857/1200 SF_bin1 = 0.988436
Point 858/1200 SF_bin1 = 0.988882
Point 859/1200 SF_bin1 = 0.989328
Point 860/1200 SF_bin1 = 0.989774
Point 861/1200 SF_bin1 = 0.990221
Point 862/1200 SF_bin1 = 0.990667
Point 863/1200 SF_bin1 = 0.991113
Point 864/1200 SF_bin1 = 0.991559
Point 865/1200 SF_bin1 = 0.992006
Point 866/1200 SF_bin1 = 0.992452
Point 867/1200 SF_bin1 = 0.992898
Point 868/1200 SF_bin1 = 0.993345
Point 869/1200 SF_bin1 = 0.993791
Point 870/1200 SF_bin1 = 0.994237
Point 871/1200 SF_bin1 = 0.994683
Point 872/1200 SF_bin1 = 0.99513
Point 873/1200 SF_bin1 = 0.995576
Point 874/1200 SF_bin1 = 0.996022
Point 875/1200 SF_bin1 = 0.996468
Point 876/1200 SF_bin1 = 0.996915
Point 877/1200 SF_bin1 = 0.997361
Point 878/1200 SF_bin1 = 0.997807
Point 879/1200 SF_bin1 = 0.998254
Point 880/1200 SF_bin1 = 0.9987
Point 881/1200 SF_bin1 = 0.999146
Point 882/1200 SF_bin1 = 0.999592
Point 883/1200 SF_bin1 = 1.00004
Point 884/1200 SF_bin1 = 1.00048
Point 885/1200 SF_bin1 = 1.00093
Point 886/1200 SF_bin1 = 1.00138
Point 887/1200 SF_bin1 = 1.00182
Point 888/1200 SF_bin1 = 1.00227
Point 889/1200 SF_bin1 = 1.00272
Point 890/1200 SF_bin1 = 1.00316
Point 891/1200 SF_bin1 = 1.00361
Point 892/1200 SF_bin1 = 1.00406
Point 893/1200 SF_bin1 = 1.0045
Point 894/1200 SF_bin1 = 1.00495
Point 895/1200 SF_bin1 = 1.00539
Point 896/1200 SF_bin1 = 1.00584
Point 897/1200 SF_bin1 = 1.00629
Point 898/1200 SF_bin1 = 1.00673
Point 899/1200 SF_bin1 = 1.00718
Point 900/1200 SF_bin1 = 1.00763
Point 901/1200 SF_bin1 = 1.00807
Point 902/1200 SF_bin1 = 1.00852
Point 903/1200 SF_bin1 = 1.00896
Point 904/1200 SF_bin1 = 1.00941
Point 905/1200 SF_bin1 = 1.00986
Point 906/1200 SF_bin1 = 1.0103
Point 907/1200 SF_bin1 = 1.01075
Point 908/1200 SF_bin1 = 1.0112
Point 909/1200 SF_bin1 = 1.01164
Point 910/1200 SF_bin1 = 1.01209
Point 911/1200 SF_bin1 = 1.01253
Point 912/1200 SF_bin1 = 1.01298
Point 913/1200 SF_bin1 = 1.01343
Point 914/1200 SF_bin1 = 1.01387
Point 915/1200 SF_bin1 = 1.01432
Point 916/1200 SF_bin1 = 1.01477
Point 917/1200 SF_bin1 = 1.01521
Point 918/1200 SF_bin1 = 1.01566
Point 919/1200 SF_bin1 = 1.0161
Point 920/1200 SF_bin1 = 1.01655
Point 921/1200 SF_bin1 = 1.017
Point 922/1200 SF_bin1 = 1.01744
Point 923/1200 SF_bin1 = 1.01789
Point 924/1200 SF_bin1 = 1.01834
Point 925/1200 SF_bin1 = 1.01878
Point 926/1200 SF_bin1 = 1.01923
Point 927/1200 SF_bin1 = 1.01967
Point 928/1200 SF_bin1 = 1.02012
Point 929/1200 SF_bin1 = 1.02057
Point 930/1200 SF_bin1 = 1.02101
Point 931/1200 SF_bin1 = 1.02146
Point 932/1200 SF_bin1 = 1.02191
Point 933/1200 SF_bin1 = 1.02235
Point 934/1200 SF_bin1 = 1.0228
Point 935/1200 SF_bin1 = 1.02324
Point 936/1200 SF_bin1 = 1.02369
Point 937/1200 SF_bin1 = 1.02414
Point 938/1200 SF_bin1 = 1.02458
Point 939/1200 SF_bin1 = 1.02503
Point 940/1200 SF_bin1 = 1.02548
Point 941/1200 SF_bin1 = 1.02592
Point 942/1200 SF_bin1 = 1.02637
Point 943/1200 SF_bin1 = 1.02682
Point 944/1200 SF_bin1 = 1.02726
Point 945/1200 SF_bin1 = 1.02771
Point 946/1200 SF_bin1 = 1.02815
Point 947/1200 SF_bin1 = 1.0286
Point 948/1200 SF_bin1 = 1.02905
Point 949/1200 SF_bin1 = 1.02949
Point 950/1200 SF_bin1 = 1.02994
Point 951/1200 SF_bin1 = 1.03039
Point 952/1200 SF_bin1 = 1.03083
Point 953/1200 SF_bin1 = 1.03128
Point 954/1200 SF_bin1 = 1.03172
Point 955/1200 SF_bin1 = 1.03217
Point 956/1200 SF_bin1 = 1.03262
Point 957/1200 SF_bin1 = 1.03306
Info in <Minuit2>: Minuit2Minimizer::Minimize : Minimization did NOT converge, Edm is above max
Point 958/1200 SF_bin1 = 1.03351
Info in <Minuit2>: Minuit2Minimizer::Minimize : Minimization did NOT converge, Edm is above max
Point 959/1200 SF_bin1 = 1.03396
Info in <Minuit2>: Minuit2Minimizer::Minimize : Minimization did NOT converge, Edm is above max
Point 960/1200 SF_bin1 = 1.0344
Info in <Minuit2>: Minuit2Minimizer::Minimize : Minimization did NOT converge, Edm is above max
Point 961/1200 SF_bin1 = 1.03485
Point 962/1200 SF_bin1 = 1.03529
Point 963/1200 SF_bin1 = 1.03574
Point 964/1200 SF_bin1 = 1.03619
Point 965/1200 SF_bin1 = 1.03663
Point 966/1200 SF_bin1 = 1.03708
Point 967/1200 SF_bin1 = 1.03753
Point 968/1200 SF_bin1 = 1.03797
Point 969/1200 SF_bin1 = 1.03842
Point 970/1200 SF_bin1 = 1.03886
Point 971/1200 SF_bin1 = 1.03931
Point 972/1200 SF_bin1 = 1.03976
Point 973/1200 SF_bin1 = 1.0402
Point 974/1200 SF_bin1 = 1.04065
Point 975/1200 SF_bin1 = 1.0411
Point 976/1200 SF_bin1 = 1.04154
Point 977/1200 SF_bin1 = 1.04199
Point 978/1200 SF_bin1 = 1.04243
Point 979/1200 SF_bin1 = 1.04288
Point 980/1200 SF_bin1 = 1.04333
Point 981/1200 SF_bin1 = 1.04377
Point 982/1200 SF_bin1 = 1.04422
Point 983/1200 SF_bin1 = 1.04467
Point 984/1200 SF_bin1 = 1.04511
Point 985/1200 SF_bin1 = 1.04556
Point 986/1200 SF_bin1 = 1.046
Point 987/1200 SF_bin1 = 1.04645
Point 988/1200 SF_bin1 = 1.0469
Point 989/1200 SF_bin1 = 1.04734
Point 990/1200 SF_bin1 = 1.04779
Point 991/1200 SF_bin1 = 1.04824
Point 992/1200 SF_bin1 = 1.04868
Point 993/1200 SF_bin1 = 1.04913
Point 994/1200 SF_bin1 = 1.04957
Point 995/1200 SF_bin1 = 1.05002
Point 996/1200 SF_bin1 = 1.05047
Point 997/1200 SF_bin1 = 1.05091
Point 998/1200 SF_bin1 = 1.05136
Point 999/1200 SF_bin1 = 1.05181
Point 1000/1200 SF_bin1 = 1.05225
Point 1001/1200 SF_bin1 = 1.0527
Point 1002/1200 SF_bin1 = 1.05315
Point 1003/1200 SF_bin1 = 1.05359
Point 1004/1200 SF_bin1 = 1.05404
Point 1005/1200 SF_bin1 = 1.05448
Point 1006/1200 SF_bin1 = 1.05493
Point 1007/1200 SF_bin1 = 1.05538
Point 1008/1200 SF_bin1 = 1.05582
Point 1009/1200 SF_bin1 = 1.05627
Point 1010/1200 SF_bin1 = 1.05672
Point 1011/1200 SF_bin1 = 1.05716
Point 1012/1200 SF_bin1 = 1.05761
Point 1013/1200 SF_bin1 = 1.05805
Point 1014/1200 SF_bin1 = 1.0585
Point 1015/1200 SF_bin1 = 1.05895
Point 1016/1200 SF_bin1 = 1.05939
Point 1017/1200 SF_bin1 = 1.05984
Point 1018/1200 SF_bin1 = 1.06029
Point 1019/1200 SF_bin1 = 1.06073
Point 1020/1200 SF_bin1 = 1.06118
Point 1021/1200 SF_bin1 = 1.06162
Point 1022/1200 SF_bin1 = 1.06207
Point 1023/1200 SF_bin1 = 1.06252
Point 1024/1200 SF_bin1 = 1.06296
Point 1025/1200 SF_bin1 = 1.06341
Point 1026/1200 SF_bin1 = 1.06386
Point 1027/1200 SF_bin1 = 1.0643
Point 1028/1200 SF_bin1 = 1.06475
Point 1029/1200 SF_bin1 = 1.06519
Point 1030/1200 SF_bin1 = 1.06564
Point 1031/1200 SF_bin1 = 1.06609
Point 1032/1200 SF_bin1 = 1.06653
Point 1033/1200 SF_bin1 = 1.06698
Point 1034/1200 SF_bin1 = 1.06743
Point 1035/1200 SF_bin1 = 1.06787
Point 1036/1200 SF_bin1 = 1.06832
Point 1037/1200 SF_bin1 = 1.06876
Point 1038/1200 SF_bin1 = 1.06921
Point 1039/1200 SF_bin1 = 1.06966
Point 1040/1200 SF_bin1 = 1.0701
Point 1041/1200 SF_bin1 = 1.07055
Point 1042/1200 SF_bin1 = 1.071
Point 1043/1200 SF_bin1 = 1.07144
Point 1044/1200 SF_bin1 = 1.07189
Point 1045/1200 SF_bin1 = 1.07233
Point 1046/1200 SF_bin1 = 1.07278
Point 1047/1200 SF_bin1 = 1.07323
Point 1048/1200 SF_bin1 = 1.07367
Point 1049/1200 SF_bin1 = 1.07412
Point 1050/1200 SF_bin1 = 1.07457
Point 1051/1200 SF_bin1 = 1.07501
Point 1052/1200 SF_bin1 = 1.07546
Point 1053/1200 SF_bin1 = 1.0759
Point 1054/1200 SF_bin1 = 1.07635
Point 1055/1200 SF_bin1 = 1.0768
Point 1056/1200 SF_bin1 = 1.07724
Point 1057/1200 SF_bin1 = 1.07769
Point 1058/1200 SF_bin1 = 1.07814
Point 1059/1200 SF_bin1 = 1.07858
Point 1060/1200 SF_bin1 = 1.07903
Point 1061/1200 SF_bin1 = 1.07948
Point 1062/1200 SF_bin1 = 1.07992
Point 1063/1200 SF_bin1 = 1.08037
Point 1064/1200 SF_bin1 = 1.08081
Point 1065/1200 SF_bin1 = 1.08126
Point 1066/1200 SF_bin1 = 1.08171
Point 1067/1200 SF_bin1 = 1.08215
Point 1068/1200 SF_bin1 = 1.0826
Point 1069/1200 SF_bin1 = 1.08305
Point 1070/1200 SF_bin1 = 1.08349
Point 1071/1200 SF_bin1 = 1.08394
Point 1072/1200 SF_bin1 = 1.08438
Point 1073/1200 SF_bin1 = 1.08483
Point 1074/1200 SF_bin1 = 1.08528
Point 1075/1200 SF_bin1 = 1.08572
Point 1076/1200 SF_bin1 = 1.08617
Point 1077/1200 SF_bin1 = 1.08662
Point 1078/1200 SF_bin1 = 1.08706
Point 1079/1200 SF_bin1 = 1.08751
Point 1080/1200 SF_bin1 = 1.08795
Point 1081/1200 SF_bin1 = 1.0884
Point 1082/1200 SF_bin1 = 1.08885
Point 1083/1200 SF_bin1 = 1.08929
Point 1084/1200 SF_bin1 = 1.08974
Point 1085/1200 SF_bin1 = 1.09019
Point 1086/1200 SF_bin1 = 1.09063
Point 1087/1200 SF_bin1 = 1.09108
Point 1088/1200 SF_bin1 = 1.09152
Point 1089/1200 SF_bin1 = 1.09197
Point 1090/1200 SF_bin1 = 1.09242
Point 1091/1200 SF_bin1 = 1.09286
Point 1092/1200 SF_bin1 = 1.09331
Point 1093/1200 SF_bin1 = 1.09376
Point 1094/1200 SF_bin1 = 1.0942
Point 1095/1200 SF_bin1 = 1.09465
Point 1096/1200 SF_bin1 = 1.09509
Point 1097/1200 SF_bin1 = 1.09554
Point 1098/1200 SF_bin1 = 1.09599
Point 1099/1200 SF_bin1 = 1.09643
Point 1100/1200 SF_bin1 = 1.09688
Point 1101/1200 SF_bin1 = 1.09733
Point 1102/1200 SF_bin1 = 1.09777
Point 1103/1200 SF_bin1 = 1.09822
Point 1104/1200 SF_bin1 = 1.09866
Point 1105/1200 SF_bin1 = 1.09911
Point 1106/1200 SF_bin1 = 1.09956
Point 1107/1200 SF_bin1 = 1.1
Point 1108/1200 SF_bin1 = 1.10045
Point 1109/1200 SF_bin1 = 1.1009
Point 1110/1200 SF_bin1 = 1.10134
Point 1111/1200 SF_bin1 = 1.10179
Point 1112/1200 SF_bin1 = 1.10224
Point 1113/1200 SF_bin1 = 1.10268
Point 1114/1200 SF_bin1 = 1.10313
Point 1115/1200 SF_bin1 = 1.10357
Point 1116/1200 SF_bin1 = 1.10402
Point 1117/1200 SF_bin1 = 1.10447
Point 1118/1200 SF_bin1 = 1.10491
Point 1119/1200 SF_bin1 = 1.10536
Point 1120/1200 SF_bin1 = 1.10581
Point 1121/1200 SF_bin1 = 1.10625
Point 1122/1200 SF_bin1 = 1.1067
Point 1123/1200 SF_bin1 = 1.10714
Point 1124/1200 SF_bin1 = 1.10759
Point 1125/1200 SF_bin1 = 1.10804
Point 1126/1200 SF_bin1 = 1.10848
Point 1127/1200 SF_bin1 = 1.10893
Point 1128/1200 SF_bin1 = 1.10938
Point 1129/1200 SF_bin1 = 1.10982
Point 1130/1200 SF_bin1 = 1.11027
Point 1131/1200 SF_bin1 = 1.11071
Point 1132/1200 SF_bin1 = 1.11116
Point 1133/1200 SF_bin1 = 1.11161
Point 1134/1200 SF_bin1 = 1.11205
Point 1135/1200 SF_bin1 = 1.1125
Point 1136/1200 SF_bin1 = 1.11295
Point 1137/1200 SF_bin1 = 1.11339
Point 1138/1200 SF_bin1 = 1.11384
Point 1139/1200 SF_bin1 = 1.11428
Point 1140/1200 SF_bin1 = 1.11473
Point 1141/1200 SF_bin1 = 1.11518
Point 1142/1200 SF_bin1 = 1.11562
Point 1143/1200 SF_bin1 = 1.11607
Point 1144/1200 SF_bin1 = 1.11652
Point 1145/1200 SF_bin1 = 1.11696
Point 1146/1200 SF_bin1 = 1.11741
Point 1147/1200 SF_bin1 = 1.11785
Point 1148/1200 SF_bin1 = 1.1183
Point 1149/1200 SF_bin1 = 1.11875
Point 1150/1200 SF_bin1 = 1.11919
Point 1151/1200 SF_bin1 = 1.11964
Point 1152/1200 SF_bin1 = 1.12009
Point 1153/1200 SF_bin1 = 1.12053
Point 1154/1200 SF_bin1 = 1.12098
Point 1155/1200 SF_bin1 = 1.12142
Point 1156/1200 SF_bin1 = 1.12187
Point 1157/1200 SF_bin1 = 1.12232
Point 1158/1200 SF_bin1 = 1.12276
Point 1159/1200 SF_bin1 = 1.12321
Point 1160/1200 SF_bin1 = 1.12366
Point 1161/1200 SF_bin1 = 1.1241
Point 1162/1200 SF_bin1 = 1.12455
Point 1163/1200 SF_bin1 = 1.12499
Point 1164/1200 SF_bin1 = 1.12544
Point 1165/1200 SF_bin1 = 1.12589
Point 1166/1200 SF_bin1 = 1.12633
Point 1167/1200 SF_bin1 = 1.12678
Point 1168/1200 SF_bin1 = 1.12723
Point 1169/1200 SF_bin1 = 1.12767
Point 1170/1200 SF_bin1 = 1.12812
Point 1171/1200 SF_bin1 = 1.12857
Point 1172/1200 SF_bin1 = 1.12901
Point 1173/1200 SF_bin1 = 1.12946
Point 1174/1200 SF_bin1 = 1.1299
Point 1175/1200 SF_bin1 = 1.13035
Point 1176/1200 SF_bin1 = 1.1308
Point 1177/1200 SF_bin1 = 1.13124
Point 1178/1200 SF_bin1 = 1.13169
Point 1179/1200 SF_bin1 = 1.13214
Point 1180/1200 SF_bin1 = 1.13258
Point 1181/1200 SF_bin1 = 1.13303
Point 1182/1200 SF_bin1 = 1.13347
Point 1183/1200 SF_bin1 = 1.13392
Point 1184/1200 SF_bin1 = 1.13437
Point 1185/1200 SF_bin1 = 1.13481
Point 1186/1200 SF_bin1 = 1.13526
Point 1187/1200 SF_bin1 = 1.13571
Point 1188/1200 SF_bin1 = 1.13615
Point 1189/1200 SF_bin1 = 1.1366
Point 1190/1200 SF_bin1 = 1.13704
Point 1191/1200 SF_bin1 = 1.13749
Point 1192/1200 SF_bin1 = 1.13794
Point 1193/1200 SF_bin1 = 1.13838
Point 1194/1200 SF_bin1 = 1.13883
Point 1195/1200 SF_bin1 = 1.13928
Point 1196/1200 SF_bin1 = 1.13972
Point 1197/1200 SF_bin1 = 1.14017
Point 1198/1200 SF_bin1 = 1.14061
Point 1199/1200 SF_bin1 = 1.14106
Done in 5.16 min (cpu), 5.16 min (real)
