 <<< Combine >>> 
>>> method used is MultiDimFit
>>> random number generator seed is 123456
Channel Bin0 will use autoMCStats with settings: event-threshold=10, include-signal=1, hist-mode=1
============================================================
Analysing bin errors for: prop_binBin0
Poisson cut-off: 10
============================================================
Bin        Contents        Error           Notes                         
0          3382.387526     91.930967       total sum                     
0          1354.000000     36.796739       Unweighted events, alpha=2.498071
  => Total parameter prop_binBin0_bin0[0.00,-7.00,7.00] to be gaussian constrained
------------------------------------------------------------
1          4584.248764     105.171510      total sum                     
1          1900.000000     43.588989       Unweighted events, alpha=2.412763
  => Total parameter prop_binBin0_bin1[0.00,-7.00,7.00] to be gaussian constrained
------------------------------------------------------------
2          5489.248506     125.547813      total sum                     
2          1912.000000     43.726422       Unweighted events, alpha=2.870946
  => Total parameter prop_binBin0_bin2[0.00,-7.00,7.00] to be gaussian constrained
------------------------------------------------------------
3          5621.837553     179.122269      total sum                     
3          985.000000      31.384710       Unweighted events, alpha=5.707449
  => Total parameter prop_binBin0_bin3[0.00,-7.00,7.00] to be gaussian constrained
------------------------------------------------------------
4          5258.169972     100.055893      total sum                     
4          2762.000000     52.554733       Unweighted events, alpha=1.903755
  => Total parameter prop_binBin0_bin4[0.00,-7.00,7.00] to be gaussian constrained
------------------------------------------------------------
5          4581.626182     107.115228      total sum                     
5          1830.000000     42.778499       Unweighted events, alpha=2.503621
  => Total parameter prop_binBin0_bin5[0.00,-7.00,7.00] to be gaussian constrained
------------------------------------------------------------
6          3498.058823     72.588290       total sum                     
6          2322.000000     48.187135       Unweighted events, alpha=1.506485
  => Total parameter prop_binBin0_bin6[0.00,-7.00,7.00] to be gaussian constrained
------------------------------------------------------------
7          2594.283741     58.114794       total sum                     
7          1993.000000     44.643029       Unweighted events, alpha=1.301698
  => Total parameter prop_binBin0_bin7[0.00,-7.00,7.00] to be gaussian constrained
------------------------------------------------------------
Channel Bin1 will use autoMCStats with settings: event-threshold=10, include-signal=1, hist-mode=1
============================================================
Analysing bin errors for: prop_binBin1
Poisson cut-off: 10
============================================================
Bin        Contents        Error           Notes                         
0          435.456055      35.473597       total sum                     
0          151.000000      12.288206       Unweighted events, alpha=2.883815
  => Total parameter prop_binBin1_bin0[0.00,-7.00,7.00] to be gaussian constrained
------------------------------------------------------------
1          803.470315      45.784608       total sum                     
1          308.000000      17.549929       Unweighted events, alpha=2.608670
  => Total parameter prop_binBin1_bin1[0.00,-7.00,7.00] to be gaussian constrained
------------------------------------------------------------
2          1095.353050     59.101156       total sum                     
2          343.000000      18.520259       Unweighted events, alpha=3.193449
  => Total parameter prop_binBin1_bin2[0.00,-7.00,7.00] to be gaussian constrained
------------------------------------------------------------
3          1175.676120     56.211757       total sum                     
3          437.000000      20.904545       Unweighted events, alpha=2.690334
  => Total parameter prop_binBin1_bin3[0.00,-7.00,7.00] to be gaussian constrained
------------------------------------------------------------
4          1408.448290     57.630428       total sum                     
4          597.000000      24.433583       Unweighted events, alpha=2.359210
  => Total parameter prop_binBin1_bin4[0.00,-7.00,7.00] to be gaussian constrained
------------------------------------------------------------
5          1485.539093     56.000714       total sum                     
5          704.000000      26.532998       Unweighted events, alpha=2.110141
  => Total parameter prop_binBin1_bin5[0.00,-7.00,7.00] to be gaussian constrained
------------------------------------------------------------
6          1200.549288     52.327393       total sum                     
6          526.000000      22.934690       Unweighted events, alpha=2.282413
  => Total parameter prop_binBin1_bin6[0.00,-7.00,7.00] to be gaussian constrained
------------------------------------------------------------
7          1049.922672     41.649531       total sum                     
7          635.000000      25.199206       Unweighted events, alpha=1.653422
  => Total parameter prop_binBin1_bin7[0.00,-7.00,7.00] to be gaussian constrained
------------------------------------------------------------
Channel Bin2 will use autoMCStats with settings: event-threshold=10, include-signal=1, hist-mode=1
============================================================
Analysing bin errors for: prop_binBin2
Poisson cut-off: 10
============================================================
Bin        Contents        Error           Notes                         
0          205.974422      32.641219       total sum                     
0          40.000000       6.324555        Unweighted events, alpha=5.149361
  => Total parameter prop_binBin2_bin0[0.00,-7.00,7.00] to be gaussian constrained
------------------------------------------------------------
1          293.852140      29.726914       total sum                     
1          98.000000       9.899495        Unweighted events, alpha=2.998491
  => Total parameter prop_binBin2_bin1[0.00,-7.00,7.00] to be gaussian constrained
------------------------------------------------------------
2          384.213524      37.843388       total sum                     
2          103.000000      10.148892       Unweighted events, alpha=3.730228
  => Total parameter prop_binBin2_bin2[0.00,-7.00,7.00] to be gaussian constrained
------------------------------------------------------------
3          415.755574      41.467022       total sum                     
3          101.000000      10.049876       Unweighted events, alpha=4.116392
  => Total parameter prop_binBin2_bin3[0.00,-7.00,7.00] to be gaussian constrained
------------------------------------------------------------
4          448.261960      39.454610       total sum                     
4          129.000000      11.357817       Unweighted events, alpha=3.474899
  => Total parameter prop_binBin2_bin4[0.00,-7.00,7.00] to be gaussian constrained
------------------------------------------------------------
5          371.519726      30.127472       total sum                     
5          152.000000      12.328828       Unweighted events, alpha=2.444209
  => Total parameter prop_binBin2_bin5[0.00,-7.00,7.00] to be gaussian constrained
------------------------------------------------------------
6          372.020952      37.002922       total sum                     
6          101.000000      10.049876       Unweighted events, alpha=3.683376
  => Total parameter prop_binBin2_bin6[0.00,-7.00,7.00] to be gaussian constrained
------------------------------------------------------------
7          267.505622      27.051172       total sum                     
7          98.000000       9.899495        Unweighted events, alpha=2.729649
  => Total parameter prop_binBin2_bin7[0.00,-7.00,7.00] to be gaussian constrained
------------------------------------------------------------
Set Default Value of Parameter r To : 1

 --- MultiDimFit ---
best fit parameter values and profile-likelihood uncertainties: 
   SF_bin2 :    +1.557   -0.229/+0.255 (68%)
   SF_bin1 :    +1.432   -0.173/+0.201 (68%)
   SF_bin0 :    +1.424   -0.191/+0.223 (68%)
Done in 0.03 min (cpu), 0.03 min (real)
