 <<< Combine >>> 
>>> method used is MultiDimFit
>>> random number generator seed is 123456
ModelConfig 'ModelConfig' defines more than one parameter of interest. This is not supported in some statistical methods.
Set Range of Parameter SF_Bin1 To : (0,1.37913)
Set Default Value of Parameter SF_Bin2 To : 1
Set Default Value of Parameter SF_Bin1 To : 1
Set Default Value of Parameter SF_Bin0 To : 1
 POI: SF_Bin1= 1.26472 -> [0,1.37913]
Point 0/1200 SF_Bin1 = 0.000574637
[#0] WARNING:Minization -- RooMinimizerFcn: Minimized function has error status.
Returning maximum FCN so far (7.87266e+09) to force MIGRAD to back out of this region. Error log follows
Parameter values: CMS_PU_2017=112.882, CMS_ak8jet_res_j_2017=-221.776, CMS_ak8jet_scale_JESTotal=5509.4, CMS_btag_cferr1=-237.312, CMS_btag_cferr2=-125.367, CMS_btag_hf=-0.852012, CMS_btag_hfstats1_2017=-9.84497, CMS_btag_hfstats2_2017=-7.44371, CMS_btag_lf=24.6973, CMS_btag_lfstats1_2017=-29.947, CMS_btag_lfstats2_2017=-11.0276, CMS_eff_e_2017=85.3265, CMS_eff_hwwtrigger_2017=60.2975, CMS_eff_m_2017=86.7178, CMS_eff_prefiring_2017=-89.3122, CMS_res_j_2017=-60.888, CMS_scale_JESTotal=-16.5063, CMS_scale_e_2017=-2.98949, CMS_scale_m_2017=-3.62482, CMS_scale_met_2017=10.4956, PS_FSR=-40.0788, PS_ISR=65.405, QCDscale_WW_ACCEPT=8.99074, QCDscale_WmH_ACCEPT=-0.0017955, QCDscale_WpH_ACCEPT=0.0615954, QCDscale_ZH_ACCEPT=-0.00197551, QCDscale_ggH_ACCEPT=-0.12008, QCDscale_qqH_ACCEPT=8.26158e-06, QCDscale_ttbar_ACCEPT=9.92901, QCDscale_wjets_ACCEPT=-11.5517, SF_Bin0=4.50236, SF_Bin2=1.00577, ggWWnorm=-0.444471, lumi_13TeV_2017=66.7883, lumi_13TeV_BBD=-50.1736, lumi_13TeV_BCC=-75.2449, lumi_13TeV_DB=-33.1798, lumi_13TeV_GS=-205.926, lumi_13TeV_LS=-75.2457, lumi_13TeV_XY=-1.30103, pdf_Higgs_gg_ACCEPT=-0.018284, pdf_Higgs_qqbar_ACCEPT=-0.00129746, pdf_WW_ACCEPT=-3.59514, pdf_WmH_ACCEPT=-0.00345179, pdf_WpH_ACCEPT=-0.00879693, pdf_ZH_ACCEPT=-0.00352432, pdf_ttbar_ACCEPT=73.2813, pdf_wjets_ACCEPT=-0.0434548, prop_binFailBin0_bin0=1.16075, prop_binFailBin0_bin1=-2.30525, prop_binFailBin0_bin2=7.41338, prop_binFailBin0_bin3=26.618, prop_binFailBin0_bin4=-50.5457, prop_binFailBin0_bin5=39.2852, prop_binFailBin0_bin6=67.6867, prop_binFailBin0_bin7=45.8156, prop_binFailBin0m_bin0=-22.5717, prop_binFailBin1_bin0=206.504, prop_binFailBin1_bin1=46.5876, prop_binFailBin1_bin2=4.47898, prop_binFailBin1_bin3=-15.5731, prop_binFailBin1_bin4=-47.8548, prop_binFailBin1_bin5=-29.8868, prop_binFailBin1_bin6=-22.832, prop_binFailBin1_bin7=51.3342, prop_binFailBin1m_bin0=27.9762, prop_binFailBin2_bin0=-24.9534, prop_binFailBin2_bin1=3.70482, prop_binFailBin2_bin2=38.0488, prop_binFailBin2_bin3=1.54476, prop_binFailBin2_bin4=-15.2016, prop_binFailBin2_bin5=-7.94121, prop_binFailBin2_bin6=18.0074, prop_binFailBin2_bin7=8.65618, prop_binFailBin2m_bin0=-29.2225, prop_binPassBin0_bin0=-47.7548, prop_binPassBin0_bin1=69.2651, prop_binPassBin0_bin2=55.8593, prop_binPassBin0_bin3=12.3578, prop_binPassBin0_bin4=35.1189, prop_binPassBin0_bin5=43.9248, prop_binPassBin0_bin6=42.2206, prop_binPassBin0_bin7=54.2404, prop_binPassBin0m_bin0=-8.80784, prop_binPassBin1_bin0=-14.4451, prop_binPassBin1_bin1=-45.5974, prop_binPassBin1_bin2=20.8314, prop_binPassBin1_bin3=21.002, prop_binPassBin1_bin4=-5.48742, prop_binPassBin1_bin5=-11.3268, prop_binPassBin1_bin6=11.1245, prop_binPassBin1_bin7=38.1981, prop_binPassBin1m_bin0=7.47173, prop_binPassBin2_bin0=-22.5345, prop_binPassBin2_bin1=-18.6057, prop_binPassBin2_bin2=-21.7379, prop_binPassBin2_bin3=1.32487, prop_binPassBin2_bin4=61.1985, prop_binPassBin2_bin5=43.9931, prop_binPassBin2_bin6=2.75269, prop_binPassBin2_bin7=-16.0051, prop_binPassBin2m_bin0=-19.2049, qqWWqqnorm=4.06407, r_FailBin0m=1.61833, r_FailBin1m=4.99386, r_FailBin2m=1.58351, r_PassBin0=2.03731, r_PassBin0m=4.98435, r_PassBin1=2.03742, r_PassBin1m=0.198997, r_PassBin2=2.36214, r_PassBin2m=1.68537

Info in <Minuit2>: Minuit2Minimizer::Minimize : Minimization did NOT converge, Edm is above max
Point 1/1200 SF_Bin1 = 0.00172391
[#0] WARNING:Minization -- RooMinimizerFcn: Minimized function has error status.
Returning maximum FCN so far (6.00229e+09) to force MIGRAD to back out of this region. Error log follows
Parameter values: CMS_PU_2017=31.0131, CMS_ak8jet_res_j_2017=-77.7809, CMS_ak8jet_scale_JESTotal=-4.70154, CMS_btag_cferr1=-71.8461, CMS_btag_cferr2=-222.13, CMS_btag_hf=28.5592, CMS_btag_hfstats1_2017=-53.3878, CMS_btag_hfstats2_2017=-1.56805, CMS_btag_lf=89.3883, CMS_btag_lfstats1_2017=-34.3944, CMS_btag_lfstats2_2017=-31.096, CMS_eff_e_2017=150.787, CMS_eff_hwwtrigger_2017=186.849, CMS_eff_m_2017=160.571, CMS_eff_prefiring_2017=-141.884, CMS_res_j_2017=13.3965, CMS_scale_JESTotal=41.9137, CMS_scale_e_2017=-17.0323, CMS_scale_m_2017=-5.88346, CMS_scale_met_2017=-75.4449, PS_FSR=-355.657, PS_ISR=34.2194, QCDscale_WW_ACCEPT=22.6723, QCDscale_WmH_ACCEPT=0.0166796, QCDscale_WpH_ACCEPT=-0.0626811, QCDscale_ZH_ACCEPT=-0.00242475, QCDscale_ggH_ACCEPT=0.179803, QCDscale_qqH_ACCEPT=0.00106004, QCDscale_ttbar_ACCEPT=728.766, QCDscale_wjets_ACCEPT=-28.8944, SF_Bin0=0.799404, SF_Bin2=4.9983, ggWWnorm=3.74804, lumi_13TeV_2017=172.249, lumi_13TeV_BBD=-77.5805, lumi_13TeV_BCC=-124.517, lumi_13TeV_DB=-44.7611, lumi_13TeV_GS=-351.408, lumi_13TeV_LS=-124.517, lumi_13TeV_XY=20.0099, pdf_Higgs_gg_ACCEPT=0.0187665, pdf_Higgs_qqbar_ACCEPT=0.00343059, pdf_WW_ACCEPT=3.08378, pdf_WmH_ACCEPT=-0.00937493, pdf_WpH_ACCEPT=-0.00465671, pdf_ZH_ACCEPT=-0.00310159, pdf_ttbar_ACCEPT=312.128, pdf_wjets_ACCEPT=-2.42865, prop_binFailBin0_bin0=102.315, prop_binFailBin0_bin1=90.0236, prop_binFailBin0_bin2=80.1245, prop_binFailBin0_bin3=103.864, prop_binFailBin0_bin4=41.2257, prop_binFailBin0_bin5=67.9626, prop_binFailBin0_bin6=91.3564, prop_binFailBin0_bin7=90.6529, prop_binFailBin0m_bin0=-27.9801, prop_binFailBin1_bin0=-4.34726, prop_binFailBin1_bin1=11.779, prop_binFailBin1_bin2=-46.1497, prop_binFailBin1_bin3=2.02722, prop_binFailBin1_bin4=-15.5221, prop_binFailBin1_bin5=-82.593, prop_binFailBin1_bin6=2.08379, prop_binFailBin1_bin7=-16.4378, prop_binFailBin1m_bin0=-19.1435, prop_binFailBin2_bin0=24.1612, prop_binFailBin2_bin1=22.5399, prop_binFailBin2_bin2=33.0846, prop_binFailBin2_bin3=32.9563, prop_binFailBin2_bin4=26.1981, prop_binFailBin2_bin5=26.8229, prop_binFailBin2_bin6=34.8399, prop_binFailBin2_bin7=34.5108, prop_binFailBin2m_bin0=9.48428, prop_binPassBin0_bin0=40.1186, prop_binPassBin0_bin1=70.8111, prop_binPassBin0_bin2=78.5144, prop_binPassBin0_bin3=64.5276, prop_binPassBin0_bin4=69.3869, prop_binPassBin0_bin5=55.3869, prop_binPassBin0_bin6=44.3025, prop_binPassBin0_bin7=36.6313, prop_binPassBin0m_bin0=-42.5089, prop_binPassBin1_bin0=-13.2909, prop_binPassBin1_bin1=20.6762, prop_binPassBin1_bin2=1.59075, prop_binPassBin1_bin3=67.3863, prop_binPassBin1_bin4=-9.46104, prop_binPassBin1_bin5=17.1846, prop_binPassBin1_bin6=-3.11811, prop_binPassBin1_bin7=29.3001, prop_binPassBin1m_bin0=10.5247, prop_binPassBin2_bin0=9.14296, prop_binPassBin2_bin1=5.83127, prop_binPassBin2_bin2=292.065, prop_binPassBin2_bin3=11.4707, prop_binPassBin2_bin4=12.0819, prop_binPassBin2_bin5=13.7114, prop_binPassBin2_bin6=15.3676, prop_binPassBin2_bin7=11.2279, prop_binPassBin2m_bin0=13.5806, qqWWqqnorm=5.94504, r_FailBin0m=1.91297, r_FailBin1m=0.602186, r_FailBin2m=2.02403, r_PassBin0=0.864, r_PassBin0m=4.95396, r_PassBin1=0.485307, r_PassBin1m=4.11954, r_PassBin2=1.60883, r_PassBin2m=3.13165

Info in <Minuit2>: Minuit2Minimizer::Minimize : Minimization did NOT converge, Reached call limit
Point 2/1200 SF_Bin1 = 0.00287318
Info in <Minuit2>: Minuit2Minimizer::Minimize : Minimization did NOT converge, Reached call limit
Point 3/1200 SF_Bin1 = 0.00402246
Info in <Minuit2>: Minuit2Minimizer::Minimize : Minimization did NOT converge, Reached call limit
Point 4/1200 SF_Bin1 = 0.00517173
Info in <Minuit2>: Minuit2Minimizer::Minimize : Minimization did NOT converge, Edm is above max
Point 5/1200 SF_Bin1 = 0.006321
Info in <Minuit2>: Minuit2Minimizer::Minimize : Minimization did NOT converge, Reached call limit
Point 6/1200 SF_Bin1 = 0.00747028
Info in <Minuit2>: Minuit2Minimizer::Minimize : Minimization did NOT converge, Edm is above max
Point 7/1200 SF_Bin1 = 0.00861955
Info in <Minuit2>: Minuit2Minimizer::Minimize : Minimization did NOT converge, Reached call limit
Point 8/1200 SF_Bin1 = 0.00976882
Info in <Minuit2>: Minuit2Minimizer::Minimize : Minimization did NOT converge, Reached call limit
Point 9/1200 SF_Bin1 = 0.0109181
Info in <Minuit2>: Minuit2Minimizer::Minimize : Minimization did NOT converge, Edm is above max
Point 10/1200 SF_Bin1 = 0.0120674
Info in <Minuit2>: Minuit2Minimizer::Minimize : Minimization did NOT converge, Reached call limit
Point 11/1200 SF_Bin1 = 0.0132166
Info in <Minuit2>: Minuit2Minimizer::Minimize : Minimization did NOT converge, Edm is above max
Point 12/1200 SF_Bin1 = 0.0143659
Info in <Minuit2>: Minuit2Minimizer::Minimize : Minimization did NOT converge, Edm is above max
Point 13/1200 SF_Bin1 = 0.0155152
Info in <Minuit2>: Minuit2Minimizer::Minimize : Minimization did NOT converge, Edm is above max
Point 14/1200 SF_Bin1 = 0.0166645
Info in <Minuit2>: Minuit2Minimizer::Minimize : Minimization did NOT converge, Reached call limit
Point 15/1200 SF_Bin1 = 0.0178137
Info in <Minuit2>: Minuit2Minimizer::Minimize : Minimization did NOT converge, Reached call limit
Point 16/1200 SF_Bin1 = 0.018963
Info in <Minuit2>: Minuit2Minimizer::Minimize : Minimization did NOT converge, Reached call limit
Point 17/1200 SF_Bin1 = 0.0201123
Info in <Minuit2>: Minuit2Minimizer::Minimize : Minimization did NOT converge, Reached call limit
Point 18/1200 SF_Bin1 = 0.0212616
Info in <Minuit2>: Minuit2Minimizer::Minimize : Minimization did NOT converge, Reached call limit
Point 19/1200 SF_Bin1 = 0.0224108
Info in <Minuit2>: Minuit2Minimizer::Minimize : Minimization did NOT converge, Reached call limit
Point 20/1200 SF_Bin1 = 0.0235601
Info in <Minuit2>: Minuit2Minimizer::Minimize : Minimization did NOT converge, Edm is above max
Point 21/1200 SF_Bin1 = 0.0247094
Info in <Minuit2>: Minuit2Minimizer::Minimize : Minimization did NOT converge, Edm is above max
Point 22/1200 SF_Bin1 = 0.0258586
Info in <Minuit2>: Minuit2Minimizer::Minimize : Minimization did NOT converge, Reached call limit
Point 23/1200 SF_Bin1 = 0.0270079
Info in <Minuit2>: Minuit2Minimizer::Minimize : Minimization did NOT converge, Hesse is not valid
Point 24/1200 SF_Bin1 = 0.0281572
Info in <Minuit2>: Minuit2Minimizer::Minimize : Minimization did NOT converge, Reached call limit
Point 25/1200 SF_Bin1 = 0.0293065
Info in <Minuit2>: Minuit2Minimizer::Minimize : Minimization did NOT converge, Reached call limit
Point 26/1200 SF_Bin1 = 0.0304557
Info in <Minuit2>: Minuit2Minimizer::Minimize : Minimization did NOT converge, Reached call limit
Point 27/1200 SF_Bin1 = 0.031605
Info in <Minuit2>: Minuit2Minimizer::Minimize : Minimization did NOT converge, Reached call limit
Point 28/1200 SF_Bin1 = 0.0327543
Info in <Minuit2>: Minuit2Minimizer::Minimize : Minimization did NOT converge, Hesse is not valid
Point 29/1200 SF_Bin1 = 0.0339036
Info in <Minuit2>: Minuit2Minimizer::Minimize : Minimization did NOT converge, Reached call limit
Point 30/1200 SF_Bin1 = 0.0350528
Point 31/1200 SF_Bin1 = 0.0362021
Info in <Minuit2>: Minuit2Minimizer::Minimize : Minimization did NOT converge, Edm is above max
Point 32/1200 SF_Bin1 = 0.0373514
Info in <Minuit2>: Minuit2Minimizer::Minimize : Minimization did NOT converge, Edm is above max
Point 33/1200 SF_Bin1 = 0.0385007
Point 34/1200 SF_Bin1 = 0.0396499
Info in <Minuit2>: Minuit2Minimizer::Minimize : Minimization did NOT converge, Edm is above max
Point 35/1200 SF_Bin1 = 0.0407992
Info in <Minuit2>: Minuit2Minimizer::Minimize : Minimization did NOT converge, Edm is above max
Point 36/1200 SF_Bin1 = 0.0419485
Info in <Minuit2>: Minuit2Minimizer::Minimize : Minimization did NOT converge, Edm is above max
Point 37/1200 SF_Bin1 = 0.0430977
Info in <Minuit2>: Minuit2Minimizer::Minimize : Minimization did NOT converge, Edm is above max
Point 38/1200 SF_Bin1 = 0.044247
Info in <Minuit2>: Minuit2Minimizer::Minimize : Minimization did NOT converge, Edm is above max
Point 39/1200 SF_Bin1 = 0.0453963
Point 40/1200 SF_Bin1 = 0.0465456
Info in <Minuit2>: Minuit2Minimizer::Minimize : Minimization did NOT converge, Edm is above max
Point 41/1200 SF_Bin1 = 0.0476948
Info in <Minuit2>: Minuit2Minimizer::Minimize : Minimization did NOT converge, Edm is above max
Point 42/1200 SF_Bin1 = 0.0488441
Info in <Minuit2>: Minuit2Minimizer::Minimize : Minimization did NOT converge, Edm is above max
Point 43/1200 SF_Bin1 = 0.0499934
Point 44/1200 SF_Bin1 = 0.0511427
Point 45/1200 SF_Bin1 = 0.0522919
Info in <Minuit2>: Minuit2Minimizer::Minimize : Minimization did NOT converge, Edm is above max
Point 46/1200 SF_Bin1 = 0.0534412
Point 47/1200 SF_Bin1 = 0.0545905
Info in <Minuit2>: Minuit2Minimizer::Minimize : Minimization did NOT converge, Reached call limit
Point 48/1200 SF_Bin1 = 0.0557398
Info in <Minuit2>: Minuit2Minimizer::Minimize : Minimization did NOT converge, Edm is above max
Point 49/1200 SF_Bin1 = 0.056889
Point 50/1200 SF_Bin1 = 0.0580383
Point 51/1200 SF_Bin1 = 0.0591876
Point 52/1200 SF_Bin1 = 0.0603368
Info in <Minuit2>: Minuit2Minimizer::Minimize : Minimization did NOT converge, Hesse is not valid
Point 53/1200 SF_Bin1 = 0.0614861
Info in <Minuit2>: Minuit2Minimizer::Minimize : Minimization did NOT converge, Reached call limit
Point 54/1200 SF_Bin1 = 0.0626354
Point 55/1200 SF_Bin1 = 0.0637847
Info in <Minuit2>: Minuit2Minimizer::Minimize : Minimization did NOT converge, Edm is above max
Point 56/1200 SF_Bin1 = 0.0649339
Point 57/1200 SF_Bin1 = 0.0660832
Point 58/1200 SF_Bin1 = 0.0672325
Info in <Minuit2>: Minuit2Minimizer::Minimize : Minimization did NOT converge, Edm is above max
Point 59/1200 SF_Bin1 = 0.0683818
Info in <Minuit2>: Minuit2Minimizer::Minimize : Minimization did NOT converge, Reached call limit
Point 60/1200 SF_Bin1 = 0.069531
Point 61/1200 SF_Bin1 = 0.0706803
Info in <Minuit2>: Minuit2Minimizer::Minimize : Minimization did NOT converge, Hesse is not valid
Point 62/1200 SF_Bin1 = 0.0718296
Point 63/1200 SF_Bin1 = 0.0729789
Point 64/1200 SF_Bin1 = 0.0741281
Point 65/1200 SF_Bin1 = 0.0752774
Info in <Minuit2>: Minuit2Minimizer::Minimize : Minimization did NOT converge, Edm is above max
Point 66/1200 SF_Bin1 = 0.0764267
Info in <Minuit2>: Minuit2Minimizer::Minimize : Minimization did NOT converge, Edm is above max
Point 67/1200 SF_Bin1 = 0.0775759
Info in <Minuit2>: Minuit2Minimizer::Minimize : Minimization did NOT converge, Edm is above max
Point 68/1200 SF_Bin1 = 0.0787252
Info in <Minuit2>: Minuit2Minimizer::Minimize : Minimization did NOT converge, Edm is above max
Point 69/1200 SF_Bin1 = 0.0798745
Point 70/1200 SF_Bin1 = 0.0810238
Info in <Minuit2>: Minuit2Minimizer::Minimize : Minimization did NOT converge, Edm is above max
Point 71/1200 SF_Bin1 = 0.082173
Info in <Minuit2>: Minuit2Minimizer::Minimize : Minimization did NOT converge, Edm is above max
Point 72/1200 SF_Bin1 = 0.0833223
Info in <Minuit2>: Minuit2Minimizer::Minimize : Minimization did NOT converge, Edm is above max
Point 73/1200 SF_Bin1 = 0.0844716
Info in <Minuit2>: Minuit2Minimizer::Minimize : Minimization did NOT converge, Edm is above max
Point 74/1200 SF_Bin1 = 0.0856209
Info in <Minuit2>: Minuit2Minimizer::Minimize : Minimization did NOT converge, Edm is above max
Point 75/1200 SF_Bin1 = 0.0867701
[WARNING] Minimisation finished with status 1 (covariance forced positive definite), this could indicate a problem with the minimim!
Point 76/1200 SF_Bin1 = 0.0879194
Info in <Minuit2>: Minuit2Minimizer::Minimize : Minimization did NOT converge, Edm is above max
Point 77/1200 SF_Bin1 = 0.0890687
Point 78/1200 SF_Bin1 = 0.090218
Point 79/1200 SF_Bin1 = 0.0913672
Info in <Minuit2>: Minuit2Minimizer::Minimize : Minimization did NOT converge, Edm is above max
Point 80/1200 SF_Bin1 = 0.0925165
Point 81/1200 SF_Bin1 = 0.0936658
Info in <Minuit2>: Minuit2Minimizer::Minimize : Minimization did NOT converge, Edm is above max
Point 82/1200 SF_Bin1 = 0.094815
Point 83/1200 SF_Bin1 = 0.0959643
Info in <Minuit2>: Minuit2Minimizer::Minimize : Minimization did NOT converge, Edm is above max
Point 84/1200 SF_Bin1 = 0.0971136
Info in <Minuit2>: Minuit2Minimizer::Minimize : Minimization did NOT converge, Edm is above max
Point 85/1200 SF_Bin1 = 0.0982629
Info in <Minuit2>: Minuit2Minimizer::Minimize : Minimization did NOT converge, Edm is above max
Point 86/1200 SF_Bin1 = 0.0994121
Point 87/1200 SF_Bin1 = 0.100561
Info in <Minuit2>: Minuit2Minimizer::Minimize : Minimization did NOT converge, Edm is above max
Point 88/1200 SF_Bin1 = 0.101711
Info in <Minuit2>: Minuit2Minimizer::Minimize : Minimization did NOT converge, Edm is above max
Point 89/1200 SF_Bin1 = 0.10286
Info in <Minuit2>: Minuit2Minimizer::Minimize : Minimization did NOT converge, Edm is above max
Point 90/1200 SF_Bin1 = 0.104009
Info in <Minuit2>: Minuit2Minimizer::Minimize : Minimization did NOT converge, Edm is above max
Point 91/1200 SF_Bin1 = 0.105159
Info in <Minuit2>: Minuit2Minimizer::Minimize : Minimization did NOT converge, Edm is above max
Point 92/1200 SF_Bin1 = 0.106308
Info in <Minuit2>: Minuit2Minimizer::Minimize : Minimization did NOT converge, Edm is above max
Point 93/1200 SF_Bin1 = 0.107457
Info in <Minuit2>: Minuit2Minimizer::Minimize : Minimization did NOT converge, Edm is above max
Point 94/1200 SF_Bin1 = 0.108606
Info in <Minuit2>: Minuit2Minimizer::Minimize : Minimization did NOT converge, Edm is above max
Point 95/1200 SF_Bin1 = 0.109756
Info in <Minuit2>: Minuit2Minimizer::Minimize : Minimization did NOT converge, Edm is above max
Point 96/1200 SF_Bin1 = 0.110905
Info in <Minuit2>: Minuit2Minimizer::Minimize : Minimization did NOT converge, Edm is above max
Point 97/1200 SF_Bin1 = 0.112054
Info in <Minuit2>: Minuit2Minimizer::Minimize : Minimization did NOT converge, Edm is above max
Point 98/1200 SF_Bin1 = 0.113203
Info in <Minuit2>: Minuit2Minimizer::Minimize : Minimization did NOT converge, Edm is above max
Point 99/1200 SF_Bin1 = 0.114353
Info in <Minuit2>: Minuit2Minimizer::Minimize : Minimization did NOT converge, Edm is above max
Point 100/1200 SF_Bin1 = 0.115502
Info in <Minuit2>: Minuit2Minimizer::Minimize : Minimization did NOT converge, Edm is above max
Point 101/1200 SF_Bin1 = 0.116651
Info in <Minuit2>: Minuit2Minimizer::Minimize : Minimization did NOT converge, Edm is above max
Point 102/1200 SF_Bin1 = 0.117801
Info in <Minuit2>: Minuit2Minimizer::Minimize : Minimization did NOT converge, Edm is above max
Point 103/1200 SF_Bin1 = 0.11895
Info in <Minuit2>: Minuit2Minimizer::Minimize : Minimization did NOT converge, Edm is above max
Point 104/1200 SF_Bin1 = 0.120099
Info in <Minuit2>: Minuit2Minimizer::Minimize : Minimization did NOT converge, Edm is above max
Point 105/1200 SF_Bin1 = 0.121248
Info in <Minuit2>: Minuit2Minimizer::Minimize : Minimization did NOT converge, Edm is above max
Point 106/1200 SF_Bin1 = 0.122398
Info in <Minuit2>: Minuit2Minimizer::Minimize : Minimization did NOT converge, Edm is above max
Point 107/1200 SF_Bin1 = 0.123547
Info in <Minuit2>: Minuit2Minimizer::Minimize : Minimization did NOT converge, Edm is above max
Point 108/1200 SF_Bin1 = 0.124696
Info in <Minuit2>: Minuit2Minimizer::Minimize : Minimization did NOT converge, Edm is above max
Point 109/1200 SF_Bin1 = 0.125845
Info in <Minuit2>: Minuit2Minimizer::Minimize : Minimization did NOT converge, Edm is above max
Point 110/1200 SF_Bin1 = 0.126995
Info in <Minuit2>: Minuit2Minimizer::Minimize : Minimization did NOT converge, Edm is above max
Point 111/1200 SF_Bin1 = 0.128144
Info in <Minuit2>: Minuit2Minimizer::Minimize : Minimization did NOT converge, Edm is above max
Point 112/1200 SF_Bin1 = 0.129293
Info in <Minuit2>: Minuit2Minimizer::Minimize : Minimization did NOT converge, Edm is above max
Point 113/1200 SF_Bin1 = 0.130443
[#0] WARNING:Minization -- RooMinimizerFcn: Minimized function has error status.
Returning maximum FCN so far (4.82319e+06) to force MIGRAD to back out of this region. Error log follows
Parameter values: CMS_PU_2017=-30.1292, CMS_ak8jet_res_j_2017=-34.1203, CMS_ak8jet_scale_JESTotal=93.5213, CMS_btag_cferr1=60.4542, CMS_btag_cferr2=36.2611, CMS_btag_hf=38.2508, CMS_btag_hfstats1_2017=-16.7575, CMS_btag_hfstats2_2017=-12.5639, CMS_btag_lf=10.6381, CMS_btag_lfstats1_2017=-20.4955, CMS_btag_lfstats2_2017=-7.5209, CMS_eff_e_2017=27.8287, CMS_eff_hwwtrigger_2017=92.173, CMS_eff_m_2017=38.8288, CMS_eff_prefiring_2017=-26.5454, CMS_res_j_2017=5.53203, CMS_scale_JESTotal=19.4951, CMS_scale_e_2017=3.60475, CMS_scale_m_2017=22.825, CMS_scale_met_2017=-91.4355, PS_FSR=79.4151, PS_ISR=39.8134, QCDscale_WW_ACCEPT=1.69769, QCDscale_WmH_ACCEPT=-0.0127422, QCDscale_WpH_ACCEPT=0.282674, QCDscale_ZH_ACCEPT=-0.0180595, QCDscale_ggH_ACCEPT=-0.00537399, QCDscale_qqH_ACCEPT=-0.00112421, QCDscale_ttbar_ACCEPT=671.201, QCDscale_wjets_ACCEPT=-2.2451, SF_Bin0=0.167591, SF_Bin2=4.75704, ggWWnorm=-0.380469, lumi_13TeV_2017=140.684, lumi_13TeV_BBD=6.21537, lumi_13TeV_BCC=8.25671, lumi_13TeV_DB=22.1125, lumi_13TeV_GS=3.61348, lumi_13TeV_LS=8.25392, lumi_13TeV_XY=61.2565, pdf_Higgs_gg_ACCEPT=-0.00304938, pdf_Higgs_qqbar_ACCEPT=-1.38722e-05, pdf_WW_ACCEPT=0.85813, pdf_WmH_ACCEPT=-0.00252134, pdf_WpH_ACCEPT=-0.000715134, pdf_ZH_ACCEPT=0.00370737, pdf_ttbar_ACCEPT=145.032, pdf_wjets_ACCEPT=-0.227429, prop_binFailBin0_bin0=10.9631, prop_binFailBin0_bin1=-11.4468, prop_binFailBin0_bin2=0.885827, prop_binFailBin0_bin3=-23.2561, prop_binFailBin0_bin4=37.8792, prop_binFailBin0_bin5=1.50543, prop_binFailBin0_bin6=-2.78502, prop_binFailBin0_bin7=-9.0837, prop_binFailBin0m_bin0=8.19881, prop_binFailBin1_bin0=-5.51873, prop_binFailBin1_bin1=-26.6781, prop_binFailBin1_bin2=-16.2407, prop_binFailBin1_bin3=-0.345649, prop_binFailBin1_bin4=-1.79202, prop_binFailBin1_bin5=-2.10295, prop_binFailBin1_bin6=1.7422, prop_binFailBin1_bin7=1.49677, prop_binFailBin1m_bin0=3.04132, prop_binFailBin2_bin0=-11.1925, prop_binFailBin2_bin1=-16.4509, prop_binFailBin2_bin2=-9.27494, prop_binFailBin2_bin3=-24.5618, prop_binFailBin2_bin4=-20.5513, prop_binFailBin2_bin5=-5.97845, prop_binFailBin2_bin6=-27.7093, prop_binFailBin2_bin7=-32.3824, prop_binFailBin2m_bin0=-1.22569, prop_binPassBin0_bin0=2.2753, prop_binPassBin0_bin1=7.38088, prop_binPassBin0_bin2=-8.44341, prop_binPassBin0_bin3=-21.0486, prop_binPassBin0_bin4=0.356774, prop_binPassBin0_bin5=2.30335, prop_binPassBin0_bin6=-1.46961, prop_binPassBin0_bin7=-13.6392, prop_binPassBin0m_bin0=2.99953, prop_binPassBin1_bin0=13.9567, prop_binPassBin1_bin1=1.00554, prop_binPassBin1_bin2=17.0458, prop_binPassBin1_bin3=6.85694, prop_binPassBin1_bin4=14.6646, prop_binPassBin1_bin5=8.72494, prop_binPassBin1_bin6=13.8039, prop_binPassBin1_bin7=12.9128, prop_binPassBin1m_bin0=0.744109, prop_binPassBin2_bin0=0.996517, prop_binPassBin2_bin1=-8.42348, prop_binPassBin2_bin2=-4.64789, prop_binPassBin2_bin3=1.08303, prop_binPassBin2_bin4=0.320971, prop_binPassBin2_bin5=6.65922, prop_binPassBin2_bin6=-3.32522, prop_binPassBin2_bin7=1.54283, prop_binPassBin2m_bin0=2.47966, qqWWqqnorm=1.85863, r_FailBin0m=2.15103, r_FailBin1m=4.76355, r_FailBin2m=3.93418, r_PassBin0=0.0628524, r_PassBin0m=1.71665, r_PassBin1=0.533029, r_PassBin1m=2.22505, r_PassBin2=1.29633, r_PassBin2m=1.40817

Info in <Minuit2>: Minuit2Minimizer::Minimize : Minimization did NOT converge, Edm is above max
Point 114/1200 SF_Bin1 = 0.131592
Info in <Minuit2>: Minuit2Minimizer::Minimize : Minimization did NOT converge, Edm is above max
Point 115/1200 SF_Bin1 = 0.132741
Point 116/1200 SF_Bin1 = 0.13389
Info in <Minuit2>: Minuit2Minimizer::Minimize : Minimization did NOT converge, Edm is above max
Point 117/1200 SF_Bin1 = 0.13504
Info in <Minuit2>: Minuit2Minimizer::Minimize : Minimization did NOT converge, Edm is above max
Point 118/1200 SF_Bin1 = 0.136189
Info in <Minuit2>: Minuit2Minimizer::Minimize : Minimization did NOT converge, Edm is above max
Point 119/1200 SF_Bin1 = 0.137338
Point 120/1200 SF_Bin1 = 0.138487
Info in <Minuit2>: Minuit2Minimizer::Minimize : Minimization did NOT converge, Edm is above max
Point 121/1200 SF_Bin1 = 0.139637
Point 122/1200 SF_Bin1 = 0.140786
Point 123/1200 SF_Bin1 = 0.141935
Info in <Minuit2>: Minuit2Minimizer::Minimize : Minimization did NOT converge, Edm is above max
Point 124/1200 SF_Bin1 = 0.143085
Info in <Minuit2>: Minuit2Minimizer::Minimize : Minimization did NOT converge, Edm is above max
Point 125/1200 SF_Bin1 = 0.144234
Info in <Minuit2>: Minuit2Minimizer::Minimize : Minimization did NOT converge, Edm is above max
Point 126/1200 SF_Bin1 = 0.145383
Info in <Minuit2>: Minuit2Minimizer::Minimize : Minimization did NOT converge, Edm is above max
Point 127/1200 SF_Bin1 = 0.146532
Point 128/1200 SF_Bin1 = 0.147682
Info in <Minuit2>: Minuit2Minimizer::Minimize : Minimization did NOT converge, Edm is above max
Point 129/1200 SF_Bin1 = 0.148831
Info in <Minuit2>: Minuit2Minimizer::Minimize : Minimization did NOT converge, Edm is above max
Point 130/1200 SF_Bin1 = 0.14998
Info in <Minuit2>: Minuit2Minimizer::Minimize : Minimization did NOT converge, Edm is above max
Point 131/1200 SF_Bin1 = 0.151129
Point 132/1200 SF_Bin1 = 0.152279
Info in <Minuit2>: Minuit2Minimizer::Minimize : Minimization did NOT converge, Edm is above max
Point 133/1200 SF_Bin1 = 0.153428
Info in <Minuit2>: Minuit2Minimizer::Minimize : Minimization did NOT converge, Edm is above max
Point 134/1200 SF_Bin1 = 0.154577
Info in <Minuit2>: Minuit2Minimizer::Minimize : Minimization did NOT converge, Edm is above max
Point 135/1200 SF_Bin1 = 0.155727
Point 136/1200 SF_Bin1 = 0.156876
Info in <Minuit2>: Minuit2Minimizer::Minimize : Minimization did NOT converge, Edm is above max
Point 137/1200 SF_Bin1 = 0.158025
Point 138/1200 SF_Bin1 = 0.159174
Point 139/1200 SF_Bin1 = 0.160324
Info in <Minuit2>: Minuit2Minimizer::Minimize : Minimization did NOT converge, Edm is above max
Point 140/1200 SF_Bin1 = 0.161473
Point 141/1200 SF_Bin1 = 0.162622
Point 142/1200 SF_Bin1 = 0.163771
Info in <Minuit2>: Minuit2Minimizer::Minimize : Minimization did NOT converge, Edm is above max
Point 143/1200 SF_Bin1 = 0.164921
Point 144/1200 SF_Bin1 = 0.16607
Info in <Minuit2>: Minuit2Minimizer::Minimize : Minimization did NOT converge, Edm is above max
Point 145/1200 SF_Bin1 = 0.167219
Point 146/1200 SF_Bin1 = 0.168369
Info in <Minuit2>: Minuit2Minimizer::Minimize : Minimization did NOT converge, Edm is above max
Point 147/1200 SF_Bin1 = 0.169518
Info in <Minuit2>: Minuit2Minimizer::Minimize : Minimization did NOT converge, Edm is above max
Point 148/1200 SF_Bin1 = 0.170667
Point 149/1200 SF_Bin1 = 0.171816
Info in <Minuit2>: Minuit2Minimizer::Minimize : Minimization did NOT converge, Edm is above max
Point 150/1200 SF_Bin1 = 0.172966
Point 151/1200 SF_Bin1 = 0.174115
Point 152/1200 SF_Bin1 = 0.175264
Info in <Minuit2>: Minuit2Minimizer::Minimize : Minimization did NOT converge, Edm is above max
Point 153/1200 SF_Bin1 = 0.176413
Info in <Minuit2>: Minuit2Minimizer::Minimize : Minimization did NOT converge, Edm is above max
Point 154/1200 SF_Bin1 = 0.177563
Info in <Minuit2>: Minuit2Minimizer::Minimize : Minimization did NOT converge, Edm is above max
Point 155/1200 SF_Bin1 = 0.178712
Info in <Minuit2>: Minuit2Minimizer::Minimize : Minimization did NOT converge, Edm is above max
Point 156/1200 SF_Bin1 = 0.179861
Info in <Minuit2>: Minuit2Minimizer::Minimize : Minimization did NOT converge, Edm is above max
Point 157/1200 SF_Bin1 = 0.181011
Info in <Minuit2>: Minuit2Minimizer::Minimize : Minimization did NOT converge, Edm is above max
Point 158/1200 SF_Bin1 = 0.18216
Point 159/1200 SF_Bin1 = 0.183309
Info in <Minuit2>: Minuit2Minimizer::Minimize : Minimization did NOT converge, Edm is above max
Point 160/1200 SF_Bin1 = 0.184458
Info in <Minuit2>: Minuit2Minimizer::Minimize : Minimization did NOT converge, Edm is above max
Point 161/1200 SF_Bin1 = 0.185608
Point 162/1200 SF_Bin1 = 0.186757
Info in <Minuit2>: Minuit2Minimizer::Minimize : Minimization did NOT converge, Edm is above max
Point 163/1200 SF_Bin1 = 0.187906
Point 164/1200 SF_Bin1 = 0.189055
Info in <Minuit2>: Minuit2Minimizer::Minimize : Minimization did NOT converge, Edm is above max
Point 165/1200 SF_Bin1 = 0.190205
Info in <Minuit2>: Minuit2Minimizer::Minimize : Minimization did NOT converge, Edm is above max
Point 166/1200 SF_Bin1 = 0.191354
Info in <Minuit2>: Minuit2Minimizer::Minimize : Minimization did NOT converge, Edm is above max
Point 167/1200 SF_Bin1 = 0.192503
Info in <Minuit2>: Minuit2Minimizer::Minimize : Minimization did NOT converge, Edm is above max
Point 168/1200 SF_Bin1 = 0.193653
Info in <Minuit2>: Minuit2Minimizer::Minimize : Minimization did NOT converge, Edm is above max
Point 169/1200 SF_Bin1 = 0.194802
Info in <Minuit2>: Minuit2Minimizer::Minimize : Minimization did NOT converge, Edm is above max
Point 170/1200 SF_Bin1 = 0.195951
Info in <Minuit2>: Minuit2Minimizer::Minimize : Minimization did NOT converge, Edm is above max
Point 171/1200 SF_Bin1 = 0.1971
Info in <Minuit2>: Minuit2Minimizer::Minimize : Minimization did NOT converge, Edm is above max
Point 172/1200 SF_Bin1 = 0.19825
Info in <Minuit2>: Minuit2Minimizer::Minimize : Minimization did NOT converge, Edm is above max
Point 173/1200 SF_Bin1 = 0.199399
Info in <Minuit2>: Minuit2Minimizer::Minimize : Minimization did NOT converge, Edm is above max
Point 174/1200 SF_Bin1 = 0.200548
Info in <Minuit2>: Minuit2Minimizer::Minimize : Minimization did NOT converge, Edm is above max
Point 175/1200 SF_Bin1 = 0.201697
Point 176/1200 SF_Bin1 = 0.202847
Point 177/1200 SF_Bin1 = 0.203996
Info in <Minuit2>: Minuit2Minimizer::Minimize : Minimization did NOT converge, Edm is above max
Point 178/1200 SF_Bin1 = 0.205145
Info in <Minuit2>: Minuit2Minimizer::Minimize : Minimization did NOT converge, Edm is above max
Point 179/1200 SF_Bin1 = 0.206295
Info in <Minuit2>: Minuit2Minimizer::Minimize : Minimization did NOT converge, Edm is above max
Point 180/1200 SF_Bin1 = 0.207444
Info in <Minuit2>: Minuit2Minimizer::Minimize : Minimization did NOT converge, Edm is above max
Point 181/1200 SF_Bin1 = 0.208593
Point 182/1200 SF_Bin1 = 0.209742
Info in <Minuit2>: Minuit2Minimizer::Minimize : Minimization did NOT converge, Edm is above max
Point 183/1200 SF_Bin1 = 0.210892
Point 184/1200 SF_Bin1 = 0.212041
Info in <Minuit2>: Minuit2Minimizer::Minimize : Minimization did NOT converge, Edm is above max
Point 185/1200 SF_Bin1 = 0.21319
Info in <Minuit2>: Minuit2Minimizer::Minimize : Minimization did NOT converge, Edm is above max
Point 186/1200 SF_Bin1 = 0.214339
Info in <Minuit2>: Minuit2Minimizer::Minimize : Minimization did NOT converge, Edm is above max
Point 187/1200 SF_Bin1 = 0.215489
Point 188/1200 SF_Bin1 = 0.216638
Info in <Minuit2>: Minuit2Minimizer::Minimize : Minimization did NOT converge, Edm is above max
Point 189/1200 SF_Bin1 = 0.217787
Info in <Minuit2>: Minuit2Minimizer::Minimize : Minimization did NOT converge, Edm is above max
Point 190/1200 SF_Bin1 = 0.218937
Info in <Minuit2>: Minuit2Minimizer::Minimize : Minimization did NOT converge, Edm is above max
Point 191/1200 SF_Bin1 = 0.220086
Point 192/1200 SF_Bin1 = 0.221235
Point 193/1200 SF_Bin1 = 0.222384
Info in <Minuit2>: Minuit2Minimizer::Minimize : Minimization did NOT converge, Edm is above max
Point 194/1200 SF_Bin1 = 0.223534
Info in <Minuit2>: Minuit2Minimizer::Minimize : Minimization did NOT converge, Edm is above max
Point 195/1200 SF_Bin1 = 0.224683
Point 196/1200 SF_Bin1 = 0.225832
Info in <Minuit2>: Minuit2Minimizer::Minimize : Minimization did NOT converge, Edm is above max
Point 197/1200 SF_Bin1 = 0.226981
Point 198/1200 SF_Bin1 = 0.228131
Point 199/1200 SF_Bin1 = 0.22928
Point 200/1200 SF_Bin1 = 0.230429
Point 201/1200 SF_Bin1 = 0.231579
[WARNING] Minimisation finished with status 1 (covariance forced positive definite), this could indicate a problem with the minimim!
Point 202/1200 SF_Bin1 = 0.232728
[WARNING] Minimisation finished with status 1 (covariance forced positive definite), this could indicate a problem with the minimim!
Point 203/1200 SF_Bin1 = 0.233877
Info in <Minuit2>: Minuit2Minimizer::Minimize : Minimization did NOT converge, Edm is above max
Point 204/1200 SF_Bin1 = 0.235026
Point 205/1200 SF_Bin1 = 0.236176
Info in <Minuit2>: Minuit2Minimizer::Minimize : Minimization did NOT converge, Edm is above max
Point 206/1200 SF_Bin1 = 0.237325
Info in <Minuit2>: Minuit2Minimizer::Minimize : Minimization did NOT converge, Edm is above max
Point 207/1200 SF_Bin1 = 0.238474
Point 208/1200 SF_Bin1 = 0.239623
Info in <Minuit2>: Minuit2Minimizer::Minimize : Minimization did NOT converge, Edm is above max
Point 209/1200 SF_Bin1 = 0.240773
Point 210/1200 SF_Bin1 = 0.241922
Point 211/1200 SF_Bin1 = 0.243071
Point 212/1200 SF_Bin1 = 0.244221
Point 213/1200 SF_Bin1 = 0.24537
Point 214/1200 SF_Bin1 = 0.246519
Point 215/1200 SF_Bin1 = 0.247668
Point 216/1200 SF_Bin1 = 0.248818
Point 217/1200 SF_Bin1 = 0.249967
Point 218/1200 SF_Bin1 = 0.251116
Point 219/1200 SF_Bin1 = 0.252265
Info in <Minuit2>: Minuit2Minimizer::Minimize : Minimization did NOT converge, Edm is above max
Point 220/1200 SF_Bin1 = 0.253415
Info in <Minuit2>: Minuit2Minimizer::Minimize : Minimization did NOT converge, Edm is above max
Point 221/1200 SF_Bin1 = 0.254564
Info in <Minuit2>: Minuit2Minimizer::Minimize : Minimization did NOT converge, Edm is above max
Point 222/1200 SF_Bin1 = 0.255713
Point 223/1200 SF_Bin1 = 0.256863
Info in <Minuit2>: Minuit2Minimizer::Minimize : Minimization did NOT converge, Edm is above max
Point 224/1200 SF_Bin1 = 0.258012
Point 225/1200 SF_Bin1 = 0.259161
Info in <Minuit2>: Minuit2Minimizer::Minimize : Minimization did NOT converge, Edm is above max
Point 226/1200 SF_Bin1 = 0.26031
Point 227/1200 SF_Bin1 = 0.26146
Point 228/1200 SF_Bin1 = 0.262609
Point 229/1200 SF_Bin1 = 0.263758
Info in <Minuit2>: Minuit2Minimizer::Minimize : Minimization did NOT converge, Edm is above max
Point 230/1200 SF_Bin1 = 0.264907
Point 231/1200 SF_Bin1 = 0.266057
Info in <Minuit2>: Minuit2Minimizer::Minimize : Minimization did NOT converge, Edm is above max
Point 232/1200 SF_Bin1 = 0.267206
Point 233/1200 SF_Bin1 = 0.268355
Point 234/1200 SF_Bin1 = 0.269505
Point 235/1200 SF_Bin1 = 0.270654
Info in <Minuit2>: Minuit2Minimizer::Minimize : Minimization did NOT converge, Edm is above max
Point 236/1200 SF_Bin1 = 0.271803
Point 237/1200 SF_Bin1 = 0.272952
Point 238/1200 SF_Bin1 = 0.274102
Point 239/1200 SF_Bin1 = 0.275251
Point 240/1200 SF_Bin1 = 0.2764
Point 241/1200 SF_Bin1 = 0.27755
Point 242/1200 SF_Bin1 = 0.278699
Info in <Minuit2>: Minuit2Minimizer::Minimize : Minimization did NOT converge, Edm is above max
Point 243/1200 SF_Bin1 = 0.279848
Point 244/1200 SF_Bin1 = 0.280997
Point 245/1200 SF_Bin1 = 0.282147
Point 246/1200 SF_Bin1 = 0.283296
Point 247/1200 SF_Bin1 = 0.284445
Point 248/1200 SF_Bin1 = 0.285594
Point 249/1200 SF_Bin1 = 0.286744
Point 250/1200 SF_Bin1 = 0.287893
Point 251/1200 SF_Bin1 = 0.289042
Point 252/1200 SF_Bin1 = 0.290192
Point 253/1200 SF_Bin1 = 0.291341
Point 254/1200 SF_Bin1 = 0.29249
Point 255/1200 SF_Bin1 = 0.293639
Point 256/1200 SF_Bin1 = 0.294789
Point 257/1200 SF_Bin1 = 0.295938
Point 258/1200 SF_Bin1 = 0.297087
Point 259/1200 SF_Bin1 = 0.298236
Point 260/1200 SF_Bin1 = 0.299386
Point 261/1200 SF_Bin1 = 0.300535
Point 262/1200 SF_Bin1 = 0.301684
Point 263/1200 SF_Bin1 = 0.302834
Info in <Minuit2>: Minuit2Minimizer::Minimize : Minimization did NOT converge, Edm is above max
Point 264/1200 SF_Bin1 = 0.303983
Point 265/1200 SF_Bin1 = 0.305132
Info in <Minuit2>: Minuit2Minimizer::Minimize : Minimization did NOT converge, Edm is above max
Point 266/1200 SF_Bin1 = 0.306281
Info in <Minuit2>: Minuit2Minimizer::Minimize : Minimization did NOT converge, Edm is above max
Point 267/1200 SF_Bin1 = 0.307431
Point 268/1200 SF_Bin1 = 0.30858
Info in <Minuit2>: Minuit2Minimizer::Minimize : Minimization did NOT converge, Edm is above max
Point 269/1200 SF_Bin1 = 0.309729
Info in <Minuit2>: Minuit2Minimizer::Minimize : Minimization did NOT converge, Edm is above max
Point 270/1200 SF_Bin1 = 0.310878
Point 271/1200 SF_Bin1 = 0.312028
Point 272/1200 SF_Bin1 = 0.313177
Point 273/1200 SF_Bin1 = 0.314326
Point 274/1200 SF_Bin1 = 0.315476
Point 275/1200 SF_Bin1 = 0.316625
Point 276/1200 SF_Bin1 = 0.317774
Point 277/1200 SF_Bin1 = 0.318923
Point 278/1200 SF_Bin1 = 0.320073
Point 279/1200 SF_Bin1 = 0.321222
Point 280/1200 SF_Bin1 = 0.322371
Point 281/1200 SF_Bin1 = 0.32352
Point 282/1200 SF_Bin1 = 0.32467
Point 283/1200 SF_Bin1 = 0.325819
Point 284/1200 SF_Bin1 = 0.326968
Point 285/1200 SF_Bin1 = 0.328118
Point 286/1200 SF_Bin1 = 0.329267
Point 287/1200 SF_Bin1 = 0.330416
Point 288/1200 SF_Bin1 = 0.331565
Point 289/1200 SF_Bin1 = 0.332715
Point 290/1200 SF_Bin1 = 0.333864
Point 291/1200 SF_Bin1 = 0.335013
Point 292/1200 SF_Bin1 = 0.336162
Point 293/1200 SF_Bin1 = 0.337312
Point 294/1200 SF_Bin1 = 0.338461
Point 295/1200 SF_Bin1 = 0.33961
Point 296/1200 SF_Bin1 = 0.34076
Point 297/1200 SF_Bin1 = 0.341909
Point 298/1200 SF_Bin1 = 0.343058
Point 299/1200 SF_Bin1 = 0.344207
Point 300/1200 SF_Bin1 = 0.345357
Point 301/1200 SF_Bin1 = 0.346506
Point 302/1200 SF_Bin1 = 0.347655
Point 303/1200 SF_Bin1 = 0.348804
Point 304/1200 SF_Bin1 = 0.349954
Point 305/1200 SF_Bin1 = 0.351103
Point 306/1200 SF_Bin1 = 0.352252
Point 307/1200 SF_Bin1 = 0.353402
Point 308/1200 SF_Bin1 = 0.354551
Point 309/1200 SF_Bin1 = 0.3557
Point 310/1200 SF_Bin1 = 0.356849
Point 311/1200 SF_Bin1 = 0.357999
Point 312/1200 SF_Bin1 = 0.359148
Point 313/1200 SF_Bin1 = 0.360297
Point 314/1200 SF_Bin1 = 0.361446
Point 315/1200 SF_Bin1 = 0.362596
Point 316/1200 SF_Bin1 = 0.363745
Point 317/1200 SF_Bin1 = 0.364894
Point 318/1200 SF_Bin1 = 0.366044
Point 319/1200 SF_Bin1 = 0.367193
Point 320/1200 SF_Bin1 = 0.368342
Point 321/1200 SF_Bin1 = 0.369491
Point 322/1200 SF_Bin1 = 0.370641
Point 323/1200 SF_Bin1 = 0.37179
Point 324/1200 SF_Bin1 = 0.372939
Point 325/1200 SF_Bin1 = 0.374088
Point 326/1200 SF_Bin1 = 0.375238
Point 327/1200 SF_Bin1 = 0.376387
Point 328/1200 SF_Bin1 = 0.377536
Point 329/1200 SF_Bin1 = 0.378686
Point 330/1200 SF_Bin1 = 0.379835
Info in <Minuit2>: Minuit2Minimizer::Minimize : Minimization did NOT converge, Edm is above max
Point 331/1200 SF_Bin1 = 0.380984
Point 332/1200 SF_Bin1 = 0.382133
Point 333/1200 SF_Bin1 = 0.383283
Point 334/1200 SF_Bin1 = 0.384432
Point 335/1200 SF_Bin1 = 0.385581
Point 336/1200 SF_Bin1 = 0.38673
Point 337/1200 SF_Bin1 = 0.38788
Point 338/1200 SF_Bin1 = 0.389029
Point 339/1200 SF_Bin1 = 0.390178
Point 340/1200 SF_Bin1 = 0.391328
Point 341/1200 SF_Bin1 = 0.392477
Point 342/1200 SF_Bin1 = 0.393626
Point 343/1200 SF_Bin1 = 0.394775
Point 344/1200 SF_Bin1 = 0.395925
Point 345/1200 SF_Bin1 = 0.397074
Point 346/1200 SF_Bin1 = 0.398223
Point 347/1200 SF_Bin1 = 0.399372
Point 348/1200 SF_Bin1 = 0.400522
Point 349/1200 SF_Bin1 = 0.401671
Point 350/1200 SF_Bin1 = 0.40282
Point 351/1200 SF_Bin1 = 0.40397
Point 352/1200 SF_Bin1 = 0.405119
Point 353/1200 SF_Bin1 = 0.406268
Point 354/1200 SF_Bin1 = 0.407417
Point 355/1200 SF_Bin1 = 0.408567
Point 356/1200 SF_Bin1 = 0.409716
Point 357/1200 SF_Bin1 = 0.410865
Point 358/1200 SF_Bin1 = 0.412014
Point 359/1200 SF_Bin1 = 0.413164
Point 360/1200 SF_Bin1 = 0.414313
Point 361/1200 SF_Bin1 = 0.415462
Point 362/1200 SF_Bin1 = 0.416612
Point 363/1200 SF_Bin1 = 0.417761
Point 364/1200 SF_Bin1 = 0.41891
Point 365/1200 SF_Bin1 = 0.420059
Point 366/1200 SF_Bin1 = 0.421209
Point 367/1200 SF_Bin1 = 0.422358
Point 368/1200 SF_Bin1 = 0.423507
Point 369/1200 SF_Bin1 = 0.424656
Point 370/1200 SF_Bin1 = 0.425806
Point 371/1200 SF_Bin1 = 0.426955
Point 372/1200 SF_Bin1 = 0.428104
Point 373/1200 SF_Bin1 = 0.429254
Point 374/1200 SF_Bin1 = 0.430403
Point 375/1200 SF_Bin1 = 0.431552
Point 376/1200 SF_Bin1 = 0.432701
Point 377/1200 SF_Bin1 = 0.433851
Point 378/1200 SF_Bin1 = 0.435
Point 379/1200 SF_Bin1 = 0.436149
Point 380/1200 SF_Bin1 = 0.437298
Point 381/1200 SF_Bin1 = 0.438448
Point 382/1200 SF_Bin1 = 0.439597
Point 383/1200 SF_Bin1 = 0.440746
Point 384/1200 SF_Bin1 = 0.441896
Point 385/1200 SF_Bin1 = 0.443045
Point 386/1200 SF_Bin1 = 0.444194
Point 387/1200 SF_Bin1 = 0.445343
Point 388/1200 SF_Bin1 = 0.446493
Point 389/1200 SF_Bin1 = 0.447642
Point 390/1200 SF_Bin1 = 0.448791
Point 391/1200 SF_Bin1 = 0.449941
Point 392/1200 SF_Bin1 = 0.45109
Point 393/1200 SF_Bin1 = 0.452239
Point 394/1200 SF_Bin1 = 0.453388
Point 395/1200 SF_Bin1 = 0.454538
Point 396/1200 SF_Bin1 = 0.455687
Point 397/1200 SF_Bin1 = 0.456836
Point 398/1200 SF_Bin1 = 0.457985
Point 399/1200 SF_Bin1 = 0.459135
Point 400/1200 SF_Bin1 = 0.460284
Point 401/1200 SF_Bin1 = 0.461433
Point 402/1200 SF_Bin1 = 0.462583
Point 403/1200 SF_Bin1 = 0.463732
Point 404/1200 SF_Bin1 = 0.464881
Point 405/1200 SF_Bin1 = 0.46603
Point 406/1200 SF_Bin1 = 0.46718
Point 407/1200 SF_Bin1 = 0.468329
Point 408/1200 SF_Bin1 = 0.469478
Point 409/1200 SF_Bin1 = 0.470627
Point 410/1200 SF_Bin1 = 0.471777
Point 411/1200 SF_Bin1 = 0.472926
Point 412/1200 SF_Bin1 = 0.474075
Point 413/1200 SF_Bin1 = 0.475225
Point 414/1200 SF_Bin1 = 0.476374
Point 415/1200 SF_Bin1 = 0.477523
Point 416/1200 SF_Bin1 = 0.478672
Point 417/1200 SF_Bin1 = 0.479822
Point 418/1200 SF_Bin1 = 0.480971
Point 419/1200 SF_Bin1 = 0.48212
Point 420/1200 SF_Bin1 = 0.483269
Point 421/1200 SF_Bin1 = 0.484419
Point 422/1200 SF_Bin1 = 0.485568
Point 423/1200 SF_Bin1 = 0.486717
Point 424/1200 SF_Bin1 = 0.487867
Point 425/1200 SF_Bin1 = 0.489016
Point 426/1200 SF_Bin1 = 0.490165
Point 427/1200 SF_Bin1 = 0.491314
Point 428/1200 SF_Bin1 = 0.492464
Point 429/1200 SF_Bin1 = 0.493613
Point 430/1200 SF_Bin1 = 0.494762
Point 431/1200 SF_Bin1 = 0.495911
Point 432/1200 SF_Bin1 = 0.497061
Point 433/1200 SF_Bin1 = 0.49821
Point 434/1200 SF_Bin1 = 0.499359
Point 435/1200 SF_Bin1 = 0.500509
Point 436/1200 SF_Bin1 = 0.501658
Point 437/1200 SF_Bin1 = 0.502807
Point 438/1200 SF_Bin1 = 0.503956
Point 439/1200 SF_Bin1 = 0.505106
Point 440/1200 SF_Bin1 = 0.506255
Point 441/1200 SF_Bin1 = 0.507404
Point 442/1200 SF_Bin1 = 0.508553
Point 443/1200 SF_Bin1 = 0.509703
Point 444/1200 SF_Bin1 = 0.510852
Point 445/1200 SF_Bin1 = 0.512001
Point 446/1200 SF_Bin1 = 0.513151
Point 447/1200 SF_Bin1 = 0.5143
Point 448/1200 SF_Bin1 = 0.515449
Point 449/1200 SF_Bin1 = 0.516598
Point 450/1200 SF_Bin1 = 0.517748
Point 451/1200 SF_Bin1 = 0.518897
Point 452/1200 SF_Bin1 = 0.520046
Point 453/1200 SF_Bin1 = 0.521195
Point 454/1200 SF_Bin1 = 0.522345
Point 455/1200 SF_Bin1 = 0.523494
Point 456/1200 SF_Bin1 = 0.524643
Point 457/1200 SF_Bin1 = 0.525793
Point 458/1200 SF_Bin1 = 0.526942
Point 459/1200 SF_Bin1 = 0.528091
Point 460/1200 SF_Bin1 = 0.52924
Point 461/1200 SF_Bin1 = 0.53039
Point 462/1200 SF_Bin1 = 0.531539
Point 463/1200 SF_Bin1 = 0.532688
Point 464/1200 SF_Bin1 = 0.533837
Point 465/1200 SF_Bin1 = 0.534987
Point 466/1200 SF_Bin1 = 0.536136
Point 467/1200 SF_Bin1 = 0.537285
Point 468/1200 SF_Bin1 = 0.538435
Point 469/1200 SF_Bin1 = 0.539584
Point 470/1200 SF_Bin1 = 0.540733
Point 471/1200 SF_Bin1 = 0.541882
Point 472/1200 SF_Bin1 = 0.543032
Point 473/1200 SF_Bin1 = 0.544181
Point 474/1200 SF_Bin1 = 0.54533
Point 475/1200 SF_Bin1 = 0.546479
Point 476/1200 SF_Bin1 = 0.547629
Point 477/1200 SF_Bin1 = 0.548778
Point 478/1200 SF_Bin1 = 0.549927
Point 479/1200 SF_Bin1 = 0.551077
Point 480/1200 SF_Bin1 = 0.552226
Point 481/1200 SF_Bin1 = 0.553375
Point 482/1200 SF_Bin1 = 0.554524
Point 483/1200 SF_Bin1 = 0.555674
Point 484/1200 SF_Bin1 = 0.556823
Point 485/1200 SF_Bin1 = 0.557972
Point 486/1200 SF_Bin1 = 0.559121
Point 487/1200 SF_Bin1 = 0.560271
Point 488/1200 SF_Bin1 = 0.56142
Point 489/1200 SF_Bin1 = 0.562569
Point 490/1200 SF_Bin1 = 0.563719
Point 491/1200 SF_Bin1 = 0.564868
Point 492/1200 SF_Bin1 = 0.566017
Point 493/1200 SF_Bin1 = 0.567166
Point 494/1200 SF_Bin1 = 0.568316
Point 495/1200 SF_Bin1 = 0.569465
Point 496/1200 SF_Bin1 = 0.570614
Point 497/1200 SF_Bin1 = 0.571763
Point 498/1200 SF_Bin1 = 0.572913
Point 499/1200 SF_Bin1 = 0.574062
Point 500/1200 SF_Bin1 = 0.575211
Point 501/1200 SF_Bin1 = 0.576361
Point 502/1200 SF_Bin1 = 0.57751
Point 503/1200 SF_Bin1 = 0.578659
Point 504/1200 SF_Bin1 = 0.579808
Point 505/1200 SF_Bin1 = 0.580958
Point 506/1200 SF_Bin1 = 0.582107
Point 507/1200 SF_Bin1 = 0.583256
Point 508/1200 SF_Bin1 = 0.584405
Point 509/1200 SF_Bin1 = 0.585555
Point 510/1200 SF_Bin1 = 0.586704
Point 511/1200 SF_Bin1 = 0.587853
Point 512/1200 SF_Bin1 = 0.589003
Point 513/1200 SF_Bin1 = 0.590152
Point 514/1200 SF_Bin1 = 0.591301
Point 515/1200 SF_Bin1 = 0.59245
Point 516/1200 SF_Bin1 = 0.5936
Point 517/1200 SF_Bin1 = 0.594749
Point 518/1200 SF_Bin1 = 0.595898
Point 519/1200 SF_Bin1 = 0.597047
Point 520/1200 SF_Bin1 = 0.598197
Point 521/1200 SF_Bin1 = 0.599346
Point 522/1200 SF_Bin1 = 0.600495
Point 523/1200 SF_Bin1 = 0.601645
Point 524/1200 SF_Bin1 = 0.602794
Point 525/1200 SF_Bin1 = 0.603943
Point 526/1200 SF_Bin1 = 0.605092
Point 527/1200 SF_Bin1 = 0.606242
Point 528/1200 SF_Bin1 = 0.607391
Point 529/1200 SF_Bin1 = 0.60854
Point 530/1200 SF_Bin1 = 0.609689
Point 531/1200 SF_Bin1 = 0.610839
Point 532/1200 SF_Bin1 = 0.611988
Point 533/1200 SF_Bin1 = 0.613137
Point 534/1200 SF_Bin1 = 0.614287
Point 535/1200 SF_Bin1 = 0.615436
Point 536/1200 SF_Bin1 = 0.616585
Point 537/1200 SF_Bin1 = 0.617734
Point 538/1200 SF_Bin1 = 0.618884
Point 539/1200 SF_Bin1 = 0.620033
Point 540/1200 SF_Bin1 = 0.621182
Point 541/1200 SF_Bin1 = 0.622332
Point 542/1200 SF_Bin1 = 0.623481
Point 543/1200 SF_Bin1 = 0.62463
Point 544/1200 SF_Bin1 = 0.625779
Point 545/1200 SF_Bin1 = 0.626929
Point 546/1200 SF_Bin1 = 0.628078
Point 547/1200 SF_Bin1 = 0.629227
Point 548/1200 SF_Bin1 = 0.630376
Point 549/1200 SF_Bin1 = 0.631526
Point 550/1200 SF_Bin1 = 0.632675
Point 551/1200 SF_Bin1 = 0.633824
Point 552/1200 SF_Bin1 = 0.634974
Point 553/1200 SF_Bin1 = 0.636123
Point 554/1200 SF_Bin1 = 0.637272
Point 555/1200 SF_Bin1 = 0.638421
Point 556/1200 SF_Bin1 = 0.639571
Point 557/1200 SF_Bin1 = 0.64072
Point 558/1200 SF_Bin1 = 0.641869
Point 559/1200 SF_Bin1 = 0.643018
Point 560/1200 SF_Bin1 = 0.644168
Point 561/1200 SF_Bin1 = 0.645317
Point 562/1200 SF_Bin1 = 0.646466
Point 563/1200 SF_Bin1 = 0.647616
Point 564/1200 SF_Bin1 = 0.648765
Point 565/1200 SF_Bin1 = 0.649914
Point 566/1200 SF_Bin1 = 0.651063
Point 567/1200 SF_Bin1 = 0.652213
Point 568/1200 SF_Bin1 = 0.653362
Point 569/1200 SF_Bin1 = 0.654511
Point 570/1200 SF_Bin1 = 0.65566
Point 571/1200 SF_Bin1 = 0.65681
Point 572/1200 SF_Bin1 = 0.657959
Point 573/1200 SF_Bin1 = 0.659108
Point 574/1200 SF_Bin1 = 0.660258
Point 575/1200 SF_Bin1 = 0.661407
Point 576/1200 SF_Bin1 = 0.662556
Point 577/1200 SF_Bin1 = 0.663705
Point 578/1200 SF_Bin1 = 0.664855
Point 579/1200 SF_Bin1 = 0.666004
Point 580/1200 SF_Bin1 = 0.667153
Point 581/1200 SF_Bin1 = 0.668302
Point 582/1200 SF_Bin1 = 0.669452
Point 583/1200 SF_Bin1 = 0.670601
Point 584/1200 SF_Bin1 = 0.67175
Point 585/1200 SF_Bin1 = 0.6729
Point 586/1200 SF_Bin1 = 0.674049
Point 587/1200 SF_Bin1 = 0.675198
Point 588/1200 SF_Bin1 = 0.676347
Point 589/1200 SF_Bin1 = 0.677497
Point 590/1200 SF_Bin1 = 0.678646
Point 591/1200 SF_Bin1 = 0.679795
Point 592/1200 SF_Bin1 = 0.680944
Point 593/1200 SF_Bin1 = 0.682094
Point 594/1200 SF_Bin1 = 0.683243
Point 595/1200 SF_Bin1 = 0.684392
Point 596/1200 SF_Bin1 = 0.685542
Point 597/1200 SF_Bin1 = 0.686691
Point 598/1200 SF_Bin1 = 0.68784
Point 599/1200 SF_Bin1 = 0.688989
Point 600/1200 SF_Bin1 = 0.690139
Point 601/1200 SF_Bin1 = 0.691288
Point 602/1200 SF_Bin1 = 0.692437
Point 603/1200 SF_Bin1 = 0.693586
Point 604/1200 SF_Bin1 = 0.694736
Point 605/1200 SF_Bin1 = 0.695885
Point 606/1200 SF_Bin1 = 0.697034
Point 607/1200 SF_Bin1 = 0.698184
Point 608/1200 SF_Bin1 = 0.699333
Point 609/1200 SF_Bin1 = 0.700482
Point 610/1200 SF_Bin1 = 0.701631
Point 611/1200 SF_Bin1 = 0.702781
Point 612/1200 SF_Bin1 = 0.70393
Point 613/1200 SF_Bin1 = 0.705079
Point 614/1200 SF_Bin1 = 0.706228
Point 615/1200 SF_Bin1 = 0.707378
Point 616/1200 SF_Bin1 = 0.708527
Point 617/1200 SF_Bin1 = 0.709676
Point 618/1200 SF_Bin1 = 0.710826
Point 619/1200 SF_Bin1 = 0.711975
Point 620/1200 SF_Bin1 = 0.713124
Point 621/1200 SF_Bin1 = 0.714273
Point 622/1200 SF_Bin1 = 0.715423
Point 623/1200 SF_Bin1 = 0.716572
Point 624/1200 SF_Bin1 = 0.717721
Point 625/1200 SF_Bin1 = 0.71887
Point 626/1200 SF_Bin1 = 0.72002
Point 627/1200 SF_Bin1 = 0.721169
Point 628/1200 SF_Bin1 = 0.722318
Point 629/1200 SF_Bin1 = 0.723468
Point 630/1200 SF_Bin1 = 0.724617
Point 631/1200 SF_Bin1 = 0.725766
Point 632/1200 SF_Bin1 = 0.726915
Point 633/1200 SF_Bin1 = 0.728065
Point 634/1200 SF_Bin1 = 0.729214
Point 635/1200 SF_Bin1 = 0.730363
Point 636/1200 SF_Bin1 = 0.731512
Point 637/1200 SF_Bin1 = 0.732662
Point 638/1200 SF_Bin1 = 0.733811
Point 639/1200 SF_Bin1 = 0.73496
Point 640/1200 SF_Bin1 = 0.73611
Point 641/1200 SF_Bin1 = 0.737259
Point 642/1200 SF_Bin1 = 0.738408
Point 643/1200 SF_Bin1 = 0.739557
Point 644/1200 SF_Bin1 = 0.740707
Point 645/1200 SF_Bin1 = 0.741856
Point 646/1200 SF_Bin1 = 0.743005
Point 647/1200 SF_Bin1 = 0.744154
Point 648/1200 SF_Bin1 = 0.745304
Point 649/1200 SF_Bin1 = 0.746453
Point 650/1200 SF_Bin1 = 0.747602
Point 651/1200 SF_Bin1 = 0.748752
Point 652/1200 SF_Bin1 = 0.749901
Point 653/1200 SF_Bin1 = 0.75105
Point 654/1200 SF_Bin1 = 0.752199
Point 655/1200 SF_Bin1 = 0.753349
Point 656/1200 SF_Bin1 = 0.754498
Point 657/1200 SF_Bin1 = 0.755647
Point 658/1200 SF_Bin1 = 0.756796
Point 659/1200 SF_Bin1 = 0.757946
Point 660/1200 SF_Bin1 = 0.759095
Point 661/1200 SF_Bin1 = 0.760244
Point 662/1200 SF_Bin1 = 0.761394
Point 663/1200 SF_Bin1 = 0.762543
Point 664/1200 SF_Bin1 = 0.763692
Point 665/1200 SF_Bin1 = 0.764841
Point 666/1200 SF_Bin1 = 0.765991
Point 667/1200 SF_Bin1 = 0.76714
Point 668/1200 SF_Bin1 = 0.768289
Point 669/1200 SF_Bin1 = 0.769438
Point 670/1200 SF_Bin1 = 0.770588
Point 671/1200 SF_Bin1 = 0.771737
Point 672/1200 SF_Bin1 = 0.772886
Point 673/1200 SF_Bin1 = 0.774036
Point 674/1200 SF_Bin1 = 0.775185
Point 675/1200 SF_Bin1 = 0.776334
Point 676/1200 SF_Bin1 = 0.777483
Point 677/1200 SF_Bin1 = 0.778633
Point 678/1200 SF_Bin1 = 0.779782
Point 679/1200 SF_Bin1 = 0.780931
Point 680/1200 SF_Bin1 = 0.78208
Point 681/1200 SF_Bin1 = 0.78323
Point 682/1200 SF_Bin1 = 0.784379
Point 683/1200 SF_Bin1 = 0.785528
Point 684/1200 SF_Bin1 = 0.786678
Point 685/1200 SF_Bin1 = 0.787827
Point 686/1200 SF_Bin1 = 0.788976
Point 687/1200 SF_Bin1 = 0.790125
Point 688/1200 SF_Bin1 = 0.791275
Point 689/1200 SF_Bin1 = 0.792424
Point 690/1200 SF_Bin1 = 0.793573
Point 691/1200 SF_Bin1 = 0.794722
Point 692/1200 SF_Bin1 = 0.795872
Point 693/1200 SF_Bin1 = 0.797021
Point 694/1200 SF_Bin1 = 0.79817
Point 695/1200 SF_Bin1 = 0.79932
Point 696/1200 SF_Bin1 = 0.800469
Point 697/1200 SF_Bin1 = 0.801618
Point 698/1200 SF_Bin1 = 0.802767
Point 699/1200 SF_Bin1 = 0.803917
Point 700/1200 SF_Bin1 = 0.805066
Point 701/1200 SF_Bin1 = 0.806215
Point 702/1200 SF_Bin1 = 0.807365
Point 703/1200 SF_Bin1 = 0.808514
Point 704/1200 SF_Bin1 = 0.809663
Point 705/1200 SF_Bin1 = 0.810812
Point 706/1200 SF_Bin1 = 0.811962
Point 707/1200 SF_Bin1 = 0.813111
Point 708/1200 SF_Bin1 = 0.81426
Point 709/1200 SF_Bin1 = 0.815409
Point 710/1200 SF_Bin1 = 0.816559
Point 711/1200 SF_Bin1 = 0.817708
Point 712/1200 SF_Bin1 = 0.818857
Point 713/1200 SF_Bin1 = 0.820007
Point 714/1200 SF_Bin1 = 0.821156
Point 715/1200 SF_Bin1 = 0.822305
Point 716/1200 SF_Bin1 = 0.823454
Point 717/1200 SF_Bin1 = 0.824604
Point 718/1200 SF_Bin1 = 0.825753
Point 719/1200 SF_Bin1 = 0.826902
Point 720/1200 SF_Bin1 = 0.828051
Point 721/1200 SF_Bin1 = 0.829201
Point 722/1200 SF_Bin1 = 0.83035
Point 723/1200 SF_Bin1 = 0.831499
Point 724/1200 SF_Bin1 = 0.832649
Point 725/1200 SF_Bin1 = 0.833798
Point 726/1200 SF_Bin1 = 0.834947
Point 727/1200 SF_Bin1 = 0.836096
Point 728/1200 SF_Bin1 = 0.837246
Point 729/1200 SF_Bin1 = 0.838395
Point 730/1200 SF_Bin1 = 0.839544
Point 731/1200 SF_Bin1 = 0.840693
Point 732/1200 SF_Bin1 = 0.841843
Point 733/1200 SF_Bin1 = 0.842992
Point 734/1200 SF_Bin1 = 0.844141
Point 735/1200 SF_Bin1 = 0.845291
Point 736/1200 SF_Bin1 = 0.84644
Point 737/1200 SF_Bin1 = 0.847589
Point 738/1200 SF_Bin1 = 0.848738
Point 739/1200 SF_Bin1 = 0.849888
Point 740/1200 SF_Bin1 = 0.851037
Point 741/1200 SF_Bin1 = 0.852186
Point 742/1200 SF_Bin1 = 0.853335
Point 743/1200 SF_Bin1 = 0.854485
Point 744/1200 SF_Bin1 = 0.855634
Point 745/1200 SF_Bin1 = 0.856783
Point 746/1200 SF_Bin1 = 0.857933
Point 747/1200 SF_Bin1 = 0.859082
Point 748/1200 SF_Bin1 = 0.860231
Point 749/1200 SF_Bin1 = 0.86138
Point 750/1200 SF_Bin1 = 0.86253
Point 751/1200 SF_Bin1 = 0.863679
Point 752/1200 SF_Bin1 = 0.864828
Point 753/1200 SF_Bin1 = 0.865977
Point 754/1200 SF_Bin1 = 0.867127
Point 755/1200 SF_Bin1 = 0.868276
Point 756/1200 SF_Bin1 = 0.869425
Point 757/1200 SF_Bin1 = 0.870575
Point 758/1200 SF_Bin1 = 0.871724
Point 759/1200 SF_Bin1 = 0.872873
Point 760/1200 SF_Bin1 = 0.874022
Point 761/1200 SF_Bin1 = 0.875172
Point 762/1200 SF_Bin1 = 0.876321
Point 763/1200 SF_Bin1 = 0.87747
Point 764/1200 SF_Bin1 = 0.878619
Point 765/1200 SF_Bin1 = 0.879769
Point 766/1200 SF_Bin1 = 0.880918
Point 767/1200 SF_Bin1 = 0.882067
Point 768/1200 SF_Bin1 = 0.883217
Point 769/1200 SF_Bin1 = 0.884366
Point 770/1200 SF_Bin1 = 0.885515
Point 771/1200 SF_Bin1 = 0.886664
Point 772/1200 SF_Bin1 = 0.887814
Point 773/1200 SF_Bin1 = 0.888963
Point 774/1200 SF_Bin1 = 0.890112
Point 775/1200 SF_Bin1 = 0.891261
Point 776/1200 SF_Bin1 = 0.892411
Point 777/1200 SF_Bin1 = 0.89356
Point 778/1200 SF_Bin1 = 0.894709
Point 779/1200 SF_Bin1 = 0.895859
Point 780/1200 SF_Bin1 = 0.897008
Point 781/1200 SF_Bin1 = 0.898157
Point 782/1200 SF_Bin1 = 0.899306
Point 783/1200 SF_Bin1 = 0.900456
Point 784/1200 SF_Bin1 = 0.901605
Point 785/1200 SF_Bin1 = 0.902754
Point 786/1200 SF_Bin1 = 0.903903
Point 787/1200 SF_Bin1 = 0.905053
Point 788/1200 SF_Bin1 = 0.906202
Point 789/1200 SF_Bin1 = 0.907351
Point 790/1200 SF_Bin1 = 0.908501
Point 791/1200 SF_Bin1 = 0.90965
Point 792/1200 SF_Bin1 = 0.910799
Point 793/1200 SF_Bin1 = 0.911948
Point 794/1200 SF_Bin1 = 0.913098
Point 795/1200 SF_Bin1 = 0.914247
Point 796/1200 SF_Bin1 = 0.915396
Point 797/1200 SF_Bin1 = 0.916545
Point 798/1200 SF_Bin1 = 0.917695
Point 799/1200 SF_Bin1 = 0.918844
Point 800/1200 SF_Bin1 = 0.919993
Point 801/1200 SF_Bin1 = 0.921143
Point 802/1200 SF_Bin1 = 0.922292
Point 803/1200 SF_Bin1 = 0.923441
Point 804/1200 SF_Bin1 = 0.92459
Point 805/1200 SF_Bin1 = 0.92574
Point 806/1200 SF_Bin1 = 0.926889
Point 807/1200 SF_Bin1 = 0.928038
Point 808/1200 SF_Bin1 = 0.929187
Point 809/1200 SF_Bin1 = 0.930337
Point 810/1200 SF_Bin1 = 0.931486
Point 811/1200 SF_Bin1 = 0.932635
Point 812/1200 SF_Bin1 = 0.933785
Point 813/1200 SF_Bin1 = 0.934934
Point 814/1200 SF_Bin1 = 0.936083
Point 815/1200 SF_Bin1 = 0.937232
Point 816/1200 SF_Bin1 = 0.938382
Point 817/1200 SF_Bin1 = 0.939531
Point 818/1200 SF_Bin1 = 0.94068
Point 819/1200 SF_Bin1 = 0.941829
Point 820/1200 SF_Bin1 = 0.942979
Point 821/1200 SF_Bin1 = 0.944128
Point 822/1200 SF_Bin1 = 0.945277
Point 823/1200 SF_Bin1 = 0.946427
Point 824/1200 SF_Bin1 = 0.947576
Point 825/1200 SF_Bin1 = 0.948725
Point 826/1200 SF_Bin1 = 0.949874
Point 827/1200 SF_Bin1 = 0.951024
Point 828/1200 SF_Bin1 = 0.952173
Point 829/1200 SF_Bin1 = 0.953322
Point 830/1200 SF_Bin1 = 0.954471
Point 831/1200 SF_Bin1 = 0.955621
Point 832/1200 SF_Bin1 = 0.95677
Point 833/1200 SF_Bin1 = 0.957919
Point 834/1200 SF_Bin1 = 0.959069
Point 835/1200 SF_Bin1 = 0.960218
Point 836/1200 SF_Bin1 = 0.961367
Point 837/1200 SF_Bin1 = 0.962516
Point 838/1200 SF_Bin1 = 0.963666
Point 839/1200 SF_Bin1 = 0.964815
Point 840/1200 SF_Bin1 = 0.965964
Point 841/1200 SF_Bin1 = 0.967113
Point 842/1200 SF_Bin1 = 0.968263
Point 843/1200 SF_Bin1 = 0.969412
Point 844/1200 SF_Bin1 = 0.970561
Point 845/1200 SF_Bin1 = 0.971711
Point 846/1200 SF_Bin1 = 0.97286
Point 847/1200 SF_Bin1 = 0.974009
Point 848/1200 SF_Bin1 = 0.975158
Point 849/1200 SF_Bin1 = 0.976308
Point 850/1200 SF_Bin1 = 0.977457
Point 851/1200 SF_Bin1 = 0.978606
Point 852/1200 SF_Bin1 = 0.979756
Point 853/1200 SF_Bin1 = 0.980905
Point 854/1200 SF_Bin1 = 0.982054
Point 855/1200 SF_Bin1 = 0.983203
Point 856/1200 SF_Bin1 = 0.984353
Point 857/1200 SF_Bin1 = 0.985502
Point 858/1200 SF_Bin1 = 0.986651
Point 859/1200 SF_Bin1 = 0.9878
Point 860/1200 SF_Bin1 = 0.98895
Point 861/1200 SF_Bin1 = 0.990099
Point 862/1200 SF_Bin1 = 0.991248
Point 863/1200 SF_Bin1 = 0.992398
Point 864/1200 SF_Bin1 = 0.993547
Point 865/1200 SF_Bin1 = 0.994696
Point 866/1200 SF_Bin1 = 0.995845
Point 867/1200 SF_Bin1 = 0.996995
Point 868/1200 SF_Bin1 = 0.998144
Point 869/1200 SF_Bin1 = 0.999293
Point 870/1200 SF_Bin1 = 1.00044
Point 871/1200 SF_Bin1 = 1.00159
Point 872/1200 SF_Bin1 = 1.00274
Point 873/1200 SF_Bin1 = 1.00389
Point 874/1200 SF_Bin1 = 1.00504
Point 875/1200 SF_Bin1 = 1.00619
Point 876/1200 SF_Bin1 = 1.00734
Point 877/1200 SF_Bin1 = 1.00849
Point 878/1200 SF_Bin1 = 1.00964
Point 879/1200 SF_Bin1 = 1.01079
Point 880/1200 SF_Bin1 = 1.01194
Point 881/1200 SF_Bin1 = 1.01308
Point 882/1200 SF_Bin1 = 1.01423
Point 883/1200 SF_Bin1 = 1.01538
Point 884/1200 SF_Bin1 = 1.01653
Point 885/1200 SF_Bin1 = 1.01768
Point 886/1200 SF_Bin1 = 1.01883
Point 887/1200 SF_Bin1 = 1.01998
Point 888/1200 SF_Bin1 = 1.02113
Point 889/1200 SF_Bin1 = 1.02228
Point 890/1200 SF_Bin1 = 1.02343
Point 891/1200 SF_Bin1 = 1.02458
Point 892/1200 SF_Bin1 = 1.02573
Point 893/1200 SF_Bin1 = 1.02688
Point 894/1200 SF_Bin1 = 1.02802
Point 895/1200 SF_Bin1 = 1.02917
Point 896/1200 SF_Bin1 = 1.03032
Point 897/1200 SF_Bin1 = 1.03147
Point 898/1200 SF_Bin1 = 1.03262
Point 899/1200 SF_Bin1 = 1.03377
Point 900/1200 SF_Bin1 = 1.03492
Point 901/1200 SF_Bin1 = 1.03607
Point 902/1200 SF_Bin1 = 1.03722
Point 903/1200 SF_Bin1 = 1.03837
Point 904/1200 SF_Bin1 = 1.03952
Point 905/1200 SF_Bin1 = 1.04067
Point 906/1200 SF_Bin1 = 1.04182
Point 907/1200 SF_Bin1 = 1.04297
Point 908/1200 SF_Bin1 = 1.04411
Point 909/1200 SF_Bin1 = 1.04526
Point 910/1200 SF_Bin1 = 1.04641
Point 911/1200 SF_Bin1 = 1.04756
Point 912/1200 SF_Bin1 = 1.04871
Point 913/1200 SF_Bin1 = 1.04986
Point 914/1200 SF_Bin1 = 1.05101
Point 915/1200 SF_Bin1 = 1.05216
Point 916/1200 SF_Bin1 = 1.05331
Point 917/1200 SF_Bin1 = 1.05446
Point 918/1200 SF_Bin1 = 1.05561
Point 919/1200 SF_Bin1 = 1.05676
Point 920/1200 SF_Bin1 = 1.05791
Point 921/1200 SF_Bin1 = 1.05906
Point 922/1200 SF_Bin1 = 1.0602
Point 923/1200 SF_Bin1 = 1.06135
Point 924/1200 SF_Bin1 = 1.0625
Point 925/1200 SF_Bin1 = 1.06365
Point 926/1200 SF_Bin1 = 1.0648
Point 927/1200 SF_Bin1 = 1.06595
Point 928/1200 SF_Bin1 = 1.0671
Point 929/1200 SF_Bin1 = 1.06825
Point 930/1200 SF_Bin1 = 1.0694
Point 931/1200 SF_Bin1 = 1.07055
Point 932/1200 SF_Bin1 = 1.0717
Point 933/1200 SF_Bin1 = 1.07285
Point 934/1200 SF_Bin1 = 1.074
Point 935/1200 SF_Bin1 = 1.07515
Point 936/1200 SF_Bin1 = 1.07629
Point 937/1200 SF_Bin1 = 1.07744
Point 938/1200 SF_Bin1 = 1.07859
Point 939/1200 SF_Bin1 = 1.07974
Point 940/1200 SF_Bin1 = 1.08089
Point 941/1200 SF_Bin1 = 1.08204
Point 942/1200 SF_Bin1 = 1.08319
Point 943/1200 SF_Bin1 = 1.08434
Point 944/1200 SF_Bin1 = 1.08549
Point 945/1200 SF_Bin1 = 1.08664
Point 946/1200 SF_Bin1 = 1.08779
Point 947/1200 SF_Bin1 = 1.08894
Point 948/1200 SF_Bin1 = 1.09009
Point 949/1200 SF_Bin1 = 1.09124
Point 950/1200 SF_Bin1 = 1.09238
Point 951/1200 SF_Bin1 = 1.09353
Point 952/1200 SF_Bin1 = 1.09468
Point 953/1200 SF_Bin1 = 1.09583
Point 954/1200 SF_Bin1 = 1.09698
Point 955/1200 SF_Bin1 = 1.09813
Point 956/1200 SF_Bin1 = 1.09928
Point 957/1200 SF_Bin1 = 1.10043
Point 958/1200 SF_Bin1 = 1.10158
Point 959/1200 SF_Bin1 = 1.10273
Point 960/1200 SF_Bin1 = 1.10388
Point 961/1200 SF_Bin1 = 1.10503
Point 962/1200 SF_Bin1 = 1.10618
Point 963/1200 SF_Bin1 = 1.10732
Point 964/1200 SF_Bin1 = 1.10847
Point 965/1200 SF_Bin1 = 1.10962
Point 966/1200 SF_Bin1 = 1.11077
Point 967/1200 SF_Bin1 = 1.11192
Info in <Minuit2>: Minuit2Minimizer::Minimize : Minimization did NOT converge, Edm is above max
Point 968/1200 SF_Bin1 = 1.11307
Info in <Minuit2>: Minuit2Minimizer::Minimize : Minimization did NOT converge, Edm is above max
Point 969/1200 SF_Bin1 = 1.11422
Info in <Minuit2>: Minuit2Minimizer::Minimize : Minimization did NOT converge, Edm is above max
Point 970/1200 SF_Bin1 = 1.11537
Point 971/1200 SF_Bin1 = 1.11652
Point 972/1200 SF_Bin1 = 1.11767
Point 973/1200 SF_Bin1 = 1.11882
Point 974/1200 SF_Bin1 = 1.11997
Point 975/1200 SF_Bin1 = 1.12112
Point 976/1200 SF_Bin1 = 1.12227
Point 977/1200 SF_Bin1 = 1.12341
Point 978/1200 SF_Bin1 = 1.12456
Point 979/1200 SF_Bin1 = 1.12571
Point 980/1200 SF_Bin1 = 1.12686
Point 981/1200 SF_Bin1 = 1.12801
Point 982/1200 SF_Bin1 = 1.12916
Point 983/1200 SF_Bin1 = 1.13031
Point 984/1200 SF_Bin1 = 1.13146
Point 985/1200 SF_Bin1 = 1.13261
Point 986/1200 SF_Bin1 = 1.13376
Point 987/1200 SF_Bin1 = 1.13491
Point 988/1200 SF_Bin1 = 1.13606
Point 989/1200 SF_Bin1 = 1.13721
Point 990/1200 SF_Bin1 = 1.13836
Point 991/1200 SF_Bin1 = 1.1395
Point 992/1200 SF_Bin1 = 1.14065
Point 993/1200 SF_Bin1 = 1.1418
Point 994/1200 SF_Bin1 = 1.14295
Point 995/1200 SF_Bin1 = 1.1441
Point 996/1200 SF_Bin1 = 1.14525
Point 997/1200 SF_Bin1 = 1.1464
Point 998/1200 SF_Bin1 = 1.14755
Point 999/1200 SF_Bin1 = 1.1487
Point 1000/1200 SF_Bin1 = 1.14985
Point 1001/1200 SF_Bin1 = 1.151
Point 1002/1200 SF_Bin1 = 1.15215
Point 1003/1200 SF_Bin1 = 1.1533
Point 1004/1200 SF_Bin1 = 1.15445
Point 1005/1200 SF_Bin1 = 1.15559
Point 1006/1200 SF_Bin1 = 1.15674
Point 1007/1200 SF_Bin1 = 1.15789
Point 1008/1200 SF_Bin1 = 1.15904
Point 1009/1200 SF_Bin1 = 1.16019
Point 1010/1200 SF_Bin1 = 1.16134
Point 1011/1200 SF_Bin1 = 1.16249
Point 1012/1200 SF_Bin1 = 1.16364
Point 1013/1200 SF_Bin1 = 1.16479
Point 1014/1200 SF_Bin1 = 1.16594
Point 1015/1200 SF_Bin1 = 1.16709
Point 1016/1200 SF_Bin1 = 1.16824
Point 1017/1200 SF_Bin1 = 1.16939
Point 1018/1200 SF_Bin1 = 1.17053
Point 1019/1200 SF_Bin1 = 1.17168
Point 1020/1200 SF_Bin1 = 1.17283
Point 1021/1200 SF_Bin1 = 1.17398
Point 1022/1200 SF_Bin1 = 1.17513
Point 1023/1200 SF_Bin1 = 1.17628
Point 1024/1200 SF_Bin1 = 1.17743
Point 1025/1200 SF_Bin1 = 1.17858
Point 1026/1200 SF_Bin1 = 1.17973
Point 1027/1200 SF_Bin1 = 1.18088
Point 1028/1200 SF_Bin1 = 1.18203
Point 1029/1200 SF_Bin1 = 1.18318
Point 1030/1200 SF_Bin1 = 1.18433
Point 1031/1200 SF_Bin1 = 1.18548
Point 1032/1200 SF_Bin1 = 1.18662
Point 1033/1200 SF_Bin1 = 1.18777
Point 1034/1200 SF_Bin1 = 1.18892
Point 1035/1200 SF_Bin1 = 1.19007
Point 1036/1200 SF_Bin1 = 1.19122
Point 1037/1200 SF_Bin1 = 1.19237
Point 1038/1200 SF_Bin1 = 1.19352
Point 1039/1200 SF_Bin1 = 1.19467
Point 1040/1200 SF_Bin1 = 1.19582
Point 1041/1200 SF_Bin1 = 1.19697
Point 1042/1200 SF_Bin1 = 1.19812
Point 1043/1200 SF_Bin1 = 1.19927
Point 1044/1200 SF_Bin1 = 1.20042
Point 1045/1200 SF_Bin1 = 1.20157
Point 1046/1200 SF_Bin1 = 1.20271
Point 1047/1200 SF_Bin1 = 1.20386
Point 1048/1200 SF_Bin1 = 1.20501
Point 1049/1200 SF_Bin1 = 1.20616
Point 1050/1200 SF_Bin1 = 1.20731
Point 1051/1200 SF_Bin1 = 1.20846
Point 1052/1200 SF_Bin1 = 1.20961
Point 1053/1200 SF_Bin1 = 1.21076
Point 1054/1200 SF_Bin1 = 1.21191
Point 1055/1200 SF_Bin1 = 1.21306
Point 1056/1200 SF_Bin1 = 1.21421
Point 1057/1200 SF_Bin1 = 1.21536
Point 1058/1200 SF_Bin1 = 1.21651
Point 1059/1200 SF_Bin1 = 1.21766
Point 1060/1200 SF_Bin1 = 1.2188
Point 1061/1200 SF_Bin1 = 1.21995
Point 1062/1200 SF_Bin1 = 1.2211
Point 1063/1200 SF_Bin1 = 1.22225
Point 1064/1200 SF_Bin1 = 1.2234
Point 1065/1200 SF_Bin1 = 1.22455
Point 1066/1200 SF_Bin1 = 1.2257
Point 1067/1200 SF_Bin1 = 1.22685
Point 1068/1200 SF_Bin1 = 1.228
Point 1069/1200 SF_Bin1 = 1.22915
Point 1070/1200 SF_Bin1 = 1.2303
Point 1071/1200 SF_Bin1 = 1.23145
Point 1072/1200 SF_Bin1 = 1.2326
Point 1073/1200 SF_Bin1 = 1.23374
Point 1074/1200 SF_Bin1 = 1.23489
Point 1075/1200 SF_Bin1 = 1.23604
Point 1076/1200 SF_Bin1 = 1.23719
Point 1077/1200 SF_Bin1 = 1.23834
Point 1078/1200 SF_Bin1 = 1.23949
Point 1079/1200 SF_Bin1 = 1.24064
Point 1080/1200 SF_Bin1 = 1.24179
Point 1081/1200 SF_Bin1 = 1.24294
Point 1082/1200 SF_Bin1 = 1.24409
Point 1083/1200 SF_Bin1 = 1.24524
Point 1084/1200 SF_Bin1 = 1.24639
Point 1085/1200 SF_Bin1 = 1.24754
Point 1086/1200 SF_Bin1 = 1.24869
Point 1087/1200 SF_Bin1 = 1.24983
Point 1088/1200 SF_Bin1 = 1.25098
Point 1089/1200 SF_Bin1 = 1.25213
Point 1090/1200 SF_Bin1 = 1.25328
Point 1091/1200 SF_Bin1 = 1.25443
Point 1092/1200 SF_Bin1 = 1.25558
Point 1093/1200 SF_Bin1 = 1.25673
Point 1094/1200 SF_Bin1 = 1.25788
Point 1095/1200 SF_Bin1 = 1.25903
[WARNING] Minimisation finished with status 1 (covariance forced positive definite), this could indicate a problem with the minimim!
Point 1096/1200 SF_Bin1 = 1.26018
[WARNING] Minimisation finished with status 1 (covariance forced positive definite), this could indicate a problem with the minimim!
Point 1097/1200 SF_Bin1 = 1.26133
[WARNING] Minimisation finished with status 1 (covariance forced positive definite), this could indicate a problem with the minimim!
Point 1098/1200 SF_Bin1 = 1.26248
[WARNING] Minimisation finished with status 1 (covariance forced positive definite), this could indicate a problem with the minimim!
Point 1099/1200 SF_Bin1 = 1.26363
[WARNING] Minimisation finished with status 1 (covariance forced positive definite), this could indicate a problem with the minimim!
Point 1100/1200 SF_Bin1 = 1.26478
[WARNING] Minimisation finished with status 1 (covariance forced positive definite), this could indicate a problem with the minimim!
Point 1101/1200 SF_Bin1 = 1.26592
Point 1102/1200 SF_Bin1 = 1.26707
[WARNING] Minimisation finished with status 1 (covariance forced positive definite), this could indicate a problem with the minimim!
Point 1103/1200 SF_Bin1 = 1.26822
[WARNING] Minimisation finished with status 1 (covariance forced positive definite), this could indicate a problem with the minimim!
Point 1104/1200 SF_Bin1 = 1.26937
[WARNING] Minimisation finished with status 1 (covariance forced positive definite), this could indicate a problem with the minimim!
Point 1105/1200 SF_Bin1 = 1.27052
[WARNING] Minimisation finished with status 1 (covariance forced positive definite), this could indicate a problem with the minimim!
Point 1106/1200 SF_Bin1 = 1.27167
[WARNING] Minimisation finished with status 1 (covariance forced positive definite), this could indicate a problem with the minimim!
Point 1107/1200 SF_Bin1 = 1.27282
Point 1108/1200 SF_Bin1 = 1.27397
Point 1109/1200 SF_Bin1 = 1.27512
Point 1110/1200 SF_Bin1 = 1.27627
Point 1111/1200 SF_Bin1 = 1.27742
Point 1112/1200 SF_Bin1 = 1.27857
Point 1113/1200 SF_Bin1 = 1.27972
Point 1114/1200 SF_Bin1 = 1.28087
Point 1115/1200 SF_Bin1 = 1.28201
Point 1116/1200 SF_Bin1 = 1.28316
Point 1117/1200 SF_Bin1 = 1.28431
Point 1118/1200 SF_Bin1 = 1.28546
Point 1119/1200 SF_Bin1 = 1.28661
Point 1120/1200 SF_Bin1 = 1.28776
Point 1121/1200 SF_Bin1 = 1.28891
Point 1122/1200 SF_Bin1 = 1.29006
Point 1123/1200 SF_Bin1 = 1.29121
Point 1124/1200 SF_Bin1 = 1.29236
Point 1125/1200 SF_Bin1 = 1.29351
Point 1126/1200 SF_Bin1 = 1.29466
Point 1127/1200 SF_Bin1 = 1.29581
Point 1128/1200 SF_Bin1 = 1.29695
Info in <Minuit2>: Minuit2Minimizer::Minimize : Minimization did NOT converge, Edm is above max
Point 1129/1200 SF_Bin1 = 1.2981
Point 1130/1200 SF_Bin1 = 1.29925
Point 1131/1200 SF_Bin1 = 1.3004
Point 1132/1200 SF_Bin1 = 1.30155
Point 1133/1200 SF_Bin1 = 1.3027
Point 1134/1200 SF_Bin1 = 1.30385
Point 1135/1200 SF_Bin1 = 1.305
Point 1136/1200 SF_Bin1 = 1.30615
Point 1137/1200 SF_Bin1 = 1.3073
Point 1138/1200 SF_Bin1 = 1.30845
Point 1139/1200 SF_Bin1 = 1.3096
Point 1140/1200 SF_Bin1 = 1.31075
Point 1141/1200 SF_Bin1 = 1.3119
Point 1142/1200 SF_Bin1 = 1.31304
Point 1143/1200 SF_Bin1 = 1.31419
Point 1144/1200 SF_Bin1 = 1.31534
Point 1145/1200 SF_Bin1 = 1.31649
Point 1146/1200 SF_Bin1 = 1.31764
Point 1147/1200 SF_Bin1 = 1.31879
Point 1148/1200 SF_Bin1 = 1.31994
Point 1149/1200 SF_Bin1 = 1.32109
Point 1150/1200 SF_Bin1 = 1.32224
Point 1151/1200 SF_Bin1 = 1.32339
Point 1152/1200 SF_Bin1 = 1.32454
Point 1153/1200 SF_Bin1 = 1.32569
Point 1154/1200 SF_Bin1 = 1.32684
Point 1155/1200 SF_Bin1 = 1.32799
Point 1156/1200 SF_Bin1 = 1.32913
Point 1157/1200 SF_Bin1 = 1.33028
Point 1158/1200 SF_Bin1 = 1.33143
Point 1159/1200 SF_Bin1 = 1.33258
Point 1160/1200 SF_Bin1 = 1.33373
Point 1161/1200 SF_Bin1 = 1.33488
Point 1162/1200 SF_Bin1 = 1.33603
Point 1163/1200 SF_Bin1 = 1.33718
Point 1164/1200 SF_Bin1 = 1.33833
Point 1165/1200 SF_Bin1 = 1.33948
Point 1166/1200 SF_Bin1 = 1.34063
Point 1167/1200 SF_Bin1 = 1.34178
Point 1168/1200 SF_Bin1 = 1.34293
Point 1169/1200 SF_Bin1 = 1.34408
Point 1170/1200 SF_Bin1 = 1.34522
Point 1171/1200 SF_Bin1 = 1.34637
Point 1172/1200 SF_Bin1 = 1.34752
Point 1173/1200 SF_Bin1 = 1.34867
Point 1174/1200 SF_Bin1 = 1.34982
Point 1175/1200 SF_Bin1 = 1.35097
Point 1176/1200 SF_Bin1 = 1.35212
Point 1177/1200 SF_Bin1 = 1.35327
Point 1178/1200 SF_Bin1 = 1.35442
Point 1179/1200 SF_Bin1 = 1.35557
Point 1180/1200 SF_Bin1 = 1.35672
Point 1181/1200 SF_Bin1 = 1.35787
Point 1182/1200 SF_Bin1 = 1.35902
Point 1183/1200 SF_Bin1 = 1.36016
Point 1184/1200 SF_Bin1 = 1.36131
Point 1185/1200 SF_Bin1 = 1.36246
Point 1186/1200 SF_Bin1 = 1.36361
Point 1187/1200 SF_Bin1 = 1.36476
Point 1188/1200 SF_Bin1 = 1.36591
Point 1189/1200 SF_Bin1 = 1.36706
Point 1190/1200 SF_Bin1 = 1.36821
Point 1191/1200 SF_Bin1 = 1.36936
Point 1192/1200 SF_Bin1 = 1.37051
Point 1193/1200 SF_Bin1 = 1.37166
Point 1194/1200 SF_Bin1 = 1.37281
Point 1195/1200 SF_Bin1 = 1.37396
Point 1196/1200 SF_Bin1 = 1.37511
Point 1197/1200 SF_Bin1 = 1.37625
Point 1198/1200 SF_Bin1 = 1.3774
Point 1199/1200 SF_Bin1 = 1.37855
Done in 20.82 min (cpu), 20.94 min (real)
